#
# There is insufficient memory for the Java Runtime Environment to continue.
# Native memory allocation (mmap) failed to map 70254592 bytes for Failed to commit area from 0x0000000097800000 to 0x000000009bb00000 of length 70254592.
# Possible reasons:
#   The system is out of physical RAM or swap space
#   The process is running with CompressedOops enabled, and the Java Heap may be blocking the growth of the native heap
# Possible solutions:
#   Reduce memory load on the system
#   Increase physical memory or swap space
#   Check if swap backing store is full
#   Decrease Java heap size (-Xmx/-Xms)
#   Decrease number of Java threads
#   Decrease Java thread stack sizes (-Xss)
#   Set larger code cache with -XX:ReservedCodeCacheSize=
#   JVM is running with Unscaled Compressed Oops mode in which the Java heap is
#     placed in the first 4GB address space. The Java Heap base address is the
#     maximum limit for the native heap growth. Please use -XX:HeapBaseMinAddress
#     to set the Java Heap base and to place the Java Heap above 4GB virtual address.
# This output file may be truncated or incomplete.
#
#  Out of Memory Error (./src/hotspot/os/windows/os_windows.cpp:3301), pid=616, tid=6780
#
# JRE version: OpenJDK Runtime Environment (11.0.10) (build 11.0.10+0-b96-7249189)
# Java VM: OpenJDK 64-Bit Server VM (11.0.10+0-b96-7249189, mixed mode, tiered, compressed oops, g1 gc, windows-amd64)
# No core dump will be written. Minidumps are not enabled by default on client versions of Windows
#

---------------  S U M M A R Y ------------

Command Line: --add-opens=java.base/java.util=ALL-UNNAMED --add-opens=java.base/java.lang=ALL-UNNAMED --add-opens=java.base/java.lang.invoke=ALL-UNNAMED --add-opens=java.base/java.util=ALL-UNNAMED --add-opens=java.prefs/java.util.prefs=ALL-UNNAMED --add-opens=java.prefs/java.util.prefs=ALL-UNNAMED --add-opens=java.base/java.nio.charset=ALL-UNNAMED --add-opens=java.base/java.net=ALL-UNNAMED --add-opens=java.base/java.util.concurrent.atomic=ALL-UNNAMED -Xmx2048m -Dfile.encoding=UTF-8 -Duser.country=US -Duser.language=en -Duser.variant org.gradle.launcher.daemon.bootstrap.GradleDaemon 7.0.2

Host: Intel(R) Core(TM) i5-10210U CPU @ 1.60GHz, 8 cores, 7G,  Windows 10 , 64 bit Build 19041 (10.0.19041.1503)
Time: Sat Feb 12 13:29:52 2022 Russia TZ 2 Standard Time elapsed time: 12.869077 seconds (0d 0h 0m 12s)

---------------  T H R E A D  ---------------

Current thread (0x0000024b7f0ea800):  VMThread "VM Thread" [stack: 0x0000006454f00000,0x0000006455000000] [id=6780]

Stack: [0x0000006454f00000,0x0000006455000000]
[error occurred during error reporting (printing stack bounds), id 0xc0000005, EXCEPTION_ACCESS_VIOLATION (0xc0000005) at pc=0x0000024b00000f2d]

Native frames: (J=compiled Java code, j=interpreted, Vv=VM code, C=native code)
V  [jvm.dll+0x5ecfaa]
V  [jvm.dll+0x722bd5]
V  [jvm.dll+0x72412d]
V  [jvm.dll+0x724745]
V  [jvm.dll+0x7246fb]
V  [jvm.dll+0x5ec348]
V  [jvm.dll+0x5ecad8]
C  [ntdll.dll+0xa20cf]
C  [ntdll.dll+0x51454]
C  [ntdll.dll+0xa0bfe]
C  0x0000024b00000f2d

VM_Operation (0x00000064583f91d0): G1CollectForAllocation, mode: safepoint, requested by thread 0x0000024b16a5e000


---------------  P R O C E S S  ---------------

Threads class SMR info:
_java_thread_list=0x0000024b1d1dd9a0, length=62, elements={
0x0000024b774bb000, 0x0000024b7f0ef000, 0x0000024b7f0f0000, 0x0000024b7fa9c000,
0x0000024b7fa9d000, 0x0000024b7fa9e000, 0x0000024b7faa1800, 0x0000024b7f11f000,
0x0000024b7f125800, 0x0000024b7fc0c000, 0x0000024b13fa5000, 0x0000024b1577e000,
0x0000024b149fc800, 0x0000024b15355000, 0x0000024b15206800, 0x0000024b1584d000,
0x0000024b14d7b000, 0x0000024b14ac5000, 0x0000024b153e8000, 0x0000024b7f11b000,
0x0000024b7f120800, 0x0000024b7f11b800, 0x0000024b7f11d800, 0x0000024b7f11c800,
0x0000024b7f120000, 0x0000024b7f121800, 0x0000024b7f11e000, 0x0000024b16459000,
0x0000024b1645e000, 0x0000024b1645a800, 0x0000024b16458800, 0x0000024b1645f000,
0x0000024b16461800, 0x0000024b1645c800, 0x0000024b1645f800, 0x0000024b16464800,
0x0000024b16463800, 0x0000024b16465800, 0x0000024b16466000, 0x0000024b16467000,
0x0000024b16a5e800, 0x0000024b16a60800, 0x0000024b16a5e000, 0x0000024b16a64800,
0x0000024b16a61000, 0x0000024b16a5f800, 0x0000024b16a65000, 0x0000024b16a66000,
0x0000024b16a67800, 0x0000024b16a62000, 0x0000024b16a67000, 0x0000024b16a63000,
0x0000024b16a6b800, 0x0000024b16a6c800, 0x0000024b1b4ab000, 0x0000024b1b4ad800,
0x0000024b1b4ab800, 0x0000024b1b4a9800, 0x0000024b1b4ac800, 0x0000024b1b4af000,
0x0000024b1b4ae000, 0x0000024b1b4b0000
}

Java Threads: ( => current thread )
  0x0000024b774bb000 JavaThread "main" [_thread_blocked, id=8708, stack(0x0000006454900000,0x0000006454a00000)]
  0x0000024b7f0ef000 JavaThread "Reference Handler" daemon [_thread_blocked, id=6412, stack(0x0000006455000000,0x0000006455100000)]
  0x0000024b7f0f0000 JavaThread "Finalizer" daemon [_thread_blocked, id=7868, stack(0x0000006455100000,0x0000006455200000)]
  0x0000024b7fa9c000 JavaThread "Signal Dispatcher" daemon [_thread_blocked, id=10200, stack(0x0000006455200000,0x0000006455300000)]
  0x0000024b7fa9d000 JavaThread "Attach Listener" daemon [_thread_blocked, id=9812, stack(0x0000006455300000,0x0000006455400000)]
  0x0000024b7fa9e000 JavaThread "Service Thread" daemon [_thread_blocked, id=6340, stack(0x0000006455400000,0x0000006455500000)]
  0x0000024b7faa1800 JavaThread "C2 CompilerThread0" daemon [_thread_blocked, id=5432, stack(0x0000006455500000,0x0000006455600000)]
  0x0000024b7f11f000 JavaThread "C1 CompilerThread0" daemon [_thread_blocked, id=8088, stack(0x0000006455600000,0x0000006455700000)]
  0x0000024b7f125800 JavaThread "Sweeper thread" daemon [_thread_blocked, id=3400, stack(0x0000006455700000,0x0000006455800000)]
  0x0000024b7fc0c000 JavaThread "Common-Cleaner" daemon [_thread_blocked, id=7992, stack(0x0000006455800000,0x0000006455900000)]
  0x0000024b13fa5000 JavaThread "Daemon health stats" [_thread_blocked, id=13296, stack(0x0000006455e00000,0x0000006455f00000)]
  0x0000024b1577e000 JavaThread "Incoming local TCP Connector on port 63693" [_thread_in_native, id=9868, stack(0x0000006455a00000,0x0000006455b00000)]
  0x0000024b149fc800 JavaThread "Daemon periodic checks" [_thread_blocked, id=5752, stack(0x0000006455b00000,0x0000006455c00000)]
  0x0000024b15355000 JavaThread "Daemon" [_thread_blocked, id=5912, stack(0x0000006455f00000,0x0000006456000000)]
  0x0000024b15206800 JavaThread "Handler for socket connection from /127.0.0.1:63693 to /127.0.0.1:63694" [_thread_in_native, id=6244, stack(0x0000006456000000,0x0000006456100000)]
  0x0000024b1584d000 JavaThread "Cancel handler" [_thread_blocked, id=10432, stack(0x0000006456100000,0x0000006456200000)]
  0x0000024b14d7b000 JavaThread "Daemon worker" [_thread_blocked, id=6076, stack(0x0000006456200000,0x0000006456300000)]
  0x0000024b14ac5000 JavaThread "Asynchronous log dispatcher for DefaultDaemonConnection: socket connection from /127.0.0.1:63693 to /127.0.0.1:63694" [_thread_blocked, id=11528, stack(0x0000006456300000,0x0000006456400000)]
  0x0000024b153e8000 JavaThread "Stdin handler" [_thread_blocked, id=11724, stack(0x0000006456400000,0x0000006456500000)]
  0x0000024b7f11b000 JavaThread "Daemon client event forwarder" [_thread_blocked, id=11384, stack(0x0000006456500000,0x0000006456600000)]
  0x0000024b7f120800 JavaThread "Cache worker for file hash cache (C:\Users\Arthur\.gradle\caches\7.0.2\fileHashes)" [_thread_blocked, id=10736, stack(0x0000006456c00000,0x0000006456d00000)]
  0x0000024b7f11b800 JavaThread "File lock request listener" [_thread_in_native, id=12900, stack(0x0000006456d00000,0x0000006456e00000)]
  0x0000024b7f11d800 JavaThread "Cache worker for journal cache (C:\Users\Arthur\.gradle\caches\journal-1)" [_thread_blocked, id=9836, stack(0x0000006456f00000,0x0000006457000000)]
  0x0000024b7f11c800 JavaThread "C2 CompilerThread1" daemon [_thread_blocked, id=2788, stack(0x0000006457000000,0x0000006457100000)]
  0x0000024b7f120000 JavaThread "Cache worker for file hash cache (C:\Users\Arthur\Documents\Programming\cross\DailyPlanner\.gradle\7.0.2\fileHashes)" [_thread_blocked, id=7880, stack(0x0000006457100000,0x0000006457200000)]
  0x0000024b7f121800 JavaThread "File watcher server" daemon [_thread_blocked, id=5228, stack(0x0000006457200000,0x0000006457300000)]
  0x0000024b7f11e000 JavaThread "File watcher consumer" daemon [_thread_blocked, id=11444, stack(0x0000006457300000,0x0000006457400000)]
  0x0000024b16459000 JavaThread "Cache worker for checksums cache (C:\Users\Arthur\Documents\Programming\cross\DailyPlanner\.gradle\checksums)" [_thread_blocked, id=9924, stack(0x0000006457400000,0x0000006457500000)]
  0x0000024b1645e000 JavaThread "Cache worker for cache directory md-supplier (C:\Users\Arthur\.gradle\caches\7.0.2\md-supplier)" [_thread_blocked, id=6212, stack(0x0000006457500000,0x0000006457600000)]
  0x0000024b1645a800 JavaThread "Cache worker for cache directory md-rule (C:\Users\Arthur\.gradle\caches\7.0.2\md-rule)" [_thread_blocked, id=9368, stack(0x0000006457600000,0x0000006457700000)]
  0x0000024b16458800 JavaThread "C2 CompilerThread2" daemon [_thread_in_native, id=7608, stack(0x0000006457700000,0x0000006457800000)]
  0x0000024b1645f000 JavaThread "Cache worker for execution history cache (C:\Users\Arthur\.gradle\caches\7.0.2\executionHistory)" [_thread_blocked, id=6356, stack(0x0000006457800000,0x0000006457900000)]
  0x0000024b16461800 JavaThread "jar transforms" [_thread_blocked, id=8872, stack(0x0000006457900000,0x0000006457a00000)]
  0x0000024b1645c800 JavaThread "jar transforms Thread 2" [_thread_blocked, id=11720, stack(0x0000006457a00000,0x0000006457b00000)]
  0x0000024b1645f800 JavaThread "Cache worker for file content cache (C:\Users\Arthur\.gradle\caches\7.0.2\fileContent)" [_thread_blocked, id=12720, stack(0x0000006457b00000,0x0000006457c00000)]
  0x0000024b16464800 JavaThread "Cache worker for dependencies-accessors (C:\Users\Arthur\Documents\Programming\cross\DailyPlanner\.gradle\7.0.2\dependencies-accessors)" [_thread_blocked, id=11360, stack(0x0000006457c00000,0x0000006457d00000)]
  0x0000024b16463800 JavaThread "jar transforms Thread 3" [_thread_blocked, id=4712, stack(0x0000006457d00000,0x0000006457e00000)]
  0x0000024b16465800 JavaThread "Cache worker for Build Output Cleanup Cache (C:\Users\Arthur\Documents\Programming\cross\DailyPlanner\.gradle\buildOutputCleanup)" [_thread_blocked, id=9752, stack(0x0000006457e00000,0x0000006457f00000)]
  0x0000024b16466000 JavaThread "Build operations" [_thread_blocked, id=12312, stack(0x0000006457f00000,0x0000006458000000)]
  0x0000024b16467000 JavaThread "Build operations Thread 2" [_thread_blocked, id=12164, stack(0x0000006458000000,0x0000006458100000)]
  0x0000024b16a5e800 JavaThread "Build operations Thread 3" [_thread_blocked, id=11912, stack(0x0000006458100000,0x0000006458200000)]
  0x0000024b16a60800 JavaThread "Build operations Thread 4" [_thread_blocked, id=3912, stack(0x0000006458200000,0x0000006458300000)]
  0x0000024b16a5e000 JavaThread "Build operations Thread 5" [_thread_blocked, id=6608, stack(0x0000006458300000,0x0000006458400000)]
  0x0000024b16a64800 JavaThread "Build operations Thread 6" [_thread_blocked, id=7892, stack(0x0000006458400000,0x0000006458500000)]
  0x0000024b16a61000 JavaThread "Build operations Thread 7" [_thread_blocked, id=11496, stack(0x0000006458500000,0x0000006458600000)]
  0x0000024b16a5f800 JavaThread "Build operations Thread 8" [_thread_blocked, id=6772, stack(0x0000006458600000,0x0000006458700000)]
  0x0000024b16a65000 JavaThread "jar transforms Thread 4" [_thread_blocked, id=7460, stack(0x0000006458700000,0x0000006458800000)]
  0x0000024b16a66000 JavaThread "jar transforms Thread 5" [_thread_blocked, id=8832, stack(0x0000006458800000,0x0000006458900000)]
  0x0000024b16a67800 JavaThread "jar transforms Thread 6" [_thread_blocked, id=12004, stack(0x0000006458900000,0x0000006458a00000)]
  0x0000024b16a62000 JavaThread "jar transforms Thread 7" [_thread_blocked, id=12596, stack(0x0000006458a00000,0x0000006458b00000)]
  0x0000024b16a67000 JavaThread "jar transforms Thread 8" [_thread_blocked, id=9188, stack(0x0000006458b00000,0x0000006458c00000)]
  0x0000024b16a63000 JavaThread "Memory manager" [_thread_blocked, id=9192, stack(0x0000006458c00000,0x0000006458d00000)]
  0x0000024b16a6b800 JavaThread "build event listener" [_thread_blocked, id=12124, stack(0x0000006458d00000,0x0000006458e00000)]
  0x0000024b16a6c800 JavaThread "Execution worker for ':'" [_thread_blocked, id=6648, stack(0x0000006458e00000,0x0000006458f00000)]
  0x0000024b1b4ab000 JavaThread "Execution worker for ':' Thread 2" [_thread_blocked, id=11348, stack(0x0000006458f00000,0x0000006459000000)]
  0x0000024b1b4ad800 JavaThread "Execution worker for ':' Thread 3" [_thread_blocked, id=6328, stack(0x0000006459000000,0x0000006459100000)]
  0x0000024b1b4ab800 JavaThread "Execution worker for ':' Thread 4" [_thread_blocked, id=5596, stack(0x0000006459100000,0x0000006459200000)]
  0x0000024b1b4a9800 JavaThread "Execution worker for ':' Thread 5" [_thread_blocked, id=12556, stack(0x0000006459200000,0x0000006459300000)]
  0x0000024b1b4ac800 JavaThread "Execution worker for ':' Thread 6" [_thread_blocked, id=9080, stack(0x0000006459300000,0x0000006459400000)]
  0x0000024b1b4af000 JavaThread "Execution worker for ':' Thread 7" [_thread_blocked, id=11032, stack(0x0000006459400000,0x0000006459500000)]
  0x0000024b1b4ae000 JavaThread "Cache worker for execution history cache (C:\Users\Arthur\Documents\Programming\cross\DailyPlanner\.gradle\7.0.2\executionHistory)" [_thread_blocked, id=11704, stack(0x0000006459500000,0x0000006459600000)]
  0x0000024b1b4b0000 JavaThread "WorkerExecutor Queue" [_thread_blocked, id=12760, stack(0x0000006459600000,0x0000006459700000)]

Other Threads:
=>0x0000024b7f0ea800 VMThread "VM Thread" [stack: 0x0000006454f00000,0x0000006455000000] [id=6780]
  0x0000024b7fc28000 WatcherThread [stack: 0x0000006455900000,0x0000006455a00000] [id=8764]
  0x0000024b774d4000 GCTaskThread "GC Thread#0" [stack: 0x0000006454a00000,0x0000006454b00000] [id=12836]
  0x0000024b13edd800 GCTaskThread "GC Thread#1" [stack: 0x0000006455c00000,0x0000006455d00000] [id=11956]
  0x0000024b13c6f800 GCTaskThread "GC Thread#2" [stack: 0x0000006455d00000,0x0000006455e00000] [id=7288]
  0x0000024b14ac5800 GCTaskThread "GC Thread#3" [stack: 0x0000006456600000,0x0000006456700000] [id=9844]
  0x0000024b153e8800 GCTaskThread "GC Thread#4" [stack: 0x0000006456700000,0x0000006456800000] [id=11744]
  0x0000024b15f11800 GCTaskThread "GC Thread#5" [stack: 0x0000006456800000,0x0000006456900000] [id=12896]
  0x0000024b151fb000 GCTaskThread "GC Thread#6" [stack: 0x0000006456900000,0x0000006456a00000] [id=12552]
  0x0000024b15261800 GCTaskThread "GC Thread#7" [stack: 0x0000006456a00000,0x0000006456b00000] [id=9920]
  0x0000024b77506800 ConcurrentGCThread "G1 Main Marker" [stack: 0x0000006454b00000,0x0000006454c00000] [id=5672]
  0x0000024b77507800 ConcurrentGCThread "G1 Conc#0" [stack: 0x0000006454c00000,0x0000006454d00000] [id=7204]
  0x0000024b15465800 ConcurrentGCThread "G1 Conc#1" [stack: 0x0000006456e00000,0x0000006456f00000] [id=7020]
  0x0000024b7ef40800 ConcurrentGCThread "G1 Refine#0" [stack: 0x0000006454d00000,0x0000006454e00000] [id=9436]
  0x0000024b14035800 ConcurrentGCThread "G1 Refine#1" [stack: 0x0000006456b00000,0x0000006456c00000] [id=10420]
  0x0000024b7ef41000 ConcurrentGCThread "G1 Young RemSet Sampling" [stack: 0x0000006454e00000,0x0000006454f00000] [id=7556]

Threads with active compile tasks:
C2 CompilerThread0  12879 13930       4       com.android.tools.r8.internal.Le::a (1137 bytes)
C1 CompilerThread0  12879 13978       3       com.android.tools.r8.internal.E7::a (679 bytes)
C2 CompilerThread1  12879 13346       4       com.android.tools.r8.internal.f9::b (108 bytes)
C2 CompilerThread2  12879 13911       4       com.android.tools.r8.internal.W4::b (169 bytes)

VM state:at safepoint (normal execution)

VM Mutex/Monitor currently owned by a thread:  ([mutex/lock_event])
[0x0000024b774b58b0] Threads_lock - owner thread: 0x0000024b7f0ea800
[0x0000024b774b6900] Heap_lock - owner thread: 0x0000024b16a5e000

Heap address: 0x0000000080000000, size: 2048 MB, Compressed Oops mode: 32-bit
Narrow klass base: 0x0000000000000000, Narrow klass shift: 3
Compressed class space size: 1073741824 Address: 0x0000000100000000

Heap:
 garbage-first heap   total 453632K, used 165533K [0x0000000080000000, 0x0000000100000000)
  region size 1024K, 13 young (13312K), 13 survivors (13312K)
 Metaspace       used 100413K, capacity 103045K, committed 104012K, reserved 1138688K
  class space    used 13068K, capacity 14068K, committed 14412K, reserved 1048576K
Heap Regions: E=young(eden), S=young(survivor), O=old, HS=humongous(starts), HC=humongous(continues), CS=collection set, F=free, A=archive, TAMS=top-at-mark-start (previous, next)
|   0|0x0000000080000000, 0x0000000080100000, 0x0000000080100000|100%| O|  |TAMS 0x0000000080100000, 0x0000000080000000| Untracked 
|   1|0x0000000080100000, 0x0000000080200000, 0x0000000080200000|100%| O|  |TAMS 0x0000000080200000, 0x0000000080100000| Untracked 
|   2|0x0000000080200000, 0x0000000080300000, 0x0000000080300000|100%| O|  |TAMS 0x0000000080300000, 0x0000000080200000| Untracked 
|   3|0x0000000080300000, 0x0000000080400000, 0x0000000080400000|100%|HS|  |TAMS 0x0000000080400000, 0x0000000080300000| Complete 
|   4|0x0000000080400000, 0x0000000080500000, 0x0000000080500000|100%|HC|  |TAMS 0x0000000080500000, 0x0000000080400000| Complete 
|   5|0x0000000080500000, 0x0000000080600000, 0x0000000080600000|100%|HC|  |TAMS 0x0000000080600000, 0x0000000080500000| Complete 
|   6|0x0000000080600000, 0x0000000080700000, 0x0000000080700000|100%| O|  |TAMS 0x0000000080700000, 0x0000000080600000| Untracked 
|   7|0x0000000080700000, 0x0000000080800000, 0x0000000080800000|100%| O|  |TAMS 0x0000000080800000, 0x0000000080700000| Untracked 
|   8|0x0000000080800000, 0x0000000080900000, 0x0000000080900000|100%| O|  |TAMS 0x0000000080900000, 0x0000000080800000| Untracked 
|   9|0x0000000080900000, 0x0000000080a00000, 0x0000000080a00000|100%| O|  |TAMS 0x0000000080a00000, 0x0000000080900000| Untracked 
|  10|0x0000000080a00000, 0x0000000080b00000, 0x0000000080b00000|100%| O|  |TAMS 0x0000000080b00000, 0x0000000080a00000| Untracked 
|  11|0x0000000080b00000, 0x0000000080c00000, 0x0000000080c00000|100%| O|  |TAMS 0x0000000080c00000, 0x0000000080b00000| Untracked 
|  12|0x0000000080c00000, 0x0000000080d00000, 0x0000000080d00000|100%| O|  |TAMS 0x0000000080d00000, 0x0000000080c00000| Untracked 
|  13|0x0000000080d00000, 0x0000000080e00000, 0x0000000080e00000|100%| O|  |TAMS 0x0000000080e00000, 0x0000000080d00000| Untracked 
|  14|0x0000000080e00000, 0x0000000080f00000, 0x0000000080f00000|100%| O|  |TAMS 0x0000000080f00000, 0x0000000080e00000| Untracked 
|  15|0x0000000080f00000, 0x0000000081000000, 0x0000000081000000|100%| O|  |TAMS 0x0000000081000000, 0x0000000080f00000| Untracked 
|  16|0x0000000081000000, 0x0000000081100000, 0x0000000081100000|100%| O|  |TAMS 0x0000000081100000, 0x0000000081000000| Untracked 
|  17|0x0000000081100000, 0x0000000081200000, 0x0000000081200000|100%| O|  |TAMS 0x0000000081200000, 0x0000000081100000| Untracked 
|  18|0x0000000081200000, 0x0000000081300000, 0x0000000081300000|100%| O|  |TAMS 0x0000000081300000, 0x0000000081200000| Untracked 
|  19|0x0000000081300000, 0x0000000081400000, 0x0000000081400000|100%| O|  |TAMS 0x0000000081400000, 0x0000000081300000| Untracked 
|  20|0x0000000081400000, 0x0000000081500000, 0x0000000081500000|100%| O|  |TAMS 0x0000000081500000, 0x0000000081400000| Untracked 
|  21|0x0000000081500000, 0x0000000081600000, 0x0000000081600000|100%| O|  |TAMS 0x0000000081600000, 0x0000000081500000| Untracked 
|  22|0x0000000081600000, 0x0000000081700000, 0x0000000081700000|100%| O|  |TAMS 0x0000000081700000, 0x0000000081600000| Untracked 
|  23|0x0000000081700000, 0x0000000081800000, 0x0000000081800000|100%| O|  |TAMS 0x0000000081800000, 0x0000000081700000| Untracked 
|  24|0x0000000081800000, 0x0000000081900000, 0x0000000081900000|100%| O|  |TAMS 0x0000000081900000, 0x0000000081800000| Untracked 
|  25|0x0000000081900000, 0x0000000081a00000, 0x0000000081a00000|100%| O|  |TAMS 0x0000000081a00000, 0x0000000081900000| Untracked 
|  26|0x0000000081a00000, 0x0000000081b00000, 0x0000000081b00000|100%| O|  |TAMS 0x0000000081b00000, 0x0000000081a00000| Untracked 
|  27|0x0000000081b00000, 0x0000000081c00000, 0x0000000081c00000|100%|HS|  |TAMS 0x0000000081c00000, 0x0000000081b00000| Complete 
|  28|0x0000000081c00000, 0x0000000081d00000, 0x0000000081d00000|100%|HS|  |TAMS 0x0000000081d00000, 0x0000000081c00000| Complete 
|  29|0x0000000081d00000, 0x0000000081e00000, 0x0000000081e00000|100%|HS|  |TAMS 0x0000000081e00000, 0x0000000081d00000| Complete 
|  30|0x0000000081e00000, 0x0000000081f00000, 0x0000000081f00000|100%|HS|  |TAMS 0x0000000081f00000, 0x0000000081e00000| Complete 
|  31|0x0000000081f00000, 0x0000000082000000, 0x0000000082000000|100%|HC|  |TAMS 0x0000000082000000, 0x0000000081f00000| Complete 
|  32|0x0000000082000000, 0x0000000082100000, 0x0000000082100000|100%|HC|  |TAMS 0x0000000082100000, 0x0000000082000000| Complete 
|  33|0x0000000082100000, 0x0000000082200000, 0x0000000082200000|100%|HS|  |TAMS 0x0000000082200000, 0x0000000082100000| Complete 
|  34|0x0000000082200000, 0x0000000082300000, 0x0000000082300000|100%|HC|  |TAMS 0x0000000082300000, 0x0000000082200000| Complete 
|  35|0x0000000082300000, 0x0000000082400000, 0x0000000082400000|100%| O|  |TAMS 0x0000000082400000, 0x0000000082300000| Untracked 
|  36|0x0000000082400000, 0x0000000082500000, 0x0000000082500000|100%| O|  |TAMS 0x0000000082500000, 0x0000000082400000| Untracked 
|  37|0x0000000082500000, 0x0000000082600000, 0x0000000082600000|100%| O|  |TAMS 0x0000000082600000, 0x0000000082500000| Untracked 
|  38|0x0000000082600000, 0x0000000082700000, 0x0000000082700000|100%| O|  |TAMS 0x0000000082700000, 0x0000000082600000| Untracked 
|  39|0x0000000082700000, 0x0000000082800000, 0x0000000082800000|100%| O|  |TAMS 0x0000000082800000, 0x0000000082700000| Untracked 
|  40|0x0000000082800000, 0x0000000082900000, 0x0000000082900000|100%| O|  |TAMS 0x0000000082900000, 0x0000000082800000| Untracked 
|  41|0x0000000082900000, 0x0000000082a00000, 0x0000000082a00000|100%| O|  |TAMS 0x0000000082a00000, 0x0000000082900000| Untracked 
|  42|0x0000000082a00000, 0x0000000082b00000, 0x0000000082b00000|100%| O|  |TAMS 0x0000000082b00000, 0x0000000082a00000| Untracked 
|  43|0x0000000082b00000, 0x0000000082c00000, 0x0000000082c00000|100%| O|  |TAMS 0x0000000082c00000, 0x0000000082b00000| Untracked 
|  44|0x0000000082c00000, 0x0000000082d00000, 0x0000000082d00000|100%| O|  |TAMS 0x0000000082d00000, 0x0000000082c00000| Untracked 
|  45|0x0000000082d00000, 0x0000000082e00000, 0x0000000082e00000|100%| O|  |TAMS 0x0000000082e00000, 0x0000000082d00000| Untracked 
|  46|0x0000000082e00000, 0x0000000082f00000, 0x0000000082f00000|100%| O|  |TAMS 0x0000000082f00000, 0x0000000082e00000| Untracked 
|  47|0x0000000082f00000, 0x0000000083000000, 0x0000000083000000|100%| O|  |TAMS 0x0000000083000000, 0x0000000082f00000| Untracked 
|  48|0x0000000083000000, 0x0000000083100000, 0x0000000083100000|100%| O|  |TAMS 0x0000000083100000, 0x0000000083000000| Untracked 
|  49|0x0000000083100000, 0x0000000083200000, 0x0000000083200000|100%| O|  |TAMS 0x0000000083200000, 0x0000000083100000| Untracked 
|  50|0x0000000083200000, 0x0000000083300000, 0x0000000083300000|100%| O|  |TAMS 0x0000000083300000, 0x0000000083200000| Untracked 
|  51|0x0000000083300000, 0x0000000083400000, 0x0000000083400000|100%| O|  |TAMS 0x0000000083400000, 0x0000000083300000| Untracked 
|  52|0x0000000083400000, 0x0000000083500000, 0x0000000083500000|100%| O|  |TAMS 0x0000000083500000, 0x0000000083400000| Untracked 
|  53|0x0000000083500000, 0x0000000083600000, 0x0000000083600000|100%| O|  |TAMS 0x0000000083600000, 0x0000000083500000| Untracked 
|  54|0x0000000083600000, 0x0000000083700000, 0x0000000083700000|100%| O|  |TAMS 0x0000000083700000, 0x0000000083600000| Untracked 
|  55|0x0000000083700000, 0x0000000083800000, 0x0000000083800000|100%| O|  |TAMS 0x0000000083800000, 0x0000000083700000| Untracked 
|  56|0x0000000083800000, 0x0000000083900000, 0x0000000083900000|100%| O|  |TAMS 0x0000000083900000, 0x0000000083800000| Untracked 
|  57|0x0000000083900000, 0x0000000083a00000, 0x0000000083a00000|100%| O|  |TAMS 0x0000000083a00000, 0x0000000083900000| Untracked 
|  58|0x0000000083a00000, 0x0000000083b00000, 0x0000000083b00000|100%| O|  |TAMS 0x0000000083b00000, 0x0000000083a00000| Untracked 
|  59|0x0000000083b00000, 0x0000000083c00000, 0x0000000083c00000|100%| O|  |TAMS 0x0000000083c00000, 0x0000000083b00000| Untracked 
|  60|0x0000000083c00000, 0x0000000083d00000, 0x0000000083d00000|100%| O|  |TAMS 0x0000000083d00000, 0x0000000083c00000| Untracked 
|  61|0x0000000083d00000, 0x0000000083e00000, 0x0000000083e00000|100%| O|  |TAMS 0x0000000083e00000, 0x0000000083d00000| Untracked 
|  62|0x0000000083e00000, 0x0000000083f00000, 0x0000000083f00000|100%| O|  |TAMS 0x0000000083f00000, 0x0000000083e00000| Untracked 
|  63|0x0000000083f00000, 0x0000000084000000, 0x0000000084000000|100%| O|  |TAMS 0x0000000084000000, 0x0000000083f00000| Untracked 
|  64|0x0000000084000000, 0x0000000084100000, 0x0000000084100000|100%| O|  |TAMS 0x0000000084100000, 0x0000000084000000| Untracked 
|  65|0x0000000084100000, 0x0000000084200000, 0x0000000084200000|100%| O|  |TAMS 0x0000000084200000, 0x0000000084100000| Untracked 
|  66|0x0000000084200000, 0x0000000084300000, 0x0000000084300000|100%| O|  |TAMS 0x0000000084300000, 0x0000000084200000| Untracked 
|  67|0x0000000084300000, 0x0000000084400000, 0x0000000084400000|100%| O|  |TAMS 0x0000000084400000, 0x0000000084300000| Untracked 
|  68|0x0000000084400000, 0x0000000084500000, 0x0000000084500000|100%| O|  |TAMS 0x0000000084500000, 0x0000000084400000| Untracked 
|  69|0x0000000084500000, 0x0000000084600000, 0x0000000084600000|100%| O|  |TAMS 0x0000000084600000, 0x0000000084500000| Untracked 
|  70|0x0000000084600000, 0x0000000084700000, 0x0000000084700000|100%| O|  |TAMS 0x0000000084700000, 0x0000000084600000| Untracked 
|  71|0x0000000084700000, 0x0000000084800000, 0x0000000084800000|100%| O|  |TAMS 0x0000000084800000, 0x0000000084700000| Untracked 
|  72|0x0000000084800000, 0x0000000084900000, 0x0000000084900000|100%| O|  |TAMS 0x0000000084900000, 0x0000000084800000| Untracked 
|  73|0x0000000084900000, 0x0000000084a00000, 0x0000000084a00000|100%| O|  |TAMS 0x0000000084a00000, 0x0000000084900000| Untracked 
|  74|0x0000000084a00000, 0x0000000084b00000, 0x0000000084b00000|100%| O|  |TAMS 0x0000000084b00000, 0x0000000084a00000| Untracked 
|  75|0x0000000084b00000, 0x0000000084c00000, 0x0000000084c00000|100%| O|  |TAMS 0x0000000084c00000, 0x0000000084b00000| Untracked 
|  76|0x0000000084c00000, 0x0000000084d00000, 0x0000000084d00000|100%| O|  |TAMS 0x0000000084d00000, 0x0000000084c00000| Untracked 
|  77|0x0000000084d00000, 0x0000000084e00000, 0x0000000084e00000|100%| O|  |TAMS 0x0000000084e00000, 0x0000000084d00000| Untracked 
|  78|0x0000000084e00000, 0x0000000084f00000, 0x0000000084f00000|100%| O|  |TAMS 0x0000000084f00000, 0x0000000084e00000| Untracked 
|  79|0x0000000084f00000, 0x0000000085000000, 0x0000000085000000|100%| O|  |TAMS 0x0000000085000000, 0x0000000084f00000| Untracked 
|  80|0x0000000085000000, 0x0000000085100000, 0x0000000085100000|100%| O|  |TAMS 0x0000000085100000, 0x0000000085000000| Untracked 
|  81|0x0000000085100000, 0x0000000085200000, 0x0000000085200000|100%| O|  |TAMS 0x0000000085200000, 0x0000000085100000| Untracked 
|  82|0x0000000085200000, 0x0000000085300000, 0x0000000085300000|100%| O|  |TAMS 0x0000000085300000, 0x0000000085200000| Untracked 
|  83|0x0000000085300000, 0x0000000085400000, 0x0000000085400000|100%| O|  |TAMS 0x0000000085400000, 0x0000000085300000| Untracked 
|  84|0x0000000085400000, 0x0000000085500000, 0x0000000085500000|100%| O|  |TAMS 0x0000000085500000, 0x0000000085400000| Untracked 
|  85|0x0000000085500000, 0x0000000085600000, 0x0000000085600000|100%| O|  |TAMS 0x0000000085600000, 0x0000000085500000| Untracked 
|  86|0x0000000085600000, 0x0000000085700000, 0x0000000085700000|100%| O|  |TAMS 0x0000000085700000, 0x0000000085600000| Untracked 
|  87|0x0000000085700000, 0x0000000085800000, 0x0000000085800000|100%| O|  |TAMS 0x0000000085800000, 0x0000000085700000| Untracked 
|  88|0x0000000085800000, 0x0000000085900000, 0x0000000085900000|100%| O|  |TAMS 0x0000000085900000, 0x0000000085800000| Untracked 
|  89|0x0000000085900000, 0x0000000085a00000, 0x0000000085a00000|100%| O|  |TAMS 0x0000000085a00000, 0x0000000085900000| Untracked 
|  90|0x0000000085a00000, 0x0000000085b00000, 0x0000000085b00000|100%| O|  |TAMS 0x0000000085b00000, 0x0000000085a00000| Untracked 
|  91|0x0000000085b00000, 0x0000000085c00000, 0x0000000085c00000|100%| O|  |TAMS 0x0000000085c00000, 0x0000000085b00000| Untracked 
|  92|0x0000000085c00000, 0x0000000085d00000, 0x0000000085d00000|100%| O|  |TAMS 0x0000000085d00000, 0x0000000085c00000| Untracked 
|  93|0x0000000085d00000, 0x0000000085e00000, 0x0000000085e00000|100%| O|  |TAMS 0x0000000085e00000, 0x0000000085d00000| Untracked 
|  94|0x0000000085e00000, 0x0000000085f00000, 0x0000000085f00000|100%| O|  |TAMS 0x0000000085f00000, 0x0000000085e00000| Untracked 
|  95|0x0000000085f00000, 0x0000000086000000, 0x0000000086000000|100%| O|  |TAMS 0x0000000086000000, 0x0000000085f00000| Untracked 
|  96|0x0000000086000000, 0x0000000086100000, 0x0000000086100000|100%| O|  |TAMS 0x0000000086100000, 0x0000000086000000| Untracked 
|  97|0x0000000086100000, 0x0000000086200000, 0x0000000086200000|100%| O|  |TAMS 0x0000000086200000, 0x0000000086100000| Untracked 
|  98|0x0000000086200000, 0x0000000086300000, 0x0000000086300000|100%| O|  |TAMS 0x0000000086300000, 0x0000000086200000| Untracked 
|  99|0x0000000086300000, 0x0000000086400000, 0x0000000086400000|100%| O|  |TAMS 0x0000000086400000, 0x0000000086300000| Untracked 
| 100|0x0000000086400000, 0x0000000086500000, 0x0000000086500000|100%| O|  |TAMS 0x0000000086500000, 0x0000000086400000| Untracked 
| 101|0x0000000086500000, 0x0000000086600000, 0x0000000086600000|100%| O|  |TAMS 0x0000000086600000, 0x0000000086500000| Untracked 
| 102|0x0000000086600000, 0x0000000086700000, 0x0000000086700000|100%| O|  |TAMS 0x0000000086700000, 0x0000000086600000| Untracked 
| 103|0x0000000086700000, 0x0000000086800000, 0x0000000086800000|100%| O|  |TAMS 0x0000000086800000, 0x0000000086700000| Untracked 
| 104|0x0000000086800000, 0x0000000086900000, 0x0000000086900000|100%| O|  |TAMS 0x0000000086900000, 0x0000000086800000| Untracked 
| 105|0x0000000086900000, 0x0000000086a00000, 0x0000000086a00000|100%| O|  |TAMS 0x0000000086a00000, 0x0000000086900000| Untracked 
| 106|0x0000000086a00000, 0x0000000086b00000, 0x0000000086b00000|100%| O|  |TAMS 0x0000000086b00000, 0x0000000086a00000| Untracked 
| 107|0x0000000086b00000, 0x0000000086c00000, 0x0000000086c00000|100%| O|  |TAMS 0x0000000086c00000, 0x0000000086b00000| Untracked 
| 108|0x0000000086c00000, 0x0000000086d00000, 0x0000000086d00000|100%| O|  |TAMS 0x0000000086d00000, 0x0000000086c00000| Untracked 
| 109|0x0000000086d00000, 0x0000000086e00000, 0x0000000086e00000|100%| O|  |TAMS 0x0000000086e00000, 0x0000000086d00000| Untracked 
| 110|0x0000000086e00000, 0x0000000086f00000, 0x0000000086f00000|100%| O|  |TAMS 0x0000000086f00000, 0x0000000086e00000| Untracked 
| 111|0x0000000086f00000, 0x0000000087000000, 0x0000000087000000|100%| O|  |TAMS 0x0000000087000000, 0x0000000086f00000| Untracked 
| 112|0x0000000087000000, 0x0000000087100000, 0x0000000087100000|100%| O|  |TAMS 0x0000000087100000, 0x0000000087000000| Untracked 
| 113|0x0000000087100000, 0x0000000087200000, 0x0000000087200000|100%| O|  |TAMS 0x0000000087200000, 0x0000000087100000| Untracked 
| 114|0x0000000087200000, 0x0000000087300000, 0x0000000087300000|100%| O|  |TAMS 0x0000000087300000, 0x0000000087200000| Untracked 
| 115|0x0000000087300000, 0x0000000087400000, 0x0000000087400000|100%| O|  |TAMS 0x0000000087400000, 0x0000000087300000| Untracked 
| 116|0x0000000087400000, 0x0000000087500000, 0x0000000087500000|100%| O|  |TAMS 0x0000000087500000, 0x0000000087400000| Untracked 
| 117|0x0000000087500000, 0x0000000087600000, 0x0000000087600000|100%| O|  |TAMS 0x0000000087600000, 0x0000000087500000| Untracked 
| 118|0x0000000087600000, 0x0000000087700000, 0x0000000087700000|100%| O|  |TAMS 0x0000000087700000, 0x0000000087600000| Untracked 
| 119|0x0000000087700000, 0x0000000087800000, 0x0000000087800000|100%| O|  |TAMS 0x0000000087800000, 0x0000000087700000| Untracked 
| 120|0x0000000087800000, 0x0000000087900000, 0x0000000087900000|100%| O|  |TAMS 0x0000000087900000, 0x0000000087800000| Untracked 
| 121|0x0000000087900000, 0x0000000087a00000, 0x0000000087a00000|100%| O|  |TAMS 0x0000000087a00000, 0x0000000087900000| Untracked 
| 122|0x0000000087a00000, 0x0000000087b00000, 0x0000000087b00000|100%| O|  |TAMS 0x0000000087b00000, 0x0000000087a00000| Untracked 
| 123|0x0000000087b00000, 0x0000000087c00000, 0x0000000087c00000|100%| O|  |TAMS 0x0000000087c00000, 0x0000000087b00000| Untracked 
| 124|0x0000000087c00000, 0x0000000087d00000, 0x0000000087d00000|100%| O|  |TAMS 0x0000000087d00000, 0x0000000087c00000| Untracked 
| 125|0x0000000087d00000, 0x0000000087e00000, 0x0000000087e00000|100%| O|  |TAMS 0x0000000087e00000, 0x0000000087d00000| Untracked 
| 126|0x0000000087e00000, 0x0000000087f00000, 0x0000000087f00000|100%| O|  |TAMS 0x0000000087f00000, 0x0000000087e00000| Untracked 
| 127|0x0000000087f00000, 0x0000000088000000, 0x0000000088000000|100%| O|  |TAMS 0x0000000088000000, 0x0000000087f00000| Untracked 
| 128|0x0000000088000000, 0x0000000088100000, 0x0000000088100000|100%| O|  |TAMS 0x0000000088100000, 0x0000000088000000| Untracked 
| 129|0x0000000088100000, 0x0000000088200000, 0x0000000088200000|100%| O|  |TAMS 0x0000000088200000, 0x0000000088100000| Untracked 
| 130|0x0000000088200000, 0x0000000088300000, 0x0000000088300000|100%| O|  |TAMS 0x0000000088300000, 0x0000000088200000| Untracked 
| 131|0x0000000088300000, 0x0000000088400000, 0x0000000088400000|100%| O|  |TAMS 0x0000000088400000, 0x0000000088300000| Untracked 
| 132|0x0000000088400000, 0x0000000088500000, 0x0000000088500000|100%| O|  |TAMS 0x0000000088500000, 0x0000000088400000| Untracked 
| 133|0x0000000088500000, 0x0000000088600000, 0x0000000088600000|100%| O|  |TAMS 0x0000000088600000, 0x0000000088500000| Untracked 
| 134|0x0000000088600000, 0x0000000088700000, 0x0000000088700000|100%| O|  |TAMS 0x0000000088700000, 0x0000000088600000| Untracked 
| 135|0x0000000088700000, 0x0000000088800000, 0x0000000088800000|100%| O|  |TAMS 0x0000000088800000, 0x0000000088700000| Untracked 
| 136|0x0000000088800000, 0x0000000088900000, 0x0000000088900000|100%| O|  |TAMS 0x00000000888f8600, 0x0000000088800000| Untracked 
| 137|0x0000000088900000, 0x0000000088a00000, 0x0000000088a00000|100%| O|  |TAMS 0x0000000088900000, 0x0000000088900000| Untracked 
| 138|0x0000000088a00000, 0x0000000088b00000, 0x0000000088b00000|100%| O|  |TAMS 0x0000000088a00000, 0x0000000088a00000| Untracked 
| 139|0x0000000088b00000, 0x0000000088c00000, 0x0000000088c00000|100%| O|  |TAMS 0x0000000088b00000, 0x0000000088b00000| Untracked 
| 140|0x0000000088c00000, 0x0000000088d00000, 0x0000000088d00000|100%| O|  |TAMS 0x0000000088c00000, 0x0000000088c00000| Untracked 
| 141|0x0000000088d00000, 0x0000000088e00000, 0x0000000088e00000|100%| O|  |TAMS 0x0000000088d00000, 0x0000000088d00000| Untracked 
| 142|0x0000000088e00000, 0x0000000088f00000, 0x0000000088f00000|100%| O|  |TAMS 0x0000000088e00000, 0x0000000088e00000| Untracked 
| 143|0x0000000088f00000, 0x0000000089000000, 0x0000000089000000|100%| O|  |TAMS 0x0000000088f00000, 0x0000000088f00000| Untracked 
| 144|0x0000000089000000, 0x0000000089100000, 0x0000000089100000|100%| O|  |TAMS 0x0000000089000000, 0x0000000089000000| Untracked 
| 145|0x0000000089100000, 0x0000000089200000, 0x0000000089200000|100%| O|  |TAMS 0x0000000089100000, 0x0000000089100000| Untracked 
| 146|0x0000000089200000, 0x0000000089300000, 0x0000000089300000|100%| O|  |TAMS 0x0000000089200000, 0x0000000089200000| Untracked 
| 147|0x0000000089300000, 0x0000000089400000, 0x0000000089400000|100%| O|  |TAMS 0x0000000089300000, 0x0000000089300000| Untracked 
| 148|0x0000000089400000, 0x00000000894a7600, 0x0000000089500000| 65%| O|  |TAMS 0x0000000089400000, 0x0000000089400000| Untracked 
| 149|0x0000000089500000, 0x0000000089500000, 0x0000000089600000|  0%| F|  |TAMS 0x0000000089500000, 0x0000000089500000| Untracked 
| 150|0x0000000089600000, 0x0000000089600000, 0x0000000089700000|  0%| F|  |TAMS 0x0000000089600000, 0x0000000089600000| Untracked 
| 151|0x0000000089700000, 0x0000000089700000, 0x0000000089800000|  0%| F|  |TAMS 0x0000000089700000, 0x0000000089700000| Untracked 
| 152|0x0000000089800000, 0x0000000089800000, 0x0000000089900000|  0%| F|  |TAMS 0x0000000089800000, 0x0000000089800000| Untracked 
| 153|0x0000000089900000, 0x0000000089900000, 0x0000000089a00000|  0%| F|  |TAMS 0x0000000089900000, 0x0000000089900000| Untracked 
| 154|0x0000000089a00000, 0x0000000089a00000, 0x0000000089b00000|  0%| F|  |TAMS 0x0000000089a00000, 0x0000000089a00000| Untracked 
| 155|0x0000000089b00000, 0x0000000089b00000, 0x0000000089c00000|  0%| F|  |TAMS 0x0000000089b00000, 0x0000000089b00000| Untracked 
| 156|0x0000000089c00000, 0x0000000089c00000, 0x0000000089d00000|  0%| F|  |TAMS 0x0000000089c00000, 0x0000000089c00000| Untracked 
| 157|0x0000000089d00000, 0x0000000089d00000, 0x0000000089e00000|  0%| F|  |TAMS 0x0000000089d00000, 0x0000000089d00000| Untracked 
| 158|0x0000000089e00000, 0x0000000089e00000, 0x0000000089f00000|  0%| F|  |TAMS 0x0000000089e00000, 0x0000000089e00000| Untracked 
| 159|0x0000000089f00000, 0x0000000089f00000, 0x000000008a000000|  0%| F|  |TAMS 0x0000000089f00000, 0x0000000089f00000| Untracked 
| 160|0x000000008a000000, 0x000000008a000000, 0x000000008a100000|  0%| F|  |TAMS 0x000000008a000000, 0x000000008a000000| Untracked 
| 161|0x000000008a100000, 0x000000008a100000, 0x000000008a200000|  0%| F|  |TAMS 0x000000008a100000, 0x000000008a100000| Untracked 
| 162|0x000000008a200000, 0x000000008a200000, 0x000000008a300000|  0%| F|  |TAMS 0x000000008a200000, 0x000000008a200000| Untracked 
| 163|0x000000008a300000, 0x000000008a300000, 0x000000008a400000|  0%| F|  |TAMS 0x000000008a300000, 0x000000008a300000| Untracked 
| 164|0x000000008a400000, 0x000000008a400000, 0x000000008a500000|  0%| F|  |TAMS 0x000000008a400000, 0x000000008a400000| Untracked 
| 165|0x000000008a500000, 0x000000008a500000, 0x000000008a600000|  0%| F|  |TAMS 0x000000008a500000, 0x000000008a500000| Untracked 
| 166|0x000000008a600000, 0x000000008a600000, 0x000000008a700000|  0%| F|  |TAMS 0x000000008a600000, 0x000000008a600000| Untracked 
| 167|0x000000008a700000, 0x000000008a700000, 0x000000008a800000|  0%| F|  |TAMS 0x000000008a700000, 0x000000008a700000| Untracked 
| 168|0x000000008a800000, 0x000000008a800000, 0x000000008a900000|  0%| F|  |TAMS 0x000000008a800000, 0x000000008a800000| Untracked 
| 169|0x000000008a900000, 0x000000008a900000, 0x000000008aa00000|  0%| F|  |TAMS 0x000000008a900000, 0x000000008a900000| Untracked 
| 170|0x000000008aa00000, 0x000000008aa00000, 0x000000008ab00000|  0%| F|  |TAMS 0x000000008aa00000, 0x000000008aa00000| Untracked 
| 171|0x000000008ab00000, 0x000000008ab00000, 0x000000008ac00000|  0%| F|  |TAMS 0x000000008ab00000, 0x000000008ab00000| Untracked 
| 172|0x000000008ac00000, 0x000000008ac00000, 0x000000008ad00000|  0%| F|  |TAMS 0x000000008ac00000, 0x000000008ac00000| Untracked 
| 173|0x000000008ad00000, 0x000000008ad00000, 0x000000008ae00000|  0%| F|  |TAMS 0x000000008ad00000, 0x000000008ad00000| Untracked 
| 174|0x000000008ae00000, 0x000000008ae00000, 0x000000008af00000|  0%| F|  |TAMS 0x000000008ae00000, 0x000000008ae00000| Untracked 
| 175|0x000000008af00000, 0x000000008af00000, 0x000000008b000000|  0%| F|  |TAMS 0x000000008af00000, 0x000000008af00000| Untracked 
| 176|0x000000008b000000, 0x000000008b000000, 0x000000008b100000|  0%| F|  |TAMS 0x000000008b000000, 0x000000008b000000| Untracked 
| 177|0x000000008b100000, 0x000000008b100000, 0x000000008b200000|  0%| F|  |TAMS 0x000000008b100000, 0x000000008b100000| Untracked 
| 178|0x000000008b200000, 0x000000008b200000, 0x000000008b300000|  0%| F|  |TAMS 0x000000008b200000, 0x000000008b200000| Untracked 
| 179|0x000000008b300000, 0x000000008b300000, 0x000000008b400000|  0%| F|  |TAMS 0x000000008b300000, 0x000000008b300000| Untracked 
| 180|0x000000008b400000, 0x000000008b400000, 0x000000008b500000|  0%| F|  |TAMS 0x000000008b400000, 0x000000008b400000| Untracked 
| 181|0x000000008b500000, 0x000000008b500000, 0x000000008b600000|  0%| F|  |TAMS 0x000000008b500000, 0x000000008b500000| Untracked 
| 182|0x000000008b600000, 0x000000008b600000, 0x000000008b700000|  0%| F|  |TAMS 0x000000008b600000, 0x000000008b600000| Untracked 
| 183|0x000000008b700000, 0x000000008b700000, 0x000000008b800000|  0%| F|  |TAMS 0x000000008b700000, 0x000000008b700000| Untracked 
| 184|0x000000008b800000, 0x000000008b800000, 0x000000008b900000|  0%| F|  |TAMS 0x000000008b800000, 0x000000008b800000| Untracked 
| 185|0x000000008b900000, 0x000000008b900000, 0x000000008ba00000|  0%| F|  |TAMS 0x000000008b900000, 0x000000008b900000| Untracked 
| 186|0x000000008ba00000, 0x000000008ba00000, 0x000000008bb00000|  0%| F|  |TAMS 0x000000008ba00000, 0x000000008ba00000| Untracked 
| 187|0x000000008bb00000, 0x000000008bb00000, 0x000000008bc00000|  0%| F|  |TAMS 0x000000008bb00000, 0x000000008bb00000| Untracked 
| 188|0x000000008bc00000, 0x000000008bc00000, 0x000000008bd00000|  0%| F|  |TAMS 0x000000008bc00000, 0x000000008bc00000| Untracked 
| 189|0x000000008bd00000, 0x000000008bd00000, 0x000000008be00000|  0%| F|  |TAMS 0x000000008bd00000, 0x000000008bd00000| Untracked 
| 190|0x000000008be00000, 0x000000008be00000, 0x000000008bf00000|  0%| F|  |TAMS 0x000000008be00000, 0x000000008be00000| Untracked 
| 191|0x000000008bf00000, 0x000000008bf00000, 0x000000008c000000|  0%| F|  |TAMS 0x000000008bf00000, 0x000000008bf00000| Untracked 
| 192|0x000000008c000000, 0x000000008c000000, 0x000000008c100000|  0%| F|  |TAMS 0x000000008c000000, 0x000000008c000000| Untracked 
| 193|0x000000008c100000, 0x000000008c100000, 0x000000008c200000|  0%| F|  |TAMS 0x000000008c100000, 0x000000008c100000| Untracked 
| 194|0x000000008c200000, 0x000000008c200000, 0x000000008c300000|  0%| F|  |TAMS 0x000000008c200000, 0x000000008c200000| Untracked 
| 195|0x000000008c300000, 0x000000008c300000, 0x000000008c400000|  0%| F|  |TAMS 0x000000008c300000, 0x000000008c300000| Untracked 
| 196|0x000000008c400000, 0x000000008c400000, 0x000000008c500000|  0%| F|  |TAMS 0x000000008c400000, 0x000000008c400000| Untracked 
| 197|0x000000008c500000, 0x000000008c500000, 0x000000008c600000|  0%| F|  |TAMS 0x000000008c500000, 0x000000008c500000| Untracked 
| 198|0x000000008c600000, 0x000000008c600000, 0x000000008c700000|  0%| F|  |TAMS 0x000000008c600000, 0x000000008c600000| Untracked 
| 199|0x000000008c700000, 0x000000008c700000, 0x000000008c800000|  0%| F|  |TAMS 0x000000008c700000, 0x000000008c700000| Untracked 
| 200|0x000000008c800000, 0x000000008c800000, 0x000000008c900000|  0%| F|  |TAMS 0x000000008c800000, 0x000000008c800000| Untracked 
| 201|0x000000008c900000, 0x000000008ca00000, 0x000000008ca00000|100%| S|CS|TAMS 0x000000008c900000, 0x000000008c900000| Complete 
| 202|0x000000008ca00000, 0x000000008cb00000, 0x000000008cb00000|100%| S|CS|TAMS 0x000000008ca00000, 0x000000008ca00000| Complete 
| 203|0x000000008cb00000, 0x000000008cc00000, 0x000000008cc00000|100%| S|CS|TAMS 0x000000008cb00000, 0x000000008cb00000| Complete 
| 204|0x000000008cc00000, 0x000000008cd00000, 0x000000008cd00000|100%| S|CS|TAMS 0x000000008cc00000, 0x000000008cc00000| Complete 
| 205|0x000000008cd00000, 0x000000008ce00000, 0x000000008ce00000|100%| S|CS|TAMS 0x000000008cd00000, 0x000000008cd00000| Complete 
| 206|0x000000008ce00000, 0x000000008cf00000, 0x000000008cf00000|100%| S|CS|TAMS 0x000000008ce00000, 0x000000008ce00000| Complete 
| 207|0x000000008cf00000, 0x000000008d000000, 0x000000008d000000|100%| S|CS|TAMS 0x000000008cf00000, 0x000000008cf00000| Complete 
| 208|0x000000008d000000, 0x000000008d100000, 0x000000008d100000|100%| S|CS|TAMS 0x000000008d000000, 0x000000008d000000| Complete 
| 209|0x000000008d100000, 0x000000008d200000, 0x000000008d200000|100%| S|CS|TAMS 0x000000008d100000, 0x000000008d100000| Complete 
| 210|0x000000008d200000, 0x000000008d300000, 0x000000008d300000|100%| S|CS|TAMS 0x000000008d200000, 0x000000008d200000| Complete 
| 211|0x000000008d300000, 0x000000008d400000, 0x000000008d400000|100%| S|CS|TAMS 0x000000008d300000, 0x000000008d300000| Complete 
| 212|0x000000008d400000, 0x000000008d500000, 0x000000008d500000|100%| S|CS|TAMS 0x000000008d400000, 0x000000008d400000| Complete 
| 213|0x000000008d500000, 0x000000008d600000, 0x000000008d600000|100%| S|CS|TAMS 0x000000008d500000, 0x000000008d500000| Complete 
| 214|0x000000008d600000, 0x000000008d600000, 0x000000008d700000|  0%| F|  |TAMS 0x000000008d600000, 0x000000008d600000| Untracked 
| 215|0x000000008d700000, 0x000000008d700000, 0x000000008d800000|  0%| F|  |TAMS 0x000000008d700000, 0x000000008d700000| Untracked 
| 216|0x000000008d800000, 0x000000008d800000, 0x000000008d900000|  0%| F|  |TAMS 0x000000008d800000, 0x000000008d800000| Untracked 
| 217|0x000000008d900000, 0x000000008d900000, 0x000000008da00000|  0%| F|  |TAMS 0x000000008d900000, 0x000000008d900000| Untracked 
| 218|0x000000008da00000, 0x000000008da00000, 0x000000008db00000|  0%| F|  |TAMS 0x000000008da00000, 0x000000008da00000| Untracked 
| 219|0x000000008db00000, 0x000000008db00000, 0x000000008dc00000|  0%| F|  |TAMS 0x000000008db00000, 0x000000008db00000| Untracked 
| 220|0x000000008dc00000, 0x000000008dc00000, 0x000000008dd00000|  0%| F|  |TAMS 0x000000008dc00000, 0x000000008dc00000| Untracked 
| 221|0x000000008dd00000, 0x000000008dd00000, 0x000000008de00000|  0%| F|  |TAMS 0x000000008dd00000, 0x000000008dd00000| Untracked 
| 222|0x000000008de00000, 0x000000008de00000, 0x000000008df00000|  0%| F|  |TAMS 0x000000008de00000, 0x000000008de00000| Untracked 
| 223|0x000000008df00000, 0x000000008df00000, 0x000000008e000000|  0%| F|  |TAMS 0x000000008df00000, 0x000000008df00000| Untracked 
| 224|0x000000008e000000, 0x000000008e000000, 0x000000008e100000|  0%| F|  |TAMS 0x000000008e000000, 0x000000008e000000| Untracked 
| 225|0x000000008e100000, 0x000000008e100000, 0x000000008e200000|  0%| F|  |TAMS 0x000000008e100000, 0x000000008e100000| Untracked 
| 226|0x000000008e200000, 0x000000008e200000, 0x000000008e300000|  0%| F|  |TAMS 0x000000008e200000, 0x000000008e200000| Untracked 
| 227|0x000000008e300000, 0x000000008e300000, 0x000000008e400000|  0%| F|  |TAMS 0x000000008e300000, 0x000000008e300000| Untracked 
| 228|0x000000008e400000, 0x000000008e400000, 0x000000008e500000|  0%| F|  |TAMS 0x000000008e400000, 0x000000008e400000| Untracked 
| 229|0x000000008e500000, 0x000000008e500000, 0x000000008e600000|  0%| F|  |TAMS 0x000000008e500000, 0x000000008e500000| Untracked 
| 230|0x000000008e600000, 0x000000008e600000, 0x000000008e700000|  0%| F|  |TAMS 0x000000008e600000, 0x000000008e600000| Untracked 
| 231|0x000000008e700000, 0x000000008e700000, 0x000000008e800000|  0%| F|  |TAMS 0x000000008e700000, 0x000000008e700000| Untracked 
| 232|0x000000008e800000, 0x000000008e800000, 0x000000008e900000|  0%| F|  |TAMS 0x000000008e800000, 0x000000008e800000| Untracked 
| 233|0x000000008e900000, 0x000000008e900000, 0x000000008ea00000|  0%| F|  |TAMS 0x000000008e900000, 0x000000008e900000| Untracked 
| 234|0x000000008ea00000, 0x000000008ea00000, 0x000000008eb00000|  0%| F|  |TAMS 0x000000008ea00000, 0x000000008ea00000| Untracked 
| 235|0x000000008eb00000, 0x000000008eb00000, 0x000000008ec00000|  0%| F|  |TAMS 0x000000008eb00000, 0x000000008eb00000| Untracked 
| 236|0x000000008ec00000, 0x000000008ec00000, 0x000000008ed00000|  0%| F|  |TAMS 0x000000008ec00000, 0x000000008ec00000| Untracked 
| 237|0x000000008ed00000, 0x000000008ed00000, 0x000000008ee00000|  0%| F|  |TAMS 0x000000008ed00000, 0x000000008ed00000| Untracked 
| 238|0x000000008ee00000, 0x000000008ee00000, 0x000000008ef00000|  0%| F|  |TAMS 0x000000008ee00000, 0x000000008ee00000| Untracked 
| 239|0x000000008ef00000, 0x000000008ef00000, 0x000000008f000000|  0%| F|  |TAMS 0x000000008ef00000, 0x000000008ef00000| Untracked 
| 240|0x000000008f000000, 0x000000008f000000, 0x000000008f100000|  0%| F|  |TAMS 0x000000008f000000, 0x000000008f000000| Untracked 
| 241|0x000000008f100000, 0x000000008f100000, 0x000000008f200000|  0%| F|  |TAMS 0x000000008f100000, 0x000000008f100000| Untracked 
| 242|0x000000008f200000, 0x000000008f200000, 0x000000008f300000|  0%| F|  |TAMS 0x000000008f200000, 0x000000008f200000| Untracked 
| 243|0x000000008f300000, 0x000000008f300000, 0x000000008f400000|  0%| F|  |TAMS 0x000000008f300000, 0x000000008f300000| Untracked 
| 244|0x000000008f400000, 0x000000008f400000, 0x000000008f500000|  0%| F|  |TAMS 0x000000008f400000, 0x000000008f400000| Untracked 
| 245|0x000000008f500000, 0x000000008f500000, 0x000000008f600000|  0%| F|  |TAMS 0x000000008f500000, 0x000000008f500000| Untracked 
| 246|0x000000008f600000, 0x000000008f600000, 0x000000008f700000|  0%| F|  |TAMS 0x000000008f600000, 0x000000008f600000| Untracked 
| 247|0x000000008f700000, 0x000000008f700000, 0x000000008f800000|  0%| F|  |TAMS 0x000000008f700000, 0x000000008f700000| Untracked 
| 248|0x000000008f800000, 0x000000008f800000, 0x000000008f900000|  0%| F|  |TAMS 0x000000008f800000, 0x000000008f800000| Untracked 
| 249|0x000000008f900000, 0x000000008f900000, 0x000000008fa00000|  0%| F|  |TAMS 0x000000008f900000, 0x000000008f900000| Untracked 
| 250|0x000000008fa00000, 0x000000008fa00000, 0x000000008fb00000|  0%| F|  |TAMS 0x000000008fa00000, 0x000000008fa00000| Untracked 
| 251|0x000000008fb00000, 0x000000008fb00000, 0x000000008fc00000|  0%| F|  |TAMS 0x000000008fb00000, 0x000000008fb00000| Untracked 
| 252|0x000000008fc00000, 0x000000008fc00000, 0x000000008fd00000|  0%| F|  |TAMS 0x000000008fc00000, 0x000000008fc00000| Untracked 
| 253|0x000000008fd00000, 0x000000008fd00000, 0x000000008fe00000|  0%| F|  |TAMS 0x000000008fd00000, 0x000000008fd00000| Untracked 
| 254|0x000000008fe00000, 0x000000008fe00000, 0x000000008ff00000|  0%| F|  |TAMS 0x000000008fe00000, 0x000000008fe00000| Untracked 
| 255|0x000000008ff00000, 0x000000008ff00000, 0x0000000090000000|  0%| F|  |TAMS 0x000000008ff00000, 0x000000008ff00000| Untracked 
| 256|0x0000000090000000, 0x0000000090000000, 0x0000000090100000|  0%| F|  |TAMS 0x0000000090000000, 0x0000000090000000| Untracked 
| 257|0x0000000090100000, 0x0000000090100000, 0x0000000090200000|  0%| F|  |TAMS 0x0000000090100000, 0x0000000090100000| Untracked 
| 258|0x0000000090200000, 0x0000000090200000, 0x0000000090300000|  0%| F|  |TAMS 0x0000000090200000, 0x0000000090200000| Untracked 
| 259|0x0000000090300000, 0x0000000090300000, 0x0000000090400000|  0%| F|  |TAMS 0x0000000090300000, 0x0000000090300000| Untracked 
| 260|0x0000000090400000, 0x0000000090400000, 0x0000000090500000|  0%| F|  |TAMS 0x0000000090400000, 0x0000000090400000| Untracked 
| 261|0x0000000090500000, 0x0000000090500000, 0x0000000090600000|  0%| F|  |TAMS 0x0000000090500000, 0x0000000090500000| Untracked 
| 262|0x0000000090600000, 0x0000000090600000, 0x0000000090700000|  0%| F|  |TAMS 0x0000000090600000, 0x0000000090600000| Untracked 
| 263|0x0000000090700000, 0x0000000090700000, 0x0000000090800000|  0%| F|  |TAMS 0x0000000090700000, 0x0000000090700000| Untracked 
| 264|0x0000000090800000, 0x0000000090800000, 0x0000000090900000|  0%| F|  |TAMS 0x0000000090800000, 0x0000000090800000| Untracked 
| 265|0x0000000090900000, 0x0000000090900000, 0x0000000090a00000|  0%| F|  |TAMS 0x0000000090900000, 0x0000000090900000| Untracked 
| 266|0x0000000090a00000, 0x0000000090a00000, 0x0000000090b00000|  0%| F|  |TAMS 0x0000000090a00000, 0x0000000090a00000| Untracked 
| 267|0x0000000090b00000, 0x0000000090b00000, 0x0000000090c00000|  0%| F|  |TAMS 0x0000000090b00000, 0x0000000090b00000| Untracked 
| 268|0x0000000090c00000, 0x0000000090c00000, 0x0000000090d00000|  0%| F|  |TAMS 0x0000000090c00000, 0x0000000090c00000| Untracked 
| 269|0x0000000090d00000, 0x0000000090d00000, 0x0000000090e00000|  0%| F|  |TAMS 0x0000000090d00000, 0x0000000090d00000| Untracked 
| 270|0x0000000090e00000, 0x0000000090e00000, 0x0000000090f00000|  0%| F|  |TAMS 0x0000000090e00000, 0x0000000090e00000| Untracked 
| 271|0x0000000090f00000, 0x0000000090f00000, 0x0000000091000000|  0%| F|  |TAMS 0x0000000090f00000, 0x0000000090f00000| Untracked 
| 272|0x0000000091000000, 0x0000000091000000, 0x0000000091100000|  0%| F|  |TAMS 0x0000000091000000, 0x0000000091000000| Untracked 
| 273|0x0000000091100000, 0x0000000091100000, 0x0000000091200000|  0%| F|  |TAMS 0x0000000091100000, 0x0000000091100000| Untracked 
| 274|0x0000000091200000, 0x0000000091200000, 0x0000000091300000|  0%| F|  |TAMS 0x0000000091200000, 0x0000000091200000| Untracked 
| 275|0x0000000091300000, 0x0000000091300000, 0x0000000091400000|  0%| F|  |TAMS 0x0000000091300000, 0x0000000091300000| Untracked 
| 276|0x0000000091400000, 0x0000000091400000, 0x0000000091500000|  0%| F|  |TAMS 0x0000000091400000, 0x0000000091400000| Untracked 
| 277|0x0000000091500000, 0x0000000091500000, 0x0000000091600000|  0%| F|  |TAMS 0x0000000091500000, 0x0000000091500000| Untracked 
| 278|0x0000000091600000, 0x0000000091600000, 0x0000000091700000|  0%| F|  |TAMS 0x0000000091600000, 0x0000000091600000| Untracked 
| 279|0x0000000091700000, 0x0000000091700000, 0x0000000091800000|  0%| F|  |TAMS 0x0000000091700000, 0x0000000091700000| Untracked 
| 280|0x0000000091800000, 0x0000000091800000, 0x0000000091900000|  0%| F|  |TAMS 0x0000000091800000, 0x0000000091800000| Untracked 
| 281|0x0000000091900000, 0x0000000091900000, 0x0000000091a00000|  0%| F|  |TAMS 0x0000000091900000, 0x0000000091900000| Untracked 
| 282|0x0000000091a00000, 0x0000000091a00000, 0x0000000091b00000|  0%| F|  |TAMS 0x0000000091a00000, 0x0000000091a00000| Untracked 
| 283|0x0000000091b00000, 0x0000000091b00000, 0x0000000091c00000|  0%| F|  |TAMS 0x0000000091b00000, 0x0000000091b00000| Untracked 
| 284|0x0000000091c00000, 0x0000000091c00000, 0x0000000091d00000|  0%| F|  |TAMS 0x0000000091c00000, 0x0000000091c00000| Untracked 
| 285|0x0000000091d00000, 0x0000000091d00000, 0x0000000091e00000|  0%| F|  |TAMS 0x0000000091d00000, 0x0000000091d00000| Untracked 
| 286|0x0000000091e00000, 0x0000000091e00000, 0x0000000091f00000|  0%| F|  |TAMS 0x0000000091e00000, 0x0000000091e00000| Untracked 
| 287|0x0000000091f00000, 0x0000000091f00000, 0x0000000092000000|  0%| F|  |TAMS 0x0000000091f00000, 0x0000000091f00000| Untracked 
| 288|0x0000000092000000, 0x0000000092000000, 0x0000000092100000|  0%| F|  |TAMS 0x0000000092000000, 0x0000000092000000| Untracked 
| 289|0x0000000092100000, 0x0000000092100000, 0x0000000092200000|  0%| F|  |TAMS 0x0000000092100000, 0x0000000092100000| Untracked 
| 290|0x0000000092200000, 0x0000000092200000, 0x0000000092300000|  0%| F|  |TAMS 0x0000000092200000, 0x0000000092200000| Untracked 
| 291|0x0000000092300000, 0x0000000092300000, 0x0000000092400000|  0%| F|  |TAMS 0x0000000092300000, 0x0000000092300000| Untracked 
| 292|0x0000000092400000, 0x0000000092400000, 0x0000000092500000|  0%| F|  |TAMS 0x0000000092400000, 0x0000000092400000| Untracked 
| 293|0x0000000092500000, 0x0000000092500000, 0x0000000092600000|  0%| F|  |TAMS 0x0000000092500000, 0x0000000092500000| Untracked 
| 294|0x0000000092600000, 0x0000000092600000, 0x0000000092700000|  0%| F|  |TAMS 0x0000000092600000, 0x0000000092600000| Untracked 
| 295|0x0000000092700000, 0x0000000092700000, 0x0000000092800000|  0%| F|  |TAMS 0x0000000092700000, 0x0000000092700000| Untracked 
| 296|0x0000000092800000, 0x0000000092800000, 0x0000000092900000|  0%| F|  |TAMS 0x0000000092800000, 0x0000000092800000| Untracked 
| 297|0x0000000092900000, 0x0000000092900000, 0x0000000092a00000|  0%| F|  |TAMS 0x0000000092900000, 0x0000000092900000| Untracked 
| 298|0x0000000092a00000, 0x0000000092a00000, 0x0000000092b00000|  0%| F|  |TAMS 0x0000000092a00000, 0x0000000092a00000| Untracked 
| 299|0x0000000092b00000, 0x0000000092b00000, 0x0000000092c00000|  0%| F|  |TAMS 0x0000000092b00000, 0x0000000092b00000| Untracked 
| 300|0x0000000092c00000, 0x0000000092c00000, 0x0000000092d00000|  0%| F|  |TAMS 0x0000000092c00000, 0x0000000092c00000| Untracked 
| 301|0x0000000092d00000, 0x0000000092d00000, 0x0000000092e00000|  0%| F|  |TAMS 0x0000000092d00000, 0x0000000092d00000| Untracked 
| 302|0x0000000092e00000, 0x0000000092e00000, 0x0000000092f00000|  0%| F|  |TAMS 0x0000000092e00000, 0x0000000092e00000| Untracked 
| 303|0x0000000092f00000, 0x0000000092f00000, 0x0000000093000000|  0%| F|  |TAMS 0x0000000092f00000, 0x0000000092f00000| Untracked 
| 304|0x0000000093000000, 0x0000000093000000, 0x0000000093100000|  0%| F|  |TAMS 0x0000000093000000, 0x0000000093000000| Untracked 
| 305|0x0000000093100000, 0x0000000093100000, 0x0000000093200000|  0%| F|  |TAMS 0x0000000093100000, 0x0000000093100000| Untracked 
| 306|0x0000000093200000, 0x0000000093200000, 0x0000000093300000|  0%| F|  |TAMS 0x0000000093200000, 0x0000000093200000| Untracked 
| 307|0x0000000093300000, 0x0000000093300000, 0x0000000093400000|  0%| F|  |TAMS 0x0000000093300000, 0x0000000093300000| Untracked 
| 308|0x0000000093400000, 0x0000000093400000, 0x0000000093500000|  0%| F|  |TAMS 0x0000000093400000, 0x0000000093400000| Untracked 
| 309|0x0000000093500000, 0x0000000093500000, 0x0000000093600000|  0%| F|  |TAMS 0x0000000093500000, 0x0000000093500000| Untracked 
| 310|0x0000000093600000, 0x0000000093600000, 0x0000000093700000|  0%| F|  |TAMS 0x0000000093600000, 0x0000000093600000| Untracked 
| 311|0x0000000093700000, 0x0000000093700000, 0x0000000093800000|  0%| F|  |TAMS 0x0000000093700000, 0x0000000093700000| Untracked 
| 312|0x0000000093800000, 0x0000000093800000, 0x0000000093900000|  0%| F|  |TAMS 0x0000000093800000, 0x0000000093800000| Untracked 
| 313|0x0000000093900000, 0x0000000093900000, 0x0000000093a00000|  0%| F|  |TAMS 0x0000000093900000, 0x0000000093900000| Untracked 
| 314|0x0000000093a00000, 0x0000000093a00000, 0x0000000093b00000|  0%| F|  |TAMS 0x0000000093a00000, 0x0000000093a00000| Untracked 
| 315|0x0000000093b00000, 0x0000000093b00000, 0x0000000093c00000|  0%| F|  |TAMS 0x0000000093b00000, 0x0000000093b00000| Untracked 
| 316|0x0000000093c00000, 0x0000000093c00000, 0x0000000093d00000|  0%| F|  |TAMS 0x0000000093c00000, 0x0000000093c00000| Untracked 
| 317|0x0000000093d00000, 0x0000000093d00000, 0x0000000093e00000|  0%| F|  |TAMS 0x0000000093d00000, 0x0000000093d00000| Untracked 
| 318|0x0000000093e00000, 0x0000000093e00000, 0x0000000093f00000|  0%| F|  |TAMS 0x0000000093e00000, 0x0000000093e00000| Untracked 
| 319|0x0000000093f00000, 0x0000000093f00000, 0x0000000094000000|  0%| F|  |TAMS 0x0000000093f00000, 0x0000000093f00000| Untracked 
| 320|0x0000000094000000, 0x0000000094000000, 0x0000000094100000|  0%| F|  |TAMS 0x0000000094000000, 0x0000000094000000| Untracked 
| 321|0x0000000094100000, 0x0000000094100000, 0x0000000094200000|  0%| F|  |TAMS 0x0000000094100000, 0x0000000094100000| Untracked 
| 322|0x0000000094200000, 0x0000000094200000, 0x0000000094300000|  0%| F|  |TAMS 0x0000000094200000, 0x0000000094200000| Untracked 
| 323|0x0000000094300000, 0x0000000094300000, 0x0000000094400000|  0%| F|  |TAMS 0x0000000094300000, 0x0000000094300000| Untracked 
| 324|0x0000000094400000, 0x0000000094400000, 0x0000000094500000|  0%| F|  |TAMS 0x0000000094400000, 0x0000000094400000| Untracked 
| 325|0x0000000094500000, 0x0000000094500000, 0x0000000094600000|  0%| F|  |TAMS 0x0000000094500000, 0x0000000094500000| Untracked 
| 326|0x0000000094600000, 0x0000000094600000, 0x0000000094700000|  0%| F|  |TAMS 0x0000000094600000, 0x0000000094600000| Untracked 
| 327|0x0000000094700000, 0x0000000094700000, 0x0000000094800000|  0%| F|  |TAMS 0x0000000094700000, 0x0000000094700000| Untracked 
| 328|0x0000000094800000, 0x0000000094800000, 0x0000000094900000|  0%| F|  |TAMS 0x0000000094800000, 0x0000000094800000| Untracked 
| 329|0x0000000094900000, 0x0000000094900000, 0x0000000094a00000|  0%| F|  |TAMS 0x0000000094900000, 0x0000000094900000| Untracked 
| 330|0x0000000094a00000, 0x0000000094a00000, 0x0000000094b00000|  0%| F|  |TAMS 0x0000000094a00000, 0x0000000094a00000| Untracked 
| 331|0x0000000094b00000, 0x0000000094b00000, 0x0000000094c00000|  0%| F|  |TAMS 0x0000000094b00000, 0x0000000094b00000| Untracked 
| 332|0x0000000094c00000, 0x0000000094c00000, 0x0000000094d00000|  0%| F|  |TAMS 0x0000000094c00000, 0x0000000094c00000| Untracked 
| 333|0x0000000094d00000, 0x0000000094d00000, 0x0000000094e00000|  0%| F|  |TAMS 0x0000000094d00000, 0x0000000094d00000| Untracked 
| 334|0x0000000094e00000, 0x0000000094e00000, 0x0000000094f00000|  0%| F|  |TAMS 0x0000000094e00000, 0x0000000094e00000| Untracked 
| 335|0x0000000094f00000, 0x0000000094f00000, 0x0000000095000000|  0%| F|  |TAMS 0x0000000094f00000, 0x0000000094f00000| Untracked 
| 336|0x0000000095000000, 0x0000000095000000, 0x0000000095100000|  0%| F|  |TAMS 0x0000000095000000, 0x0000000095000000| Untracked 
| 337|0x0000000095100000, 0x0000000095100000, 0x0000000095200000|  0%| F|  |TAMS 0x0000000095100000, 0x0000000095100000| Untracked 
| 338|0x0000000095200000, 0x0000000095200000, 0x0000000095300000|  0%| F|  |TAMS 0x0000000095200000, 0x0000000095200000| Untracked 
| 339|0x0000000095300000, 0x0000000095300000, 0x0000000095400000|  0%| F|  |TAMS 0x0000000095300000, 0x0000000095300000| Untracked 
| 340|0x0000000095400000, 0x0000000095400000, 0x0000000095500000|  0%| F|  |TAMS 0x0000000095400000, 0x0000000095400000| Untracked 
| 341|0x0000000095500000, 0x0000000095500000, 0x0000000095600000|  0%| F|  |TAMS 0x0000000095500000, 0x0000000095500000| Untracked 
| 342|0x0000000095600000, 0x0000000095600000, 0x0000000095700000|  0%| F|  |TAMS 0x0000000095600000, 0x0000000095600000| Untracked 
| 343|0x0000000095700000, 0x0000000095700000, 0x0000000095800000|  0%| F|  |TAMS 0x0000000095700000, 0x0000000095700000| Untracked 
| 344|0x0000000095800000, 0x0000000095800000, 0x0000000095900000|  0%| F|  |TAMS 0x0000000095800000, 0x0000000095800000| Untracked 
| 345|0x0000000095900000, 0x0000000095900000, 0x0000000095a00000|  0%| F|  |TAMS 0x0000000095900000, 0x0000000095900000| Untracked 
| 346|0x0000000095a00000, 0x0000000095a00000, 0x0000000095b00000|  0%| F|  |TAMS 0x0000000095a00000, 0x0000000095a00000| Untracked 
| 347|0x0000000095b00000, 0x0000000095b00000, 0x0000000095c00000|  0%| F|  |TAMS 0x0000000095b00000, 0x0000000095b00000| Untracked 
| 348|0x0000000095c00000, 0x0000000095c00000, 0x0000000095d00000|  0%| F|  |TAMS 0x0000000095c00000, 0x0000000095c00000| Untracked 
| 349|0x0000000095d00000, 0x0000000095d00000, 0x0000000095e00000|  0%| F|  |TAMS 0x0000000095d00000, 0x0000000095d00000| Untracked 
| 350|0x0000000095e00000, 0x0000000095e00000, 0x0000000095f00000|  0%| F|  |TAMS 0x0000000095e00000, 0x0000000095e00000| Untracked 
| 351|0x0000000095f00000, 0x0000000095f00000, 0x0000000096000000|  0%| F|  |TAMS 0x0000000095f00000, 0x0000000095f00000| Untracked 
| 352|0x0000000096000000, 0x0000000096000000, 0x0000000096100000|  0%| F|  |TAMS 0x0000000096000000, 0x0000000096000000| Untracked 
| 353|0x0000000096100000, 0x0000000096100000, 0x0000000096200000|  0%| F|  |TAMS 0x0000000096100000, 0x0000000096100000| Untracked 
| 354|0x0000000096200000, 0x0000000096200000, 0x0000000096300000|  0%| F|  |TAMS 0x0000000096200000, 0x0000000096200000| Untracked 
| 355|0x0000000096300000, 0x0000000096300000, 0x0000000096400000|  0%| F|  |TAMS 0x0000000096300000, 0x0000000096300000| Untracked 
| 356|0x0000000096400000, 0x0000000096400000, 0x0000000096500000|  0%| F|  |TAMS 0x0000000096400000, 0x0000000096400000| Untracked 
| 357|0x0000000096500000, 0x0000000096500000, 0x0000000096600000|  0%| F|  |TAMS 0x0000000096500000, 0x0000000096500000| Untracked 
| 358|0x0000000096600000, 0x0000000096600000, 0x0000000096700000|  0%| F|  |TAMS 0x0000000096600000, 0x0000000096600000| Untracked 
| 359|0x0000000096700000, 0x0000000096700000, 0x0000000096800000|  0%| F|  |TAMS 0x0000000096700000, 0x0000000096700000| Untracked 
| 360|0x0000000096800000, 0x0000000096800000, 0x0000000096900000|  0%| F|  |TAMS 0x0000000096800000, 0x0000000096800000| Untracked 
| 361|0x0000000096900000, 0x0000000096900000, 0x0000000096a00000|  0%| F|  |TAMS 0x0000000096900000, 0x0000000096900000| Untracked 
| 362|0x0000000096a00000, 0x0000000096a00000, 0x0000000096b00000|  0%| F|  |TAMS 0x0000000096a00000, 0x0000000096a00000| Untracked 
| 363|0x0000000096b00000, 0x0000000096b00000, 0x0000000096c00000|  0%| F|  |TAMS 0x0000000096b00000, 0x0000000096b00000| Untracked 
| 364|0x0000000096c00000, 0x0000000096c00000, 0x0000000096d00000|  0%| F|  |TAMS 0x0000000096c00000, 0x0000000096c00000| Untracked 
| 365|0x0000000096d00000, 0x0000000096d00000, 0x0000000096e00000|  0%| F|  |TAMS 0x0000000096d00000, 0x0000000096d00000| Untracked 
| 366|0x0000000096e00000, 0x0000000096e00000, 0x0000000096f00000|  0%| F|  |TAMS 0x0000000096e00000, 0x0000000096e00000| Untracked 
| 367|0x0000000096f00000, 0x0000000096f00000, 0x0000000097000000|  0%| F|  |TAMS 0x0000000096f00000, 0x0000000096f00000| Untracked 
| 368|0x0000000097000000, 0x0000000097000000, 0x0000000097100000|  0%| F|  |TAMS 0x0000000097000000, 0x0000000097000000| Untracked 
| 369|0x0000000097100000, 0x0000000097100000, 0x0000000097200000|  0%| F|  |TAMS 0x0000000097100000, 0x0000000097100000| Untracked 
| 370|0x0000000097200000, 0x0000000097200000, 0x0000000097300000|  0%| F|  |TAMS 0x0000000097200000, 0x0000000097200000| Untracked 
| 371|0x0000000097300000, 0x0000000097300000, 0x0000000097400000|  0%| F|  |TAMS 0x0000000097300000, 0x0000000097300000| Untracked 
| 372|0x0000000097400000, 0x0000000097400000, 0x0000000097500000|  0%| F|  |TAMS 0x0000000097400000, 0x0000000097400000| Untracked 
| 373|0x0000000097500000, 0x0000000097500000, 0x0000000097600000|  0%| F|  |TAMS 0x0000000097500000, 0x0000000097500000| Untracked 
| 374|0x0000000097600000, 0x0000000097600000, 0x0000000097700000|  0%| F|  |TAMS 0x0000000097600000, 0x0000000097600000| Untracked 
| 375|0x0000000097700000, 0x0000000097700000, 0x0000000097800000|  0%| F|  |TAMS 0x0000000097700000, 0x0000000097700000| Untracked 

Card table byte_map: [0x0000024b7be10000,0x0000024b7c210000] _byte_map_base: 0x0000024b7ba10000

Marking Bits (Prev, Next): (CMBitMap*) 0x0000024b774fdce0, (CMBitMap*) 0x0000024b774fdca8
 Prev Bits: [0x0000024b0f000000, 0x0000024b11000000)
 Next Bits: [0x0000024b7c610000, 0x0000024b7e610000)

Polling page: 0x0000024b75bc0000

Metaspace:

Usage:
  Non-class:     86.89 MB capacity,    85.30 MB ( 98%) used,     1.29 MB (  1%) free+waste,   306.00 KB ( <1%) overhead. 
      Class:     13.74 MB capacity,    12.76 MB ( 93%) used,   860.48 KB (  6%) free+waste,   139.38 KB ( <1%) overhead. 
       Both:    100.63 MB capacity,    98.06 MB ( 97%) used,     2.13 MB (  2%) free+waste,   445.38 KB ( <1%) overhead. 

Virtual space:
  Non-class space:       88.00 MB reserved,      87.50 MB (>99%) committed 
      Class space:        1.00 GB reserved,      14.07 MB (  1%) committed 
             Both:        1.09 GB reserved,     101.57 MB (  9%) committed 

Chunk freelists:
   Non-Class:  559.00 KB
       Class:  332.00 KB
        Both:  891.00 KB

MaxMetaspaceSize: 17179869184.00 GB
CompressedClassSpaceSize: 1.00 GB

CodeHeap 'non-profiled nmethods': size=120000Kb used=7858Kb max_used=7858Kb free=112141Kb
 bounds [0x0000024b07ad0000, 0x0000024b08280000, 0x0000024b0f000000]
CodeHeap 'profiled nmethods': size=120000Kb used=33238Kb max_used=33238Kb free=86761Kb
 bounds [0x0000024b005a0000, 0x0000024b02620000, 0x0000024b07ad0000]
CodeHeap 'non-nmethods': size=5760Kb used=2303Kb max_used=2373Kb free=3456Kb
 bounds [0x0000024b00000000, 0x0000024b00270000, 0x0000024b005a0000]
 total_blobs=14407 nmethods=13498 adapters=818
 compilation: enabled
              stopped_count=0, restarted_count=0
 full_count=0

Compilation events (20 events):
Event: 12.823 Thread 0x0000024b7f11c800 nmethod 13475 0x0000024b0826ca10 code [0x0000024b0826d4a0, 0x0000024b08275f50]
Event: 12.824 Thread 0x0000024b7f11c800 13936       4       java.util.ArrayDeque::removeFirst (19 bytes)
Event: 12.825 Thread 0x0000024b7f11f000 nmethod 13982 0x0000024b025fce10 code [0x0000024b025fd760, 0x0000024b02603608]
Event: 12.826 Thread 0x0000024b7f11f000 13981 %     3       com.android.tools.r8.internal.a5::<init> @ 48 (144 bytes)
Event: 12.826 Thread 0x0000024b7f11c800 nmethod 13936 0x0000024b0827b710 code [0x0000024b0827b8a0, 0x0000024b0827b9b8]
Event: 12.826 Thread 0x0000024b7f11c800 13316       4       java.util.IdentityHashMap::resize (153 bytes)
Event: 12.826 Thread 0x0000024b7f11f000 nmethod 13981% 0x0000024b02605210 code [0x0000024b02605460, 0x0000024b02605f78]
Event: 12.827 Thread 0x0000024b7f11f000 13977 %     3       com.android.tools.r8.internal.E7::o @ 478 (704 bytes)
Event: 12.836 Thread 0x0000024b7f11f000 nmethod 13977% 0x0000024b02606390 code [0x0000024b02606ca0, 0x0000024b0260d868]
Event: 12.836 Thread 0x0000024b7f11f000 13987 %     3       com.android.tools.r8.internal.f9::c @ 20 (81 bytes)
Event: 12.837 Thread 0x0000024b7f11f000 nmethod 13987% 0x0000024b0260fc90 code [0x0000024b0260ff20, 0x0000024b02610d78]
Event: 12.837 Thread 0x0000024b7f11f000 13959       3       com.android.tools.r8.ir.regalloc.a::<init> (167 bytes)
Event: 12.839 Thread 0x0000024b7f11f000 nmethod 13959 0x0000024b02611210 code [0x0000024b02611660, 0x0000024b02613bd8]
Event: 12.840 Thread 0x0000024b7f11f000 13988 %     3       com.android.tools.r8.internal.ga::<init> @ 18 (46 bytes)
Event: 12.840 Thread 0x0000024b7f11f000 nmethod 13988% 0x0000024b02614990 code [0x0000024b02614b80, 0x0000024b02614f78]
Event: 12.840 Thread 0x0000024b7f11f000 13986 %     3       com.android.tools.r8.internal.ga::a @ 16 (56 bytes)
Event: 12.841 Thread 0x0000024b7f11f000 nmethod 13986% 0x0000024b02615190 code [0x0000024b02615380, 0x0000024b02615938]
Event: 12.841 Thread 0x0000024b7f11f000 13978       3       com.android.tools.r8.internal.E7::a (679 bytes)
Event: 12.846 Thread 0x0000024b7f11c800 nmethod 13316 0x0000024b0827bb10 code [0x0000024b0827bcc0, 0x0000024b0827c768]
Event: 12.846 Thread 0x0000024b7f11c800 13346       4       com.android.tools.r8.internal.f9::b (108 bytes)

GC Heap History (20 events):
Event: 9.289 GC heap after
{Heap after GC invocations=24 (full 0):
 garbage-first heap   total 270336K, used 112209K [0x0000000080000000, 0x0000000100000000)
  region size 1024K, 12 young (12288K), 12 survivors (12288K)
 Metaspace       used 90386K, capacity 92747K, committed 93004K, reserved 1130496K
  class space    used 11711K, capacity 12592K, committed 12620K, reserved 1048576K
}
Event: 9.657 GC heap before
{Heap before GC invocations=24 (full 0):
 garbage-first heap   total 270336K, used 207441K [0x0000000080000000, 0x0000000100000000)
  region size 1024K, 106 young (108544K), 12 survivors (12288K)
 Metaspace       used 93542K, capacity 96088K, committed 96332K, reserved 1132544K
  class space    used 12180K, capacity 13125K, committed 13132K, reserved 1048576K
}
Event: 9.676 GC heap after
{Heap after GC invocations=25 (full 0):
 garbage-first heap   total 270336K, used 123904K [0x0000000080000000, 0x0000000100000000)
  region size 1024K, 14 young (14336K), 14 survivors (14336K)
 Metaspace       used 93542K, capacity 96088K, committed 96332K, reserved 1132544K
  class space    used 12180K, capacity 13125K, committed 13132K, reserved 1048576K
}
Event: 9.887 GC heap before
{Heap before GC invocations=25 (full 0):
 garbage-first heap   total 270336K, used 206848K [0x0000000080000000, 0x0000000100000000)
  region size 1024K, 95 young (97280K), 14 survivors (14336K)
 Metaspace       used 94422K, capacity 97001K, committed 97356K, reserved 1132544K
  class space    used 12302K, capacity 13278K, committed 13388K, reserved 1048576K
}
Event: 9.915 GC heap after
{Heap after GC invocations=26 (full 0):
 garbage-first heap   total 270336K, used 137448K [0x0000000080000000, 0x0000000100000000)
  region size 1024K, 12 young (12288K), 12 survivors (12288K)
 Metaspace       used 94422K, capacity 97001K, committed 97356K, reserved 1132544K
  class space    used 12302K, capacity 13278K, committed 13388K, reserved 1048576K
}
Event: 10.072 GC heap before
{Heap before GC invocations=26 (full 0):
 garbage-first heap   total 270336K, used 209128K [0x0000000080000000, 0x0000000100000000)
  region size 1024K, 82 young (83968K), 12 survivors (12288K)
 Metaspace       used 96076K, capacity 98806K, committed 98892K, reserved 1134592K
  class space    used 12579K, capacity 13638K, committed 13644K, reserved 1048576K
}
Event: 10.108 GC heap after
{Heap after GC invocations=27 (full 0):
 garbage-first heap   total 270336K, used 151521K [0x0000000080000000, 0x0000000100000000)
  region size 1024K, 11 young (11264K), 11 survivors (11264K)
 Metaspace       used 96076K, capacity 98806K, committed 98892K, reserved 1134592K
  class space    used 12579K, capacity 13638K, committed 13644K, reserved 1048576K
}
Event: 10.615 GC heap before
{Heap before GC invocations=28 (full 0):
 garbage-first heap   total 270336K, used 213985K [0x0000000080000000, 0x0000000100000000)
  region size 1024K, 72 young (73728K), 11 survivors (11264K)
 Metaspace       used 98834K, capacity 101346K, committed 102476K, reserved 1136640K
  class space    used 12946K, capacity 13941K, committed 14412K, reserved 1048576K
}
Event: 10.639 GC heap after
{Heap after GC invocations=29 (full 0):
 garbage-first heap   total 385024K, used 157625K [0x0000000080000000, 0x0000000100000000)
  region size 1024K, 6 young (6144K), 6 survivors (6144K)
 Metaspace       used 98834K, capacity 101346K, committed 102476K, reserved 1136640K
  class space    used 12946K, capacity 13941K, committed 14412K, reserved 1048576K
}
Event: 11.034 GC heap before
{Heap before GC invocations=29 (full 0):
 garbage-first heap   total 385024K, used 259001K [0x0000000080000000, 0x0000000100000000)
  region size 1024K, 105 young (107520K), 6 survivors (6144K)
 Metaspace       used 99532K, capacity 102040K, committed 103244K, reserved 1138688K
  class space    used 13037K, capacity 14019K, committed 14412K, reserved 1048576K
}
Event: 11.044 GC heap after
{Heap after GC invocations=30 (full 0):
 garbage-first heap   total 385024K, used 158365K [0x0000000080000000, 0x0000000100000000)
  region size 1024K, 6 young (6144K), 6 survivors (6144K)
 Metaspace       used 99532K, capacity 102040K, committed 103244K, reserved 1138688K
  class space    used 13037K, capacity 14019K, committed 14412K, reserved 1048576K
}
Event: 11.415 GC heap before
{Heap before GC invocations=30 (full 0):
 garbage-first heap   total 385024K, used 285341K [0x0000000080000000, 0x0000000100000000)
  region size 1024K, 130 young (133120K), 6 survivors (6144K)
 Metaspace       used 99573K, capacity 102150K, committed 103244K, reserved 1138688K
  class space    used 13048K, capacity 14056K, committed 14412K, reserved 1048576K
}
Event: 11.425 GC heap after
{Heap after GC invocations=31 (full 0):
 garbage-first heap   total 385024K, used 159339K [0x0000000080000000, 0x0000000100000000)
  region size 1024K, 7 young (7168K), 7 survivors (7168K)
 Metaspace       used 99573K, capacity 102150K, committed 103244K, reserved 1138688K
  class space    used 13048K, capacity 14056K, committed 14412K, reserved 1048576K
}
Event: 11.803 GC heap before
{Heap before GC invocations=31 (full 0):
 garbage-first heap   total 385024K, used 290411K [0x0000000080000000, 0x0000000100000000)
  region size 1024K, 135 young (138240K), 7 survivors (7168K)
 Metaspace       used 99790K, capacity 102352K, committed 103500K, reserved 1138688K
  class space    used 13058K, capacity 14059K, committed 14412K, reserved 1048576K
}
Event: 11.814 GC heap after
{Heap after GC invocations=32 (full 0):
 garbage-first heap   total 385024K, used 160413K [0x0000000080000000, 0x0000000100000000)
  region size 1024K, 8 young (8192K), 8 survivors (8192K)
 Metaspace       used 99790K, capacity 102352K, committed 103500K, reserved 1138688K
  class space    used 13058K, capacity 14059K, committed 14412K, reserved 1048576K
}
Event: 12.172 GC heap before
{Heap before GC invocations=32 (full 0):
 garbage-first heap   total 385024K, used 296605K [0x0000000080000000, 0x0000000100000000)
  region size 1024K, 141 young (144384K), 8 survivors (8192K)
 Metaspace       used 99974K, capacity 102625K, committed 103756K, reserved 1138688K
  class space    used 13065K, capacity 14064K, committed 14412K, reserved 1048576K
}
Event: 12.187 GC heap after
{Heap after GC invocations=33 (full 0):
 garbage-first heap   total 385024K, used 162639K [0x0000000080000000, 0x0000000100000000)
  region size 1024K, 11 young (11264K), 11 survivors (11264K)
 Metaspace       used 99974K, capacity 102625K, committed 103756K, reserved 1138688K
  class space    used 13065K, capacity 14064K, committed 14412K, reserved 1048576K
}
Event: 12.532 GC heap before
{Heap before GC invocations=33 (full 0):
 garbage-first heap   total 385024K, used 301903K [0x0000000080000000, 0x0000000100000000)
  region size 1024K, 147 young (150528K), 11 survivors (11264K)
 Metaspace       used 100081K, capacity 102705K, committed 103756K, reserved 1138688K
  class space    used 13068K, capacity 14068K, committed 14412K, reserved 1048576K
}
Event: 12.547 GC heap after
{Heap after GC invocations=34 (full 0):
 garbage-first heap   total 385024K, used 163709K [0x0000000080000000, 0x0000000100000000)
  region size 1024K, 12 young (12288K), 12 survivors (12288K)
 Metaspace       used 100081K, capacity 102705K, committed 103756K, reserved 1138688K
  class space    used 13068K, capacity 14068K, committed 14412K, reserved 1048576K
}
Event: 12.848 GC heap before
{Heap before GC invocations=34 (full 0):
 garbage-first heap   total 385024K, used 317309K [0x0000000080000000, 0x0000000100000000)
  region size 1024K, 162 young (165888K), 12 survivors (12288K)
 Metaspace       used 100413K, capacity 103045K, committed 104012K, reserved 1138688K
  class space    used 13068K, capacity 14068K, committed 14412K, reserved 1048576K
}

Deoptimization events (20 events):
Event: 12.601 Thread 0x0000024b16a61000 DEOPT PACKING pc=0x0000024b022a8978 sp=0x00000064585f9bf0
Event: 12.601 Thread 0x0000024b16a61000 DEOPT UNPACKING pc=0x0000024b000276ce sp=0x00000064585f9268 mode 0
Event: 12.620 Thread 0x0000024b16a5e000 DEOPT PACKING pc=0x0000024b02137651 sp=0x00000064583f9d00
Event: 12.620 Thread 0x0000024b16a5e000 DEOPT UNPACKING pc=0x0000024b000276ce sp=0x00000064583f91a0 mode 0
Event: 12.713 Thread 0x0000024b16a5e800 DEOPT PACKING pc=0x0000024b02137651 sp=0x00000064581f99a0
Event: 12.713 Thread 0x0000024b16a5e800 DEOPT UNPACKING pc=0x0000024b000276ce sp=0x00000064581f8e40 mode 0
Event: 12.718 Thread 0x0000024b16466000 DEOPT PACKING pc=0x0000024b01cfee98 sp=0x0000006457ff8ba0
Event: 12.718 Thread 0x0000024b16466000 DEOPT UNPACKING pc=0x0000024b000276ce sp=0x0000006457ff80a0 mode 0
Event: 12.746 Thread 0x0000024b16a5f800 DEOPT PACKING pc=0x0000024b023a4908 sp=0x00000064586f95e0
Event: 12.746 Thread 0x0000024b16a5f800 DEOPT UNPACKING pc=0x0000024b000276ce sp=0x00000064586f8ba8 mode 0
Event: 12.750 Thread 0x0000024b16a5e800 DEOPT PACKING pc=0x0000024b023a2232 sp=0x00000064581f9920
Event: 12.750 Thread 0x0000024b16a5e800 DEOPT UNPACKING pc=0x0000024b000276ce sp=0x00000064581f8ed0 mode 0
Event: 12.752 Thread 0x0000024b16a5e800 DEOPT PACKING pc=0x0000024b02137651 sp=0x00000064581f97f0
Event: 12.752 Thread 0x0000024b16a5e800 DEOPT UNPACKING pc=0x0000024b000276ce sp=0x00000064581f8c90 mode 0
Event: 12.777 Thread 0x0000024b16466000 DEOPT PACKING pc=0x0000024b01d30c38 sp=0x0000006457ff95d0
Event: 12.777 Thread 0x0000024b16466000 DEOPT UNPACKING pc=0x0000024b000276ce sp=0x0000006457ff8a88 mode 0
Event: 12.798 Thread 0x0000024b16a5f800 DEOPT PACKING pc=0x0000024b02212b01 sp=0x00000064586f9130
Event: 12.798 Thread 0x0000024b16a5f800 DEOPT UNPACKING pc=0x0000024b000276ce sp=0x00000064586f8668 mode 0
Event: 12.800 Thread 0x0000024b16466000 DEOPT PACKING pc=0x0000024b01d30c38 sp=0x0000006457ff8f20
Event: 12.800 Thread 0x0000024b16466000 DEOPT UNPACKING pc=0x0000024b000276ce sp=0x0000006457ff83d8 mode 0

Classes redefined (0 events):
No events

Internal exceptions (20 events):
Event: 10.052 Thread 0x0000024b16a5e000 Exception <a 'java/lang/NoSuchMethodError'{0x000000008cd51950}: 'java.lang.Object java.lang.invoke.Invokers$Holder.linkToTargetMethod(java.lang.Object, java.lang.Object, java.lang.Object, java.lang.Object, java.lang.Object, java.lang.Object, java.lang.Object)'> (0x000000008cd51950) thrown at [./src/hotspot/share/interpreter/linkResolver.cpp, line 773]
Event: 10.059 Thread 0x0000024b16a64800 Exception <a 'java/lang/NoSuchMethodError'{0x000000008c6c9f58}: 'int java.lang.invoke.DirectMethodHandle$Holder.invokeSpecial(java.lang.Object, java.lang.Object, java.lang.Object, java.lang.Object, java.lang.Object)'> (0x000000008c6c9f58) thrown at [./src/hotspot/share/interpreter/linkResolver.cpp, line 773]
Event: 10.059 Thread 0x0000024b16a61000 Exception <a 'java/lang/NoSuchMethodError'{0x000000008c56b510}: 'int java.lang.invoke.DirectMethodHandle$Holder.invokeSpecial(java.lang.Object, java.lang.Object, java.lang.Object, java.lang.Object, java.lang.Object)'> (0x000000008c56b510) thrown at [./src/hotspot/share/interpreter/linkResolver.cpp, line 773]
Event: 10.059 Thread 0x0000024b16a5e000 Exception <a 'java/lang/NoSuchMethodError'{0x000000008c64d060}: 'int java.lang.invoke.DirectMethodHandle$Holder.invokeSpecial(java.lang.Object, java.lang.Object, java.lang.Object, java.lang.Object, java.lang.Object)'> (0x000000008c64d060) thrown at [./src/hotspot/share/interpreter/linkResolver.cpp, line 773]
Event: 10.059 Thread 0x0000024b16a5f800 Exception <a 'java/lang/NoSuchMethodError'{0x000000008c8bcd20}: 'int java.lang.invoke.DirectMethodHandle$Holder.invokeSpecial(java.lang.Object, java.lang.Object, java.lang.Object, java.lang.Object, java.lang.Object)'> (0x000000008c8bcd20) thrown at [./src/hotspot/share/interpreter/linkResolver.cpp, line 773]
Event: 10.059 Thread 0x0000024b16466000 Exception <a 'java/lang/NoSuchMethodError'{0x000000008c75b008}: 'int java.lang.invoke.DirectMethodHandle$Holder.invokeSpecial(java.lang.Object, java.lang.Object, java.lang.Object, java.lang.Object, java.lang.Object)'> (0x000000008c75b008) thrown at [./src/hotspot/share/interpreter/linkResolver.cpp, line 773]
Event: 10.160 Thread 0x0000024b16a5f800 Exception <a 'java/lang/NoSuchMethodError'{0x0000000090665c48}: 'java.lang.Object java.lang.invoke.DirectMethodHandle$Holder.invokeVirtual(java.lang.Object, java.lang.Object, int, java.lang.Object)'> (0x0000000090665c48) thrown at [./src/hotspot/share/interpreter/linkResolver.cpp, line 773]
Event: 10.160 Thread 0x0000024b16a64800 Exception <a 'java/lang/NoSuchMethodError'{0x000000009077cd70}: 'java.lang.Object java.lang.invoke.DirectMethodHandle$Holder.invokeVirtual(java.lang.Object, java.lang.Object, int, java.lang.Object)'> (0x000000009077cd70) thrown at [./src/hotspot/share/interpreter/linkResolver.cpp, line 773]
Event: 10.161 Thread 0x0000024b16a5e000 Exception <a 'java/lang/NoSuchMethodError'{0x000000009044bbd0}: 'java.lang.Object java.lang.invoke.DirectMethodHandle$Holder.invokeVirtual(java.lang.Object, java.lang.Object, int, java.lang.Object)'> (0x000000009044bbd0) thrown at [./src/hotspot/share/interpreter/linkResolver.cpp, line 773]
Event: 10.181 Thread 0x0000024b16a64800 Exception <a 'java/lang/IncompatibleClassChangeError'{0x0000000090792220}: Found class java.lang.Object, but interface was expected> (0x0000000090792220) thrown at [./src/hotspot/share/interpreter/linkResolver.cpp, line 839]
Event: 10.182 Thread 0x0000024b16a64800 Exception <a 'java/lang/IncompatibleClassChangeError'{0x000000008f890928}: Found class java.lang.Object, but interface was expected> (0x000000008f890928) thrown at [./src/hotspot/share/interpreter/linkResolver.cpp, line 839]
Event: 10.208 Thread 0x0000024b16a5e000 Exception <a 'java/lang/NoSuchMethodError'{0x000000008f9fd8c8}: 'void java.lang.invoke.DirectMethodHandle$Holder.invokeVirtual(java.lang.Object, java.lang.Object, int, java.lang.Object)'> (0x000000008f9fd8c8) thrown at [./src/hotspot/share/interpreter/linkResolver.cpp, line 773]
Event: 10.299 Thread 0x0000024b16a64800 Exception <a 'java/lang/NoSuchMethodError'{0x000000008ee15568}: 'java.lang.Object java.lang.invoke.DirectMethodHandle$Holder.newInvokeSpecial(java.lang.Object, int)'> (0x000000008ee15568) thrown at [./src/hotspot/share/interpreter/linkResolver.cpp, line 773]
Event: 10.299 Thread 0x0000024b16466000 Exception <a 'java/lang/NoSuchMethodError'{0x000000008f0eb1b8}: 'java.lang.Object java.lang.invoke.DirectMethodHandle$Holder.newInvokeSpecial(java.lang.Object, int)'> (0x000000008f0eb1b8) thrown at [./src/hotspot/share/interpreter/linkResolver.cpp, line 773]
Event: 10.299 Thread 0x0000024b16a5f800 Exception <a 'java/lang/NoSuchMethodError'{0x000000008ee29898}: 'java.lang.Object java.lang.invoke.DirectMethodHandle$Holder.newInvokeSpecial(java.lang.Object, int)'> (0x000000008ee29898) thrown at [./src/hotspot/share/interpreter/linkResolver.cpp, line 773]
Event: 10.299 Thread 0x0000024b16a5e800 Exception <a 'java/lang/NoSuchMethodError'{0x000000008f284378}: 'java.lang.Object java.lang.invoke.DirectMethodHandle$Holder.newInvokeSpecial(java.lang.Object, int)'> (0x000000008f284378) thrown at [./src/hotspot/share/interpreter/linkResolver.cpp, line 773]
Event: 10.300 Thread 0x0000024b16a5e000 Exception <a 'java/lang/NoSuchMethodError'{0x000000008ee663e0}: 'java.lang.Object java.lang.invoke.DirectMethodHandle$Holder.newInvokeSpecial(java.lang.Object, int)'> (0x000000008ee663e0) thrown at [./src/hotspot/share/interpreter/linkResolver.cpp, line 773]
Event: 10.475 Thread 0x0000024b16a64800 Exception <a 'java/lang/NoSuchMethodError'{0x000000008e4849d8}: 'java.lang.Object java.lang.invoke.DirectMethodHandle$Holder.invokeInterface(java.lang.Object, java.lang.Object, int)'> (0x000000008e4849d8) thrown at [./src/hotspot/share/interpreter/linkResolver.cpp, line 773]
Event: 10.757 Thread 0x0000024b16a5f800 Implicit null exception at 0x0000024b07c533eb to 0x0000024b07c5340c
Event: 10.885 Thread 0x0000024b16a5f800 Exception <a 'java/lang/NoSuchMethodError'{0x0000000093e920e0}: 'int java.lang.invoke.DirectMethodHandle$Holder.invokeInterface(java.lang.Object, java.lang.Object, int)'> (0x0000000093e920e0) thrown at [./src/hotspot/share/interpreter/linkResolver.cpp, line 773]

Events (20 events):
Event: 12.256 loading class com/android/tools/r8/internal/qA
Event: 12.256 loading class com/android/tools/r8/internal/qA done
Event: 12.262 loading class com/android/tools/r8/internal/NG
Event: 12.262 loading class com/android/tools/r8/internal/NG done
Event: 12.262 loading class com/android/tools/r8/internal/Fg
Event: 12.262 loading class com/android/tools/r8/internal/Fg done
Event: 12.262 loading class com/android/tools/r8/internal/NG
Event: 12.262 loading class com/android/tools/r8/internal/NG done
Event: 12.400 Executing VM operation: ICBufferFull
Event: 12.401 Executing VM operation: ICBufferFull done
Event: 12.448 Thread 0x0000024b7f125800 flushing nmethod 0x0000024b07b51390
Event: 12.451 Thread 0x0000024b7f125800 flushing nmethod 0x0000024b005a0010
Event: 12.451 Thread 0x0000024b7f125800 flushing nmethod 0x0000024b005a0d90
Event: 12.487 Executing VM operation: ICBufferFull
Event: 12.487 Executing VM operation: ICBufferFull done
Event: 12.532 Executing VM operation: G1CollectForAllocation
Event: 12.547 Executing VM operation: G1CollectForAllocation done
Event: 12.748 Executing VM operation: ICBufferFull
Event: 12.749 Executing VM operation: ICBufferFull done
Event: 12.848 Executing VM operation: G1CollectForAllocation


Dynamic libraries:
0x00007ff711410000 - 0x00007ff71141a000 	C:\Program Files\Android\Android Studio\jre\bin\java.exe
0x00007ffb24e70000 - 0x00007ffb25065000 	C:\WINDOWS\SYSTEM32\ntdll.dll
0x00007ffb24d70000 - 0x00007ffb24e2e000 	C:\WINDOWS\System32\KERNEL32.DLL
0x00007ffb22740000 - 0x00007ffb22a08000 	C:\WINDOWS\System32\KERNELBASE.dll
0x00007ffb22580000 - 0x00007ffb22680000 	C:\WINDOWS\System32\ucrtbase.dll
0x00007ffb188d0000 - 0x00007ffb188e9000 	C:\Program Files\Android\Android Studio\jre\bin\jli.dll
0x00007ffb19870000 - 0x00007ffb19887000 	C:\Program Files\Android\Android Studio\jre\bin\VCRUNTIME140.dll
0x00007ffb247a0000 - 0x00007ffb24940000 	C:\WINDOWS\System32\USER32.dll
0x00007ffb22d70000 - 0x00007ffb22d92000 	C:\WINDOWS\System32\win32u.dll
0x00007ffb12a30000 - 0x00007ffb12cca000 	C:\WINDOWS\WinSxS\amd64_microsoft.windows.common-controls_6595b64144ccf1df_6.0.19041.1110_none_60b5254171f9507e\COMCTL32.dll
0x00007ffb22ee0000 - 0x00007ffb22f0b000 	C:\WINDOWS\System32\GDI32.dll
0x00007ffb246a0000 - 0x00007ffb2473e000 	C:\WINDOWS\System32\msvcrt.dll
0x00007ffb22c60000 - 0x00007ffb22d6d000 	C:\WINDOWS\System32\gdi32full.dll
0x00007ffb22a60000 - 0x00007ffb22afd000 	C:\WINDOWS\System32\msvcp_win.dll
0x00007ffb240f0000 - 0x00007ffb24120000 	C:\WINDOWS\System32\IMM32.DLL
0x00007ffaf8f10000 - 0x00007ffaf8fad000 	C:\Program Files\Android\Android Studio\jre\bin\msvcp140.dll
0x00007ffad2410000 - 0x00007ffad2edf000 	C:\Program Files\Android\Android Studio\jre\bin\server\jvm.dll
0x00007ffb24030000 - 0x00007ffb240de000 	C:\WINDOWS\System32\ADVAPI32.dll
0x00007ffb24600000 - 0x00007ffb2469c000 	C:\WINDOWS\System32\sechost.dll
0x00007ffb23040000 - 0x00007ffb23165000 	C:\WINDOWS\System32\RPCRT4.dll
0x00007ffb23d80000 - 0x00007ffb23d88000 	C:\WINDOWS\System32\PSAPI.DLL
0x00007ffb138a0000 - 0x00007ffb138c7000 	C:\WINDOWS\SYSTEM32\WINMM.dll
0x00007ffb19710000 - 0x00007ffb1971a000 	C:\WINDOWS\SYSTEM32\VERSION.dll
0x00007ffb1c6d0000 - 0x00007ffb1c6d9000 	C:\WINDOWS\SYSTEM32\WSOCK32.dll
0x00007ffb23d10000 - 0x00007ffb23d7b000 	C:\WINDOWS\System32\WS2_32.dll
0x00007ffb20e50000 - 0x00007ffb20e62000 	C:\WINDOWS\SYSTEM32\kernel.appcore.dll
0x00007ffb1a740000 - 0x00007ffb1a751000 	C:\Program Files\Android\Android Studio\jre\bin\verify.dll
0x00007ffb20a90000 - 0x00007ffb20c74000 	C:\WINDOWS\SYSTEM32\DBGHELP.DLL
0x00007ffb18820000 - 0x00007ffb1884c000 	C:\WINDOWS\SYSTEM32\dbgcore.DLL
0x00007ffb226b0000 - 0x00007ffb22732000 	C:\WINDOWS\System32\bcryptPrimitives.dll
0x00007ffb12440000 - 0x00007ffb12469000 	C:\Program Files\Android\Android Studio\jre\bin\java.dll
0x00007ffb191c0000 - 0x00007ffb191cb000 	C:\Program Files\Android\Android Studio\jre\bin\jimage.dll
0x00007ffb15040000 - 0x00007ffb15058000 	C:\Program Files\Android\Android Studio\jre\bin\zip.dll
0x00007ffb235c0000 - 0x00007ffb23d04000 	C:\WINDOWS\System32\SHELL32.dll
0x00007ffb1cfa0000 - 0x00007ffb1d734000 	C:\WINDOWS\SYSTEM32\windows.storage.dll
0x00007ffb24a10000 - 0x00007ffb24d65000 	C:\WINDOWS\System32\combase.dll
0x00007ffb21fd0000 - 0x00007ffb21ffe000 	C:\WINDOWS\SYSTEM32\Wldp.dll
0x00007ffb23510000 - 0x00007ffb235bd000 	C:\WINDOWS\System32\SHCORE.dll
0x00007ffb24740000 - 0x00007ffb24795000 	C:\WINDOWS\System32\shlwapi.dll
0x00007ffb224c0000 - 0x00007ffb224df000 	C:\WINDOWS\SYSTEM32\profapi.dll
0x00007ffb12420000 - 0x00007ffb1243a000 	C:\Program Files\Android\Android Studio\jre\bin\net.dll
0x00007ffb1b510000 - 0x00007ffb1b61c000 	C:\WINDOWS\SYSTEM32\WINHTTP.dll
0x00007ffb21d30000 - 0x00007ffb21d9a000 	C:\WINDOWS\system32\mswsock.dll
0x00007ffb0ffe0000 - 0x00007ffb0fff4000 	C:\Program Files\Android\Android Studio\jre\bin\nio.dll
0x00007ffb08040000 - 0x00007ffb08067000 	C:\Users\Arthur\.gradle\native\8bec1ad78214c89d9ad589b4d07fe93259594b29d510b10fafb7a158f7737e5d\windows-amd64\native-platform.dll
0x00007ffae45f0000 - 0x00007ffae472d000 	C:\Users\Arthur\.gradle\native\53dbd7edfb1c66fb8903c78663c9afc45aea4f116125fa6feffd364cf09443e8\windows-amd64\native-platform-file-events.dll
0x00007ffb191b0000 - 0x00007ffb191ba000 	C:\Program Files\Android\Android Studio\jre\bin\management.dll
0x00007ffb188f0000 - 0x00007ffb188fc000 	C:\Program Files\Android\Android Studio\jre\bin\management_ext.dll
0x00007ffb21f20000 - 0x00007ffb21f38000 	C:\WINDOWS\SYSTEM32\CRYPTSP.dll
0x00007ffb21640000 - 0x00007ffb21674000 	C:\WINDOWS\system32\rsaenh.dll
0x00007ffb22680000 - 0x00007ffb226a7000 	C:\WINDOWS\System32\bcrypt.dll
0x00007ffb22440000 - 0x00007ffb2246e000 	C:\WINDOWS\SYSTEM32\USERENV.dll
0x00007ffb21f40000 - 0x00007ffb21f4c000 	C:\WINDOWS\SYSTEM32\CRYPTBASE.dll
0x00007ffb219d0000 - 0x00007ffb21a0b000 	C:\WINDOWS\SYSTEM32\IPHLPAPI.DLL
0x00007ffb240e0000 - 0x00007ffb240e8000 	C:\WINDOWS\System32\NSI.dll
0x00007ffb196f0000 - 0x00007ffb19707000 	C:\WINDOWS\SYSTEM32\dhcpcsvc6.DLL
0x00007ffb196d0000 - 0x00007ffb196ed000 	C:\WINDOWS\SYSTEM32\dhcpcsvc.DLL
0x00007ffb21a60000 - 0x00007ffb21b2b000 	C:\WINDOWS\SYSTEM32\DNSAPI.dll

dbghelp: loaded successfully - version: 4.0.5 - missing functions: none
symbol engine: initialized successfully - sym options: 0x614 - pdb path: .;C:\Program Files\Android\Android Studio\jre\bin;C:\WINDOWS\SYSTEM32;C:\WINDOWS\WinSxS\amd64_microsoft.windows.common-controls_6595b64144ccf1df_6.0.19041.1110_none_60b5254171f9507e;C:\Program Files\Android\Android Studio\jre\bin\server;C:\Users\Arthur\.gradle\native\8bec1ad78214c89d9ad589b4d07fe93259594b29d510b10fafb7a158f7737e5d\windows-amd64;C:\Users\Arthur\.gradle\native\53dbd7edfb1c66fb8903c78663c9afc45aea4f116125fa6feffd364cf09443e8\windows-amd64

VM Arguments:
jvm_args: --add-opens=java.base/java.util=ALL-UNNAMED --add-opens=java.base/java.lang=ALL-UNNAMED --add-opens=java.base/java.lang.invoke=ALL-UNNAMED --add-opens=java.base/java.util=ALL-UNNAMED --add-opens=java.prefs/java.util.prefs=ALL-UNNAMED --add-opens=java.prefs/java.util.prefs=ALL-UNNAMED --add-opens=java.base/java.nio.charset=ALL-UNNAMED --add-opens=java.base/java.net=ALL-UNNAMED --add-opens=java.base/java.util.concurrent.atomic=ALL-UNNAMED -Xmx2048m -Dfile.encoding=UTF-8 -Duser.country=US -Duser.language=en -Duser.variant 
java_command: org.gradle.launcher.daemon.bootstrap.GradleDaemon 7.0.2
java_class_path (initial): C:\Users\Arthur\.gradle\wrapper\dists\gradle-7.0.2-bin\857tjihv64xamwrf0h14cai3r\gradle-7.0.2\lib\gradle-launcher-7.0.2.jar
Launcher Type: SUN_STANDARD

[Global flags]
     intx CICompilerCount                          = 4                                         {product} {ergonomic}
     uint ConcGCThreads                            = 2                                         {product} {ergonomic}
     uint G1ConcRefinementThreads                  = 8                                         {product} {ergonomic}
   size_t G1HeapRegionSize                         = 1048576                                   {product} {ergonomic}
    uintx GCDrainStackTargetSize                   = 64                                        {product} {ergonomic}
   size_t InitialHeapSize                          = 132120576                                 {product} {ergonomic}
   size_t MarkStackSize                            = 4194304                                   {product} {ergonomic}
   size_t MaxHeapSize                              = 2147483648                                {product} {command line}
   size_t MaxNewSize                               = 1287651328                                {product} {ergonomic}
   size_t MinHeapDeltaBytes                        = 1048576                                   {product} {ergonomic}
    uintx NonNMethodCodeHeapSize                   = 5836300                                {pd product} {ergonomic}
    uintx NonProfiledCodeHeapSize                  = 122910970                              {pd product} {ergonomic}
    uintx ProfiledCodeHeapSize                     = 122910970                              {pd product} {ergonomic}
    uintx ReservedCodeCacheSize                    = 251658240                              {pd product} {ergonomic}
     bool SegmentedCodeCache                       = true                                      {product} {ergonomic}
     bool UseCompressedClassPointers               = true                                 {lp64_product} {ergonomic}
     bool UseCompressedOops                        = true                                 {lp64_product} {ergonomic}
     bool UseG1GC                                  = true                                      {product} {ergonomic}
     bool UseLargePagesIndividualAllocation        = false                                  {pd product} {ergonomic}

Logging:
Log output configuration:
 #0: stdout all=warning uptime,level,tags
 #1: stderr all=off uptime,level,tags

Environment Variables:
PATH=C:\Program Files\Common Files\Oracle\Java\javapath;C:\WINDOWS\system32;C:\WINDOWS;C:\WINDOWS\System32\Wbem;C:\WINDOWS\System32\WindowsPowerShell\v1.0\;C:\WINDOWS\System32\OpenSSH\;C:\Program Files\nodejs\;C:\Program Files\Git\cmd;C:\Program Files\dotnet\;C:\Users\Arthur\AppData\Local\Microsoft\WindowsApps;;C:\Users\Arthur\AppData\Local\Programs\Microsoft VS Code\bin;C:\Users\Arthur\AppData\Roaming\npm;C:\Users\Arthur\.dotnet\tools
USERNAME=Arthur
OS=Windows_NT
PROCESSOR_IDENTIFIER=Intel64 Family 6 Model 142 Stepping 12, GenuineIntel



---------------  S Y S T E M  ---------------

OS: Windows 10 , 64 bit Build 19041 (10.0.19041.1503)
OS uptime: 0 days 3:02 hours

CPU:total 8 (initial active 8) (4 cores per cpu, 2 threads per core) family 6 model 142 stepping 12 microcode 0xde, cmov, cx8, fxsr, mmx, sse, sse2, sse3, ssse3, sse4.1, sse4.2, popcnt, avx, avx2, aes, clmul, erms, 3dnowpref, lzcnt, ht, tsc, tscinvbit, bmi1, bmi2, adx, fma

Memory: 4k page, system-wide physical 7976M (491M free)
TotalPageFile size 10024M (AvailPageFile size 20M)
current process WorkingSet (physical memory assigned to process): 742M, peak: 747M
current process commit charge ("private bytes"): 832M, peak: 899M

vm_info: OpenJDK 64-Bit Server VM (11.0.10+0-b96-7249189) for windows-amd64 JRE (11.0.10+0-b96-7249189), built on Mar 31 2021 21:44:00 by "builder" with MS VC++ 14.0 (VS2015)

END.
