#
# There is insufficient memory for the Java Runtime Environment to continue.
# Native memory allocation (malloc) failed to allocate 1672016 bytes for Chunk::new
# Possible reasons:
#   The system is out of physical RAM or swap space
#   The process is running with CompressedOops enabled, and the Java Heap may be blocking the growth of the native heap
# Possible solutions:
#   Reduce memory load on the system
#   Increase physical memory or swap space
#   Check if swap backing store is full
#   Decrease Java heap size (-Xmx/-Xms)
#   Decrease number of Java threads
#   Decrease Java thread stack sizes (-Xss)
#   Set larger code cache with -XX:ReservedCodeCacheSize=
#   JVM is running with Unscaled Compressed Oops mode in which the Java heap is
#     placed in the first 4GB address space. The Java Heap base address is the
#     maximum limit for the native heap growth. Please use -XX:HeapBaseMinAddress
#     to set the Java Heap base and to place the Java Heap above 4GB virtual address.
# This output file may be truncated or incomplete.
#
#  Out of Memory Error (./src/hotspot/share/memory/arena.cpp:197), pid=2156, tid=3592
#
# JRE version: OpenJDK Runtime Environment (11.0.10) (build 11.0.10+0-b96-7249189)
# Java VM: OpenJDK 64-Bit Server VM (11.0.10+0-b96-7249189, mixed mode, tiered, compressed oops, g1 gc, windows-amd64)
# No core dump will be written. Minidumps are not enabled by default on client versions of Windows
#

---------------  S U M M A R Y ------------

Command Line: --add-opens=java.base/java.util=ALL-UNNAMED --add-opens=java.base/java.lang=ALL-UNNAMED --add-opens=java.base/java.lang.invoke=ALL-UNNAMED --add-opens=java.base/java.util=ALL-UNNAMED --add-opens=java.prefs/java.util.prefs=ALL-UNNAMED --add-opens=java.prefs/java.util.prefs=ALL-UNNAMED --add-opens=java.base/java.nio.charset=ALL-UNNAMED --add-opens=java.base/java.net=ALL-UNNAMED --add-opens=java.base/java.util.concurrent.atomic=ALL-UNNAMED -Xmx2048m -Dfile.encoding=UTF-8 -Duser.country=US -Duser.language=en -Duser.variant org.gradle.launcher.daemon.bootstrap.GradleDaemon 7.0.2

Host: Intel(R) Core(TM) i5-10210U CPU @ 1.60GHz, 8 cores, 7G,  Windows 10 , 64 bit Build 19041 (10.0.19041.1503)
Time: Sat Feb 12 13:30:53 2022 Russia TZ 2 Standard Time elapsed time: 9.647755 seconds (0d 0h 0m 9s)

---------------  T H R E A D  ---------------

Current thread (0x0000020467da0800):  JavaThread "C2 CompilerThread0" daemon [_thread_in_native, id=3592, stack(0x00000006cff00000,0x00000006d0000000)]


Current CompileTask:
C2:   9647 10794   !   4       org.gradle.internal.classloader.CachingClassLoader::loadClass (85 bytes)

Stack: [0x00000006cff00000,0x00000006d0000000]
Native frames: (J=compiled Java code, j=interpreted, Vv=VM code, C=native code)
V  [jvm.dll+0x5ecfaa]
V  [jvm.dll+0x722bd5]
V  [jvm.dll+0x72412d]
V  [jvm.dll+0x7247e3]
V  [jvm.dll+0x242928]
V  [jvm.dll+0xbc4fc]
V  [jvm.dll+0xbca0c]
V  [jvm.dll+0x352d7d]
V  [jvm.dll+0x320ad3]
V  [jvm.dll+0x31ffca]
V  [jvm.dll+0x1fb602]
V  [jvm.dll+0x1fa7f4]
V  [jvm.dll+0x18354c]
V  [jvm.dll+0x208ee7]
V  [jvm.dll+0x207731]
V  [jvm.dll+0x6eb1cf]
V  [jvm.dll+0x6e3d45]
V  [jvm.dll+0x5ebe96]
C  [ucrtbase.dll+0x21bb2]
C  [KERNEL32.DLL+0x17034]
C  [ntdll.dll+0x52651]


---------------  P R O C E S S  ---------------

Threads class SMR info:
_java_thread_list=0x000002047065dbe0, length=62, elements={
0x000002044c77b000, 0x00000204673dd800, 0x00000204673e1000, 0x0000020467d9b800,
0x0000020467d9c800, 0x0000020467d9d800, 0x0000020467da0800, 0x0000020467da1800,
0x0000020467da3000, 0x0000020467ef6800, 0x0000020469b2c800, 0x0000020469891800,
0x0000020469ea9000, 0x0000020468f11800, 0x00000204697d6000, 0x0000020469fd3000,
0x0000020469857800, 0x000002046a520000, 0x000002046a972800, 0x0000020469ffa000,
0x0000020469ff8800, 0x0000020469ff4800, 0x0000020469ff7000, 0x0000020469ff5000,
0x0000020469ff6000, 0x0000020469ffb000, 0x0000020469ff9800, 0x0000020469ff7800,
0x000002046ad00000, 0x000002046acfe800, 0x000002046a6a8800, 0x000002046acff000,
0x000002046acfb000, 0x000002046ad01800, 0x000002046acfd800, 0x000002046acfc000,
0x000002046ad05800, 0x000002046ad06800, 0x000002046ad05000, 0x000002046ad03000,
0x000002046ad07800, 0x000002046ad08000, 0x000002046ad02800, 0x000002046ad09000,
0x000002046ad09800, 0x000002046ad04000, 0x000002046d483000, 0x000002046d480000,
0x000002046d485000, 0x000002046d481000, 0x000002046d482800, 0x000002046d481800,
0x000002046d487800, 0x000002046d489000, 0x000002046d486800, 0x000002046d488000,
0x000002046d48a000, 0x000002046d484000, 0x000002046d48b800, 0x000002046d48d000,
0x000002046d48e000, 0x000002046d48e800
}

Java Threads: ( => current thread )
  0x000002044c77b000 JavaThread "main" [_thread_blocked, id=2928, stack(0x00000006cf300000,0x00000006cf400000)]
  0x00000204673dd800 JavaThread "Reference Handler" daemon [_thread_blocked, id=10968, stack(0x00000006cfa00000,0x00000006cfb00000)]
  0x00000204673e1000 JavaThread "Finalizer" daemon [_thread_blocked, id=9888, stack(0x00000006cfb00000,0x00000006cfc00000)]
  0x0000020467d9b800 JavaThread "Signal Dispatcher" daemon [_thread_blocked, id=6168, stack(0x00000006cfc00000,0x00000006cfd00000)]
  0x0000020467d9c800 JavaThread "Attach Listener" daemon [_thread_blocked, id=11284, stack(0x00000006cfd00000,0x00000006cfe00000)]
  0x0000020467d9d800 JavaThread "Service Thread" daemon [_thread_blocked, id=10440, stack(0x00000006cfe00000,0x00000006cff00000)]
=>0x0000020467da0800 JavaThread "C2 CompilerThread0" daemon [_thread_in_native, id=3592, stack(0x00000006cff00000,0x00000006d0000000)]
  0x0000020467da1800 JavaThread "C1 CompilerThread0" daemon [_thread_in_native, id=3764, stack(0x00000006d0000000,0x00000006d0100000)]
  0x0000020467da3000 JavaThread "Sweeper thread" daemon [_thread_blocked, id=1780, stack(0x00000006d0100000,0x00000006d0200000)]
  0x0000020467ef6800 JavaThread "Common-Cleaner" daemon [_thread_blocked, id=5148, stack(0x00000006d0200000,0x00000006d0300000)]
  0x0000020469b2c800 JavaThread "Daemon health stats" [_thread_blocked, id=6096, stack(0x00000006d0800000,0x00000006d0900000)]
  0x0000020469891800 JavaThread "Incoming local TCP Connector on port 63702" [_thread_in_native, id=11200, stack(0x00000006d0400000,0x00000006d0500000)]
  0x0000020469ea9000 JavaThread "C2 CompilerThread1" daemon [_thread_in_native, id=11864, stack(0x00000006d0500000,0x00000006d0600000)]
  0x0000020468f11800 JavaThread "Daemon periodic checks" [_thread_blocked, id=6176, stack(0x00000006d0900000,0x00000006d0a00000)]
  0x00000204697d6000 JavaThread "Daemon" [_thread_blocked, id=9452, stack(0x00000006d0a00000,0x00000006d0b00000)]
  0x0000020469fd3000 JavaThread "Handler for socket connection from /127.0.0.1:63702 to /127.0.0.1:63703" [_thread_in_native, id=9064, stack(0x00000006d0b00000,0x00000006d0c00000)]
  0x0000020469857800 JavaThread "Cancel handler" [_thread_blocked, id=10788, stack(0x00000006d0c00000,0x00000006d0d00000)]
  0x000002046a520000 JavaThread "Daemon worker" [_thread_blocked, id=11012, stack(0x00000006d0d00000,0x00000006d0e00000)]
  0x000002046a972800 JavaThread "Asynchronous log dispatcher for DefaultDaemonConnection: socket connection from /127.0.0.1:63702 to /127.0.0.1:63703" [_thread_blocked, id=11968, stack(0x00000006d0e00000,0x00000006d0f00000)]
  0x0000020469ffa000 JavaThread "Stdin handler" [_thread_blocked, id=6652, stack(0x00000006d0f00000,0x00000006d1000000)]
  0x0000020469ff8800 JavaThread "Daemon client event forwarder" [_thread_blocked, id=4708, stack(0x00000006d1000000,0x00000006d1100000)]
  0x0000020469ff4800 JavaThread "Cache worker for file hash cache (C:\Users\Arthur\.gradle\caches\7.0.2\fileHashes)" [_thread_blocked, id=2100, stack(0x00000006d1600000,0x00000006d1700000)]
  0x0000020469ff7000 JavaThread "File lock request listener" [_thread_in_native, id=3356, stack(0x00000006d1700000,0x00000006d1800000)]
  0x0000020469ff5000 JavaThread "Cache worker for journal cache (C:\Users\Arthur\.gradle\caches\journal-1)" [_thread_blocked, id=12200, stack(0x00000006d1900000,0x00000006d1a00000)]
  0x0000020469ff6000 JavaThread "Cache worker for file hash cache (C:\Users\Arthur\Documents\Programming\cross\DailyPlanner\.gradle\7.0.2\fileHashes)" [_thread_blocked, id=10300, stack(0x00000006d1a00000,0x00000006d1b00000)]
  0x0000020469ffb000 JavaThread "File watcher server" daemon [_thread_in_native, id=11248, stack(0x00000006d1b00000,0x00000006d1c00000)]
  0x0000020469ff9800 JavaThread "File watcher consumer" daemon [_thread_blocked, id=2696, stack(0x00000006d1c00000,0x00000006d1d00000)]
  0x0000020469ff7800 JavaThread "Cache worker for checksums cache (C:\Users\Arthur\Documents\Programming\cross\DailyPlanner\.gradle\checksums)" [_thread_blocked, id=6208, stack(0x00000006d1d00000,0x00000006d1e00000)]
  0x000002046ad00000 JavaThread "Cache worker for cache directory md-supplier (C:\Users\Arthur\.gradle\caches\7.0.2\md-supplier)" [_thread_blocked, id=10460, stack(0x00000006d1e00000,0x00000006d1f00000)]
  0x000002046acfe800 JavaThread "Cache worker for cache directory md-rule (C:\Users\Arthur\.gradle\caches\7.0.2\md-rule)" [_thread_blocked, id=8956, stack(0x00000006d1f00000,0x00000006d2000000)]
  0x000002046a6a8800 JavaThread "C2 CompilerThread2" daemon [_thread_in_native, id=4424, stack(0x00000006d2000000,0x00000006d2100000)]
  0x000002046acff000 JavaThread "Cache worker for execution history cache (C:\Users\Arthur\.gradle\caches\7.0.2\executionHistory)" [_thread_blocked, id=11712, stack(0x00000006d2100000,0x00000006d2200000)]
  0x000002046acfb000 JavaThread "jar transforms" [_thread_blocked, id=2228, stack(0x00000006d2200000,0x00000006d2300000)]
  0x000002046ad01800 JavaThread "jar transforms Thread 2" [_thread_blocked, id=7944, stack(0x00000006d2300000,0x00000006d2400000)]
  0x000002046acfd800 JavaThread "Cache worker for file content cache (C:\Users\Arthur\.gradle\caches\7.0.2\fileContent)" [_thread_blocked, id=5188, stack(0x00000006d2400000,0x00000006d2500000)]
  0x000002046acfc000 JavaThread "Cache worker for dependencies-accessors (C:\Users\Arthur\Documents\Programming\cross\DailyPlanner\.gradle\7.0.2\dependencies-accessors)" [_thread_blocked, id=1172, stack(0x00000006d2500000,0x00000006d2600000)]
  0x000002046ad05800 JavaThread "jar transforms Thread 3" [_thread_blocked, id=4952, stack(0x00000006d2600000,0x00000006d2700000)]
  0x000002046ad06800 JavaThread "Cache worker for Build Output Cleanup Cache (C:\Users\Arthur\Documents\Programming\cross\DailyPlanner\.gradle\buildOutputCleanup)" [_thread_blocked, id=5632, stack(0x00000006d2700000,0x00000006d2800000)]
  0x000002046ad05000 JavaThread "Build operations" [_thread_in_Java, id=9004, stack(0x00000006d2800000,0x00000006d2900000)]
  0x000002046ad03000 JavaThread "Build operations Thread 2" [_thread_in_Java, id=11936, stack(0x00000006d2900000,0x00000006d2a00000)]
  0x000002046ad07800 JavaThread "Build operations Thread 3" [_thread_in_Java, id=11292, stack(0x00000006d2a00000,0x00000006d2b00000)]
  0x000002046ad08000 JavaThread "Build operations Thread 4" [_thread_in_Java, id=5444, stack(0x00000006d2b00000,0x00000006d2c00000)]
  0x000002046ad02800 JavaThread "Build operations Thread 5" [_thread_blocked, id=3932, stack(0x00000006d2c00000,0x00000006d2d00000)]
  0x000002046ad09000 JavaThread "Build operations Thread 6" [_thread_in_Java, id=10372, stack(0x00000006d2d00000,0x00000006d2e00000)]
  0x000002046ad09800 JavaThread "Build operations Thread 7" [_thread_blocked, id=8684, stack(0x00000006d2e00000,0x00000006d2f00000)]
  0x000002046ad04000 JavaThread "Build operations Thread 8" [_thread_in_Java, id=10952, stack(0x00000006d2f00000,0x00000006d3000000)]
  0x000002046d483000 JavaThread "jar transforms Thread 4" [_thread_blocked, id=8244, stack(0x00000006d3000000,0x00000006d3100000)]
  0x000002046d480000 JavaThread "jar transforms Thread 5" [_thread_blocked, id=12848, stack(0x00000006d3100000,0x00000006d3200000)]
  0x000002046d485000 JavaThread "jar transforms Thread 6" [_thread_blocked, id=12868, stack(0x00000006d3200000,0x00000006d3300000)]
  0x000002046d481000 JavaThread "jar transforms Thread 7" [_thread_blocked, id=9948, stack(0x00000006d3300000,0x00000006d3400000)]
  0x000002046d482800 JavaThread "jar transforms Thread 8" [_thread_blocked, id=4540, stack(0x00000006d3400000,0x00000006d3500000)]
  0x000002046d481800 JavaThread "Memory manager" [_thread_blocked, id=3124, stack(0x00000006d3500000,0x00000006d3600000)]
  0x000002046d487800 JavaThread "build event listener" [_thread_blocked, id=3864, stack(0x00000006d3600000,0x00000006d3700000)]
  0x000002046d489000 JavaThread "Execution worker for ':'" [_thread_blocked, id=10764, stack(0x00000006d3700000,0x00000006d3800000)]
  0x000002046d486800 JavaThread "Execution worker for ':' Thread 2" [_thread_blocked, id=3620, stack(0x00000006d3800000,0x00000006d3900000)]
  0x000002046d488000 JavaThread "Execution worker for ':' Thread 3" [_thread_blocked, id=6048, stack(0x00000006d3900000,0x00000006d3a00000)]
  0x000002046d48a000 JavaThread "Execution worker for ':' Thread 4" [_thread_blocked, id=7864, stack(0x00000006d3a00000,0x00000006d3b00000)]
  0x000002046d484000 JavaThread "Execution worker for ':' Thread 5" [_thread_blocked, id=9824, stack(0x00000006d3b00000,0x00000006d3c00000)]
  0x000002046d48b800 JavaThread "Execution worker for ':' Thread 6" [_thread_blocked, id=9848, stack(0x00000006d3c00000,0x00000006d3d00000)]
  0x000002046d48d000 JavaThread "Execution worker for ':' Thread 7" [_thread_blocked, id=9212, stack(0x00000006d3d00000,0x00000006d3e00000)]
  0x000002046d48e000 JavaThread "Cache worker for execution history cache (C:\Users\Arthur\Documents\Programming\cross\DailyPlanner\.gradle\7.0.2\executionHistory)" [_thread_blocked, id=4572, stack(0x00000006d3e00000,0x00000006d3f00000)]
  0x000002046d48e800 JavaThread "WorkerExecutor Queue" [_thread_blocked, id=13252, stack(0x00000006d3f00000,0x00000006d4000000)]

Other Threads:
  0x00000204673da800 VMThread "VM Thread" [stack: 0x00000006cf900000,0x00000006cfa00000] [id=8752]
  0x0000020467f0c000 WatcherThread [stack: 0x00000006d0300000,0x00000006d0400000] [id=9208]
  0x000002044c795000 GCTaskThread "GC Thread#0" [stack: 0x00000006cf400000,0x00000006cf500000] [id=7940]
  0x00000204687e9000 GCTaskThread "GC Thread#1" [stack: 0x00000006d0600000,0x00000006d0700000] [id=7832]
  0x0000020468eb7800 GCTaskThread "GC Thread#2" [stack: 0x00000006d0700000,0x00000006d0800000] [id=11868]
  0x000002046aae8000 GCTaskThread "GC Thread#3" [stack: 0x00000006d1100000,0x00000006d1200000] [id=10260]
  0x000002046a6e7000 GCTaskThread "GC Thread#4" [stack: 0x00000006d1200000,0x00000006d1300000] [id=4384]
  0x0000020468eb6000 GCTaskThread "GC Thread#5" [stack: 0x00000006d1300000,0x00000006d1400000] [id=11972]
  0x0000020468eb7000 GCTaskThread "GC Thread#6" [stack: 0x00000006d1400000,0x00000006d1500000] [id=7432]
  0x0000020468eb3800 GCTaskThread "GC Thread#7" [stack: 0x00000006d1500000,0x00000006d1600000] [id=2068]
  0x000002044c7c6000 ConcurrentGCThread "G1 Main Marker" [stack: 0x00000006cf500000,0x00000006cf600000] [id=10684]
  0x000002044c7c7000 ConcurrentGCThread "G1 Conc#0" [stack: 0x00000006cf600000,0x00000006cf700000] [id=12924]
  0x0000020468e7b000 ConcurrentGCThread "G1 Conc#1" [stack: 0x00000006d1800000,0x00000006d1900000] [id=2592]
  0x000002044c858000 ConcurrentGCThread "G1 Refine#0" [stack: 0x00000006cf700000,0x00000006cf800000] [id=8788]
  0x0000020467230800 ConcurrentGCThread "G1 Young RemSet Sampling" [stack: 0x00000006cf800000,0x00000006cf900000] [id=11460]

Threads with active compile tasks:
C2 CompilerThread0   9660 10794   !   4       org.gradle.internal.classloader.CachingClassLoader::loadClass (85 bytes)
C1 CompilerThread0   9660 10989       2       com.android.tools.r8.internal.T6::a (4191 bytes)
C2 CompilerThread1   9660 10815   !   4       org.gradle.internal.classloader.FilteringClassLoader::loadClass (62 bytes)
C2 CompilerThread2   9660 10855   !   4       java.util.concurrent.ConcurrentHashMap::computeIfAbsent (576 bytes)

VM state:not at safepoint (normal execution)

VM Mutex/Monitor currently owned by a thread: None

Heap address: 0x0000000080000000, size: 2048 MB, Compressed Oops mode: 32-bit
Narrow klass base: 0x0000000000000000, Narrow klass shift: 3
Compressed class space size: 1073741824 Address: 0x0000000100000000

Heap:
 garbage-first heap   total 225280K, used 139599K [0x0000000080000000, 0x0000000100000000)
  region size 1024K, 31 young (31744K), 10 survivors (10240K)
 Metaspace       used 92388K, capacity 94677K, committed 95052K, reserved 1132544K
  class space    used 11945K, capacity 12793K, committed 12876K, reserved 1048576K
Heap Regions: E=young(eden), S=young(survivor), O=old, HS=humongous(starts), HC=humongous(continues), CS=collection set, F=free, A=archive, TAMS=top-at-mark-start (previous, next)
|   0|0x0000000080000000, 0x0000000080100000, 0x0000000080100000|100%| O|  |TAMS 0x0000000080100000, 0x0000000080000000| Untracked 
|   1|0x0000000080100000, 0x0000000080200000, 0x0000000080200000|100%| O|  |TAMS 0x0000000080200000, 0x0000000080100000| Untracked 
|   2|0x0000000080200000, 0x0000000080300000, 0x0000000080300000|100%| O|  |TAMS 0x0000000080300000, 0x0000000080200000| Untracked 
|   3|0x0000000080300000, 0x0000000080400000, 0x0000000080400000|100%|HS|  |TAMS 0x0000000080400000, 0x0000000080300000| Complete 
|   4|0x0000000080400000, 0x0000000080500000, 0x0000000080500000|100%|HC|  |TAMS 0x0000000080500000, 0x0000000080400000| Complete 
|   5|0x0000000080500000, 0x0000000080600000, 0x0000000080600000|100%|HC|  |TAMS 0x0000000080600000, 0x0000000080500000| Complete 
|   6|0x0000000080600000, 0x0000000080700000, 0x0000000080700000|100%| O|  |TAMS 0x0000000080700000, 0x0000000080600000| Untracked 
|   7|0x0000000080700000, 0x0000000080800000, 0x0000000080800000|100%| O|  |TAMS 0x0000000080800000, 0x0000000080700000| Untracked 
|   8|0x0000000080800000, 0x0000000080900000, 0x0000000080900000|100%| O|  |TAMS 0x0000000080900000, 0x0000000080800000| Untracked 
|   9|0x0000000080900000, 0x0000000080a00000, 0x0000000080a00000|100%| O|  |TAMS 0x0000000080a00000, 0x0000000080900000| Untracked 
|  10|0x0000000080a00000, 0x0000000080b00000, 0x0000000080b00000|100%| O|  |TAMS 0x0000000080b00000, 0x0000000080a00000| Untracked 
|  11|0x0000000080b00000, 0x0000000080c00000, 0x0000000080c00000|100%| O|  |TAMS 0x0000000080c00000, 0x0000000080b00000| Untracked 
|  12|0x0000000080c00000, 0x0000000080d00000, 0x0000000080d00000|100%| O|  |TAMS 0x0000000080d00000, 0x0000000080c00000| Untracked 
|  13|0x0000000080d00000, 0x0000000080e00000, 0x0000000080e00000|100%| O|  |TAMS 0x0000000080e00000, 0x0000000080d00000| Untracked 
|  14|0x0000000080e00000, 0x0000000080f00000, 0x0000000080f00000|100%| O|  |TAMS 0x0000000080f00000, 0x0000000080e00000| Untracked 
|  15|0x0000000080f00000, 0x0000000081000000, 0x0000000081000000|100%| O|  |TAMS 0x0000000081000000, 0x0000000080f00000| Untracked 
|  16|0x0000000081000000, 0x0000000081100000, 0x0000000081100000|100%| O|  |TAMS 0x0000000081100000, 0x0000000081000000| Untracked 
|  17|0x0000000081100000, 0x0000000081200000, 0x0000000081200000|100%|HS|  |TAMS 0x0000000081200000, 0x0000000081100000| Complete 
|  18|0x0000000081200000, 0x0000000081300000, 0x0000000081300000|100%| O|  |TAMS 0x0000000081300000, 0x0000000081200000| Untracked 
|  19|0x0000000081300000, 0x0000000081400000, 0x0000000081400000|100%| O|  |TAMS 0x0000000081400000, 0x0000000081300000| Untracked 
|  20|0x0000000081400000, 0x0000000081500000, 0x0000000081500000|100%| O|  |TAMS 0x0000000081500000, 0x0000000081400000| Untracked 
|  21|0x0000000081500000, 0x0000000081600000, 0x0000000081600000|100%| O|  |TAMS 0x0000000081600000, 0x0000000081500000| Untracked 
|  22|0x0000000081600000, 0x0000000081700000, 0x0000000081700000|100%| O|  |TAMS 0x0000000081700000, 0x0000000081600000| Untracked 
|  23|0x0000000081700000, 0x0000000081800000, 0x0000000081800000|100%| O|  |TAMS 0x0000000081800000, 0x0000000081700000| Untracked 
|  24|0x0000000081800000, 0x0000000081900000, 0x0000000081900000|100%|HS|  |TAMS 0x0000000081900000, 0x0000000081800000| Complete 
|  25|0x0000000081900000, 0x0000000081a00000, 0x0000000081a00000|100%|HS|  |TAMS 0x0000000081a00000, 0x0000000081900000| Complete 
|  26|0x0000000081a00000, 0x0000000081b00000, 0x0000000081b00000|100%|HS|  |TAMS 0x0000000081b00000, 0x0000000081a00000| Complete 
|  27|0x0000000081b00000, 0x0000000081c00000, 0x0000000081c00000|100%|HC|  |TAMS 0x0000000081c00000, 0x0000000081b00000| Complete 
|  28|0x0000000081c00000, 0x0000000081d00000, 0x0000000081d00000|100%|HC|  |TAMS 0x0000000081d00000, 0x0000000081c00000| Complete 
|  29|0x0000000081d00000, 0x0000000081e00000, 0x0000000081e00000|100%|HS|  |TAMS 0x0000000081e00000, 0x0000000081d00000| Complete 
|  30|0x0000000081e00000, 0x0000000081f00000, 0x0000000081f00000|100%|HC|  |TAMS 0x0000000081f00000, 0x0000000081e00000| Complete 
|  31|0x0000000081f00000, 0x0000000082000000, 0x0000000082000000|100%| O|  |TAMS 0x0000000082000000, 0x0000000081f00000| Untracked 
|  32|0x0000000082000000, 0x0000000082100000, 0x0000000082100000|100%| O|  |TAMS 0x0000000082100000, 0x0000000082000000| Untracked 
|  33|0x0000000082100000, 0x0000000082200000, 0x0000000082200000|100%| O|  |TAMS 0x0000000082200000, 0x0000000082100000| Untracked 
|  34|0x0000000082200000, 0x0000000082300000, 0x0000000082300000|100%| O|  |TAMS 0x0000000082300000, 0x0000000082200000| Untracked 
|  35|0x0000000082300000, 0x0000000082400000, 0x0000000082400000|100%| O|  |TAMS 0x0000000082400000, 0x0000000082300000| Untracked 
|  36|0x0000000082400000, 0x0000000082500000, 0x0000000082500000|100%| O|  |TAMS 0x0000000082500000, 0x0000000082400000| Untracked 
|  37|0x0000000082500000, 0x0000000082600000, 0x0000000082600000|100%| O|  |TAMS 0x0000000082600000, 0x0000000082500000| Untracked 
|  38|0x0000000082600000, 0x0000000082700000, 0x0000000082700000|100%| O|  |TAMS 0x0000000082700000, 0x0000000082600000| Untracked 
|  39|0x0000000082700000, 0x0000000082800000, 0x0000000082800000|100%| O|  |TAMS 0x0000000082800000, 0x0000000082700000| Untracked 
|  40|0x0000000082800000, 0x0000000082900000, 0x0000000082900000|100%| O|  |TAMS 0x0000000082900000, 0x0000000082800000| Untracked 
|  41|0x0000000082900000, 0x0000000082a00000, 0x0000000082a00000|100%| O|  |TAMS 0x0000000082a00000, 0x0000000082900000| Untracked 
|  42|0x0000000082a00000, 0x0000000082b00000, 0x0000000082b00000|100%| O|  |TAMS 0x0000000082b00000, 0x0000000082a00000| Untracked 
|  43|0x0000000082b00000, 0x0000000082c00000, 0x0000000082c00000|100%| O|  |TAMS 0x0000000082c00000, 0x0000000082b00000| Untracked 
|  44|0x0000000082c00000, 0x0000000082d00000, 0x0000000082d00000|100%| O|  |TAMS 0x0000000082d00000, 0x0000000082c00000| Untracked 
|  45|0x0000000082d00000, 0x0000000082e00000, 0x0000000082e00000|100%| O|  |TAMS 0x0000000082e00000, 0x0000000082d00000| Untracked 
|  46|0x0000000082e00000, 0x0000000082f00000, 0x0000000082f00000|100%| O|  |TAMS 0x0000000082f00000, 0x0000000082e00000| Untracked 
|  47|0x0000000082f00000, 0x0000000083000000, 0x0000000083000000|100%| O|  |TAMS 0x0000000083000000, 0x0000000082f00000| Untracked 
|  48|0x0000000083000000, 0x0000000083100000, 0x0000000083100000|100%| O|  |TAMS 0x0000000083100000, 0x0000000083000000| Untracked 
|  49|0x0000000083100000, 0x0000000083200000, 0x0000000083200000|100%| O|  |TAMS 0x0000000083200000, 0x0000000083100000| Untracked 
|  50|0x0000000083200000, 0x0000000083300000, 0x0000000083300000|100%| O|  |TAMS 0x0000000083300000, 0x0000000083200000| Untracked 
|  51|0x0000000083300000, 0x0000000083400000, 0x0000000083400000|100%| O|  |TAMS 0x0000000083400000, 0x0000000083300000| Untracked 
|  52|0x0000000083400000, 0x0000000083500000, 0x0000000083500000|100%| O|  |TAMS 0x0000000083500000, 0x0000000083400000| Untracked 
|  53|0x0000000083500000, 0x0000000083600000, 0x0000000083600000|100%| O|  |TAMS 0x0000000083600000, 0x0000000083500000| Untracked 
|  54|0x0000000083600000, 0x0000000083700000, 0x0000000083700000|100%| O|  |TAMS 0x0000000083700000, 0x0000000083600000| Untracked 
|  55|0x0000000083700000, 0x0000000083800000, 0x0000000083800000|100%| O|  |TAMS 0x0000000083800000, 0x0000000083700000| Untracked 
|  56|0x0000000083800000, 0x0000000083900000, 0x0000000083900000|100%| O|  |TAMS 0x0000000083900000, 0x0000000083800000| Untracked 
|  57|0x0000000083900000, 0x0000000083a00000, 0x0000000083a00000|100%| O|  |TAMS 0x0000000083a00000, 0x0000000083900000| Untracked 
|  58|0x0000000083a00000, 0x0000000083b00000, 0x0000000083b00000|100%| O|  |TAMS 0x0000000083b00000, 0x0000000083a00000| Untracked 
|  59|0x0000000083b00000, 0x0000000083c00000, 0x0000000083c00000|100%| O|  |TAMS 0x0000000083c00000, 0x0000000083b00000| Untracked 
|  60|0x0000000083c00000, 0x0000000083d00000, 0x0000000083d00000|100%| O|  |TAMS 0x0000000083d00000, 0x0000000083c00000| Untracked 
|  61|0x0000000083d00000, 0x0000000083e00000, 0x0000000083e00000|100%| O|  |TAMS 0x0000000083e00000, 0x0000000083d00000| Untracked 
|  62|0x0000000083e00000, 0x0000000083f00000, 0x0000000083f00000|100%| O|  |TAMS 0x0000000083f00000, 0x0000000083e00000| Untracked 
|  63|0x0000000083f00000, 0x0000000084000000, 0x0000000084000000|100%| O|  |TAMS 0x0000000084000000, 0x0000000083f00000| Untracked 
|  64|0x0000000084000000, 0x0000000084100000, 0x0000000084100000|100%| O|  |TAMS 0x0000000084100000, 0x0000000084000000| Untracked 
|  65|0x0000000084100000, 0x0000000084200000, 0x0000000084200000|100%| O|  |TAMS 0x0000000084200000, 0x0000000084100000| Untracked 
|  66|0x0000000084200000, 0x0000000084300000, 0x0000000084300000|100%| O|  |TAMS 0x0000000084300000, 0x0000000084200000| Untracked 
|  67|0x0000000084300000, 0x0000000084400000, 0x0000000084400000|100%| O|  |TAMS 0x0000000084400000, 0x0000000084300000| Untracked 
|  68|0x0000000084400000, 0x0000000084500000, 0x0000000084500000|100%| O|  |TAMS 0x0000000084500000, 0x0000000084400000| Untracked 
|  69|0x0000000084500000, 0x0000000084600000, 0x0000000084600000|100%| O|  |TAMS 0x0000000084600000, 0x0000000084500000| Untracked 
|  70|0x0000000084600000, 0x0000000084700000, 0x0000000084700000|100%| O|  |TAMS 0x0000000084700000, 0x0000000084600000| Untracked 
|  71|0x0000000084700000, 0x0000000084800000, 0x0000000084800000|100%| O|  |TAMS 0x0000000084800000, 0x0000000084700000| Untracked 
|  72|0x0000000084800000, 0x0000000084900000, 0x0000000084900000|100%| O|  |TAMS 0x0000000084900000, 0x0000000084800000| Untracked 
|  73|0x0000000084900000, 0x0000000084a00000, 0x0000000084a00000|100%| O|  |TAMS 0x0000000084a00000, 0x0000000084900000| Untracked 
|  74|0x0000000084a00000, 0x0000000084b00000, 0x0000000084b00000|100%| O|  |TAMS 0x0000000084b00000, 0x0000000084a00000| Untracked 
|  75|0x0000000084b00000, 0x0000000084c00000, 0x0000000084c00000|100%| O|  |TAMS 0x0000000084c00000, 0x0000000084b00000| Untracked 
|  76|0x0000000084c00000, 0x0000000084d00000, 0x0000000084d00000|100%| O|  |TAMS 0x0000000084d00000, 0x0000000084c00000| Untracked 
|  77|0x0000000084d00000, 0x0000000084e00000, 0x0000000084e00000|100%| O|  |TAMS 0x0000000084e00000, 0x0000000084d00000| Untracked 
|  78|0x0000000084e00000, 0x0000000084f00000, 0x0000000084f00000|100%| O|  |TAMS 0x0000000084f00000, 0x0000000084e00000| Untracked 
|  79|0x0000000084f00000, 0x0000000085000000, 0x0000000085000000|100%| O|  |TAMS 0x0000000085000000, 0x0000000084f00000| Untracked 
|  80|0x0000000085000000, 0x0000000085100000, 0x0000000085100000|100%| O|  |TAMS 0x0000000085100000, 0x0000000085000000| Untracked 
|  81|0x0000000085100000, 0x0000000085200000, 0x0000000085200000|100%| O|  |TAMS 0x0000000085200000, 0x0000000085100000| Untracked 
|  82|0x0000000085200000, 0x0000000085300000, 0x0000000085300000|100%| O|  |TAMS 0x0000000085300000, 0x0000000085200000| Untracked 
|  83|0x0000000085300000, 0x0000000085400000, 0x0000000085400000|100%| O|  |TAMS 0x0000000085400000, 0x0000000085300000| Untracked 
|  84|0x0000000085400000, 0x0000000085500000, 0x0000000085500000|100%| O|  |TAMS 0x0000000085431c00, 0x0000000085400000| Untracked 
|  85|0x0000000085500000, 0x0000000085600000, 0x0000000085600000|100%| O|  |TAMS 0x0000000085500000, 0x0000000085500000| Untracked 
|  86|0x0000000085600000, 0x0000000085700000, 0x0000000085700000|100%| O|  |TAMS 0x0000000085600000, 0x0000000085600000| Untracked 
|  87|0x0000000085700000, 0x0000000085800000, 0x0000000085800000|100%| O|  |TAMS 0x0000000085700000, 0x0000000085700000| Untracked 
|  88|0x0000000085800000, 0x0000000085900000, 0x0000000085900000|100%| O|  |TAMS 0x0000000085800000, 0x0000000085800000| Untracked 
|  89|0x0000000085900000, 0x0000000085a00000, 0x0000000085a00000|100%| O|  |TAMS 0x0000000085900000, 0x0000000085900000| Untracked 
|  90|0x0000000085a00000, 0x0000000085b00000, 0x0000000085b00000|100%| O|  |TAMS 0x0000000085a00000, 0x0000000085a00000| Untracked 
|  91|0x0000000085b00000, 0x0000000085c00000, 0x0000000085c00000|100%| O|  |TAMS 0x0000000085b00000, 0x0000000085b00000| Untracked 
|  92|0x0000000085c00000, 0x0000000085d00000, 0x0000000085d00000|100%| O|  |TAMS 0x0000000085c00000, 0x0000000085c00000| Untracked 
|  93|0x0000000085d00000, 0x0000000085e00000, 0x0000000085e00000|100%| O|  |TAMS 0x0000000085d00000, 0x0000000085d00000| Untracked 
|  94|0x0000000085e00000, 0x0000000085f00000, 0x0000000085f00000|100%| O|  |TAMS 0x0000000085e00000, 0x0000000085e00000| Untracked 
|  95|0x0000000085f00000, 0x0000000086000000, 0x0000000086000000|100%| O|  |TAMS 0x0000000085f00000, 0x0000000085f00000| Untracked 
|  96|0x0000000086000000, 0x0000000086100000, 0x0000000086100000|100%| O|  |TAMS 0x0000000086000000, 0x0000000086000000| Untracked 
|  97|0x0000000086100000, 0x0000000086200000, 0x0000000086200000|100%| O|  |TAMS 0x0000000086100000, 0x0000000086100000| Untracked 
|  98|0x0000000086200000, 0x0000000086300000, 0x0000000086300000|100%| O|  |TAMS 0x0000000086200000, 0x0000000086200000| Untracked 
|  99|0x0000000086300000, 0x0000000086400000, 0x0000000086400000|100%| O|  |TAMS 0x0000000086300000, 0x0000000086300000| Untracked 
| 100|0x0000000086400000, 0x0000000086500000, 0x0000000086500000|100%| O|  |TAMS 0x0000000086400000, 0x0000000086400000| Untracked 
| 101|0x0000000086500000, 0x0000000086600000, 0x0000000086600000|100%| O|  |TAMS 0x0000000086500000, 0x0000000086500000| Untracked 
| 102|0x0000000086600000, 0x0000000086700000, 0x0000000086700000|100%| O|  |TAMS 0x0000000086600000, 0x0000000086600000| Untracked 
| 103|0x0000000086700000, 0x0000000086800000, 0x0000000086800000|100%| O|  |TAMS 0x0000000086700000, 0x0000000086700000| Untracked 
| 104|0x0000000086800000, 0x0000000086900000, 0x0000000086900000|100%| O|  |TAMS 0x0000000086800000, 0x0000000086800000| Untracked 
| 105|0x0000000086900000, 0x0000000086a00000, 0x0000000086a00000|100%| O|  |TAMS 0x0000000086900000, 0x0000000086900000| Untracked 
| 106|0x0000000086a00000, 0x0000000086a53c00, 0x0000000086b00000| 32%| O|  |TAMS 0x0000000086a00000, 0x0000000086a00000| Untracked 
| 107|0x0000000086b00000, 0x0000000086b00000, 0x0000000086c00000|  0%| F|  |TAMS 0x0000000086b00000, 0x0000000086b00000| Untracked 
| 108|0x0000000086c00000, 0x0000000086c00000, 0x0000000086d00000|  0%| F|  |TAMS 0x0000000086c00000, 0x0000000086c00000| Untracked 
| 109|0x0000000086d00000, 0x0000000086d00000, 0x0000000086e00000|  0%| F|  |TAMS 0x0000000086d00000, 0x0000000086d00000| Untracked 
| 110|0x0000000086e00000, 0x0000000086e00000, 0x0000000086f00000|  0%| F|  |TAMS 0x0000000086e00000, 0x0000000086e00000| Untracked 
| 111|0x0000000086f00000, 0x0000000086f00000, 0x0000000087000000|  0%| F|  |TAMS 0x0000000086f00000, 0x0000000086f00000| Untracked 
| 112|0x0000000087000000, 0x0000000087000000, 0x0000000087100000|  0%| F|  |TAMS 0x0000000087000000, 0x0000000087000000| Untracked 
| 113|0x0000000087100000, 0x0000000087100000, 0x0000000087200000|  0%| F|  |TAMS 0x0000000087100000, 0x0000000087100000| Untracked 
| 114|0x0000000087200000, 0x0000000087200000, 0x0000000087300000|  0%| F|  |TAMS 0x0000000087200000, 0x0000000087200000| Untracked 
| 115|0x0000000087300000, 0x0000000087300000, 0x0000000087400000|  0%| F|  |TAMS 0x0000000087300000, 0x0000000087300000| Untracked 
| 116|0x0000000087400000, 0x0000000087400000, 0x0000000087500000|  0%| F|  |TAMS 0x0000000087400000, 0x0000000087400000| Untracked 
| 117|0x0000000087500000, 0x0000000087500000, 0x0000000087600000|  0%| F|  |TAMS 0x0000000087500000, 0x0000000087500000| Untracked 
| 118|0x0000000087600000, 0x0000000087600000, 0x0000000087700000|  0%| F|  |TAMS 0x0000000087600000, 0x0000000087600000| Untracked 
| 119|0x0000000087700000, 0x0000000087700000, 0x0000000087800000|  0%| F|  |TAMS 0x0000000087700000, 0x0000000087700000| Untracked 
| 120|0x0000000087800000, 0x0000000087800000, 0x0000000087900000|  0%| F|  |TAMS 0x0000000087800000, 0x0000000087800000| Untracked 
| 121|0x0000000087900000, 0x0000000087900000, 0x0000000087a00000|  0%| F|  |TAMS 0x0000000087900000, 0x0000000087900000| Untracked 
| 122|0x0000000087a00000, 0x0000000087a00000, 0x0000000087b00000|  0%| F|  |TAMS 0x0000000087a00000, 0x0000000087a00000| Untracked 
| 123|0x0000000087b00000, 0x0000000087b00000, 0x0000000087c00000|  0%| F|  |TAMS 0x0000000087b00000, 0x0000000087b00000| Untracked 
| 124|0x0000000087c00000, 0x0000000087c00000, 0x0000000087d00000|  0%| F|  |TAMS 0x0000000087c00000, 0x0000000087c00000| Untracked 
| 125|0x0000000087d00000, 0x0000000087d00000, 0x0000000087e00000|  0%| F|  |TAMS 0x0000000087d00000, 0x0000000087d00000| Untracked 
| 126|0x0000000087e00000, 0x0000000087e00000, 0x0000000087f00000|  0%| F|  |TAMS 0x0000000087e00000, 0x0000000087e00000| Untracked 
| 127|0x0000000087f00000, 0x0000000087f00000, 0x0000000088000000|  0%| F|  |TAMS 0x0000000087f00000, 0x0000000087f00000| Untracked 
| 128|0x0000000088000000, 0x0000000088000000, 0x0000000088100000|  0%| F|  |TAMS 0x0000000088000000, 0x0000000088000000| Untracked 
| 129|0x0000000088100000, 0x0000000088100000, 0x0000000088200000|  0%| F|  |TAMS 0x0000000088100000, 0x0000000088100000| Untracked 
| 130|0x0000000088200000, 0x0000000088200000, 0x0000000088300000|  0%| F|  |TAMS 0x0000000088200000, 0x0000000088200000| Untracked 
| 131|0x0000000088300000, 0x0000000088300000, 0x0000000088400000|  0%| F|  |TAMS 0x0000000088300000, 0x0000000088300000| Untracked 
| 132|0x0000000088400000, 0x0000000088400000, 0x0000000088500000|  0%| F|  |TAMS 0x0000000088400000, 0x0000000088400000| Untracked 
| 133|0x0000000088500000, 0x0000000088500000, 0x0000000088600000|  0%| F|  |TAMS 0x0000000088500000, 0x0000000088500000| Untracked 
| 134|0x0000000088600000, 0x0000000088600000, 0x0000000088700000|  0%| F|  |TAMS 0x0000000088600000, 0x0000000088600000| Untracked 
| 135|0x0000000088700000, 0x0000000088700000, 0x0000000088800000|  0%| F|  |TAMS 0x0000000088700000, 0x0000000088700000| Untracked 
| 136|0x0000000088800000, 0x0000000088800000, 0x0000000088900000|  0%| F|  |TAMS 0x0000000088800000, 0x0000000088800000| Untracked 
| 137|0x0000000088900000, 0x0000000088900000, 0x0000000088a00000|  0%| F|  |TAMS 0x0000000088900000, 0x0000000088900000| Untracked 
| 138|0x0000000088a00000, 0x0000000088a00000, 0x0000000088b00000|  0%| F|  |TAMS 0x0000000088a00000, 0x0000000088a00000| Untracked 
| 139|0x0000000088b00000, 0x0000000088b00000, 0x0000000088c00000|  0%| F|  |TAMS 0x0000000088b00000, 0x0000000088b00000| Untracked 
| 140|0x0000000088c00000, 0x0000000088c00000, 0x0000000088d00000|  0%| F|  |TAMS 0x0000000088c00000, 0x0000000088c00000| Untracked 
| 141|0x0000000088d00000, 0x0000000088d00000, 0x0000000088e00000|  0%| F|  |TAMS 0x0000000088d00000, 0x0000000088d00000| Untracked 
| 142|0x0000000088e00000, 0x0000000088e00000, 0x0000000088f00000|  0%| F|  |TAMS 0x0000000088e00000, 0x0000000088e00000| Untracked 
| 143|0x0000000088f00000, 0x0000000088f00000, 0x0000000089000000|  0%| F|  |TAMS 0x0000000088f00000, 0x0000000088f00000| Untracked 
| 144|0x0000000089000000, 0x0000000089100000, 0x0000000089100000|100%| S|CS|TAMS 0x0000000089000000, 0x0000000089000000| Complete 
| 145|0x0000000089100000, 0x0000000089200000, 0x0000000089200000|100%| S|CS|TAMS 0x0000000089100000, 0x0000000089100000| Complete 
| 146|0x0000000089200000, 0x0000000089300000, 0x0000000089300000|100%| S|CS|TAMS 0x0000000089200000, 0x0000000089200000| Complete 
| 147|0x0000000089300000, 0x0000000089400000, 0x0000000089400000|100%| S|CS|TAMS 0x0000000089300000, 0x0000000089300000| Complete 
| 148|0x0000000089400000, 0x0000000089500000, 0x0000000089500000|100%| S|CS|TAMS 0x0000000089400000, 0x0000000089400000| Complete 
| 149|0x0000000089500000, 0x0000000089600000, 0x0000000089600000|100%| S|CS|TAMS 0x0000000089500000, 0x0000000089500000| Complete 
| 150|0x0000000089600000, 0x0000000089700000, 0x0000000089700000|100%| S|CS|TAMS 0x0000000089600000, 0x0000000089600000| Complete 
| 151|0x0000000089700000, 0x0000000089800000, 0x0000000089800000|100%| S|CS|TAMS 0x0000000089700000, 0x0000000089700000| Complete 
| 152|0x0000000089800000, 0x0000000089900000, 0x0000000089900000|100%| S|CS|TAMS 0x0000000089800000, 0x0000000089800000| Complete 
| 153|0x0000000089900000, 0x0000000089a00000, 0x0000000089a00000|100%| S|CS|TAMS 0x0000000089900000, 0x0000000089900000| Complete 
| 154|0x0000000089a00000, 0x0000000089a00000, 0x0000000089b00000|  0%| F|  |TAMS 0x0000000089a00000, 0x0000000089a00000| Untracked 
| 155|0x0000000089b00000, 0x0000000089b00000, 0x0000000089c00000|  0%| F|  |TAMS 0x0000000089b00000, 0x0000000089b00000| Untracked 
| 156|0x0000000089c00000, 0x0000000089c00000, 0x0000000089d00000|  0%| F|  |TAMS 0x0000000089c00000, 0x0000000089c00000| Untracked 
| 157|0x0000000089d00000, 0x0000000089d00000, 0x0000000089e00000|  0%| F|  |TAMS 0x0000000089d00000, 0x0000000089d00000| Untracked 
| 158|0x0000000089e00000, 0x0000000089e00000, 0x0000000089f00000|  0%| F|  |TAMS 0x0000000089e00000, 0x0000000089e00000| Untracked 
| 159|0x0000000089f00000, 0x0000000089f00000, 0x000000008a000000|  0%| F|  |TAMS 0x0000000089f00000, 0x0000000089f00000| Untracked 
| 160|0x000000008a000000, 0x000000008a000000, 0x000000008a100000|  0%| F|  |TAMS 0x000000008a000000, 0x000000008a000000| Untracked 
| 161|0x000000008a100000, 0x000000008a100000, 0x000000008a200000|  0%| F|  |TAMS 0x000000008a100000, 0x000000008a100000| Untracked 
| 162|0x000000008a200000, 0x000000008a200000, 0x000000008a300000|  0%| F|  |TAMS 0x000000008a200000, 0x000000008a200000| Untracked 
| 163|0x000000008a300000, 0x000000008a300000, 0x000000008a400000|  0%| F|  |TAMS 0x000000008a300000, 0x000000008a300000| Untracked 
| 164|0x000000008a400000, 0x000000008a400000, 0x000000008a500000|  0%| F|  |TAMS 0x000000008a400000, 0x000000008a400000| Untracked 
| 165|0x000000008a500000, 0x000000008a500000, 0x000000008a600000|  0%| F|  |TAMS 0x000000008a500000, 0x000000008a500000| Untracked 
| 166|0x000000008a600000, 0x000000008a600000, 0x000000008a700000|  0%| F|  |TAMS 0x000000008a600000, 0x000000008a600000| Untracked 
| 167|0x000000008a700000, 0x000000008a700000, 0x000000008a800000|  0%| F|  |TAMS 0x000000008a700000, 0x000000008a700000| Untracked 
| 168|0x000000008a800000, 0x000000008a800000, 0x000000008a900000|  0%| F|  |TAMS 0x000000008a800000, 0x000000008a800000| Untracked 
| 169|0x000000008a900000, 0x000000008a900000, 0x000000008aa00000|  0%| F|  |TAMS 0x000000008a900000, 0x000000008a900000| Untracked 
| 170|0x000000008aa00000, 0x000000008aa00000, 0x000000008ab00000|  0%| F|  |TAMS 0x000000008aa00000, 0x000000008aa00000| Untracked 
| 171|0x000000008ab00000, 0x000000008ab00000, 0x000000008ac00000|  0%| F|  |TAMS 0x000000008ab00000, 0x000000008ab00000| Untracked 
| 172|0x000000008ac00000, 0x000000008ac00000, 0x000000008ad00000|  0%| F|  |TAMS 0x000000008ac00000, 0x000000008ac00000| Untracked 
| 173|0x000000008ad00000, 0x000000008ad00000, 0x000000008ae00000|  0%| F|  |TAMS 0x000000008ad00000, 0x000000008ad00000| Untracked 
| 174|0x000000008ae00000, 0x000000008ae00000, 0x000000008af00000|  0%| F|  |TAMS 0x000000008ae00000, 0x000000008ae00000| Untracked 
| 175|0x000000008af00000, 0x000000008af00000, 0x000000008b000000|  0%| F|  |TAMS 0x000000008af00000, 0x000000008af00000| Untracked 
| 176|0x000000008b000000, 0x000000008b000000, 0x000000008b100000|  0%| F|  |TAMS 0x000000008b000000, 0x000000008b000000| Untracked 
| 177|0x000000008b100000, 0x000000008b100000, 0x000000008b200000|  0%| F|  |TAMS 0x000000008b100000, 0x000000008b100000| Untracked 
| 178|0x000000008b200000, 0x000000008b200000, 0x000000008b300000|  0%| F|  |TAMS 0x000000008b200000, 0x000000008b200000| Untracked 
| 179|0x000000008b300000, 0x000000008b300000, 0x000000008b400000|  0%| F|  |TAMS 0x000000008b300000, 0x000000008b300000| Untracked 
| 180|0x000000008b400000, 0x000000008b400000, 0x000000008b500000|  0%| F|  |TAMS 0x000000008b400000, 0x000000008b400000| Untracked 
| 181|0x000000008b500000, 0x000000008b500000, 0x000000008b600000|  0%| F|  |TAMS 0x000000008b500000, 0x000000008b500000| Untracked 
| 182|0x000000008b600000, 0x000000008b600000, 0x000000008b700000|  0%| F|  |TAMS 0x000000008b600000, 0x000000008b600000| Untracked 
| 183|0x000000008b700000, 0x000000008b700000, 0x000000008b800000|  0%| F|  |TAMS 0x000000008b700000, 0x000000008b700000| Untracked 
| 184|0x000000008b800000, 0x000000008b800000, 0x000000008b900000|  0%| F|  |TAMS 0x000000008b800000, 0x000000008b800000| Untracked 
| 185|0x000000008b900000, 0x000000008b900000, 0x000000008ba00000|  0%| F|  |TAMS 0x000000008b900000, 0x000000008b900000| Untracked 
| 186|0x000000008ba00000, 0x000000008ba00000, 0x000000008bb00000|  0%| F|  |TAMS 0x000000008ba00000, 0x000000008ba00000| Untracked 
| 187|0x000000008bb00000, 0x000000008bb00000, 0x000000008bc00000|  0%| F|  |TAMS 0x000000008bb00000, 0x000000008bb00000| Untracked 
| 188|0x000000008bc00000, 0x000000008bc00000, 0x000000008bd00000|  0%| F|  |TAMS 0x000000008bc00000, 0x000000008bc00000| Untracked 
| 189|0x000000008bd00000, 0x000000008bd00000, 0x000000008be00000|  0%| F|  |TAMS 0x000000008bd00000, 0x000000008bd00000| Untracked 
| 190|0x000000008be00000, 0x000000008be00000, 0x000000008bf00000|  0%| F|  |TAMS 0x000000008be00000, 0x000000008be00000| Untracked 
| 191|0x000000008bf00000, 0x000000008bf00000, 0x000000008c000000|  0%| F|  |TAMS 0x000000008bf00000, 0x000000008bf00000| Untracked 
| 192|0x000000008c000000, 0x000000008c000000, 0x000000008c100000|  0%| F|  |TAMS 0x000000008c000000, 0x000000008c000000| Untracked 
| 193|0x000000008c100000, 0x000000008c100000, 0x000000008c200000|  0%| F|  |TAMS 0x000000008c100000, 0x000000008c100000| Untracked 
| 194|0x000000008c200000, 0x000000008c200000, 0x000000008c300000|  0%| F|  |TAMS 0x000000008c200000, 0x000000008c200000| Untracked 
| 195|0x000000008c300000, 0x000000008c300000, 0x000000008c400000|  0%| F|  |TAMS 0x000000008c300000, 0x000000008c300000| Untracked 
| 196|0x000000008c400000, 0x000000008c400000, 0x000000008c500000|  0%| F|  |TAMS 0x000000008c400000, 0x000000008c400000| Untracked 
| 197|0x000000008c500000, 0x000000008c500000, 0x000000008c600000|  0%| F|  |TAMS 0x000000008c500000, 0x000000008c500000| Untracked 
| 198|0x000000008c600000, 0x000000008c69ec80, 0x000000008c700000| 62%| E|  |TAMS 0x000000008c600000, 0x000000008c600000| Complete 
| 199|0x000000008c700000, 0x000000008c800000, 0x000000008c800000|100%| E|CS|TAMS 0x000000008c700000, 0x000000008c700000| Complete 
| 200|0x000000008c800000, 0x000000008c900000, 0x000000008c900000|100%| E|CS|TAMS 0x000000008c800000, 0x000000008c800000| Complete 
| 201|0x000000008c900000, 0x000000008ca00000, 0x000000008ca00000|100%| E|CS|TAMS 0x000000008c900000, 0x000000008c900000| Complete 
| 202|0x000000008ca00000, 0x000000008cb00000, 0x000000008cb00000|100%| E|CS|TAMS 0x000000008ca00000, 0x000000008ca00000| Complete 
| 203|0x000000008cb00000, 0x000000008cc00000, 0x000000008cc00000|100%| E|CS|TAMS 0x000000008cb00000, 0x000000008cb00000| Complete 
| 204|0x000000008cc00000, 0x000000008cd00000, 0x000000008cd00000|100%| E|CS|TAMS 0x000000008cc00000, 0x000000008cc00000| Complete 
| 205|0x000000008cd00000, 0x000000008ce00000, 0x000000008ce00000|100%| E|CS|TAMS 0x000000008cd00000, 0x000000008cd00000| Complete 
| 206|0x000000008ce00000, 0x000000008cf00000, 0x000000008cf00000|100%| E|CS|TAMS 0x000000008ce00000, 0x000000008ce00000| Complete 
| 207|0x000000008cf00000, 0x000000008d000000, 0x000000008d000000|100%| E|CS|TAMS 0x000000008cf00000, 0x000000008cf00000| Complete 
| 208|0x000000008d000000, 0x000000008d100000, 0x000000008d100000|100%| E|CS|TAMS 0x000000008d000000, 0x000000008d000000| Complete 
| 209|0x000000008d100000, 0x000000008d200000, 0x000000008d200000|100%| E|CS|TAMS 0x000000008d100000, 0x000000008d100000| Complete 
| 210|0x000000008d200000, 0x000000008d300000, 0x000000008d300000|100%| E|CS|TAMS 0x000000008d200000, 0x000000008d200000| Complete 
| 211|0x000000008d300000, 0x000000008d400000, 0x000000008d400000|100%| E|CS|TAMS 0x000000008d300000, 0x000000008d300000| Complete 
| 212|0x000000008d400000, 0x000000008d500000, 0x000000008d500000|100%| E|CS|TAMS 0x000000008d400000, 0x000000008d400000| Complete 
| 213|0x000000008d500000, 0x000000008d600000, 0x000000008d600000|100%| E|CS|TAMS 0x000000008d500000, 0x000000008d500000| Complete 
| 214|0x000000008d600000, 0x000000008d700000, 0x000000008d700000|100%| E|CS|TAMS 0x000000008d600000, 0x000000008d600000| Complete 
| 215|0x000000008d700000, 0x000000008d800000, 0x000000008d800000|100%| E|CS|TAMS 0x000000008d700000, 0x000000008d700000| Complete 
| 216|0x000000008d800000, 0x000000008d900000, 0x000000008d900000|100%| E|CS|TAMS 0x000000008d800000, 0x000000008d800000| Complete 
| 217|0x000000008d900000, 0x000000008da00000, 0x000000008da00000|100%| E|CS|TAMS 0x000000008d900000, 0x000000008d900000| Complete 
| 218|0x000000008da00000, 0x000000008db00000, 0x000000008db00000|100%| E|CS|TAMS 0x000000008da00000, 0x000000008da00000| Complete 
| 219|0x000000008db00000, 0x000000008dc00000, 0x000000008dc00000|100%| E|CS|TAMS 0x000000008db00000, 0x000000008db00000| Complete 

Card table byte_map: [0x0000020460100000,0x0000020460500000] _byte_map_base: 0x000002045fd00000

Marking Bits (Prev, Next): (CMBitMap*) 0x000002044c7bd570, (CMBitMap*) 0x000002044c7bd538
 Prev Bits: [0x0000020462900000, 0x0000020464900000)
 Next Bits: [0x0000020460900000, 0x0000020462900000)

Polling page: 0x000002044c860000

Metaspace:

Usage:
  Non-class:     79.96 MB capacity,    78.56 MB ( 98%) used,     1.15 MB (  1%) free+waste,   264.50 KB ( <1%) overhead. 
      Class:     12.49 MB capacity,    11.67 MB ( 93%) used,   728.05 KB (  6%) free+waste,   119.75 KB ( <1%) overhead. 
       Both:     92.46 MB capacity,    90.22 MB ( 98%) used,     1.86 MB (  2%) free+waste,   384.25 KB ( <1%) overhead. 

Virtual space:
  Non-class space:       82.00 MB reserved,      80.25 MB ( 98%) committed 
      Class space:        1.00 GB reserved,      12.57 MB (  1%) committed 
             Both:        1.08 GB reserved,      92.82 MB (  8%) committed 

Chunk freelists:
   Non-Class:  164.00 KB
       Class:  71.00 KB
        Both:  235.00 KB

MaxMetaspaceSize: 17179869184.00 GB
CompressedClassSpaceSize: 1.00 GB

CodeHeap 'non-profiled nmethods': size=120000Kb used=6519Kb max_used=6519Kb free=113480Kb
 bounds [0x0000020457d60000, 0x00000204583c0000, 0x000002045f290000]
CodeHeap 'profiled nmethods': size=120000Kb used=23456Kb max_used=23456Kb free=96543Kb
 bounds [0x0000020450830000, 0x0000020451f20000, 0x0000020457d60000]
CodeHeap 'non-nmethods': size=5760Kb used=2294Kb max_used=2356Kb free=3465Kb
 bounds [0x0000020450290000, 0x0000020450500000, 0x0000020450830000]
 total_blobs=11823 nmethods=10925 adapters=809
 compilation: enabled
              stopped_count=0, restarted_count=0
 full_count=0

Compilation events (20 events):
Event: 9.638 Thread 0x0000020467da1800 nmethod 10980 0x0000020451f14790 code [0x0000020451f14940, 0x0000020451f14a78]
Event: 9.638 Thread 0x0000020467da1800 10962       2       com.android.tools.r8.graph.e0::F (4 bytes)
Event: 9.638 Thread 0x0000020467da1800 nmethod 10962 0x0000020451f14b10 code [0x0000020451f14cc0, 0x0000020451f14d98]
Event: 9.638 Thread 0x0000020467da1800 10981       2       com.android.tools.r8.graph.B0$a::a (21 bytes)
Event: 9.638 Thread 0x0000020467da1800 nmethod 10981 0x0000020451f14e10 code [0x0000020451f14fc0, 0x0000020451f150e8]
Event: 9.638 Thread 0x0000020467da1800 10963       2       com.android.tools.r8.graph.h0::<init> (7 bytes)
Event: 9.638 Thread 0x0000020467da1800 nmethod 10963 0x0000020451f15190 code [0x0000020451f15340, 0x0000020451f15438]
Event: 9.638 Thread 0x0000020467da1800 10964       2       com.android.tools.r8.graph.B0::a (8 bytes)
Event: 9.638 Thread 0x0000020467da1800 nmethod 10964 0x0000020451f15510 code [0x0000020451f156c0, 0x0000020451f157a8]
Event: 9.638 Thread 0x0000020467da1800 10965       2       com.android.tools.r8.graph.B0::b (91 bytes)
Event: 9.639 Thread 0x0000020467da1800 nmethod 10965 0x0000020451f15890 code [0x0000020451f15aa0, 0x0000020451f15fd8]
Event: 9.639 Thread 0x0000020467da1800 10974       2       com.android.tools.r8.graph.j0$m::j (111 bytes)
Event: 9.639 Thread 0x0000020467da1800 nmethod 10974 0x0000020451f16290 code [0x0000020451f164a0, 0x0000020451f16a28]
Event: 9.639 Thread 0x0000020467da1800 10986       2       com.android.tools.r8.graph.B0::b (147 bytes)
Event: 9.640 Thread 0x0000020467da1800 nmethod 10986 0x0000020451f16d10 code [0x0000020451f16f40, 0x0000020451f17608]
Event: 9.640 Thread 0x0000020467da1800 10984       2       com.android.tools.r8.graph.f0$l::g (26 bytes)
Event: 9.640 Thread 0x0000020467da1800 nmethod 10984 0x0000020451f17910 code [0x0000020451f17ac0, 0x0000020451f17c38]
Event: 9.640 Thread 0x0000020467da1800 10967       2       com.android.tools.r8.graph.B0$$Lambda$1366/0x0000000100b51840::accept (28 bytes)
Event: 9.640 Thread 0x0000020467da1800 nmethod 10967 0x0000020451f17d10 code [0x0000020451f17ee0, 0x0000020451f181b8]
Event: 9.640 Thread 0x0000020467da1800 10989       2       com.android.tools.r8.internal.T6::a (4191 bytes)

GC Heap History (20 events):
Event: 6.189 GC heap before
{Heap before GC invocations=16 (full 0):
 garbage-first heap   total 155648K, used 115988K [0x0000000080000000, 0x0000000100000000)
  region size 1024K, 63 young (64512K), 6 survivors (6144K)
 Metaspace       used 66674K, capacity 68243K, committed 68428K, reserved 1107968K
  class space    used 8442K, capacity 9023K, committed 9036K, reserved 1048576K
}
Event: 6.195 GC heap after
{Heap after GC invocations=17 (full 0):
 garbage-first heap   total 187392K, used 62526K [0x0000000080000000, 0x0000000100000000)
  region size 1024K, 5 young (5120K), 5 survivors (5120K)
 Metaspace       used 66674K, capacity 68243K, committed 68428K, reserved 1107968K
  class space    used 8442K, capacity 9023K, committed 9036K, reserved 1048576K
}
Event: 6.841 GC heap before
{Heap before GC invocations=17 (full 0):
 garbage-first heap   total 187392K, used 132158K [0x0000000080000000, 0x0000000100000000)
  region size 1024K, 73 young (74752K), 5 survivors (5120K)
 Metaspace       used 74282K, capacity 76016K, committed 76108K, reserved 1116160K
  class space    used 9632K, capacity 10263K, committed 10316K, reserved 1048576K
}
Event: 6.848 GC heap after
{Heap after GC invocations=18 (full 0):
 garbage-first heap   total 187392K, used 66543K [0x0000000080000000, 0x0000000100000000)
  region size 1024K, 9 young (9216K), 9 survivors (9216K)
 Metaspace       used 74282K, capacity 76016K, committed 76108K, reserved 1116160K
  class space    used 9632K, capacity 10263K, committed 10316K, reserved 1048576K
}
Event: 7.521 GC heap before
{Heap before GC invocations=18 (full 0):
 garbage-first heap   total 187392K, used 142319K [0x0000000080000000, 0x0000000100000000)
  region size 1024K, 78 young (79872K), 9 survivors (9216K)
 Metaspace       used 80557K, capacity 82301K, committed 82636K, reserved 1120256K
  class space    used 10445K, capacity 11095K, committed 11212K, reserved 1048576K
}
Event: 7.530 GC heap after
{Heap after GC invocations=19 (full 0):
 garbage-first heap   total 187392K, used 71436K [0x0000000080000000, 0x0000000100000000)
  region size 1024K, 9 young (9216K), 9 survivors (9216K)
 Metaspace       used 80557K, capacity 82301K, committed 82636K, reserved 1120256K
  class space    used 10445K, capacity 11095K, committed 11212K, reserved 1048576K
}
Event: 8.043 GC heap before
{Heap before GC invocations=19 (full 0):
 garbage-first heap   total 187392K, used 141068K [0x0000000080000000, 0x0000000100000000)
  region size 1024K, 78 young (79872K), 9 survivors (9216K)
 Metaspace       used 83503K, capacity 85765K, committed 85836K, reserved 1124352K
  class space    used 10941K, capacity 11782K, committed 11852K, reserved 1048576K
}
Event: 8.054 GC heap after
{Heap after GC invocations=20 (full 0):
 garbage-first heap   total 187392K, used 78476K [0x0000000080000000, 0x0000000100000000)
  region size 1024K, 10 young (10240K), 10 survivors (10240K)
 Metaspace       used 83503K, capacity 85765K, committed 85836K, reserved 1124352K
  class space    used 10941K, capacity 11782K, committed 11852K, reserved 1048576K
}
Event: 8.275 GC heap before
{Heap before GC invocations=20 (full 0):
 garbage-first heap   total 187392K, used 144012K [0x0000000080000000, 0x0000000100000000)
  region size 1024K, 75 young (76800K), 10 survivors (10240K)
 Metaspace       used 83786K, capacity 86072K, committed 86348K, reserved 1124352K
  class space    used 10946K, capacity 11789K, committed 11852K, reserved 1048576K
}
Event: 8.284 GC heap after
{Heap after GC invocations=21 (full 0):
 garbage-first heap   total 187392K, used 83903K [0x0000000080000000, 0x0000000100000000)
  region size 1024K, 6 young (6144K), 6 survivors (6144K)
 Metaspace       used 83786K, capacity 86072K, committed 86348K, reserved 1124352K
  class space    used 10946K, capacity 11789K, committed 11852K, reserved 1048576K
}
Event: 8.560 GC heap before
{Heap before GC invocations=21 (full 0):
 garbage-first heap   total 187392K, used 147391K [0x0000000080000000, 0x0000000100000000)
  region size 1024K, 69 young (70656K), 6 survivors (6144K)
 Metaspace       used 84408K, capacity 86670K, committed 86860K, reserved 1124352K
  class space    used 10992K, capacity 11843K, committed 11852K, reserved 1048576K
}
Event: 8.566 GC heap after
{Heap after GC invocations=22 (full 0):
 garbage-first heap   total 187392K, used 87239K [0x0000000080000000, 0x0000000100000000)
  region size 1024K, 6 young (6144K), 6 survivors (6144K)
 Metaspace       used 84408K, capacity 86670K, committed 86860K, reserved 1124352K
  class space    used 10992K, capacity 11843K, committed 11852K, reserved 1048576K
}
Event: 8.939 GC heap before
{Heap before GC invocations=22 (full 0):
 garbage-first heap   total 187392K, used 148679K [0x0000000080000000, 0x0000000100000000)
  region size 1024K, 67 young (68608K), 6 survivors (6144K)
 Metaspace       used 88392K, capacity 90727K, committed 90956K, reserved 1128448K
  class space    used 11455K, capacity 12313K, committed 12364K, reserved 1048576K
}
Event: 8.944 GC heap after
{Heap after GC invocations=23 (full 0):
 garbage-first heap   total 187392K, used 90311K [0x0000000080000000, 0x0000000100000000)
  region size 1024K, 4 young (4096K), 4 survivors (4096K)
 Metaspace       used 88392K, capacity 90727K, committed 90956K, reserved 1128448K
  class space    used 11455K, capacity 12313K, committed 12364K, reserved 1048576K
}
Event: 9.205 GC heap before
{Heap before GC invocations=23 (full 0):
 garbage-first heap   total 187392K, used 150727K [0x0000000080000000, 0x0000000100000000)
  region size 1024K, 64 young (65536K), 4 survivors (4096K)
 Metaspace       used 89136K, capacity 91498K, committed 91852K, reserved 1128448K
  class space    used 11533K, capacity 12390K, committed 12492K, reserved 1048576K
}
Event: 9.212 GC heap after
{Heap after GC invocations=24 (full 0):
 garbage-first heap   total 187392K, used 94159K [0x0000000080000000, 0x0000000100000000)
  region size 1024K, 8 young (8192K), 8 survivors (8192K)
 Metaspace       used 89136K, capacity 91498K, committed 91852K, reserved 1128448K
  class space    used 11533K, capacity 12390K, committed 12492K, reserved 1048576K
}
Event: 9.419 GC heap before
{Heap before GC invocations=25 (full 0):
 garbage-first heap   total 187392K, used 151503K [0x0000000080000000, 0x0000000100000000)
  region size 1024K, 65 young (66560K), 8 survivors (8192K)
 Metaspace       used 89450K, capacity 91506K, committed 92492K, reserved 1128448K
  class space    used 11517K, capacity 12272K, committed 12620K, reserved 1048576K
}
Event: 9.429 GC heap after
{Heap after GC invocations=26 (full 0):
 garbage-first heap   total 225280K, used 105734K [0x0000000080000000, 0x0000000100000000)
  region size 1024K, 9 young (9216K), 9 survivors (9216K)
 Metaspace       used 89450K, capacity 91506K, committed 92492K, reserved 1128448K
  class space    used 11517K, capacity 12272K, committed 12620K, reserved 1048576K
}
Event: 9.540 GC heap before
{Heap before GC invocations=26 (full 0):
 garbage-first heap   total 225280K, used 172294K [0x0000000080000000, 0x0000000100000000)
  region size 1024K, 75 young (76800K), 9 survivors (9216K)
 Metaspace       used 91044K, capacity 93148K, committed 93900K, reserved 1130496K
  class space    used 11740K, capacity 12524K, committed 12748K, reserved 1048576K
}
Event: 9.545 GC heap after
{Heap after GC invocations=27 (full 0):
 garbage-first heap   total 225280K, used 119119K [0x0000000080000000, 0x0000000100000000)
  region size 1024K, 10 young (10240K), 10 survivors (10240K)
 Metaspace       used 91044K, capacity 93148K, committed 93900K, reserved 1130496K
  class space    used 11740K, capacity 12524K, committed 12748K, reserved 1048576K
}

Deoptimization events (20 events):
Event: 9.440 Thread 0x000002046ad04000 Uncommon trap: trap_request=0xffffff4d fr.pc=0x000002045829f18c relative=0x00000000000001ac
Event: 9.440 Thread 0x000002046ad04000 Uncommon trap: reason=unstable_if action=reinterpret pc=0x000002045829f18c method=com.google.common.collect.MapMakerInternalMap$Segment.getEntry(Ljava/lang/Object;I)Lcom/google/common/collect/MapMakerInternalMap$InternalEntry; @ 63 c2
Event: 9.440 Thread 0x000002046ad04000 DEOPT PACKING pc=0x000002045829f18c sp=0x00000006d2ff2e90
Event: 9.440 Thread 0x000002046ad04000 DEOPT UNPACKING pc=0x00000204502b78af sp=0x00000006d2ff2e48 mode 2
Event: 9.440 Thread 0x000002046ad04000 Uncommon trap: trap_request=0xffffff4d fr.pc=0x00000204582c1f94 relative=0x0000000000002a74
Event: 9.440 Thread 0x000002046ad04000 Uncommon trap: reason=unstable_if action=reinterpret pc=0x00000204582c1f94 method=com.google.common.collect.MapMakerInternalMap$Segment.put(Ljava/lang/Object;ILjava/lang/Object;Z)Ljava/lang/Object; @ 92 c2
Event: 9.440 Thread 0x000002046ad04000 DEOPT PACKING pc=0x00000204582c1f94 sp=0x00000006d2ff2eb0
Event: 9.440 Thread 0x000002046ad04000 DEOPT UNPACKING pc=0x00000204502b78af sp=0x00000006d2ff2e78 mode 2
Event: 9.584 Thread 0x000002046ad03000 Uncommon trap: trap_request=0xffffff4d fr.pc=0x00000204583aea44 relative=0x0000000000000504
Event: 9.584 Thread 0x000002046ad03000 Uncommon trap: reason=unstable_if action=reinterpret pc=0x00000204583aea44 method=com.android.tools.r8.graph.c0.a(C)I @ 1 c2
Event: 9.584 Thread 0x000002046ad03000 DEOPT PACKING pc=0x00000204583aea44 sp=0x00000006d29f9c20
Event: 9.584 Thread 0x000002046ad03000 DEOPT UNPACKING pc=0x00000204502b78af sp=0x00000006d29f9b78 mode 2
Event: 9.584 Thread 0x000002046ad03000 Uncommon trap: trap_request=0xffffff4d fr.pc=0x00000204583a5458 relative=0x0000000000000038
Event: 9.584 Thread 0x000002046ad03000 Uncommon trap: reason=unstable_if action=reinterpret pc=0x00000204583a5458 method=com.android.tools.r8.graph.c0.a(C)I @ 1 c2
Event: 9.584 Thread 0x000002046ad03000 DEOPT PACKING pc=0x00000204583a5458 sp=0x00000006d29f9bd0
Event: 9.584 Thread 0x000002046ad03000 DEOPT UNPACKING pc=0x00000204502b78af sp=0x00000006d29f9b70 mode 2
Event: 9.584 Thread 0x000002046ad03000 Uncommon trap: trap_request=0xffffff4d fr.pc=0x00000204583a578c relative=0x000000000000006c
Event: 9.584 Thread 0x000002046ad03000 Uncommon trap: reason=unstable_if action=reinterpret pc=0x00000204583a578c method=com.android.tools.r8.graph.c0.a(C[BI)I @ 1 c2
Event: 9.584 Thread 0x000002046ad03000 DEOPT PACKING pc=0x00000204583a578c sp=0x00000006d29f9bc0
Event: 9.584 Thread 0x000002046ad03000 DEOPT UNPACKING pc=0x00000204502b78af sp=0x00000006d29f9b60 mode 2

Classes redefined (0 events):
No events

Internal exceptions (20 events):
Event: 9.437 Thread 0x000002046ad05000 Exception <a 'sun/nio/fs/WindowsException'{0x000000008d0864c8}> (0x000000008d0864c8) thrown at [./src/hotspot/share/prims/jni.cpp, line 615]
Event: 9.444 Thread 0x000002046ad07800 Exception <a 'sun/nio/fs/WindowsException'{0x000000008c68ec60}> (0x000000008c68ec60) thrown at [./src/hotspot/share/prims/jni.cpp, line 615]
Event: 9.475 Thread 0x000002046ad08000 Exception <a 'sun/nio/fs/WindowsException'{0x000000008a58fd88}> (0x000000008a58fd88) thrown at [./src/hotspot/share/prims/jni.cpp, line 615]
Event: 9.477 Thread 0x000002046ad09000 Exception <a 'sun/nio/fs/WindowsException'{0x000000008a38fab0}> (0x000000008a38fab0) thrown at [./src/hotspot/share/prims/jni.cpp, line 615]
Event: 9.487 Thread 0x000002046ad03000 Exception <a 'sun/nio/fs/WindowsException'{0x0000000089fe76a0}> (0x0000000089fe76a0) thrown at [./src/hotspot/share/prims/jni.cpp, line 615]
Event: 9.551 Thread 0x000002046ad05000 Exception <a 'java/lang/NoSuchMethodError'{0x000000008da42b60}: 'java.lang.Object java.lang.invoke.DirectMethodHandle$Holder.invokeStatic(java.lang.Object, java.lang.Object, java.lang.Object, java.lang.Object, java.lang.Object, java.lang.Object, java.lang.Object, java.lang.Object, java.lang.Object, java.lang.Object, java.lang.Object, java.lang.Object, java.lang.Object, java.lang.Object, java.lang.Object, java.lang.Object, java.lang.Object, java.lang.Object, int, java.lang.Object)'> (0x000000008da42b60) thr
Event: 9.552 Thread 0x000002046ad05000 Exception <a 'java/lang/NoSuchMethodError'{0x000000008da48be8}: 'java.lang.Object java.lang.invoke.DirectMethodHandle$Holder.invokeStaticInit(java.lang.Object, java.lang.Object, java.lang.Object, java.lang.Object, java.lang.Object, java.lang.Object, java.lang.Object, java.lang.Object, java.lang.Object, java.lang.Object, java.lang.Object, java.lang.Object, java.lang.Object, java.lang.Object, java.lang.Object, java.lang.Object, java.lang.Object, java.lang.Object, int, java.lang.Object)'> (0x000000008da48be8)
Event: 9.572 Thread 0x000002046ad07800 Exception <a 'java/lang/IncompatibleClassChangeError'{0x000000008d988d48}: Found class java.lang.Object, but interface was expected> (0x000000008d988d48) thrown at [./src/hotspot/share/interpreter/linkResolver.cpp, line 839]
Event: 9.572 Thread 0x000002046ad09000 Exception <a 'java/lang/IncompatibleClassChangeError'{0x000000008d90a350}: Found class java.lang.Object, but interface was expected> (0x000000008d90a350) thrown at [./src/hotspot/share/interpreter/linkResolver.cpp, line 839]
Event: 9.572 Thread 0x000002046ad05000 Exception <a 'java/lang/IncompatibleClassChangeError'{0x000000008d9285d0}: Found class java.lang.Object, but interface was expected> (0x000000008d9285d0) thrown at [./src/hotspot/share/interpreter/linkResolver.cpp, line 839]
Event: 9.572 Thread 0x000002046ad08000 Exception <a 'java/lang/IncompatibleClassChangeError'{0x000000008db1d478}: Found class java.lang.Object, but interface was expected> (0x000000008db1d478) thrown at [./src/hotspot/share/interpreter/linkResolver.cpp, line 839]
Event: 9.572 Thread 0x000002046ad03000 Exception <a 'java/lang/IncompatibleClassChangeError'{0x000000008da82bb8}: Found class java.lang.Object, but interface was expected> (0x000000008da82bb8) thrown at [./src/hotspot/share/interpreter/linkResolver.cpp, line 839]
Event: 9.572 Thread 0x000002046ad04000 Exception <a 'java/lang/IncompatibleClassChangeError'{0x000000008d96da28}: Found class java.lang.Object, but interface was expected> (0x000000008d96da28) thrown at [./src/hotspot/share/interpreter/linkResolver.cpp, line 839]
Event: 9.580 Thread 0x000002046ad09000 Exception <a 'java/lang/NoSuchMethodError'{0x000000008d9203d8}: 'void java.lang.invoke.DirectMethodHandle$Holder.invokeStatic(java.lang.Object, java.lang.Object, int, java.lang.Object, java.lang.Object, java.lang.Object, java.lang.Object)'> (0x000000008d9203d8) thrown at [./src/hotspot/share/interpreter/linkResolver.cpp, line 773]
Event: 9.592 Thread 0x000002046ad03000 Exception <a 'java/lang/NoSuchMethodError'{0x000000008d7766f0}: 'long java.lang.invoke.DirectMethodHandle$Holder.invokeStatic(java.lang.Object, long, java.lang.Object)'> (0x000000008d7766f0) thrown at [./src/hotspot/share/interpreter/linkResolver.cpp, line 773]
Event: 9.593 Thread 0x000002046ad03000 Exception <a 'java/lang/NoSuchMethodError'{0x000000008d77bea8}: 'java.lang.Object java.lang.invoke.DirectMethodHandle$Holder.invokeStatic(java.lang.Object, long)'> (0x000000008d77bea8) thrown at [./src/hotspot/share/interpreter/linkResolver.cpp, line 773]
Event: 9.593 Thread 0x000002046ad07800 Exception <a 'java/lang/NoSuchMethodError'{0x000000008d66a5c8}: 'java.lang.Object java.lang.invoke.DirectMethodHandle$Holder.invokeStatic(java.lang.Object, long)'> (0x000000008d66a5c8) thrown at [./src/hotspot/share/interpreter/linkResolver.cpp, line 773]
Event: 9.595 Thread 0x000002046ad07800 Exception <a 'java/lang/NoSuchMethodError'{0x000000008d6948c0}: 'java.lang.Object java.lang.invoke.DirectMethodHandle$Holder.invokeSpecial(java.lang.Object, java.lang.Object, long)'> (0x000000008d6948c0) thrown at [./src/hotspot/share/interpreter/linkResolver.cpp, line 773]
Event: 9.595 Thread 0x000002046ad04000 Exception <a 'java/lang/NoSuchMethodError'{0x000000008d671e40}: 'java.lang.Object java.lang.invoke.DirectMethodHandle$Holder.invokeSpecial(java.lang.Object, java.lang.Object, long)'> (0x000000008d671e40) thrown at [./src/hotspot/share/interpreter/linkResolver.cpp, line 773]
Event: 9.595 Thread 0x000002046ad08000 Exception <a 'java/lang/NoSuchMethodError'{0x000000008d722f08}: 'java.lang.Object java.lang.invoke.DirectMethodHandle$Holder.invokeSpecial(java.lang.Object, java.lang.Object, long)'> (0x000000008d722f08) thrown at [./src/hotspot/share/interpreter/linkResolver.cpp, line 773]

Events (20 events):
Event: 9.615 loading class com/android/tools/r8/internal/pr
Event: 9.615 loading class com/android/tools/r8/internal/pr done
Event: 9.615 loading class com/android/tools/r8/internal/pr
Event: 9.615 loading class com/android/tools/r8/internal/pr done
Event: 9.615 loading class com/android/tools/r8/internal/mu
Event: 9.615 loading class com/android/tools/r8/internal/mu done
Event: 9.615 loading class com/android/tools/r8/internal/pr
Event: 9.615 loading class com/android/tools/r8/internal/pr done
Event: 9.615 loading class com/android/tools/r8/internal/pr
Event: 9.615 loading class com/android/tools/r8/internal/pr done
Event: 9.615 loading class com/android/tools/r8/internal/ku$d
Event: 9.615 loading class com/android/tools/r8/internal/ku$d done
Event: 9.615 loading class com/android/tools/r8/internal/lu
Event: 9.615 loading class com/android/tools/r8/internal/lu done
Event: 9.627 loading class com/android/tools/r8/internal/Yc
Event: 9.627 loading class com/android/tools/r8/internal/Yc done
Event: 9.627 loading class com/android/tools/r8/internal/zC
Event: 9.627 loading class com/android/tools/r8/internal/zC done
Event: 9.641 loading class com/android/tools/r8/internal/bq
Event: 9.641 loading class com/android/tools/r8/internal/bq done


Dynamic libraries:
0x00007ff711410000 - 0x00007ff71141a000 	C:\Program Files\Android\Android Studio\jre\bin\java.exe
0x00007ffb24e70000 - 0x00007ffb25065000 	C:\WINDOWS\SYSTEM32\ntdll.dll
0x00007ffb24d70000 - 0x00007ffb24e2e000 	C:\WINDOWS\System32\KERNEL32.DLL
0x00007ffb22740000 - 0x00007ffb22a08000 	C:\WINDOWS\System32\KERNELBASE.dll
0x00007ffb22580000 - 0x00007ffb22680000 	C:\WINDOWS\System32\ucrtbase.dll
0x00007ffb19870000 - 0x00007ffb19887000 	C:\Program Files\Android\Android Studio\jre\bin\VCRUNTIME140.dll
0x00007ffb188d0000 - 0x00007ffb188e9000 	C:\Program Files\Android\Android Studio\jre\bin\jli.dll
0x00007ffb247a0000 - 0x00007ffb24940000 	C:\WINDOWS\System32\USER32.dll
0x00007ffb22d70000 - 0x00007ffb22d92000 	C:\WINDOWS\System32\win32u.dll
0x00007ffb12a30000 - 0x00007ffb12cca000 	C:\WINDOWS\WinSxS\amd64_microsoft.windows.common-controls_6595b64144ccf1df_6.0.19041.1110_none_60b5254171f9507e\COMCTL32.dll
0x00007ffb22ee0000 - 0x00007ffb22f0b000 	C:\WINDOWS\System32\GDI32.dll
0x00007ffb246a0000 - 0x00007ffb2473e000 	C:\WINDOWS\System32\msvcrt.dll
0x00007ffb22c60000 - 0x00007ffb22d6d000 	C:\WINDOWS\System32\gdi32full.dll
0x00007ffb22a60000 - 0x00007ffb22afd000 	C:\WINDOWS\System32\msvcp_win.dll
0x00007ffb240f0000 - 0x00007ffb24120000 	C:\WINDOWS\System32\IMM32.DLL
0x00007ffaf8f10000 - 0x00007ffaf8fad000 	C:\Program Files\Android\Android Studio\jre\bin\msvcp140.dll
0x00007ffad2410000 - 0x00007ffad2edf000 	C:\Program Files\Android\Android Studio\jre\bin\server\jvm.dll
0x00007ffb24030000 - 0x00007ffb240de000 	C:\WINDOWS\System32\ADVAPI32.dll
0x00007ffb24600000 - 0x00007ffb2469c000 	C:\WINDOWS\System32\sechost.dll
0x00007ffb23040000 - 0x00007ffb23165000 	C:\WINDOWS\System32\RPCRT4.dll
0x00007ffb23d80000 - 0x00007ffb23d88000 	C:\WINDOWS\System32\PSAPI.DLL
0x00007ffb138a0000 - 0x00007ffb138c7000 	C:\WINDOWS\SYSTEM32\WINMM.dll
0x00007ffb1c6d0000 - 0x00007ffb1c6d9000 	C:\WINDOWS\SYSTEM32\WSOCK32.dll
0x00007ffb19710000 - 0x00007ffb1971a000 	C:\WINDOWS\SYSTEM32\VERSION.dll
0x00007ffb23d10000 - 0x00007ffb23d7b000 	C:\WINDOWS\System32\WS2_32.dll
0x00007ffb20e50000 - 0x00007ffb20e62000 	C:\WINDOWS\SYSTEM32\kernel.appcore.dll
0x00007ffb1a740000 - 0x00007ffb1a751000 	C:\Program Files\Android\Android Studio\jre\bin\verify.dll
0x00007ffb20a90000 - 0x00007ffb20c74000 	C:\WINDOWS\SYSTEM32\DBGHELP.DLL
0x00007ffb18820000 - 0x00007ffb1884c000 	C:\WINDOWS\SYSTEM32\dbgcore.DLL
0x00007ffb226b0000 - 0x00007ffb22732000 	C:\WINDOWS\System32\bcryptPrimitives.dll
0x00007ffb12440000 - 0x00007ffb12469000 	C:\Program Files\Android\Android Studio\jre\bin\java.dll
0x00007ffb191c0000 - 0x00007ffb191cb000 	C:\Program Files\Android\Android Studio\jre\bin\jimage.dll
0x00007ffb15040000 - 0x00007ffb15058000 	C:\Program Files\Android\Android Studio\jre\bin\zip.dll
0x00007ffb235c0000 - 0x00007ffb23d04000 	C:\WINDOWS\System32\SHELL32.dll
0x00007ffb1cfa0000 - 0x00007ffb1d734000 	C:\WINDOWS\SYSTEM32\windows.storage.dll
0x00007ffb24a10000 - 0x00007ffb24d65000 	C:\WINDOWS\System32\combase.dll
0x00007ffb21fd0000 - 0x00007ffb21ffe000 	C:\WINDOWS\SYSTEM32\Wldp.dll
0x00007ffb23510000 - 0x00007ffb235bd000 	C:\WINDOWS\System32\SHCORE.dll
0x00007ffb24740000 - 0x00007ffb24795000 	C:\WINDOWS\System32\shlwapi.dll
0x00007ffb224c0000 - 0x00007ffb224df000 	C:\WINDOWS\SYSTEM32\profapi.dll
0x00007ffb12420000 - 0x00007ffb1243a000 	C:\Program Files\Android\Android Studio\jre\bin\net.dll
0x00007ffb1b510000 - 0x00007ffb1b61c000 	C:\WINDOWS\SYSTEM32\WINHTTP.dll
0x00007ffb21d30000 - 0x00007ffb21d9a000 	C:\WINDOWS\system32\mswsock.dll
0x00007ffb0ffe0000 - 0x00007ffb0fff4000 	C:\Program Files\Android\Android Studio\jre\bin\nio.dll
0x00007ffb08040000 - 0x00007ffb08067000 	C:\Users\Arthur\.gradle\native\8bec1ad78214c89d9ad589b4d07fe93259594b29d510b10fafb7a158f7737e5d\windows-amd64\native-platform.dll
0x00007ffae45f0000 - 0x00007ffae472d000 	C:\Users\Arthur\.gradle\native\53dbd7edfb1c66fb8903c78663c9afc45aea4f116125fa6feffd364cf09443e8\windows-amd64\native-platform-file-events.dll
0x00007ffb191b0000 - 0x00007ffb191ba000 	C:\Program Files\Android\Android Studio\jre\bin\management.dll
0x00007ffb188f0000 - 0x00007ffb188fc000 	C:\Program Files\Android\Android Studio\jre\bin\management_ext.dll
0x00007ffb21f20000 - 0x00007ffb21f38000 	C:\WINDOWS\SYSTEM32\CRYPTSP.dll
0x00007ffb21640000 - 0x00007ffb21674000 	C:\WINDOWS\system32\rsaenh.dll
0x00007ffb22680000 - 0x00007ffb226a7000 	C:\WINDOWS\System32\bcrypt.dll
0x00007ffb22440000 - 0x00007ffb2246e000 	C:\WINDOWS\SYSTEM32\USERENV.dll
0x00007ffb21f40000 - 0x00007ffb21f4c000 	C:\WINDOWS\SYSTEM32\CRYPTBASE.dll
0x00007ffb219d0000 - 0x00007ffb21a0b000 	C:\WINDOWS\SYSTEM32\IPHLPAPI.DLL
0x00007ffb240e0000 - 0x00007ffb240e8000 	C:\WINDOWS\System32\NSI.dll
0x00007ffb196f0000 - 0x00007ffb19707000 	C:\WINDOWS\SYSTEM32\dhcpcsvc6.DLL
0x00007ffb196d0000 - 0x00007ffb196ed000 	C:\WINDOWS\SYSTEM32\dhcpcsvc.DLL
0x00007ffb21a60000 - 0x00007ffb21b2b000 	C:\WINDOWS\SYSTEM32\DNSAPI.dll

dbghelp: loaded successfully - version: 4.0.5 - missing functions: none
symbol engine: initialized successfully - sym options: 0x614 - pdb path: .;C:\Program Files\Android\Android Studio\jre\bin;C:\WINDOWS\SYSTEM32;C:\WINDOWS\WinSxS\amd64_microsoft.windows.common-controls_6595b64144ccf1df_6.0.19041.1110_none_60b5254171f9507e;C:\Program Files\Android\Android Studio\jre\bin\server;C:\Users\Arthur\.gradle\native\8bec1ad78214c89d9ad589b4d07fe93259594b29d510b10fafb7a158f7737e5d\windows-amd64;C:\Users\Arthur\.gradle\native\53dbd7edfb1c66fb8903c78663c9afc45aea4f116125fa6feffd364cf09443e8\windows-amd64

VM Arguments:
jvm_args: --add-opens=java.base/java.util=ALL-UNNAMED --add-opens=java.base/java.lang=ALL-UNNAMED --add-opens=java.base/java.lang.invoke=ALL-UNNAMED --add-opens=java.base/java.util=ALL-UNNAMED --add-opens=java.prefs/java.util.prefs=ALL-UNNAMED --add-opens=java.prefs/java.util.prefs=ALL-UNNAMED --add-opens=java.base/java.nio.charset=ALL-UNNAMED --add-opens=java.base/java.net=ALL-UNNAMED --add-opens=java.base/java.util.concurrent.atomic=ALL-UNNAMED -Xmx2048m -Dfile.encoding=UTF-8 -Duser.country=US -Duser.language=en -Duser.variant 
java_command: org.gradle.launcher.daemon.bootstrap.GradleDaemon 7.0.2
java_class_path (initial): C:\Users\Arthur\.gradle\wrapper\dists\gradle-7.0.2-bin\857tjihv64xamwrf0h14cai3r\gradle-7.0.2\lib\gradle-launcher-7.0.2.jar
Launcher Type: SUN_STANDARD

[Global flags]
     intx CICompilerCount                          = 4                                         {product} {ergonomic}
     uint ConcGCThreads                            = 2                                         {product} {ergonomic}
     uint G1ConcRefinementThreads                  = 8                                         {product} {ergonomic}
   size_t G1HeapRegionSize                         = 1048576                                   {product} {ergonomic}
    uintx GCDrainStackTargetSize                   = 64                                        {product} {ergonomic}
   size_t InitialHeapSize                          = 132120576                                 {product} {ergonomic}
   size_t MarkStackSize                            = 4194304                                   {product} {ergonomic}
   size_t MaxHeapSize                              = 2147483648                                {product} {command line}
   size_t MaxNewSize                               = 1287651328                                {product} {ergonomic}
   size_t MinHeapDeltaBytes                        = 1048576                                   {product} {ergonomic}
    uintx NonNMethodCodeHeapSize                   = 5836300                                {pd product} {ergonomic}
    uintx NonProfiledCodeHeapSize                  = 122910970                              {pd product} {ergonomic}
    uintx ProfiledCodeHeapSize                     = 122910970                              {pd product} {ergonomic}
    uintx ReservedCodeCacheSize                    = 251658240                              {pd product} {ergonomic}
     bool SegmentedCodeCache                       = true                                      {product} {ergonomic}
     bool UseCompressedClassPointers               = true                                 {lp64_product} {ergonomic}
     bool UseCompressedOops                        = true                                 {lp64_product} {ergonomic}
     bool UseG1GC                                  = true                                      {product} {ergonomic}
     bool UseLargePagesIndividualAllocation        = false                                  {pd product} {ergonomic}

Logging:
Log output configuration:
 #0: stdout all=warning uptime,level,tags
 #1: stderr all=off uptime,level,tags

Environment Variables:
PATH=C:\Program Files\Common Files\Oracle\Java\javapath;C:\WINDOWS\system32;C:\WINDOWS;C:\WINDOWS\System32\Wbem;C:\WINDOWS\System32\WindowsPowerShell\v1.0\;C:\WINDOWS\System32\OpenSSH\;C:\Program Files\nodejs\;C:\Program Files\Git\cmd;C:\Program Files\dotnet\;C:\Users\Arthur\AppData\Local\Microsoft\WindowsApps;;C:\Users\Arthur\AppData\Local\Programs\Microsoft VS Code\bin;C:\Users\Arthur\AppData\Roaming\npm;C:\Users\Arthur\.dotnet\tools
USERNAME=Arthur
OS=Windows_NT
PROCESSOR_IDENTIFIER=Intel64 Family 6 Model 142 Stepping 12, GenuineIntel



---------------  S Y S T E M  ---------------

OS: Windows 10 , 64 bit Build 19041 (10.0.19041.1503)
OS uptime: 0 days 3:03 hours

CPU:total 8 (initial active 8) (4 cores per cpu, 2 threads per core) family 6 model 142 stepping 12 microcode 0xde, cmov, cx8, fxsr, mmx, sse, sse2, sse3, ssse3, sse4.1, sse4.2, popcnt, avx, avx2, aes, clmul, erms, 3dnowpref, lzcnt, ht, tsc, tscinvbit, bmi1, bmi2, adx, fma

Memory: 4k page, system-wide physical 7976M (664M free)
TotalPageFile size 10024M (AvailPageFile size 6M)
current process WorkingSet (physical memory assigned to process): 551M, peak: 551M
current process commit charge ("private bytes"): 652M, peak: 654M

vm_info: OpenJDK 64-Bit Server VM (11.0.10+0-b96-7249189) for windows-amd64 JRE (11.0.10+0-b96-7249189), built on Mar 31 2021 21:44:00 by "builder" with MS VC++ 14.0 (VS2015)

END.
