#
# There is insufficient memory for the Java Runtime Environment to continue.
# Native memory allocation (mmap) failed to map 379584512 bytes for Failed to commit area from 0x0000000093500000 to 0x00000000a9f00000 of length 379584512.
# Possible reasons:
#   The system is out of physical RAM or swap space
#   The process is running with CompressedOops enabled, and the Java Heap may be blocking the growth of the native heap
# Possible solutions:
#   Reduce memory load on the system
#   Increase physical memory or swap space
#   Check if swap backing store is full
#   Decrease Java heap size (-Xmx/-Xms)
#   Decrease number of Java threads
#   Decrease Java thread stack sizes (-Xss)
#   Set larger code cache with -XX:ReservedCodeCacheSize=
#   JVM is running with Unscaled Compressed Oops mode in which the Java heap is
#     placed in the first 4GB address space. The Java Heap base address is the
#     maximum limit for the native heap growth. Please use -XX:HeapBaseMinAddress
#     to set the Java Heap base and to place the Java Heap above 4GB virtual address.
# This output file may be truncated or incomplete.
#
#  Out of Memory Error (./src/hotspot/os/windows/os_windows.cpp:3301), pid=6508, tid=6832
#
# JRE version: OpenJDK Runtime Environment (11.0.10) (build 11.0.10+0-b96-7249189)
# Java VM: OpenJDK 64-Bit Server VM (11.0.10+0-b96-7249189, mixed mode, tiered, compressed oops, g1 gc, windows-amd64)
# No core dump will be written. Minidumps are not enabled by default on client versions of Windows
#

---------------  S U M M A R Y ------------

Command Line: --add-opens=java.base/java.util=ALL-UNNAMED --add-opens=java.base/java.lang=ALL-UNNAMED --add-opens=java.base/java.lang.invoke=ALL-UNNAMED --add-opens=java.base/java.util=ALL-UNNAMED --add-opens=java.prefs/java.util.prefs=ALL-UNNAMED --add-opens=java.prefs/java.util.prefs=ALL-UNNAMED --add-opens=java.base/java.nio.charset=ALL-UNNAMED --add-opens=java.base/java.net=ALL-UNNAMED --add-opens=java.base/java.util.concurrent.atomic=ALL-UNNAMED -Xmx2048m -Dfile.encoding=UTF-8 -Duser.country=US -Duser.language=en -Duser.variant org.gradle.launcher.daemon.bootstrap.GradleDaemon 7.0.2

Host: Intel(R) Core(TM) i5-10210U CPU @ 1.60GHz, 8 cores, 7G,  Windows 10 , 64 bit Build 19041 (10.0.19041.1503)
Time: Sat Feb 12 13:29:14 2022 Russia TZ 2 Standard Time elapsed time: 22.899579 seconds (0d 0h 0m 22s)

---------------  T H R E A D  ---------------

Current thread (0x000001a97b807000):  VMThread "VM Thread" [stack: 0x000000586a800000,0x000000586a900000] [id=6832]

Stack: [0x000000586a800000,0x000000586a900000]
[error occurred during error reporting (printing stack bounds), id 0xc0000005, EXCEPTION_ACCESS_VIOLATION (0xc0000005) at pc=0x000001a9646c0f2d]

Native frames: (J=compiled Java code, j=interpreted, Vv=VM code, C=native code)
V  [jvm.dll+0x5ecfaa]
V  [jvm.dll+0x722bd5]
V  [jvm.dll+0x72412d]
V  [jvm.dll+0x724745]
V  [jvm.dll+0x7246fb]
V  [jvm.dll+0x5ec348]
V  [jvm.dll+0x5ecad8]
C  [ntdll.dll+0xa20cf]
C  [ntdll.dll+0x51454]
C  [ntdll.dll+0xa0bfe]
C  0x000001a9646c0f2d

VM_Operation (0x000000586def9300): G1CollectForAllocation, mode: safepoint, requested by thread 0x000001a9004cf800


---------------  P R O C E S S  ---------------

Threads class SMR info:
_java_thread_list=0x000001a903f6d5e0, length=61, elements={
0x000001a95f3fc800, 0x000001a97b80b800, 0x000001a97b80f800, 0x000001a97c1cb000,
0x000001a97c1cc000, 0x000001a97c1cd800, 0x000001a97c1d0800, 0x000001a97b82a800,
0x000001a97b830000, 0x000001a97c321000, 0x000001a97e71c800, 0x000001a97c8f1800,
0x000001a97e475800, 0x000001a97e12b800, 0x000001a97e8ad000, 0x000001a97ec76800,
0x000001a97ec72800, 0x000001a97ec77800, 0x000001a97ec76000, 0x000001a97ec79000,
0x000001a97ec73800, 0x000001a97ec75000, 0x000001a9004c4800, 0x000001a9004cb000,
0x000001a9004c5800, 0x000001a9004c9000, 0x000001a9004c6800, 0x000001a9004c8000,
0x000001a9004c7000, 0x000001a9004c9800, 0x000001a902c82800, 0x000001a902c84000,
0x000001a902c85000, 0x000001a902c86000, 0x000001a902c86800, 0x000001a902c81000,
0x000001a902c87800, 0x000001a902c82000, 0x000001a902c8f800, 0x000001a902c8a000,
0x000001a902c8b800, 0x000001a902c8c800, 0x000001a902c8d000, 0x000001a902c8e000,
0x000001a902c8f000, 0x000001a9004ca800, 0x000001a9004cf800, 0x000001a9004d0000,
0x000001a9004d1000, 0x000001a9004cc000, 0x000001a9004cd000, 0x000001a9004d3800,
0x000001a97ec78800, 0x000001a97ec74000, 0x000001a902120000, 0x000001a90211f800,
0x000001a902123800, 0x000001a902122800, 0x000001a902125000, 0x000001a902126800,
0x000001a902124800
}

Java Threads: ( => current thread )
  0x000001a95f3fc800 JavaThread "main" [_thread_blocked, id=10216, stack(0x000000586a200000,0x000000586a300000)]
  0x000001a97b80b800 JavaThread "Reference Handler" daemon [_thread_blocked, id=10864, stack(0x000000586a900000,0x000000586aa00000)]
  0x000001a97b80f800 JavaThread "Finalizer" daemon [_thread_blocked, id=4272, stack(0x000000586aa00000,0x000000586ab00000)]
  0x000001a97c1cb000 JavaThread "Signal Dispatcher" daemon [_thread_blocked, id=11948, stack(0x000000586ab00000,0x000000586ac00000)]
  0x000001a97c1cc000 JavaThread "Attach Listener" daemon [_thread_blocked, id=6928, stack(0x000000586ac00000,0x000000586ad00000)]
  0x000001a97c1cd800 JavaThread "Service Thread" daemon [_thread_blocked, id=9624, stack(0x000000586ad00000,0x000000586ae00000)]
  0x000001a97c1d0800 JavaThread "C2 CompilerThread0" daemon [_thread_blocked, id=2324, stack(0x000000586ae00000,0x000000586af00000)]
  0x000001a97b82a800 JavaThread "C1 CompilerThread0" daemon [_thread_blocked, id=6956, stack(0x000000586af00000,0x000000586b000000)]
  0x000001a97b830000 JavaThread "Sweeper thread" daemon [_thread_blocked, id=12056, stack(0x000000586b000000,0x000000586b100000)]
  0x000001a97c321000 JavaThread "Common-Cleaner" daemon [_thread_blocked, id=10224, stack(0x000000586b100000,0x000000586b200000)]
  0x000001a97e71c800 JavaThread "Daemon health stats" [_thread_blocked, id=4192, stack(0x000000586b700000,0x000000586b800000)]
  0x000001a97c8f1800 JavaThread "Incoming local TCP Connector on port 63661" [_thread_in_native, id=6836, stack(0x000000586b300000,0x000000586b400000)]
  0x000001a97e475800 JavaThread "Daemon periodic checks" [_thread_blocked, id=10608, stack(0x000000586b400000,0x000000586b500000)]
  0x000001a97e12b800 JavaThread "Daemon" [_thread_blocked, id=9816, stack(0x000000586b800000,0x000000586b900000)]
  0x000001a97e8ad000 JavaThread "Daemon worker" [_thread_blocked, id=10188, stack(0x000000586bb00000,0x000000586bc00000)]
  0x000001a97ec76800 JavaThread "Cache worker for file hash cache (C:\Users\Arthur\.gradle\caches\7.0.2\fileHashes)" [_thread_blocked, id=6756, stack(0x000000586c400000,0x000000586c500000)]
  0x000001a97ec72800 JavaThread "File lock request listener" [_thread_in_native, id=4412, stack(0x000000586c500000,0x000000586c600000)]
  0x000001a97ec77800 JavaThread "Cache worker for journal cache (C:\Users\Arthur\.gradle\caches\journal-1)" [_thread_blocked, id=3360, stack(0x000000586c700000,0x000000586c800000)]
  0x000001a97ec76000 JavaThread "File watcher server" daemon [_thread_blocked, id=1028, stack(0x000000586ca00000,0x000000586cb00000)]
  0x000001a97ec79000 JavaThread "File watcher consumer" daemon [_thread_blocked, id=6740, stack(0x000000586cb00000,0x000000586cc00000)]
  0x000001a97ec73800 JavaThread "jar transforms" [_thread_blocked, id=4600, stack(0x000000586cc00000,0x000000586cd00000)]
  0x000001a97ec75000 JavaThread "jar transforms Thread 2" [_thread_blocked, id=10072, stack(0x000000586cd00000,0x000000586ce00000)]
  0x000001a9004c4800 JavaThread "jar transforms Thread 3" [_thread_blocked, id=7488, stack(0x000000586ce00000,0x000000586cf00000)]
  0x000001a9004cb000 JavaThread "jar transforms Thread 4" [_thread_blocked, id=11440, stack(0x000000586cf00000,0x000000586d000000)]
  0x000001a9004c5800 JavaThread "jar transforms Thread 5" [_thread_blocked, id=3600, stack(0x000000586d000000,0x000000586d100000)]
  0x000001a9004c9000 JavaThread "jar transforms Thread 6" [_thread_blocked, id=2080, stack(0x000000586d100000,0x000000586d200000)]
  0x000001a9004c6800 JavaThread "jar transforms Thread 7" [_thread_blocked, id=11888, stack(0x000000586d200000,0x000000586d300000)]
  0x000001a9004c8000 JavaThread "jar transforms Thread 8" [_thread_blocked, id=5452, stack(0x000000586d400000,0x000000586d500000)]
  0x000001a9004c7000 JavaThread "Cache worker for execution history cache (C:\Users\Arthur\.gradle\caches\7.0.2\executionHistory)" [_thread_blocked, id=4596, stack(0x000000586d800000,0x000000586d900000)]
  0x000001a9004c9800 JavaThread "Cache worker for file content cache (C:\Users\Arthur\.gradle\caches\7.0.2\fileContent)" [_thread_blocked, id=3904, stack(0x000000586d900000,0x000000586da00000)]
  0x000001a902c82800 JavaThread "Memory manager" [_thread_blocked, id=10020, stack(0x000000586e400000,0x000000586e500000)]
  0x000001a902c84000 JavaThread "Handler for socket connection from /127.0.0.1:63661 to /127.0.0.1:63683" [_thread_in_native, id=3352, stack(0x000000586b900000,0x000000586ba00000)]
  0x000001a902c85000 JavaThread "Cancel handler" [_thread_blocked, id=11616, stack(0x000000586ba00000,0x000000586bb00000)]
  0x000001a902c86000 JavaThread "Asynchronous log dispatcher for DefaultDaemonConnection: socket connection from /127.0.0.1:63661 to /127.0.0.1:63683" [_thread_blocked, id=7444, stack(0x000000586bc00000,0x000000586bd00000)]
  0x000001a902c86800 JavaThread "Stdin handler" [_thread_blocked, id=7468, stack(0x000000586bd00000,0x000000586be00000)]
  0x000001a902c81000 JavaThread "Daemon client event forwarder" [_thread_blocked, id=8008, stack(0x000000586be00000,0x000000586bf00000)]
  0x000001a902c87800 JavaThread "Cache worker for file hash cache (C:\Users\Arthur\Documents\Programming\cross\DailyPlanner\.gradle\7.0.2\fileHashes)" [_thread_blocked, id=2784, stack(0x000000586c800000,0x000000586c900000)]
  0x000001a902c82000 JavaThread "C2 CompilerThread1" daemon [_thread_in_native, id=5108, stack(0x000000586c900000,0x000000586ca00000)]
  0x000001a902c8f800 JavaThread "Cache worker for checksums cache (C:\Users\Arthur\Documents\Programming\cross\DailyPlanner\.gradle\checksums)" [_thread_blocked, id=7988, stack(0x000000586d300000,0x000000586d400000)]
  0x000001a902c8a000 JavaThread "Cache worker for cache directory md-supplier (C:\Users\Arthur\.gradle\caches\7.0.2\md-supplier)" [_thread_blocked, id=9820, stack(0x000000586d500000,0x000000586d600000)]
  0x000001a902c8b800 JavaThread "Cache worker for cache directory md-rule (C:\Users\Arthur\.gradle\caches\7.0.2\md-rule)" [_thread_blocked, id=11812, stack(0x000000586d600000,0x000000586d700000)]
  0x000001a902c8c800 JavaThread "Cache worker for dependencies-accessors (C:\Users\Arthur\Documents\Programming\cross\DailyPlanner\.gradle\7.0.2\dependencies-accessors)" [_thread_blocked, id=6264, stack(0x000000586d700000,0x000000586d800000)]
  0x000001a902c8d000 JavaThread "Cache worker for Build Output Cleanup Cache (C:\Users\Arthur\Documents\Programming\cross\DailyPlanner\.gradle\buildOutputCleanup)" [_thread_blocked, id=10352, stack(0x000000586da00000,0x000000586db00000)]
  0x000001a902c8e000 JavaThread "Build operations" [_thread_blocked, id=11180, stack(0x000000586db00000,0x000000586dc00000)]
  0x000001a902c8f000 JavaThread "Build operations Thread 2" [_thread_blocked, id=7824, stack(0x000000586dc00000,0x000000586dd00000)]
  0x000001a9004ca800 JavaThread "Build operations Thread 3" [_thread_blocked, id=6696, stack(0x000000586dd00000,0x000000586de00000)]
  0x000001a9004cf800 JavaThread "Build operations Thread 4" [_thread_blocked, id=1848, stack(0x000000586de00000,0x000000586df00000)]
  0x000001a9004d0000 JavaThread "Build operations Thread 5" [_thread_blocked, id=2092, stack(0x000000586df00000,0x000000586e000000)]
  0x000001a9004d1000 JavaThread "Build operations Thread 6" [_thread_blocked, id=6712, stack(0x000000586e000000,0x000000586e100000)]
  0x000001a9004cc000 JavaThread "Build operations Thread 7" [_thread_blocked, id=12884, stack(0x000000586e100000,0x000000586e200000)]
  0x000001a9004cd000 JavaThread "Build operations Thread 8" [_thread_blocked, id=12252, stack(0x000000586e200000,0x000000586e300000)]
  0x000001a9004d3800 JavaThread "build event listener" [_thread_blocked, id=5424, stack(0x000000586e300000,0x000000586e400000)]
  0x000001a97ec78800 JavaThread "Execution worker for ':'" [_thread_blocked, id=4156, stack(0x000000586e600000,0x000000586e700000)]
  0x000001a97ec74000 JavaThread "Execution worker for ':' Thread 2" [_thread_blocked, id=13088, stack(0x000000586e700000,0x000000586e800000)]
  0x000001a902120000 JavaThread "Execution worker for ':' Thread 3" [_thread_blocked, id=7504, stack(0x000000586e800000,0x000000586e900000)]
  0x000001a90211f800 JavaThread "Execution worker for ':' Thread 4" [_thread_blocked, id=6776, stack(0x000000586e900000,0x000000586ea00000)]
  0x000001a902123800 JavaThread "Execution worker for ':' Thread 5" [_thread_blocked, id=9852, stack(0x000000586ea00000,0x000000586eb00000)]
  0x000001a902122800 JavaThread "Execution worker for ':' Thread 6" [_thread_blocked, id=272, stack(0x000000586eb00000,0x000000586ec00000)]
  0x000001a902125000 JavaThread "Execution worker for ':' Thread 7" [_thread_blocked, id=1492, stack(0x000000586ec00000,0x000000586ed00000)]
  0x000001a902126800 JavaThread "Cache worker for execution history cache (C:\Users\Arthur\Documents\Programming\cross\DailyPlanner\.gradle\7.0.2\executionHistory)" [_thread_blocked, id=10468, stack(0x000000586ed00000,0x000000586ee00000)]
  0x000001a902124800 JavaThread "WorkerExecutor Queue" [_thread_blocked, id=4100, stack(0x000000586ee00000,0x000000586ef00000)]

Other Threads:
=>0x000001a97b807000 VMThread "VM Thread" [stack: 0x000000586a800000,0x000000586a900000] [id=6832]
  0x000001a97c36a000 WatcherThread [stack: 0x000000586b200000,0x000000586b300000] [id=10552]
  0x000001a95f415800 GCTaskThread "GC Thread#0" [stack: 0x000000586a300000,0x000000586a400000] [id=7420]
  0x000001a97cc6b800 GCTaskThread "GC Thread#1" [stack: 0x000000586b500000,0x000000586b600000] [id=10720]
  0x000001a97c8c7000 GCTaskThread "GC Thread#2" [stack: 0x000000586b600000,0x000000586b700000] [id=540]
  0x000001a90010e800 GCTaskThread "GC Thread#3" [stack: 0x000000586bf00000,0x000000586c000000] [id=9936]
  0x000001a97e2ec800 GCTaskThread "GC Thread#4" [stack: 0x000000586c000000,0x000000586c100000] [id=10876]
  0x000001a97e2ed800 GCTaskThread "GC Thread#5" [stack: 0x000000586c100000,0x000000586c200000] [id=10804]
  0x000001a97d472800 GCTaskThread "GC Thread#6" [stack: 0x000000586c200000,0x000000586c300000] [id=1692]
  0x000001a97d473000 GCTaskThread "GC Thread#7" [stack: 0x000000586c300000,0x000000586c400000] [id=4512]
  0x000001a95f447000 ConcurrentGCThread "G1 Main Marker" [stack: 0x000000586a400000,0x000000586a500000] [id=12932]
  0x000001a95f448000 ConcurrentGCThread "G1 Conc#0" [stack: 0x000000586a500000,0x000000586a600000] [id=13272]
  0x000001a90022e800 ConcurrentGCThread "G1 Conc#1" [stack: 0x000000586c600000,0x000000586c700000] [id=6396]
  0x000001a97b660800 ConcurrentGCThread "G1 Refine#0" [stack: 0x000000586a600000,0x000000586a700000] [id=13208]
  0x000001a97b661000 ConcurrentGCThread "G1 Young RemSet Sampling" [stack: 0x000000586a700000,0x000000586a800000] [id=3012]

Threads with active compile tasks:
C2 CompilerThread0  22910 15799       4       com.android.tools.r8.internal.nh::a (990 bytes)
C1 CompilerThread0  22910 16061       2       com.android.tools.r8.internal.Le::a (126 bytes)
C2 CompilerThread1  22910 14582 %     4       com.android.tools.r8.internal.T6::a @ 2410 (6044 bytes)

VM state:at safepoint (normal execution)

VM Mutex/Monitor currently owned by a thread:  ([mutex/lock_event])
[0x000001a95f3f9630] Threads_lock - owner thread: 0x000001a97b807000
[0x000001a95f3f8040] Heap_lock - owner thread: 0x000001a9004cf800

Heap address: 0x0000000080000000, size: 2048 MB, Compressed Oops mode: 32-bit
Narrow klass base: 0x0000000000000000, Narrow klass shift: 3
Compressed class space size: 1073741824 Address: 0x0000000100000000

Heap:
 garbage-first heap   total 687104K, used 203769K [0x0000000080000000, 0x0000000100000000)
  region size 1024K, 4 young (4096K), 4 survivors (4096K)
 Metaspace       used 121074K, capacity 124461K, committed 124580K, reserved 1157120K
  class space    used 15629K, capacity 16869K, committed 16896K, reserved 1048576K
Heap Regions: E=young(eden), S=young(survivor), O=old, HS=humongous(starts), HC=humongous(continues), CS=collection set, F=free, A=archive, TAMS=top-at-mark-start (previous, next)
|   0|0x0000000080000000, 0x0000000080100000, 0x0000000080100000|100%| O|  |TAMS 0x0000000080100000, 0x0000000080000000| Untracked 
|   1|0x0000000080100000, 0x0000000080200000, 0x0000000080200000|100%| O|  |TAMS 0x0000000080200000, 0x0000000080100000| Untracked 
|   2|0x0000000080200000, 0x0000000080300000, 0x0000000080300000|100%| O|  |TAMS 0x0000000080300000, 0x0000000080200000| Untracked 
|   3|0x0000000080300000, 0x0000000080400000, 0x0000000080400000|100%|HS|  |TAMS 0x0000000080400000, 0x0000000080300000| Complete 
|   4|0x0000000080400000, 0x0000000080500000, 0x0000000080500000|100%|HC|  |TAMS 0x0000000080500000, 0x0000000080400000| Complete 
|   5|0x0000000080500000, 0x0000000080600000, 0x0000000080600000|100%|HC|  |TAMS 0x0000000080600000, 0x0000000080500000| Complete 
|   6|0x0000000080600000, 0x0000000080700000, 0x0000000080700000|100%| O|  |TAMS 0x0000000080700000, 0x0000000080600000| Untracked 
|   7|0x0000000080700000, 0x0000000080800000, 0x0000000080800000|100%| O|  |TAMS 0x0000000080800000, 0x0000000080700000| Untracked 
|   8|0x0000000080800000, 0x0000000080900000, 0x0000000080900000|100%| O|  |TAMS 0x0000000080900000, 0x0000000080800000| Untracked 
|   9|0x0000000080900000, 0x0000000080a00000, 0x0000000080a00000|100%| O|  |TAMS 0x0000000080a00000, 0x0000000080900000| Untracked 
|  10|0x0000000080a00000, 0x0000000080b00000, 0x0000000080b00000|100%| O|  |TAMS 0x0000000080b00000, 0x0000000080a00000| Untracked 
|  11|0x0000000080b00000, 0x0000000080c00000, 0x0000000080c00000|100%| O|  |TAMS 0x0000000080c00000, 0x0000000080b00000| Untracked 
|  12|0x0000000080c00000, 0x0000000080d00000, 0x0000000080d00000|100%| O|  |TAMS 0x0000000080d00000, 0x0000000080c00000| Untracked 
|  13|0x0000000080d00000, 0x0000000080e00000, 0x0000000080e00000|100%| O|  |TAMS 0x0000000080e00000, 0x0000000080d00000| Untracked 
|  14|0x0000000080e00000, 0x0000000080f00000, 0x0000000080f00000|100%| O|  |TAMS 0x0000000080f00000, 0x0000000080e00000| Untracked 
|  15|0x0000000080f00000, 0x0000000081000000, 0x0000000081000000|100%| O|  |TAMS 0x0000000081000000, 0x0000000080f00000| Untracked 
|  16|0x0000000081000000, 0x0000000081100000, 0x0000000081100000|100%|HS|  |TAMS 0x0000000081100000, 0x0000000081000000| Complete 
|  17|0x0000000081100000, 0x0000000081200000, 0x0000000081200000|100%|HC|  |TAMS 0x0000000081200000, 0x0000000081100000| Complete 
|  18|0x0000000081200000, 0x0000000081300000, 0x0000000081300000|100%|HS|  |TAMS 0x0000000081300000, 0x0000000081200000| Complete 
|  19|0x0000000081300000, 0x0000000081400000, 0x0000000081400000|100%|HC|  |TAMS 0x0000000081400000, 0x0000000081300000| Complete 
|  20|0x0000000081400000, 0x0000000081500000, 0x0000000081500000|100%|HC|  |TAMS 0x0000000081500000, 0x0000000081400000| Complete 
|  21|0x0000000081500000, 0x0000000081600000, 0x0000000081600000|100%|HS|  |TAMS 0x0000000081600000, 0x0000000081500000| Complete 
|  22|0x0000000081600000, 0x0000000081700000, 0x0000000081700000|100%|HC|  |TAMS 0x0000000081700000, 0x0000000081600000| Complete 
|  23|0x0000000081700000, 0x0000000081800000, 0x0000000081800000|100%|HC|  |TAMS 0x0000000081800000, 0x0000000081700000| Complete 
|  24|0x0000000081800000, 0x0000000081900000, 0x0000000081900000|100%|HC|  |TAMS 0x0000000081900000, 0x0000000081800000| Complete 
|  25|0x0000000081900000, 0x0000000081a00000, 0x0000000081a00000|100%|HC|  |TAMS 0x0000000081a00000, 0x0000000081900000| Complete 
|  26|0x0000000081a00000, 0x0000000081b00000, 0x0000000081b00000|100%| O|  |TAMS 0x0000000081b00000, 0x0000000081a00000| Untracked 
|  27|0x0000000081b00000, 0x0000000081c00000, 0x0000000081c00000|100%| O|  |TAMS 0x0000000081c00000, 0x0000000081b00000| Untracked 
|  28|0x0000000081c00000, 0x0000000081d00000, 0x0000000081d00000|100%| O|  |TAMS 0x0000000081d00000, 0x0000000081c00000| Complete 
|  29|0x0000000081d00000, 0x0000000081e00000, 0x0000000081e00000|100%| O|  |TAMS 0x0000000081e00000, 0x0000000081d00000| Complete 
|  30|0x0000000081e00000, 0x0000000081f00000, 0x0000000081f00000|100%| O|  |TAMS 0x0000000081f00000, 0x0000000081e00000| Complete 
|  31|0x0000000081f00000, 0x0000000082000000, 0x0000000082000000|100%| O|  |TAMS 0x0000000082000000, 0x0000000081f00000| Untracked 
|  32|0x0000000082000000, 0x0000000082100000, 0x0000000082100000|100%| O|  |TAMS 0x0000000082100000, 0x0000000082000000| Complete 
|  33|0x0000000082100000, 0x0000000082200000, 0x0000000082200000|100%| O|  |TAMS 0x0000000082200000, 0x0000000082100000| Complete 
|  34|0x0000000082200000, 0x0000000082300000, 0x0000000082300000|100%|HS|  |TAMS 0x0000000082300000, 0x0000000082200000| Complete 
|  35|0x0000000082300000, 0x0000000082400000, 0x0000000082400000|100%|HC|  |TAMS 0x0000000082400000, 0x0000000082300000| Complete 
|  36|0x0000000082400000, 0x0000000082500000, 0x0000000082500000|100%|HC|  |TAMS 0x0000000082500000, 0x0000000082400000| Complete 
|  37|0x0000000082500000, 0x0000000082600000, 0x0000000082600000|100%|HC|  |TAMS 0x0000000082600000, 0x0000000082500000| Complete 
|  38|0x0000000082600000, 0x0000000082700000, 0x0000000082700000|100%|HC|  |TAMS 0x0000000082700000, 0x0000000082600000| Complete 
|  39|0x0000000082700000, 0x0000000082800000, 0x0000000082800000|100%|HS|  |TAMS 0x0000000082800000, 0x0000000082700000| Complete 
|  40|0x0000000082800000, 0x0000000082900000, 0x0000000082900000|100%|HC|  |TAMS 0x0000000082900000, 0x0000000082800000| Complete 
|  41|0x0000000082900000, 0x0000000082a00000, 0x0000000082a00000|100%|HC|  |TAMS 0x0000000082a00000, 0x0000000082900000| Complete 
|  42|0x0000000082a00000, 0x0000000082b00000, 0x0000000082b00000|100%| O|  |TAMS 0x0000000082b00000, 0x0000000082a00000| Untracked 
|  43|0x0000000082b00000, 0x0000000082c00000, 0x0000000082c00000|100%| O|  |TAMS 0x0000000082c00000, 0x0000000082b00000| Complete 
|  44|0x0000000082c00000, 0x0000000082d00000, 0x0000000082d00000|100%| O|  |TAMS 0x0000000082d00000, 0x0000000082c00000| Untracked 
|  45|0x0000000082d00000, 0x0000000082e00000, 0x0000000082e00000|100%| O|  |TAMS 0x0000000082e00000, 0x0000000082d00000| Untracked 
|  46|0x0000000082e00000, 0x0000000082f00000, 0x0000000082f00000|100%| O|  |TAMS 0x0000000082f00000, 0x0000000082e00000| Untracked 
|  47|0x0000000082f00000, 0x0000000083000000, 0x0000000083000000|100%| O|  |TAMS 0x0000000083000000, 0x0000000082f00000| Untracked 
|  48|0x0000000083000000, 0x0000000083100000, 0x0000000083100000|100%| O|  |TAMS 0x0000000083100000, 0x0000000083000000| Complete 
|  49|0x0000000083100000, 0x0000000083200000, 0x0000000083200000|100%| O|  |TAMS 0x0000000083200000, 0x0000000083100000| Untracked 
|  50|0x0000000083200000, 0x0000000083300000, 0x0000000083300000|100%| O|  |TAMS 0x0000000083300000, 0x0000000083200000| Complete 
|  51|0x0000000083300000, 0x0000000083400000, 0x0000000083400000|100%|HS|  |TAMS 0x0000000083400000, 0x0000000083300000| Complete 
|  52|0x0000000083400000, 0x0000000083500000, 0x0000000083500000|100%|HS|  |TAMS 0x0000000083500000, 0x0000000083400000| Complete 
|  53|0x0000000083500000, 0x0000000083600000, 0x0000000083600000|100%|HS|  |TAMS 0x0000000083600000, 0x0000000083500000| Complete 
|  54|0x0000000083600000, 0x0000000083700000, 0x0000000083700000|100%|HS|  |TAMS 0x0000000083700000, 0x0000000083600000| Complete 
|  55|0x0000000083700000, 0x0000000083800000, 0x0000000083800000|100%|HC|  |TAMS 0x0000000083800000, 0x0000000083700000| Complete 
|  56|0x0000000083800000, 0x0000000083900000, 0x0000000083900000|100%|HC|  |TAMS 0x0000000083900000, 0x0000000083800000| Complete 
|  57|0x0000000083900000, 0x0000000083a00000, 0x0000000083a00000|100%|HS|  |TAMS 0x0000000083a00000, 0x0000000083900000| Complete 
|  58|0x0000000083a00000, 0x0000000083b00000, 0x0000000083b00000|100%|HC|  |TAMS 0x0000000083b00000, 0x0000000083a00000| Complete 
|  59|0x0000000083b00000, 0x0000000083c00000, 0x0000000083c00000|100%| O|  |TAMS 0x0000000083c00000, 0x0000000083b00000| Untracked 
|  60|0x0000000083c00000, 0x0000000083d00000, 0x0000000083d00000|100%| O|  |TAMS 0x0000000083d00000, 0x0000000083c00000| Complete 
|  61|0x0000000083d00000, 0x0000000083e00000, 0x0000000083e00000|100%| O|  |TAMS 0x0000000083e00000, 0x0000000083d00000| Untracked 
|  62|0x0000000083e00000, 0x0000000083f00000, 0x0000000083f00000|100%| O|  |TAMS 0x0000000083f00000, 0x0000000083e00000| Untracked 
|  63|0x0000000083f00000, 0x0000000084000000, 0x0000000084000000|100%| O|  |TAMS 0x0000000084000000, 0x0000000083f00000| Complete 
|  64|0x0000000084000000, 0x0000000084100000, 0x0000000084100000|100%| O|  |TAMS 0x0000000084100000, 0x0000000084000000| Untracked 
|  65|0x0000000084100000, 0x0000000084200000, 0x0000000084200000|100%| O|  |TAMS 0x0000000084200000, 0x0000000084100000| Complete 
|  66|0x0000000084200000, 0x0000000084300000, 0x0000000084300000|100%| O|  |TAMS 0x0000000084300000, 0x0000000084200000| Complete 
|  67|0x0000000084300000, 0x0000000084400000, 0x0000000084400000|100%| O|  |TAMS 0x0000000084400000, 0x0000000084300000| Untracked 
|  68|0x0000000084400000, 0x0000000084500000, 0x0000000084500000|100%| O|  |TAMS 0x0000000084500000, 0x0000000084400000| Untracked 
|  69|0x0000000084500000, 0x0000000084600000, 0x0000000084600000|100%| O|  |TAMS 0x0000000084600000, 0x0000000084500000| Complete 
|  70|0x0000000084600000, 0x0000000084700000, 0x0000000084700000|100%| O|  |TAMS 0x0000000084700000, 0x0000000084600000| Untracked 
|  71|0x0000000084700000, 0x0000000084800000, 0x0000000084800000|100%| O|  |TAMS 0x0000000084800000, 0x0000000084700000| Untracked 
|  72|0x0000000084800000, 0x0000000084900000, 0x0000000084900000|100%| O|  |TAMS 0x0000000084900000, 0x0000000084800000| Untracked 
|  73|0x0000000084900000, 0x0000000084a00000, 0x0000000084a00000|100%| O|  |TAMS 0x0000000084a00000, 0x0000000084900000| Complete 
|  74|0x0000000084a00000, 0x0000000084b00000, 0x0000000084b00000|100%| O|  |TAMS 0x0000000084b00000, 0x0000000084a00000| Complete 
|  75|0x0000000084b00000, 0x0000000084c00000, 0x0000000084c00000|100%| O|  |TAMS 0x0000000084c00000, 0x0000000084b00000| Complete 
|  76|0x0000000084c00000, 0x0000000084d00000, 0x0000000084d00000|100%| O|  |TAMS 0x0000000084d00000, 0x0000000084c00000| Complete 
|  77|0x0000000084d00000, 0x0000000084e00000, 0x0000000084e00000|100%| O|  |TAMS 0x0000000084e00000, 0x0000000084d00000| Untracked 
|  78|0x0000000084e00000, 0x0000000084f00000, 0x0000000084f00000|100%| O|  |TAMS 0x0000000084f00000, 0x0000000084e00000| Untracked 
|  79|0x0000000084f00000, 0x0000000085000000, 0x0000000085000000|100%| O|  |TAMS 0x0000000085000000, 0x0000000084f00000| Untracked 
|  80|0x0000000085000000, 0x0000000085100000, 0x0000000085100000|100%| O|  |TAMS 0x0000000085100000, 0x0000000085000000| Untracked 
|  81|0x0000000085100000, 0x0000000085200000, 0x0000000085200000|100%| O|  |TAMS 0x0000000085200000, 0x0000000085100000| Untracked 
|  82|0x0000000085200000, 0x0000000085300000, 0x0000000085300000|100%| O|  |TAMS 0x0000000085300000, 0x0000000085200000| Untracked 
|  83|0x0000000085300000, 0x0000000085400000, 0x0000000085400000|100%| O|  |TAMS 0x0000000085400000, 0x0000000085300000| Complete 
|  84|0x0000000085400000, 0x0000000085500000, 0x0000000085500000|100%| O|  |TAMS 0x0000000085500000, 0x0000000085400000| Complete 
|  85|0x0000000085500000, 0x0000000085600000, 0x0000000085600000|100%| O|  |TAMS 0x0000000085600000, 0x0000000085500000| Untracked 
|  86|0x0000000085600000, 0x0000000085700000, 0x0000000085700000|100%| O|  |TAMS 0x0000000085700000, 0x0000000085600000| Complete 
|  87|0x0000000085700000, 0x0000000085800000, 0x0000000085800000|100%| O|  |TAMS 0x0000000085800000, 0x0000000085700000| Complete 
|  88|0x0000000085800000, 0x0000000085900000, 0x0000000085900000|100%| O|  |TAMS 0x0000000085900000, 0x0000000085800000| Complete 
|  89|0x0000000085900000, 0x0000000085a00000, 0x0000000085a00000|100%| O|  |TAMS 0x0000000085a00000, 0x0000000085900000| Untracked 
|  90|0x0000000085a00000, 0x0000000085b00000, 0x0000000085b00000|100%| O|  |TAMS 0x0000000085b00000, 0x0000000085a00000| Complete 
|  91|0x0000000085b00000, 0x0000000085c00000, 0x0000000085c00000|100%| O|  |TAMS 0x0000000085c00000, 0x0000000085b00000| Complete 
|  92|0x0000000085c00000, 0x0000000085d00000, 0x0000000085d00000|100%| O|  |TAMS 0x0000000085d00000, 0x0000000085c00000| Complete 
|  93|0x0000000085d00000, 0x0000000085e00000, 0x0000000085e00000|100%| O|  |TAMS 0x0000000085e00000, 0x0000000085d00000| Untracked 
|  94|0x0000000085e00000, 0x0000000085f00000, 0x0000000085f00000|100%| O|  |TAMS 0x0000000085f00000, 0x0000000085e00000| Untracked 
|  95|0x0000000085f00000, 0x0000000086000000, 0x0000000086000000|100%| O|  |TAMS 0x0000000086000000, 0x0000000085f00000| Complete 
|  96|0x0000000086000000, 0x0000000086100000, 0x0000000086100000|100%| O|  |TAMS 0x0000000086100000, 0x0000000086000000| Untracked 
|  97|0x0000000086100000, 0x0000000086200000, 0x0000000086200000|100%| O|  |TAMS 0x0000000086200000, 0x0000000086100000| Complete 
|  98|0x0000000086200000, 0x0000000086300000, 0x0000000086300000|100%| O|  |TAMS 0x0000000086300000, 0x0000000086200000| Untracked 
|  99|0x0000000086300000, 0x0000000086400000, 0x0000000086400000|100%| O|  |TAMS 0x0000000086400000, 0x0000000086300000| Untracked 
| 100|0x0000000086400000, 0x0000000086500000, 0x0000000086500000|100%| O|  |TAMS 0x0000000086500000, 0x0000000086400000| Complete 
| 101|0x0000000086500000, 0x0000000086600000, 0x0000000086600000|100%| O|  |TAMS 0x0000000086600000, 0x0000000086500000| Untracked 
| 102|0x0000000086600000, 0x0000000086700000, 0x0000000086700000|100%| O|  |TAMS 0x0000000086700000, 0x0000000086600000| Complete 
| 103|0x0000000086700000, 0x0000000086800000, 0x0000000086800000|100%| O|  |TAMS 0x0000000086800000, 0x0000000086700000| Complete 
| 104|0x0000000086800000, 0x0000000086900000, 0x0000000086900000|100%| O|  |TAMS 0x0000000086900000, 0x0000000086800000| Untracked 
| 105|0x0000000086900000, 0x0000000086a00000, 0x0000000086a00000|100%| O|  |TAMS 0x0000000086a00000, 0x0000000086900000| Untracked 
| 106|0x0000000086a00000, 0x0000000086b00000, 0x0000000086b00000|100%| O|  |TAMS 0x0000000086b00000, 0x0000000086a00000| Complete 
| 107|0x0000000086b00000, 0x0000000086c00000, 0x0000000086c00000|100%| O|  |TAMS 0x0000000086c00000, 0x0000000086b00000| Complete 
| 108|0x0000000086c00000, 0x0000000086d00000, 0x0000000086d00000|100%| O|  |TAMS 0x0000000086d00000, 0x0000000086c00000| Complete 
| 109|0x0000000086d00000, 0x0000000086e00000, 0x0000000086e00000|100%| O|  |TAMS 0x0000000086e00000, 0x0000000086d00000| Complete 
| 110|0x0000000086e00000, 0x0000000086f00000, 0x0000000086f00000|100%| O|  |TAMS 0x0000000086f00000, 0x0000000086e00000| Untracked 
| 111|0x0000000086f00000, 0x0000000087000000, 0x0000000087000000|100%| O|  |TAMS 0x0000000087000000, 0x0000000086f00000| Complete 
| 112|0x0000000087000000, 0x0000000087100000, 0x0000000087100000|100%| O|  |TAMS 0x0000000087100000, 0x0000000087000000| Complete 
| 113|0x0000000087100000, 0x0000000087200000, 0x0000000087200000|100%| O|  |TAMS 0x0000000087200000, 0x0000000087100000| Untracked 
| 114|0x0000000087200000, 0x0000000087300000, 0x0000000087300000|100%| O|  |TAMS 0x0000000087300000, 0x0000000087200000| Complete 
| 115|0x0000000087300000, 0x0000000087400000, 0x0000000087400000|100%| O|  |TAMS 0x0000000087400000, 0x0000000087300000| Untracked 
| 116|0x0000000087400000, 0x0000000087500000, 0x0000000087500000|100%| O|  |TAMS 0x0000000087500000, 0x0000000087400000| Complete 
| 117|0x0000000087500000, 0x0000000087600000, 0x0000000087600000|100%| O|  |TAMS 0x0000000087600000, 0x0000000087500000| Untracked 
| 118|0x0000000087600000, 0x0000000087700000, 0x0000000087700000|100%| O|  |TAMS 0x0000000087700000, 0x0000000087600000| Untracked 
| 119|0x0000000087700000, 0x0000000087800000, 0x0000000087800000|100%| O|  |TAMS 0x0000000087800000, 0x0000000087700000| Complete 
| 120|0x0000000087800000, 0x0000000087900000, 0x0000000087900000|100%| O|  |TAMS 0x0000000087900000, 0x0000000087800000| Untracked 
| 121|0x0000000087900000, 0x0000000087a00000, 0x0000000087a00000|100%| O|  |TAMS 0x0000000087a00000, 0x0000000087900000| Untracked 
| 122|0x0000000087a00000, 0x0000000087b00000, 0x0000000087b00000|100%| O|  |TAMS 0x0000000087b00000, 0x0000000087a00000| Untracked 
| 123|0x0000000087b00000, 0x0000000087c00000, 0x0000000087c00000|100%| O|  |TAMS 0x0000000087c00000, 0x0000000087b00000| Complete 
| 124|0x0000000087c00000, 0x0000000087d00000, 0x0000000087d00000|100%| O|  |TAMS 0x0000000087d00000, 0x0000000087c00000| Complete 
| 125|0x0000000087d00000, 0x0000000087e00000, 0x0000000087e00000|100%| O|  |TAMS 0x0000000087e00000, 0x0000000087d00000| Untracked 
| 126|0x0000000087e00000, 0x0000000087f00000, 0x0000000087f00000|100%| O|  |TAMS 0x0000000087f00000, 0x0000000087e00000| Untracked 
| 127|0x0000000087f00000, 0x0000000088000000, 0x0000000088000000|100%| O|  |TAMS 0x0000000088000000, 0x0000000087f00000| Complete 
| 128|0x0000000088000000, 0x0000000088100000, 0x0000000088100000|100%| O|  |TAMS 0x0000000088100000, 0x0000000088000000| Untracked 
| 129|0x0000000088100000, 0x0000000088200000, 0x0000000088200000|100%| O|  |TAMS 0x0000000088200000, 0x0000000088100000| Untracked 
| 130|0x0000000088200000, 0x0000000088300000, 0x0000000088300000|100%| O|  |TAMS 0x0000000088300000, 0x0000000088200000| Complete 
| 131|0x0000000088300000, 0x0000000088400000, 0x0000000088400000|100%| O|  |TAMS 0x0000000088400000, 0x0000000088300000| Untracked 
| 132|0x0000000088400000, 0x0000000088500000, 0x0000000088500000|100%| O|  |TAMS 0x0000000088500000, 0x0000000088400000| Complete 
| 133|0x0000000088500000, 0x0000000088600000, 0x0000000088600000|100%| O|  |TAMS 0x0000000088600000, 0x0000000088500000| Untracked 
| 134|0x0000000088600000, 0x0000000088700000, 0x0000000088700000|100%| O|  |TAMS 0x0000000088700000, 0x0000000088600000| Complete 
| 135|0x0000000088700000, 0x0000000088800000, 0x0000000088800000|100%| O|  |TAMS 0x0000000088800000, 0x0000000088700000| Complete 
| 136|0x0000000088800000, 0x0000000088900000, 0x0000000088900000|100%| O|  |TAMS 0x0000000088900000, 0x0000000088800000| Untracked 
| 137|0x0000000088900000, 0x0000000088a00000, 0x0000000088a00000|100%| O|  |TAMS 0x0000000088a00000, 0x0000000088900000| Untracked 
| 138|0x0000000088a00000, 0x0000000088b00000, 0x0000000088b00000|100%| O|  |TAMS 0x0000000088b00000, 0x0000000088a00000| Untracked 
| 139|0x0000000088b00000, 0x0000000088c00000, 0x0000000088c00000|100%| O|  |TAMS 0x0000000088c00000, 0x0000000088b00000| Untracked 
| 140|0x0000000088c00000, 0x0000000088d00000, 0x0000000088d00000|100%| O|  |TAMS 0x0000000088d00000, 0x0000000088c00000| Complete 
| 141|0x0000000088d00000, 0x0000000088e00000, 0x0000000088e00000|100%| O|  |TAMS 0x0000000088e00000, 0x0000000088d00000| Untracked 
| 142|0x0000000088e00000, 0x0000000088f00000, 0x0000000088f00000|100%| O|  |TAMS 0x0000000088f00000, 0x0000000088e00000| Complete 
| 143|0x0000000088f00000, 0x0000000089000000, 0x0000000089000000|100%| O|  |TAMS 0x0000000089000000, 0x0000000088f00000| Untracked 
| 144|0x0000000089000000, 0x0000000089100000, 0x0000000089100000|100%| O|  |TAMS 0x0000000089100000, 0x0000000089000000| Complete 
| 145|0x0000000089100000, 0x0000000089200000, 0x0000000089200000|100%| O|  |TAMS 0x0000000089200000, 0x0000000089100000| Untracked 
| 146|0x0000000089200000, 0x0000000089300000, 0x0000000089300000|100%| O|  |TAMS 0x0000000089300000, 0x0000000089200000| Untracked 
| 147|0x0000000089300000, 0x0000000089400000, 0x0000000089400000|100%| O|  |TAMS 0x0000000089400000, 0x0000000089300000| Untracked 
| 148|0x0000000089400000, 0x0000000089500000, 0x0000000089500000|100%| O|  |TAMS 0x0000000089500000, 0x0000000089400000| Untracked 
| 149|0x0000000089500000, 0x0000000089600000, 0x0000000089600000|100%| O|  |TAMS 0x0000000089600000, 0x0000000089500000| Untracked 
| 150|0x0000000089600000, 0x0000000089700000, 0x0000000089700000|100%| O|  |TAMS 0x0000000089700000, 0x0000000089600000| Complete 
| 151|0x0000000089700000, 0x0000000089800000, 0x0000000089800000|100%| O|  |TAMS 0x0000000089800000, 0x0000000089700000| Complete 
| 152|0x0000000089800000, 0x0000000089900000, 0x0000000089900000|100%| O|  |TAMS 0x0000000089900000, 0x0000000089800000| Complete 
| 153|0x0000000089900000, 0x0000000089a00000, 0x0000000089a00000|100%| O|  |TAMS 0x0000000089a00000, 0x0000000089900000| Untracked 
| 154|0x0000000089a00000, 0x0000000089b00000, 0x0000000089b00000|100%| O|  |TAMS 0x0000000089b00000, 0x0000000089a00000| Untracked 
| 155|0x0000000089b00000, 0x0000000089c00000, 0x0000000089c00000|100%| O|  |TAMS 0x0000000089c00000, 0x0000000089b00000| Untracked 
| 156|0x0000000089c00000, 0x0000000089d00000, 0x0000000089d00000|100%| O|  |TAMS 0x0000000089d00000, 0x0000000089c00000| Untracked 
| 157|0x0000000089d00000, 0x0000000089e00000, 0x0000000089e00000|100%| O|  |TAMS 0x0000000089e00000, 0x0000000089d00000| Untracked 
| 158|0x0000000089e00000, 0x0000000089f00000, 0x0000000089f00000|100%| O|  |TAMS 0x0000000089f00000, 0x0000000089e00000| Untracked 
| 159|0x0000000089f00000, 0x000000008a000000, 0x000000008a000000|100%| O|  |TAMS 0x000000008a000000, 0x0000000089f00000| Complete 
| 160|0x000000008a000000, 0x000000008a100000, 0x000000008a100000|100%| O|  |TAMS 0x000000008a100000, 0x000000008a000000| Complete 
| 161|0x000000008a100000, 0x000000008a200000, 0x000000008a200000|100%| O|  |TAMS 0x000000008a200000, 0x000000008a100000| Complete 
| 162|0x000000008a200000, 0x000000008a300000, 0x000000008a300000|100%| O|  |TAMS 0x000000008a300000, 0x000000008a200000| Untracked 
| 163|0x000000008a300000, 0x000000008a400000, 0x000000008a400000|100%| O|  |TAMS 0x000000008a400000, 0x000000008a300000| Untracked 
| 164|0x000000008a400000, 0x000000008a500000, 0x000000008a500000|100%| O|  |TAMS 0x000000008a500000, 0x000000008a400000| Untracked 
| 165|0x000000008a500000, 0x000000008a600000, 0x000000008a600000|100%| O|  |TAMS 0x000000008a600000, 0x000000008a500000| Complete 
| 166|0x000000008a600000, 0x000000008a700000, 0x000000008a700000|100%| O|  |TAMS 0x000000008a700000, 0x000000008a600000| Untracked 
| 167|0x000000008a700000, 0x000000008a800000, 0x000000008a800000|100%| O|  |TAMS 0x000000008a800000, 0x000000008a700000| Untracked 
| 168|0x000000008a800000, 0x000000008a900000, 0x000000008a900000|100%| O|  |TAMS 0x000000008a900000, 0x000000008a800000| Untracked 
| 169|0x000000008a900000, 0x000000008aa00000, 0x000000008aa00000|100%| O|  |TAMS 0x000000008aa00000, 0x000000008a900000| Untracked 
| 170|0x000000008aa00000, 0x000000008ab00000, 0x000000008ab00000|100%| O|  |TAMS 0x000000008ab00000, 0x000000008aa00000| Untracked 
| 171|0x000000008ab00000, 0x000000008ac00000, 0x000000008ac00000|100%| O|  |TAMS 0x000000008ac00000, 0x000000008ab00000| Untracked 
| 172|0x000000008ac00000, 0x000000008ad00000, 0x000000008ad00000|100%| O|  |TAMS 0x000000008ad00000, 0x000000008ac00000| Untracked 
| 173|0x000000008ad00000, 0x000000008ae00000, 0x000000008ae00000|100%| O|  |TAMS 0x000000008ae00000, 0x000000008ad00000| Complete 
| 174|0x000000008ae00000, 0x000000008af00000, 0x000000008af00000|100%| O|  |TAMS 0x000000008af00000, 0x000000008ae00000| Complete 
| 175|0x000000008af00000, 0x000000008b000000, 0x000000008b000000|100%| O|  |TAMS 0x000000008b000000, 0x000000008af00000| Untracked 
| 176|0x000000008b000000, 0x000000008b100000, 0x000000008b100000|100%| O|  |TAMS 0x000000008b100000, 0x000000008b000000| Untracked 
| 177|0x000000008b100000, 0x000000008b200000, 0x000000008b200000|100%| O|  |TAMS 0x000000008b200000, 0x000000008b100000| Untracked 
| 178|0x000000008b200000, 0x000000008b300000, 0x000000008b300000|100%| O|  |TAMS 0x000000008b300000, 0x000000008b200000| Untracked 
| 179|0x000000008b300000, 0x000000008b400000, 0x000000008b400000|100%| O|  |TAMS 0x000000008b400000, 0x000000008b300000| Untracked 
| 180|0x000000008b400000, 0x000000008b500000, 0x000000008b500000|100%| O|  |TAMS 0x000000008b500000, 0x000000008b400000| Untracked 
| 181|0x000000008b500000, 0x000000008b600000, 0x000000008b600000|100%| O|  |TAMS 0x000000008b600000, 0x000000008b500000| Untracked 
| 182|0x000000008b600000, 0x000000008b700000, 0x000000008b700000|100%| O|  |TAMS 0x000000008b700000, 0x000000008b600000| Untracked 
| 183|0x000000008b700000, 0x000000008b800000, 0x000000008b800000|100%| O|  |TAMS 0x000000008b800000, 0x000000008b700000| Untracked 
| 184|0x000000008b800000, 0x000000008b900000, 0x000000008b900000|100%| O|  |TAMS 0x000000008b900000, 0x000000008b800000| Complete 
| 185|0x000000008b900000, 0x000000008ba00000, 0x000000008ba00000|100%| O|  |TAMS 0x000000008b989a00, 0x000000008b900000| Complete 
| 186|0x000000008ba00000, 0x000000008bb00000, 0x000000008bb00000|100%| O|  |TAMS 0x000000008ba00000, 0x000000008ba00000| Untracked 
| 187|0x000000008bb00000, 0x000000008bc00000, 0x000000008bc00000|100%| O|  |TAMS 0x000000008bb00000, 0x000000008bb00000| Untracked 
| 188|0x000000008bc00000, 0x000000008bd00000, 0x000000008bd00000|100%| O|  |TAMS 0x000000008bc00000, 0x000000008bc00000| Untracked 
| 189|0x000000008bd00000, 0x000000008be00000, 0x000000008be00000|100%| O|  |TAMS 0x000000008bd00000, 0x000000008bd00000| Untracked 
| 190|0x000000008be00000, 0x000000008bf00000, 0x000000008bf00000|100%| O|  |TAMS 0x000000008be00000, 0x000000008be00000| Untracked 
| 191|0x000000008bf00000, 0x000000008c000000, 0x000000008c000000|100%| O|  |TAMS 0x000000008bf00000, 0x000000008bf00000| Untracked 
| 192|0x000000008c000000, 0x000000008c100000, 0x000000008c100000|100%| O|  |TAMS 0x000000008c000000, 0x000000008c000000| Untracked 
| 193|0x000000008c100000, 0x000000008c200000, 0x000000008c200000|100%| O|  |TAMS 0x000000008c100000, 0x000000008c100000| Untracked 
| 194|0x000000008c200000, 0x000000008c300000, 0x000000008c300000|100%| O|  |TAMS 0x000000008c200000, 0x000000008c200000| Untracked 
| 195|0x000000008c300000, 0x000000008c300000, 0x000000008c400000|  0%| F|  |TAMS 0x000000008c300000, 0x000000008c300000| Untracked 
| 196|0x000000008c400000, 0x000000008c400000, 0x000000008c500000|  0%| F|  |TAMS 0x000000008c400000, 0x000000008c400000| Untracked 
| 197|0x000000008c500000, 0x000000008c500000, 0x000000008c600000|  0%| F|  |TAMS 0x000000008c500000, 0x000000008c500000| Untracked 
| 198|0x000000008c600000, 0x000000008c600000, 0x000000008c700000|  0%| F|  |TAMS 0x000000008c600000, 0x000000008c600000| Untracked 
| 199|0x000000008c700000, 0x000000008c700000, 0x000000008c800000|  0%| F|  |TAMS 0x000000008c700000, 0x000000008c700000| Untracked 
| 200|0x000000008c800000, 0x000000008c800000, 0x000000008c900000|  0%| F|  |TAMS 0x000000008c800000, 0x000000008c800000| Untracked 
| 201|0x000000008c900000, 0x000000008c900000, 0x000000008ca00000|  0%| F|  |TAMS 0x000000008c900000, 0x000000008c900000| Untracked 
| 202|0x000000008ca00000, 0x000000008ca00000, 0x000000008cb00000|  0%| F|  |TAMS 0x000000008ca00000, 0x000000008ca00000| Untracked 
| 203|0x000000008cb00000, 0x000000008cb00000, 0x000000008cc00000|  0%| F|  |TAMS 0x000000008cb00000, 0x000000008cb00000| Untracked 
| 204|0x000000008cc00000, 0x000000008cc00000, 0x000000008cd00000|  0%| F|  |TAMS 0x000000008cc00000, 0x000000008cc00000| Untracked 
| 205|0x000000008cd00000, 0x000000008cd00000, 0x000000008ce00000|  0%| F|  |TAMS 0x000000008cd00000, 0x000000008cd00000| Untracked 
| 206|0x000000008ce00000, 0x000000008ce00000, 0x000000008cf00000|  0%| F|  |TAMS 0x000000008ce00000, 0x000000008ce00000| Untracked 
| 207|0x000000008cf00000, 0x000000008cf00000, 0x000000008d000000|  0%| F|  |TAMS 0x000000008cf00000, 0x000000008cf00000| Untracked 
| 208|0x000000008d000000, 0x000000008d000000, 0x000000008d100000|  0%| F|  |TAMS 0x000000008d000000, 0x000000008d000000| Untracked 
| 209|0x000000008d100000, 0x000000008d100000, 0x000000008d200000|  0%| F|  |TAMS 0x000000008d100000, 0x000000008d100000| Untracked 
| 210|0x000000008d200000, 0x000000008d200000, 0x000000008d300000|  0%| F|  |TAMS 0x000000008d200000, 0x000000008d200000| Untracked 
| 211|0x000000008d300000, 0x000000008d300000, 0x000000008d400000|  0%| F|  |TAMS 0x000000008d300000, 0x000000008d300000| Untracked 
| 212|0x000000008d400000, 0x000000008d400000, 0x000000008d500000|  0%| F|  |TAMS 0x000000008d400000, 0x000000008d400000| Untracked 
| 213|0x000000008d500000, 0x000000008d500000, 0x000000008d600000|  0%| F|  |TAMS 0x000000008d500000, 0x000000008d500000| Untracked 
| 214|0x000000008d600000, 0x000000008d600000, 0x000000008d700000|  0%| F|  |TAMS 0x000000008d600000, 0x000000008d600000| Untracked 
| 215|0x000000008d700000, 0x000000008d700000, 0x000000008d800000|  0%| F|  |TAMS 0x000000008d700000, 0x000000008d700000| Untracked 
| 216|0x000000008d800000, 0x000000008d800000, 0x000000008d900000|  0%| F|  |TAMS 0x000000008d800000, 0x000000008d800000| Untracked 
| 217|0x000000008d900000, 0x000000008d900000, 0x000000008da00000|  0%| F|  |TAMS 0x000000008d900000, 0x000000008d900000| Untracked 
| 218|0x000000008da00000, 0x000000008da00000, 0x000000008db00000|  0%| F|  |TAMS 0x000000008da00000, 0x000000008da00000| Untracked 
| 219|0x000000008db00000, 0x000000008db00000, 0x000000008dc00000|  0%| F|  |TAMS 0x000000008db00000, 0x000000008db00000| Untracked 
| 220|0x000000008dc00000, 0x000000008dc00000, 0x000000008dd00000|  0%| F|  |TAMS 0x000000008dc00000, 0x000000008dc00000| Untracked 
| 221|0x000000008dd00000, 0x000000008dd00000, 0x000000008de00000|  0%| F|  |TAMS 0x000000008dd00000, 0x000000008dd00000| Untracked 
| 222|0x000000008de00000, 0x000000008de00000, 0x000000008df00000|  0%| F|  |TAMS 0x000000008de00000, 0x000000008de00000| Untracked 
| 223|0x000000008df00000, 0x000000008df00000, 0x000000008e000000|  0%| F|  |TAMS 0x000000008df00000, 0x000000008df00000| Untracked 
| 224|0x000000008e000000, 0x000000008e000000, 0x000000008e100000|  0%| F|  |TAMS 0x000000008e000000, 0x000000008e000000| Untracked 
| 225|0x000000008e100000, 0x000000008e100000, 0x000000008e200000|  0%| F|  |TAMS 0x000000008e100000, 0x000000008e100000| Untracked 
| 226|0x000000008e200000, 0x000000008e200000, 0x000000008e300000|  0%| F|  |TAMS 0x000000008e200000, 0x000000008e200000| Untracked 
| 227|0x000000008e300000, 0x000000008e300000, 0x000000008e400000|  0%| F|  |TAMS 0x000000008e300000, 0x000000008e300000| Untracked 
| 228|0x000000008e400000, 0x000000008e400000, 0x000000008e500000|  0%| F|  |TAMS 0x000000008e400000, 0x000000008e400000| Untracked 
| 229|0x000000008e500000, 0x000000008e500000, 0x000000008e600000|  0%| F|  |TAMS 0x000000008e500000, 0x000000008e500000| Untracked 
| 230|0x000000008e600000, 0x000000008e600000, 0x000000008e700000|  0%| F|  |TAMS 0x000000008e600000, 0x000000008e600000| Untracked 
| 231|0x000000008e700000, 0x000000008e700000, 0x000000008e800000|  0%| F|  |TAMS 0x000000008e700000, 0x000000008e700000| Untracked 
| 232|0x000000008e800000, 0x000000008e800000, 0x000000008e900000|  0%| F|  |TAMS 0x000000008e800000, 0x000000008e800000| Untracked 
| 233|0x000000008e900000, 0x000000008e900000, 0x000000008ea00000|  0%| F|  |TAMS 0x000000008e900000, 0x000000008e900000| Untracked 
| 234|0x000000008ea00000, 0x000000008ea00000, 0x000000008eb00000|  0%| F|  |TAMS 0x000000008ea00000, 0x000000008ea00000| Untracked 
| 235|0x000000008eb00000, 0x000000008eb00000, 0x000000008ec00000|  0%| F|  |TAMS 0x000000008eb00000, 0x000000008eb00000| Untracked 
| 236|0x000000008ec00000, 0x000000008ec00000, 0x000000008ed00000|  0%| F|  |TAMS 0x000000008ec00000, 0x000000008ec00000| Untracked 
| 237|0x000000008ed00000, 0x000000008ed00000, 0x000000008ee00000|  0%| F|  |TAMS 0x000000008ed00000, 0x000000008ed00000| Untracked 
| 238|0x000000008ee00000, 0x000000008ee00000, 0x000000008ef00000|  0%| F|  |TAMS 0x000000008ee00000, 0x000000008ee00000| Untracked 
| 239|0x000000008ef00000, 0x000000008ef00000, 0x000000008f000000|  0%| F|  |TAMS 0x000000008ef00000, 0x000000008ef00000| Untracked 
| 240|0x000000008f000000, 0x000000008f000000, 0x000000008f100000|  0%| F|  |TAMS 0x000000008f000000, 0x000000008f000000| Untracked 
| 241|0x000000008f100000, 0x000000008f100000, 0x000000008f200000|  0%| F|  |TAMS 0x000000008f100000, 0x000000008f100000| Untracked 
| 242|0x000000008f200000, 0x000000008f200000, 0x000000008f300000|  0%| F|  |TAMS 0x000000008f200000, 0x000000008f200000| Untracked 
| 243|0x000000008f300000, 0x000000008f300000, 0x000000008f400000|  0%| F|  |TAMS 0x000000008f300000, 0x000000008f300000| Untracked 
| 244|0x000000008f400000, 0x000000008f400000, 0x000000008f500000|  0%| F|  |TAMS 0x000000008f400000, 0x000000008f400000| Untracked 
| 245|0x000000008f500000, 0x000000008f500000, 0x000000008f600000|  0%| F|  |TAMS 0x000000008f500000, 0x000000008f500000| Untracked 
| 246|0x000000008f600000, 0x000000008f600000, 0x000000008f700000|  0%| F|  |TAMS 0x000000008f600000, 0x000000008f600000| Untracked 
| 247|0x000000008f700000, 0x000000008f7fe448, 0x000000008f800000| 99%| S|CS|TAMS 0x000000008f700000, 0x000000008f700000| Complete 
| 248|0x000000008f800000, 0x000000008f900000, 0x000000008f900000|100%| S|CS|TAMS 0x000000008f800000, 0x000000008f800000| Complete 
| 249|0x000000008f900000, 0x000000008fa00000, 0x000000008fa00000|100%| S|CS|TAMS 0x000000008f900000, 0x000000008f900000| Complete 
| 250|0x000000008fa00000, 0x000000008fb00000, 0x000000008fb00000|100%| S|CS|TAMS 0x000000008fa00000, 0x000000008fa00000| Complete 
| 251|0x000000008fb00000, 0x000000008fb00000, 0x000000008fc00000|  0%| F|  |TAMS 0x000000008fb00000, 0x000000008fb00000| Untracked 
| 252|0x000000008fc00000, 0x000000008fc00000, 0x000000008fd00000|  0%| F|  |TAMS 0x000000008fc00000, 0x000000008fc00000| Untracked 
| 253|0x000000008fd00000, 0x000000008fd00000, 0x000000008fe00000|  0%| F|  |TAMS 0x000000008fd00000, 0x000000008fd00000| Untracked 
| 254|0x000000008fe00000, 0x000000008fe00000, 0x000000008ff00000|  0%| F|  |TAMS 0x000000008fe00000, 0x000000008fe00000| Untracked 
| 255|0x000000008ff00000, 0x000000008ff00000, 0x0000000090000000|  0%| F|  |TAMS 0x000000008ff00000, 0x000000008ff00000| Untracked 
| 256|0x0000000090000000, 0x0000000090000000, 0x0000000090100000|  0%| F|  |TAMS 0x0000000090000000, 0x0000000090000000| Untracked 
| 257|0x0000000090100000, 0x0000000090100000, 0x0000000090200000|  0%| F|  |TAMS 0x0000000090100000, 0x0000000090100000| Untracked 
| 258|0x0000000090200000, 0x0000000090200000, 0x0000000090300000|  0%| F|  |TAMS 0x0000000090200000, 0x0000000090200000| Untracked 
| 259|0x0000000090300000, 0x0000000090300000, 0x0000000090400000|  0%| F|  |TAMS 0x0000000090300000, 0x0000000090300000| Untracked 
| 260|0x0000000090400000, 0x0000000090400000, 0x0000000090500000|  0%| F|  |TAMS 0x0000000090400000, 0x0000000090400000| Untracked 
| 261|0x0000000090500000, 0x0000000090500000, 0x0000000090600000|  0%| F|  |TAMS 0x0000000090500000, 0x0000000090500000| Untracked 
| 262|0x0000000090600000, 0x0000000090600000, 0x0000000090700000|  0%| F|  |TAMS 0x0000000090600000, 0x0000000090600000| Untracked 
| 263|0x0000000090700000, 0x0000000090700000, 0x0000000090800000|  0%| F|  |TAMS 0x0000000090700000, 0x0000000090700000| Untracked 
| 264|0x0000000090800000, 0x0000000090800000, 0x0000000090900000|  0%| F|  |TAMS 0x0000000090800000, 0x0000000090800000| Untracked 
| 265|0x0000000090900000, 0x0000000090900000, 0x0000000090a00000|  0%| F|  |TAMS 0x0000000090900000, 0x0000000090900000| Untracked 
| 266|0x0000000090a00000, 0x0000000090a00000, 0x0000000090b00000|  0%| F|  |TAMS 0x0000000090a00000, 0x0000000090a00000| Untracked 
| 267|0x0000000090b00000, 0x0000000090b00000, 0x0000000090c00000|  0%| F|  |TAMS 0x0000000090b00000, 0x0000000090b00000| Untracked 
| 268|0x0000000090c00000, 0x0000000090c00000, 0x0000000090d00000|  0%| F|  |TAMS 0x0000000090c00000, 0x0000000090c00000| Untracked 
| 269|0x0000000090d00000, 0x0000000090d00000, 0x0000000090e00000|  0%| F|  |TAMS 0x0000000090d00000, 0x0000000090d00000| Untracked 
| 270|0x0000000090e00000, 0x0000000090e00000, 0x0000000090f00000|  0%| F|  |TAMS 0x0000000090e00000, 0x0000000090e00000| Untracked 
| 271|0x0000000090f00000, 0x0000000090f00000, 0x0000000091000000|  0%| F|  |TAMS 0x0000000090f00000, 0x0000000090f00000| Untracked 
| 272|0x0000000091000000, 0x0000000091000000, 0x0000000091100000|  0%| F|  |TAMS 0x0000000091000000, 0x0000000091000000| Untracked 
| 273|0x0000000091100000, 0x0000000091100000, 0x0000000091200000|  0%| F|  |TAMS 0x0000000091100000, 0x0000000091100000| Untracked 
| 274|0x0000000091200000, 0x0000000091200000, 0x0000000091300000|  0%| F|  |TAMS 0x0000000091200000, 0x0000000091200000| Untracked 
| 275|0x0000000091300000, 0x0000000091300000, 0x0000000091400000|  0%| F|  |TAMS 0x0000000091300000, 0x0000000091300000| Untracked 
| 276|0x0000000091400000, 0x0000000091400000, 0x0000000091500000|  0%| F|  |TAMS 0x0000000091400000, 0x0000000091400000| Untracked 
| 277|0x0000000091500000, 0x0000000091500000, 0x0000000091600000|  0%| F|  |TAMS 0x0000000091500000, 0x0000000091500000| Untracked 
| 278|0x0000000091600000, 0x0000000091600000, 0x0000000091700000|  0%| F|  |TAMS 0x0000000091600000, 0x0000000091600000| Untracked 
| 279|0x0000000091700000, 0x0000000091700000, 0x0000000091800000|  0%| F|  |TAMS 0x0000000091700000, 0x0000000091700000| Untracked 
| 280|0x0000000091800000, 0x0000000091800000, 0x0000000091900000|  0%| F|  |TAMS 0x0000000091800000, 0x0000000091800000| Untracked 
| 281|0x0000000091900000, 0x0000000091900000, 0x0000000091a00000|  0%| F|  |TAMS 0x0000000091900000, 0x0000000091900000| Untracked 
| 282|0x0000000091a00000, 0x0000000091a00000, 0x0000000091b00000|  0%| F|  |TAMS 0x0000000091a00000, 0x0000000091a00000| Untracked 
| 283|0x0000000091b00000, 0x0000000091b00000, 0x0000000091c00000|  0%| F|  |TAMS 0x0000000091b00000, 0x0000000091b00000| Untracked 
| 284|0x0000000091c00000, 0x0000000091c00000, 0x0000000091d00000|  0%| F|  |TAMS 0x0000000091c00000, 0x0000000091c00000| Untracked 
| 285|0x0000000091d00000, 0x0000000091d00000, 0x0000000091e00000|  0%| F|  |TAMS 0x0000000091d00000, 0x0000000091d00000| Untracked 
| 286|0x0000000091e00000, 0x0000000091e00000, 0x0000000091f00000|  0%| F|  |TAMS 0x0000000091e00000, 0x0000000091e00000| Untracked 
| 287|0x0000000091f00000, 0x0000000091f00000, 0x0000000092000000|  0%| F|  |TAMS 0x0000000091f00000, 0x0000000091f00000| Untracked 
| 288|0x0000000092000000, 0x0000000092000000, 0x0000000092100000|  0%| F|  |TAMS 0x0000000092000000, 0x0000000092000000| Untracked 
| 289|0x0000000092100000, 0x0000000092100000, 0x0000000092200000|  0%| F|  |TAMS 0x0000000092100000, 0x0000000092100000| Untracked 
| 290|0x0000000092200000, 0x0000000092200000, 0x0000000092300000|  0%| F|  |TAMS 0x0000000092200000, 0x0000000092200000| Untracked 
| 291|0x0000000092300000, 0x0000000092300000, 0x0000000092400000|  0%| F|  |TAMS 0x0000000092300000, 0x0000000092300000| Untracked 
| 292|0x0000000092400000, 0x0000000092400000, 0x0000000092500000|  0%| F|  |TAMS 0x0000000092400000, 0x0000000092400000| Untracked 
| 293|0x0000000092500000, 0x0000000092500000, 0x0000000092600000|  0%| F|  |TAMS 0x0000000092500000, 0x0000000092500000| Untracked 
| 294|0x0000000092600000, 0x0000000092600000, 0x0000000092700000|  0%| F|  |TAMS 0x0000000092600000, 0x0000000092600000| Untracked 
| 295|0x0000000092700000, 0x0000000092700000, 0x0000000092800000|  0%| F|  |TAMS 0x0000000092700000, 0x0000000092700000| Untracked 
| 296|0x0000000092800000, 0x0000000092800000, 0x0000000092900000|  0%| F|  |TAMS 0x0000000092800000, 0x0000000092800000| Untracked 
| 297|0x0000000092900000, 0x0000000092900000, 0x0000000092a00000|  0%| F|  |TAMS 0x0000000092900000, 0x0000000092900000| Untracked 
| 298|0x0000000092a00000, 0x0000000092a00000, 0x0000000092b00000|  0%| F|  |TAMS 0x0000000092a00000, 0x0000000092a00000| Untracked 
| 299|0x0000000092b00000, 0x0000000092b00000, 0x0000000092c00000|  0%| F|  |TAMS 0x0000000092b00000, 0x0000000092b00000| Untracked 
| 300|0x0000000092c00000, 0x0000000092c00000, 0x0000000092d00000|  0%| F|  |TAMS 0x0000000092c00000, 0x0000000092c00000| Untracked 
| 301|0x0000000092d00000, 0x0000000092d00000, 0x0000000092e00000|  0%| F|  |TAMS 0x0000000092d00000, 0x0000000092d00000| Untracked 
| 302|0x0000000092e00000, 0x0000000092e00000, 0x0000000092f00000|  0%| F|  |TAMS 0x0000000092e00000, 0x0000000092e00000| Untracked 
| 303|0x0000000092f00000, 0x0000000092f00000, 0x0000000093000000|  0%| F|  |TAMS 0x0000000092f00000, 0x0000000092f00000| Untracked 
| 304|0x0000000093000000, 0x0000000093000000, 0x0000000093100000|  0%| F|  |TAMS 0x0000000093000000, 0x0000000093000000| Untracked 
| 305|0x0000000093100000, 0x0000000093100000, 0x0000000093200000|  0%| F|  |TAMS 0x0000000093100000, 0x0000000093100000| Untracked 
| 306|0x0000000093200000, 0x0000000093200000, 0x0000000093300000|  0%| F|  |TAMS 0x0000000093200000, 0x0000000093200000| Untracked 
| 307|0x0000000093300000, 0x0000000093300000, 0x0000000093400000|  0%| F|  |TAMS 0x0000000093300000, 0x0000000093300000| Untracked 
| 308|0x0000000093400000, 0x0000000093400000, 0x0000000093500000|  0%| F|  |TAMS 0x0000000093400000, 0x0000000093400000| Untracked 

Card table byte_map: [0x000001a974530000,0x000001a974930000] _byte_map_base: 0x000001a974130000

Marking Bits (Prev, Next): (CMBitMap*) 0x000001a95f43e488, (CMBitMap*) 0x000001a95f43e4c0
 Prev Bits: [0x000001a974d30000, 0x000001a976d30000)
 Next Bits: [0x000001a976d30000, 0x000001a978d30000)

Polling page: 0x000001a9646a0000

Metaspace:

Usage:
  Non-class:    105.07 MB capacity,   102.97 MB ( 98%) used,     1.73 MB (  2%) free+waste,   377.63 KB ( <1%) overhead. 
      Class:     16.47 MB capacity,    15.26 MB ( 93%) used,     1.04 MB (  6%) free+waste,   172.19 KB (  1%) overhead. 
       Both:    121.54 MB capacity,   118.24 MB ( 97%) used,     2.77 MB (  2%) free+waste,   549.81 KB ( <1%) overhead. 

Virtual space:
  Non-class space:      106.00 MB reserved,     105.16 MB (>99%) committed 
      Class space:        1.00 GB reserved,      16.50 MB (  2%) committed 
             Both:        1.10 GB reserved,     121.66 MB ( 11%) committed 

Chunk freelists:
   Non-Class:  28.00 KB
       Class:  0 bytes
        Both:  28.00 KB

MaxMetaspaceSize: 17179869184.00 GB
CompressedClassSpaceSize: 1.00 GB

CodeHeap 'non-profiled nmethods': size=120000Kb used=9328Kb max_used=9328Kb free=110671Kb
 bounds [0x000001a96c190000, 0x000001a96cab0000, 0x000001a9736c0000]
CodeHeap 'profiled nmethods': size=120000Kb used=35155Kb max_used=35155Kb free=84844Kb
 bounds [0x000001a964c60000, 0x000001a966ec0000, 0x000001a96c190000]
CodeHeap 'non-nmethods': size=5760Kb used=2358Kb max_used=2414Kb free=3402Kb
 bounds [0x000001a9646c0000, 0x000001a964930000, 0x000001a964c60000]
 total_blobs=16729 nmethods=15745 adapters=894
 compilation: enabled
              stopped_count=0, restarted_count=0
 full_count=0

Compilation events (20 events):
Event: 22.885 Thread 0x000001a97b82a800 nmethod 16064 0x000001a966eb2190 code [0x000001a966eb2360, 0x000001a966eb2598]
Event: 22.885 Thread 0x000001a97b82a800 16057       2       com.android.tools.r8.ir.regalloc.b::a (46 bytes)
Event: 22.886 Thread 0x000001a97b82a800 nmethod 16057 0x000001a966eb2690 code [0x000001a966eb2880, 0x000001a966eb2b98]
Event: 22.886 Thread 0x000001a97b82a800 16068       2       com.android.tools.r8.internal.C2::g2 (14 bytes)
Event: 22.886 Thread 0x000001a97b82a800 nmethod 16068 0x000001a966eb2d90 code [0x000001a966eb2f40, 0x000001a966eb30a8]
Event: 22.886 Thread 0x000001a97b82a800 16058       2       com.android.tools.r8.internal.b5::c (14 bytes)
Event: 22.886 Thread 0x000001a97b82a800 nmethod 16058 0x000001a966eb3190 code [0x000001a966eb3340, 0x000001a966eb3468]
Event: 22.886 Thread 0x000001a97b82a800 16065       2       com.android.tools.r8.internal.i5::<init> (54 bytes)
Event: 22.886 Thread 0x000001a97b82a800 nmethod 16065 0x000001a966eb3510 code [0x000001a966eb36e0, 0x000001a966eb3a98]
Event: 22.886 Thread 0x000001a97b82a800 16070       2       com.android.tools.r8.internal.zt::e (13 bytes)
Event: 22.887 Thread 0x000001a97b82a800 nmethod 16070 0x000001a966eb3c10 code [0x000001a966eb3dc0, 0x000001a966eb3ed8]
Event: 22.887 Thread 0x000001a97b82a800 16071       2       com.android.tools.r8.internal.wz::a (15 bytes)
Event: 22.887 Thread 0x000001a97b82a800 nmethod 16071 0x000001a966eb3f90 code [0x000001a966eb4140, 0x000001a966eb4298]
Event: 22.887 Thread 0x000001a97b82a800 16072       2       com.android.tools.r8.internal.qz::a (6 bytes)
Event: 22.887 Thread 0x000001a97b82a800 nmethod 16072 0x000001a966eb4390 code [0x000001a966eb4540, 0x000001a966eb4658]
Event: 22.887 Thread 0x000001a97b82a800 16073       2       com.android.tools.r8.internal.qz::b (6 bytes)
Event: 22.887 Thread 0x000001a97b82a800 nmethod 16073 0x000001a966eb4710 code [0x000001a966eb48c0, 0x000001a966eb49d8]
Event: 22.887 Thread 0x000001a97b82a800 16069       2       com.android.tools.r8.graph.G$c::hashCode (11 bytes)
Event: 22.887 Thread 0x000001a97b82a800 nmethod 16069 0x000001a966eb4a90 code [0x000001a966eb4c40, 0x000001a966eb4d38]
Event: 22.887 Thread 0x000001a97b82a800 16061       2       com.android.tools.r8.internal.Le::a (126 bytes)

GC Heap History (20 events):
Event: 21.221 GC heap after
{Heap after GC invocations=41 (full 0):
 garbage-first heap   total 225280K, used 152356K [0x0000000080000000, 0x0000000100000000)
  region size 1024K, 7 young (7168K), 7 survivors (7168K)
 Metaspace       used 113570K, capacity 116652K, committed 116900K, reserved 1150976K
  class space    used 14492K, capacity 15591K, committed 15616K, reserved 1048576K
}
Event: 21.278 GC heap before
{Heap before GC invocations=41 (full 0):
 garbage-first heap   total 225280K, used 186148K [0x0000000080000000, 0x0000000100000000)
  region size 1024K, 41 young (41984K), 7 survivors (7168K)
 Metaspace       used 113843K, capacity 116963K, committed 117284K, reserved 1150976K
  class space    used 14528K, capacity 15632K, committed 15744K, reserved 1048576K
}
Event: 21.283 GC heap after
{Heap after GC invocations=42 (full 0):
 garbage-first heap   total 225280K, used 157035K [0x0000000080000000, 0x0000000100000000)
  region size 1024K, 6 young (6144K), 6 survivors (6144K)
 Metaspace       used 113843K, capacity 116963K, committed 117284K, reserved 1150976K
  class space    used 14528K, capacity 15632K, committed 15744K, reserved 1048576K
}
Event: 21.390 GC heap before
{Heap before GC invocations=43 (full 0):
 garbage-first heap   total 225280K, used 185707K [0x0000000080000000, 0x0000000100000000)
  region size 1024K, 35 young (35840K), 6 survivors (6144K)
 Metaspace       used 114590K, capacity 117708K, committed 117924K, reserved 1150976K
  class space    used 14640K, capacity 15755K, committed 15872K, reserved 1048576K
}
Event: 21.397 GC heap after
{Heap after GC invocations=44 (full 0):
 garbage-first heap   total 225280K, used 160768K [0x0000000080000000, 0x0000000100000000)
  region size 1024K, 5 young (5120K), 5 survivors (5120K)
 Metaspace       used 114590K, capacity 117708K, committed 117924K, reserved 1150976K
  class space    used 14640K, capacity 15755K, committed 15872K, reserved 1048576K
}
Event: 21.418 GC heap before
{Heap before GC invocations=44 (full 0):
 garbage-first heap   total 225280K, used 166912K [0x0000000080000000, 0x0000000100000000)
  region size 1024K, 11 young (11264K), 5 survivors (5120K)
 Metaspace       used 114619K, capacity 117708K, committed 117924K, reserved 1150976K
  class space    used 14641K, capacity 15755K, committed 15872K, reserved 1048576K
}
Event: 21.430 GC heap after
{Heap after GC invocations=45 (full 0):
 garbage-first heap   total 225280K, used 157762K [0x0000000080000000, 0x0000000100000000)
  region size 1024K, 2 young (2048K), 2 survivors (2048K)
 Metaspace       used 114619K, capacity 117708K, committed 117924K, reserved 1150976K
  class space    used 14641K, capacity 15755K, committed 15872K, reserved 1048576K
}
Event: 21.514 GC heap before
{Heap before GC invocations=45 (full 0):
 garbage-first heap   total 225280K, used 185410K [0x0000000080000000, 0x0000000100000000)
  region size 1024K, 29 young (29696K), 2 survivors (2048K)
 Metaspace       used 114719K, capacity 117873K, committed 118180K, reserved 1150976K
  class space    used 14642K, capacity 15788K, committed 15872K, reserved 1048576K
}
Event: 21.527 GC heap after
{Heap after GC invocations=46 (full 0):
 garbage-first heap   total 225280K, used 163840K [0x0000000080000000, 0x0000000100000000)
  region size 1024K, 4 young (4096K), 4 survivors (4096K)
 Metaspace       used 114719K, capacity 117873K, committed 118180K, reserved 1150976K
  class space    used 14642K, capacity 15788K, committed 15872K, reserved 1048576K
}
Event: 21.634 GC heap before
{Heap before GC invocations=46 (full 0):
 garbage-first heap   total 225280K, used 187392K [0x0000000080000000, 0x0000000100000000)
  region size 1024K, 28 young (28672K), 4 survivors (4096K)
 Metaspace       used 114925K, capacity 118043K, committed 118180K, reserved 1150976K
  class space    used 14672K, capacity 15802K, committed 15872K, reserved 1048576K
}
Event: 21.644 GC heap after
{Heap after GC invocations=47 (full 0):
 garbage-first heap   total 225280K, used 168917K [0x0000000080000000, 0x0000000100000000)
  region size 1024K, 4 young (4096K), 4 survivors (4096K)
 Metaspace       used 114925K, capacity 118043K, committed 118180K, reserved 1150976K
  class space    used 14672K, capacity 15802K, committed 15872K, reserved 1048576K
}
Event: 21.759 GC heap before
{Heap before GC invocations=47 (full 0):
 garbage-first heap   total 225280K, used 190421K [0x0000000080000000, 0x0000000100000000)
  region size 1024K, 25 young (25600K), 4 survivors (4096K)
 Metaspace       used 115269K, capacity 118404K, committed 118692K, reserved 1153024K
  class space    used 14708K, capacity 15835K, committed 15872K, reserved 1048576K
}
Event: 21.775 GC heap after
{Heap after GC invocations=48 (full 0):
 garbage-first heap   total 316416K, used 173846K [0x0000000080000000, 0x0000000100000000)
  region size 1024K, 4 young (4096K), 4 survivors (4096K)
 Metaspace       used 115269K, capacity 118404K, committed 118692K, reserved 1153024K
  class space    used 14708K, capacity 15835K, committed 15872K, reserved 1048576K
}
Event: 22.038 GC heap before
{Heap before GC invocations=49 (full 0):
 garbage-first heap   total 316416K, used 242454K [0x0000000080000000, 0x0000000100000000)
  region size 1024K, 71 young (72704K), 4 survivors (4096K)
 Metaspace       used 116071K, capacity 119148K, committed 119332K, reserved 1153024K
  class space    used 14815K, capacity 15931K, committed 16000K, reserved 1048576K
}
Event: 22.064 GC heap after
{Heap after GC invocations=50 (full 0):
 garbage-first heap   total 316416K, used 187719K [0x0000000080000000, 0x0000000100000000)
  region size 1024K, 9 young (9216K), 9 survivors (9216K)
 Metaspace       used 116071K, capacity 119148K, committed 119332K, reserved 1153024K
  class space    used 14815K, capacity 15931K, committed 16000K, reserved 1048576K
}
Event: 22.205 GC heap before
{Heap before GC invocations=50 (full 0):
 garbage-first heap   total 316416K, used 249159K [0x0000000080000000, 0x0000000100000000)
  region size 1024K, 69 young (70656K), 9 survivors (9216K)
 Metaspace       used 117309K, capacity 120461K, committed 120612K, reserved 1153024K
  class space    used 15034K, capacity 16180K, committed 16256K, reserved 1048576K
}
Event: 22.229 GC heap after
{Heap after GC invocations=51 (full 0):
 garbage-first heap   total 316416K, used 199206K [0x0000000080000000, 0x0000000100000000)
  region size 1024K, 9 young (9216K), 9 survivors (9216K)
 Metaspace       used 117309K, capacity 120461K, committed 120612K, reserved 1153024K
  class space    used 15034K, capacity 16180K, committed 16256K, reserved 1048576K
}
Event: 22.661 GC heap before
{Heap before GC invocations=51 (full 0):
 garbage-first heap   total 316416K, used 254502K [0x0000000080000000, 0x0000000100000000)
  region size 1024K, 63 young (64512K), 9 survivors (9216K)
 Metaspace       used 120650K, capacity 124071K, committed 124324K, reserved 1157120K
  class space    used 15570K, capacity 16825K, committed 16896K, reserved 1048576K
}
Event: 22.680 GC heap after
{Heap after GC invocations=52 (full 0):
 garbage-first heap   total 316416K, used 203615K [0x0000000080000000, 0x0000000100000000)
  region size 1024K, 4 young (4096K), 4 survivors (4096K)
 Metaspace       used 120650K, capacity 124071K, committed 124324K, reserved 1157120K
  class space    used 15570K, capacity 16825K, committed 16896K, reserved 1048576K
}
Event: 22.888 GC heap before
{Heap before GC invocations=53 (full 0):
 garbage-first heap   total 316416K, used 258911K [0x0000000080000000, 0x0000000100000000)
  region size 1024K, 58 young (59392K), 4 survivors (4096K)
 Metaspace       used 121074K, capacity 124461K, committed 124580K, reserved 1157120K
  class space    used 15629K, capacity 16869K, committed 16896K, reserved 1048576K
}

Deoptimization events (20 events):
Event: 22.566 Thread 0x000001a902c8f000 DEOPT PACKING pc=0x000001a966d60fe3 sp=0x000000586dcf8740
Event: 22.566 Thread 0x000001a902c8f000 DEOPT UNPACKING pc=0x000001a9646e76ce sp=0x000000586dcf7bd8 mode 0
Event: 22.647 Thread 0x000001a9004cd000 DEOPT PACKING pc=0x000001a966d4dec6 sp=0x000000586e2f9260
Event: 22.647 Thread 0x000001a9004cd000 DEOPT UNPACKING pc=0x000001a9646e76ce sp=0x000000586e2f86d8 mode 0
Event: 22.721 Thread 0x000001a9004cf800 Uncommon trap: trap_request=0xffffff4d fr.pc=0x000001a96c3360e8 relative=0x0000000000000228
Event: 22.721 Thread 0x000001a9004cf800 Uncommon trap: reason=unstable_if action=reinterpret pc=0x000001a96c3360e8 method=java.util.HashMap.getNode(ILjava/lang/Object;)Ljava/util/HashMap$Node; @ 84 c2
Event: 22.721 Thread 0x000001a9004cf800 DEOPT PACKING pc=0x000001a96c3360e8 sp=0x000000586def9bd0
Event: 22.721 Thread 0x000001a9004cf800 DEOPT UNPACKING pc=0x000001a9646e78af sp=0x000000586def9ae8 mode 2
Event: 22.757 Thread 0x000001a9004ca800 DEOPT PACKING pc=0x000001a966d7e042 sp=0x000000586ddf9c60
Event: 22.757 Thread 0x000001a9004ca800 DEOPT UNPACKING pc=0x000001a9646e76ce sp=0x000000586ddf9140 mode 0
Event: 22.805 Thread 0x000001a9004cd000 DEOPT PACKING pc=0x000001a966e4a2f5 sp=0x000000586e2f97d0
Event: 22.805 Thread 0x000001a9004cd000 DEOPT UNPACKING pc=0x000001a9646e76ce sp=0x000000586e2f8c58 mode 0
Event: 22.834 Thread 0x000001a9004d1000 DEOPT PACKING pc=0x000001a966e4a2f5 sp=0x000000586e0f9e40
Event: 22.834 Thread 0x000001a9004d1000 DEOPT UNPACKING pc=0x000001a9646e76ce sp=0x000000586e0f92d0 mode 0
Event: 22.846 Thread 0x000001a9004ca800 DEOPT PACKING pc=0x000001a966e4a2f5 sp=0x000000586ddf9ca0
Event: 22.846 Thread 0x000001a9004ca800 DEOPT UNPACKING pc=0x000001a9646e76ce sp=0x000000586ddf9130 mode 0
Event: 22.871 Thread 0x000001a9004cd000 DEOPT PACKING pc=0x000001a966e37bda sp=0x000000586e2f91e0
Event: 22.871 Thread 0x000001a9004cd000 DEOPT UNPACKING pc=0x000001a9646e76ce sp=0x000000586e2f8750 mode 0
Event: 22.871 Thread 0x000001a9004d0000 DEOPT PACKING pc=0x000001a966e4a2f5 sp=0x000000586dff9ec0
Event: 22.871 Thread 0x000001a9004d0000 DEOPT UNPACKING pc=0x000001a9646e76ce sp=0x000000586dff9350 mode 0

Classes redefined (0 events):
No events

Internal exceptions (20 events):
Event: 21.332 Thread 0x000001a9004d0000 Exception <a 'java/lang/NoSuchMethodError'{0x000000008c7563a0}: 'java.lang.Object java.lang.invoke.Invokers$Holder.linkToTargetMethod(long, java.lang.Object)'> (0x000000008c7563a0) thrown at [./src/hotspot/share/interpreter/linkResolver.cpp, line 773]
Event: 21.333 Thread 0x000001a9004d1000 Exception <a 'java/lang/NoSuchMethodError'{0x000000008c719ed8}: 'java.lang.Object java.lang.invoke.Invokers$Holder.linkToTargetMethod(long, java.lang.Object)'> (0x000000008c719ed8) thrown at [./src/hotspot/share/interpreter/linkResolver.cpp, line 773]
Event: 21.338 Thread 0x000001a9004cd000 Exception <a 'sun/nio/fs/WindowsException'{0x000000008c52a910}> (0x000000008c52a910) thrown at [./src/hotspot/share/prims/jni.cpp, line 615]
Event: 21.602 Thread 0x000001a902c8f000 Exception <a 'java/lang/NoSuchMethodError'{0x000000008cb5f4f0}: 'void java.lang.invoke.DirectMethodHandle$Holder.invokeStatic(java.lang.Object, java.lang.Object, java.lang.Object, int)'> (0x000000008cb5f4f0) thrown at [./src/hotspot/share/interpreter/linkResolver.cpp, line 773]
Event: 21.604 Thread 0x000001a902c8f000 Exception <a 'java/lang/IncompatibleClassChangeError'{0x000000008cb694f0}: Found class java.lang.Object, but interface was expected> (0x000000008cb694f0) thrown at [./src/hotspot/share/interpreter/linkResolver.cpp, line 839]
Event: 22.158 Thread 0x000001a9004cf800 Exception <a 'java/lang/NoSuchMethodError'{0x000000009078b6d0}: 'int java.lang.invoke.DirectMethodHandle$Holder.invokeSpecial(java.lang.Object, java.lang.Object, java.lang.Object, java.lang.Object, java.lang.Object)'> (0x000000009078b6d0) thrown at [./src/hotspot/share/interpreter/linkResolver.cpp, line 773]
Event: 22.158 Thread 0x000001a902c8f000 Exception <a 'java/lang/NoSuchMethodError'{0x0000000090644d60}: 'int java.lang.invoke.DirectMethodHandle$Holder.invokeSpecial(java.lang.Object, java.lang.Object, java.lang.Object, java.lang.Object, java.lang.Object)'> (0x0000000090644d60) thrown at [./src/hotspot/share/interpreter/linkResolver.cpp, line 773]
Event: 22.158 Thread 0x000001a9004d1000 Exception <a 'java/lang/NoSuchMethodError'{0x000000009090d6f0}: 'int java.lang.invoke.DirectMethodHandle$Holder.invokeSpecial(java.lang.Object, java.lang.Object, java.lang.Object, java.lang.Object, java.lang.Object)'> (0x000000009090d6f0) thrown at [./src/hotspot/share/interpreter/linkResolver.cpp, line 773]
Event: 22.158 Thread 0x000001a9004cd000 Exception <a 'java/lang/NoSuchMethodError'{0x0000000090983f08}: 'int java.lang.invoke.DirectMethodHandle$Holder.invokeSpecial(java.lang.Object, java.lang.Object, java.lang.Object, java.lang.Object, java.lang.Object)'> (0x0000000090983f08) thrown at [./src/hotspot/share/interpreter/linkResolver.cpp, line 773]
Event: 22.242 Thread 0x000001a9004d0000 Exception <a 'java/lang/NoSuchMethodError'{0x00000000934bcd48}: 'java.lang.Object java.lang.invoke.DirectMethodHandle$Holder.invokeVirtual(java.lang.Object, java.lang.Object, int, java.lang.Object)'> (0x00000000934bcd48) thrown at [./src/hotspot/share/interpreter/linkResolver.cpp, line 773]
Event: 22.242 Thread 0x000001a9004cf800 Exception <a 'java/lang/NoSuchMethodError'{0x00000000934580d0}: 'java.lang.Object java.lang.invoke.DirectMethodHandle$Holder.invokeVirtual(java.lang.Object, java.lang.Object, int, java.lang.Object)'> (0x00000000934580d0) thrown at [./src/hotspot/share/interpreter/linkResolver.cpp, line 773]
Event: 22.263 Thread 0x000001a9004cf800 Exception <a 'java/lang/IncompatibleClassChangeError'{0x0000000092ebb7a8}: Found class java.lang.Object, but interface was expected> (0x0000000092ebb7a8) thrown at [./src/hotspot/share/interpreter/linkResolver.cpp, line 839]
Event: 22.267 Thread 0x000001a9004cf800 Exception <a 'java/lang/IncompatibleClassChangeError'{0x0000000092ec6178}: Found class java.lang.Object, but interface was expected> (0x0000000092ec6178) thrown at [./src/hotspot/share/interpreter/linkResolver.cpp, line 839]
Event: 22.282 Thread 0x000001a9004cd000 Exception <a 'java/lang/NoSuchMethodError'{0x00000000929e2720}: 'void java.lang.invoke.DirectMethodHandle$Holder.invokeVirtual(java.lang.Object, java.lang.Object, int, java.lang.Object)'> (0x00000000929e2720) thrown at [./src/hotspot/share/interpreter/linkResolver.cpp, line 773]
Event: 22.361 Thread 0x000001a9004cd000 Exception <a 'java/lang/NoSuchMethodError'{0x0000000092068668}: 'java.lang.Object java.lang.invoke.DirectMethodHandle$Holder.newInvokeSpecial(java.lang.Object, int)'> (0x0000000092068668) thrown at [./src/hotspot/share/interpreter/linkResolver.cpp, line 773]
Event: 22.361 Thread 0x000001a9004d1000 Exception <a 'java/lang/NoSuchMethodError'{0x000000009216c858}: 'java.lang.Object java.lang.invoke.DirectMethodHandle$Holder.newInvokeSpecial(java.lang.Object, int)'> (0x000000009216c858) thrown at [./src/hotspot/share/interpreter/linkResolver.cpp, line 773]
Event: 22.361 Thread 0x000001a9004ca800 Exception <a 'java/lang/NoSuchMethodError'{0x00000000921c9a88}: 'java.lang.Object java.lang.invoke.DirectMethodHandle$Holder.newInvokeSpecial(java.lang.Object, int)'> (0x00000000921c9a88) thrown at [./src/hotspot/share/interpreter/linkResolver.cpp, line 773]
Event: 22.361 Thread 0x000001a902c8f000 Exception <a 'java/lang/NoSuchMethodError'{0x000000009214d4c8}: 'java.lang.Object java.lang.invoke.DirectMethodHandle$Holder.newInvokeSpecial(java.lang.Object, int)'> (0x000000009214d4c8) thrown at [./src/hotspot/share/interpreter/linkResolver.cpp, line 773]
Event: 22.475 Thread 0x000001a9004cd000 Exception <a 'java/lang/NoSuchMethodError'{0x000000009162a7e0}: 'java.lang.Object java.lang.invoke.DirectMethodHandle$Holder.invokeInterface(java.lang.Object, java.lang.Object, int)'> (0x000000009162a7e0) thrown at [./src/hotspot/share/interpreter/linkResolver.cpp, line 773]
Event: 22.848 Thread 0x000001a9004cd000 Exception <a 'java/lang/NoSuchMethodError'{0x0000000090b759b0}: 'int java.lang.invoke.DirectMethodHandle$Holder.invokeInterface(java.lang.Object, java.lang.Object, int)'> (0x0000000090b759b0) thrown at [./src/hotspot/share/interpreter/linkResolver.cpp, line 773]

Events (20 events):
Event: 22.875 loading class com/android/tools/r8/code/L0 done
Event: 22.875 loading class com/android/tools/r8/code/L0
Event: 22.875 loading class com/android/tools/r8/code/L0 done
Event: 22.875 loading class com/android/tools/r8/internal/DE
Event: 22.875 loading class com/android/tools/r8/internal/DE done
Event: 22.875 loading class com/android/tools/r8/internal/DE
Event: 22.875 loading class com/android/tools/r8/internal/DE done
Event: 22.875 loading class com/android/tools/r8/internal/CE
Event: 22.875 loading class com/android/tools/r8/internal/CE done
Event: 22.875 loading class com/android/tools/r8/graph/d0
Event: 22.875 loading class com/android/tools/r8/graph/d0 done
Event: 22.875 loading class com/android/tools/r8/graph/Q
Event: 22.875 loading class com/android/tools/r8/graph/Q done
Event: 22.876 loading class com/android/tools/r8/graph/c0
Event: 22.876 loading class com/android/tools/r8/graph/c0 done
Event: 22.876 loading class com/android/tools/r8/graph/Q
Event: 22.876 loading class com/android/tools/r8/graph/Q done
Event: 22.876 loading class com/android/tools/r8/graph/d0
Event: 22.876 loading class com/android/tools/r8/graph/d0 done
Event: 22.887 Executing VM operation: G1CollectForAllocation


Dynamic libraries:
0x00007ff711410000 - 0x00007ff71141a000 	C:\Program Files\Android\Android Studio\jre\bin\java.exe
0x00007ffb24e70000 - 0x00007ffb25065000 	C:\WINDOWS\SYSTEM32\ntdll.dll
0x00007ffb24d70000 - 0x00007ffb24e2e000 	C:\WINDOWS\System32\KERNEL32.DLL
0x00007ffb22740000 - 0x00007ffb22a08000 	C:\WINDOWS\System32\KERNELBASE.dll
0x00007ffb22580000 - 0x00007ffb22680000 	C:\WINDOWS\System32\ucrtbase.dll
0x00007ffb19870000 - 0x00007ffb19887000 	C:\Program Files\Android\Android Studio\jre\bin\VCRUNTIME140.dll
0x00007ffb188d0000 - 0x00007ffb188e9000 	C:\Program Files\Android\Android Studio\jre\bin\jli.dll
0x00007ffb247a0000 - 0x00007ffb24940000 	C:\WINDOWS\System32\USER32.dll
0x00007ffb22d70000 - 0x00007ffb22d92000 	C:\WINDOWS\System32\win32u.dll
0x00007ffb12a30000 - 0x00007ffb12cca000 	C:\WINDOWS\WinSxS\amd64_microsoft.windows.common-controls_6595b64144ccf1df_6.0.19041.1110_none_60b5254171f9507e\COMCTL32.dll
0x00007ffb22ee0000 - 0x00007ffb22f0b000 	C:\WINDOWS\System32\GDI32.dll
0x00007ffb246a0000 - 0x00007ffb2473e000 	C:\WINDOWS\System32\msvcrt.dll
0x00007ffb22c60000 - 0x00007ffb22d6d000 	C:\WINDOWS\System32\gdi32full.dll
0x00007ffb22a60000 - 0x00007ffb22afd000 	C:\WINDOWS\System32\msvcp_win.dll
0x00007ffb240f0000 - 0x00007ffb24120000 	C:\WINDOWS\System32\IMM32.DLL
0x00007ffaf8f10000 - 0x00007ffaf8fad000 	C:\Program Files\Android\Android Studio\jre\bin\msvcp140.dll
0x00007ffad2410000 - 0x00007ffad2edf000 	C:\Program Files\Android\Android Studio\jre\bin\server\jvm.dll
0x00007ffb24030000 - 0x00007ffb240de000 	C:\WINDOWS\System32\ADVAPI32.dll
0x00007ffb24600000 - 0x00007ffb2469c000 	C:\WINDOWS\System32\sechost.dll
0x00007ffb23040000 - 0x00007ffb23165000 	C:\WINDOWS\System32\RPCRT4.dll
0x00007ffb23d80000 - 0x00007ffb23d88000 	C:\WINDOWS\System32\PSAPI.DLL
0x00007ffb19710000 - 0x00007ffb1971a000 	C:\WINDOWS\SYSTEM32\VERSION.dll
0x00007ffb1c6d0000 - 0x00007ffb1c6d9000 	C:\WINDOWS\SYSTEM32\WSOCK32.dll
0x00007ffb138a0000 - 0x00007ffb138c7000 	C:\WINDOWS\SYSTEM32\WINMM.dll
0x00007ffb23d10000 - 0x00007ffb23d7b000 	C:\WINDOWS\System32\WS2_32.dll
0x00007ffb20e50000 - 0x00007ffb20e62000 	C:\WINDOWS\SYSTEM32\kernel.appcore.dll
0x00007ffb1a740000 - 0x00007ffb1a751000 	C:\Program Files\Android\Android Studio\jre\bin\verify.dll
0x00007ffb20a90000 - 0x00007ffb20c74000 	C:\WINDOWS\SYSTEM32\DBGHELP.DLL
0x00007ffb18820000 - 0x00007ffb1884c000 	C:\WINDOWS\SYSTEM32\dbgcore.DLL
0x00007ffb226b0000 - 0x00007ffb22732000 	C:\WINDOWS\System32\bcryptPrimitives.dll
0x00007ffb12440000 - 0x00007ffb12469000 	C:\Program Files\Android\Android Studio\jre\bin\java.dll
0x00007ffb191c0000 - 0x00007ffb191cb000 	C:\Program Files\Android\Android Studio\jre\bin\jimage.dll
0x00007ffb15040000 - 0x00007ffb15058000 	C:\Program Files\Android\Android Studio\jre\bin\zip.dll
0x00007ffb235c0000 - 0x00007ffb23d04000 	C:\WINDOWS\System32\SHELL32.dll
0x00007ffb1cfa0000 - 0x00007ffb1d734000 	C:\WINDOWS\SYSTEM32\windows.storage.dll
0x00007ffb24a10000 - 0x00007ffb24d65000 	C:\WINDOWS\System32\combase.dll
0x00007ffb21fd0000 - 0x00007ffb21ffe000 	C:\WINDOWS\SYSTEM32\Wldp.dll
0x00007ffb23510000 - 0x00007ffb235bd000 	C:\WINDOWS\System32\SHCORE.dll
0x00007ffb24740000 - 0x00007ffb24795000 	C:\WINDOWS\System32\shlwapi.dll
0x00007ffb224c0000 - 0x00007ffb224df000 	C:\WINDOWS\SYSTEM32\profapi.dll
0x00007ffb12420000 - 0x00007ffb1243a000 	C:\Program Files\Android\Android Studio\jre\bin\net.dll
0x00007ffb1b510000 - 0x00007ffb1b61c000 	C:\WINDOWS\SYSTEM32\WINHTTP.dll
0x00007ffb21d30000 - 0x00007ffb21d9a000 	C:\WINDOWS\system32\mswsock.dll
0x00007ffb0ffe0000 - 0x00007ffb0fff4000 	C:\Program Files\Android\Android Studio\jre\bin\nio.dll
0x00007ffb08040000 - 0x00007ffb08067000 	C:\Users\Arthur\.gradle\native\8bec1ad78214c89d9ad589b4d07fe93259594b29d510b10fafb7a158f7737e5d\windows-amd64\native-platform.dll
0x00007ffae45f0000 - 0x00007ffae472d000 	C:\Users\Arthur\.gradle\native\53dbd7edfb1c66fb8903c78663c9afc45aea4f116125fa6feffd364cf09443e8\windows-amd64\native-platform-file-events.dll
0x00007ffb191b0000 - 0x00007ffb191ba000 	C:\Program Files\Android\Android Studio\jre\bin\management.dll
0x00007ffb188f0000 - 0x00007ffb188fc000 	C:\Program Files\Android\Android Studio\jre\bin\management_ext.dll
0x00007ffb21f20000 - 0x00007ffb21f38000 	C:\WINDOWS\SYSTEM32\CRYPTSP.dll
0x00007ffb21640000 - 0x00007ffb21674000 	C:\WINDOWS\system32\rsaenh.dll
0x00007ffb22680000 - 0x00007ffb226a7000 	C:\WINDOWS\System32\bcrypt.dll
0x00007ffb22440000 - 0x00007ffb2246e000 	C:\WINDOWS\SYSTEM32\USERENV.dll
0x00007ffb21f40000 - 0x00007ffb21f4c000 	C:\WINDOWS\SYSTEM32\CRYPTBASE.dll
0x00007ffb219d0000 - 0x00007ffb21a0b000 	C:\WINDOWS\SYSTEM32\IPHLPAPI.DLL
0x00007ffb240e0000 - 0x00007ffb240e8000 	C:\WINDOWS\System32\NSI.dll
0x00007ffb196f0000 - 0x00007ffb19707000 	C:\WINDOWS\SYSTEM32\dhcpcsvc6.DLL
0x00007ffb196d0000 - 0x00007ffb196ed000 	C:\WINDOWS\SYSTEM32\dhcpcsvc.DLL
0x00007ffb21a60000 - 0x00007ffb21b2b000 	C:\WINDOWS\SYSTEM32\DNSAPI.dll
0x00007ffb080f0000 - 0x00007ffb08117000 	C:\Program Files\Android\Android Studio\jre\bin\sunec.dll
0x00007ffb19060000 - 0x00007ffb1906a000 	C:\Windows\System32\rasadhlp.dll
0x00007ffb18b30000 - 0x00007ffb18baf000 	C:\WINDOWS\System32\fwpuclnt.dll

dbghelp: loaded successfully - version: 4.0.5 - missing functions: none
symbol engine: initialized successfully - sym options: 0x614 - pdb path: .;C:\Program Files\Android\Android Studio\jre\bin;C:\WINDOWS\SYSTEM32;C:\WINDOWS\WinSxS\amd64_microsoft.windows.common-controls_6595b64144ccf1df_6.0.19041.1110_none_60b5254171f9507e;C:\Program Files\Android\Android Studio\jre\bin\server;C:\Users\Arthur\.gradle\native\8bec1ad78214c89d9ad589b4d07fe93259594b29d510b10fafb7a158f7737e5d\windows-amd64;C:\Users\Arthur\.gradle\native\53dbd7edfb1c66fb8903c78663c9afc45aea4f116125fa6feffd364cf09443e8\windows-amd64

VM Arguments:
jvm_args: --add-opens=java.base/java.util=ALL-UNNAMED --add-opens=java.base/java.lang=ALL-UNNAMED --add-opens=java.base/java.lang.invoke=ALL-UNNAMED --add-opens=java.base/java.util=ALL-UNNAMED --add-opens=java.prefs/java.util.prefs=ALL-UNNAMED --add-opens=java.prefs/java.util.prefs=ALL-UNNAMED --add-opens=java.base/java.nio.charset=ALL-UNNAMED --add-opens=java.base/java.net=ALL-UNNAMED --add-opens=java.base/java.util.concurrent.atomic=ALL-UNNAMED -Xmx2048m -Dfile.encoding=UTF-8 -Duser.country=US -Duser.language=en -Duser.variant 
java_command: org.gradle.launcher.daemon.bootstrap.GradleDaemon 7.0.2
java_class_path (initial): C:\Users\Arthur\.gradle\wrapper\dists\gradle-7.0.2-bin\857tjihv64xamwrf0h14cai3r\gradle-7.0.2\lib\gradle-launcher-7.0.2.jar
Launcher Type: SUN_STANDARD

[Global flags]
     intx CICompilerCount                          = 4                                         {product} {ergonomic}
     uint ConcGCThreads                            = 2                                         {product} {ergonomic}
     uint G1ConcRefinementThreads                  = 8                                         {product} {ergonomic}
   size_t G1HeapRegionSize                         = 1048576                                   {product} {ergonomic}
    uintx GCDrainStackTargetSize                   = 64                                        {product} {ergonomic}
   size_t InitialHeapSize                          = 132120576                                 {product} {ergonomic}
   size_t MarkStackSize                            = 4194304                                   {product} {ergonomic}
   size_t MaxHeapSize                              = 2147483648                                {product} {command line}
   size_t MaxNewSize                               = 1287651328                                {product} {ergonomic}
   size_t MinHeapDeltaBytes                        = 1048576                                   {product} {ergonomic}
    uintx NonNMethodCodeHeapSize                   = 5836300                                {pd product} {ergonomic}
    uintx NonProfiledCodeHeapSize                  = 122910970                              {pd product} {ergonomic}
    uintx ProfiledCodeHeapSize                     = 122910970                              {pd product} {ergonomic}
    uintx ReservedCodeCacheSize                    = 251658240                              {pd product} {ergonomic}
     bool SegmentedCodeCache                       = true                                      {product} {ergonomic}
     bool UseCompressedClassPointers               = true                                 {lp64_product} {ergonomic}
     bool UseCompressedOops                        = true                                 {lp64_product} {ergonomic}
     bool UseG1GC                                  = true                                      {product} {ergonomic}
     bool UseLargePagesIndividualAllocation        = false                                  {pd product} {ergonomic}

Logging:
Log output configuration:
 #0: stdout all=warning uptime,level,tags
 #1: stderr all=off uptime,level,tags

Environment Variables:
PATH=C:\Program Files\Common Files\Oracle\Java\javapath;C:\WINDOWS\system32;C:\WINDOWS;C:\WINDOWS\System32\Wbem;C:\WINDOWS\System32\WindowsPowerShell\v1.0\;C:\WINDOWS\System32\OpenSSH\;C:\Program Files\nodejs\;C:\Program Files\Git\cmd;C:\Program Files\dotnet\;C:\Users\Arthur\AppData\Local\Microsoft\WindowsApps;;C:\Users\Arthur\AppData\Local\Programs\Microsoft VS Code\bin;C:\Users\Arthur\AppData\Roaming\npm;C:\Users\Arthur\.dotnet\tools
USERNAME=Arthur
OS=Windows_NT
PROCESSOR_IDENTIFIER=Intel64 Family 6 Model 142 Stepping 12, GenuineIntel



---------------  S Y S T E M  ---------------

OS: Windows 10 , 64 bit Build 19041 (10.0.19041.1503)
OS uptime: 0 days 3:01 hours

CPU:total 8 (initial active 8) (4 cores per cpu, 2 threads per core) family 6 model 142 stepping 12 microcode 0xde, cmov, cx8, fxsr, mmx, sse, sse2, sse3, ssse3, sse4.1, sse4.2, popcnt, avx, avx2, aes, clmul, erms, 3dnowpref, lzcnt, ht, tsc, tscinvbit, bmi1, bmi2, adx, fma

Memory: 4k page, system-wide physical 7976M (474M free)
TotalPageFile size 10024M (AvailPageFile size 74M)
current process WorkingSet (physical memory assigned to process): 683M, peak: 683M
current process commit charge ("private bytes"): 768M, peak: 1126M

vm_info: OpenJDK 64-Bit Server VM (11.0.10+0-b96-7249189) for windows-amd64 JRE (11.0.10+0-b96-7249189), built on Mar 31 2021 21:44:00 by "builder" with MS VC++ 14.0 (VS2015)

END.
