#
# There is insufficient memory for the Java Runtime Environment to continue.
# Native memory allocation (malloc) failed to allocate 1241616 bytes for Chunk::new
# Possible reasons:
#   The system is out of physical RAM or swap space
#   The process is running with CompressedOops enabled, and the Java Heap may be blocking the growth of the native heap
# Possible solutions:
#   Reduce memory load on the system
#   Increase physical memory or swap space
#   Check if swap backing store is full
#   Decrease Java heap size (-Xmx/-Xms)
#   Decrease number of Java threads
#   Decrease Java thread stack sizes (-Xss)
#   Set larger code cache with -XX:ReservedCodeCacheSize=
#   JVM is running with Unscaled Compressed Oops mode in which the Java heap is
#     placed in the first 4GB address space. The Java Heap base address is the
#     maximum limit for the native heap growth. Please use -XX:HeapBaseMinAddress
#     to set the Java Heap base and to place the Java Heap above 4GB virtual address.
# This output file may be truncated or incomplete.
#
#  Out of Memory Error (./src/hotspot/share/memory/arena.cpp:197), pid=1480, tid=5172
#
# JRE version: OpenJDK Runtime Environment (11.0.10) (build 11.0.10+0-b96-7249189)
# Java VM: OpenJDK 64-Bit Server VM (11.0.10+0-b96-7249189, mixed mode, tiered, compressed oops, g1 gc, windows-amd64)
# No core dump will be written. Minidumps are not enabled by default on client versions of Windows
#

---------------  S U M M A R Y ------------

Command Line: org.jetbrains.kotlin.cli.jvm.K2JVMCompiler @C:\Users\Arthur\Documents\Programming\cross\DailyPlanner\app\build\20220212_3266047505677817264.compiler.options

Host: Intel(R) Core(TM) i5-10210U CPU @ 1.60GHz, 8 cores, 7G,  Windows 10 , 64 bit Build 19041 (10.0.19041.1503)
Time: Sat Feb 12 13:57:53 2022 Russia TZ 2 Standard Time elapsed time: 6.561170 seconds (0d 0h 0m 6s)

---------------  T H R E A D  ---------------

Current thread (0x0000020b7f363000):  JavaThread "C2 CompilerThread2" daemon [_thread_in_native, id=5172, stack(0x000000ffd4a00000,0x000000ffd4b00000)]


Current CompileTask:
C2:   6561 6226       4       org.jetbrains.kotlin.cli.jvm.index.JvmDependenciesIndexImpl::search (397 bytes)

Stack: [0x000000ffd4a00000,0x000000ffd4b00000]
Native frames: (J=compiled Java code, j=interpreted, Vv=VM code, C=native code)
V  [jvm.dll+0x5ecfaa]
V  [jvm.dll+0x722bd5]
V  [jvm.dll+0x72412d]
V  [jvm.dll+0x7247e3]
V  [jvm.dll+0x242928]
V  [jvm.dll+0xbc4fc]
V  [jvm.dll+0xbca0c]
V  [jvm.dll+0x352d7d]
V  [jvm.dll+0x197e0c]
V  [jvm.dll+0x1fb70e]
V  [jvm.dll+0x1fa7f4]
V  [jvm.dll+0x18354c]
V  [jvm.dll+0x208ee7]
V  [jvm.dll+0x207731]
V  [jvm.dll+0x6eb1cf]
V  [jvm.dll+0x6e3d45]
V  [jvm.dll+0x5ebe96]
C  [ucrtbase.dll+0x21bb2]
C  [KERNEL32.DLL+0x17034]
C  [ntdll.dll+0x52651]


---------------  P R O C E S S  ---------------

Threads class SMR info:
_java_thread_list=0x0000020b7f36b250, length=12, elements={
0x0000020b715f9800, 0x0000020b7e85d800, 0x0000020b7e85e800, 0x0000020b7e87d800,
0x0000020b7e87f000, 0x0000020b7e880800, 0x0000020b7f1f2800, 0x0000020b7f202000,
0x0000020b7f203000, 0x0000020b7f369000, 0x0000020b7f362000, 0x0000020b7f363000
}

Java Threads: ( => current thread )
  0x0000020b715f9800 JavaThread "main" [_thread_in_Java, id=7540, stack(0x000000ffd3800000,0x000000ffd3900000)]
  0x0000020b7e85d800 JavaThread "Reference Handler" daemon [_thread_blocked, id=1252, stack(0x000000ffd3f00000,0x000000ffd4000000)]
  0x0000020b7e85e800 JavaThread "Finalizer" daemon [_thread_blocked, id=11776, stack(0x000000ffd4000000,0x000000ffd4100000)]
  0x0000020b7e87d800 JavaThread "Signal Dispatcher" daemon [_thread_blocked, id=4176, stack(0x000000ffd4100000,0x000000ffd4200000)]
  0x0000020b7e87f000 JavaThread "Attach Listener" daemon [_thread_blocked, id=2108, stack(0x000000ffd4200000,0x000000ffd4300000)]
  0x0000020b7e880800 JavaThread "Service Thread" daemon [_thread_blocked, id=2776, stack(0x000000ffd4300000,0x000000ffd4400000)]
  0x0000020b7f1f2800 JavaThread "C2 CompilerThread0" daemon [_thread_in_native, id=3196, stack(0x000000ffd4400000,0x000000ffd4500000)]
  0x0000020b7f202000 JavaThread "C1 CompilerThread0" daemon [_thread_blocked, id=11828, stack(0x000000ffd4500000,0x000000ffd4600000)]
  0x0000020b7f203000 JavaThread "Sweeper thread" daemon [_thread_blocked, id=9692, stack(0x000000ffd4600000,0x000000ffd4700000)]
  0x0000020b7f369000 JavaThread "Common-Cleaner" daemon [_thread_blocked, id=8068, stack(0x000000ffd4800000,0x000000ffd4900000)]
  0x0000020b7f362000 JavaThread "C2 CompilerThread1" daemon [_thread_in_native, id=10380, stack(0x000000ffd4900000,0x000000ffd4a00000)]
=>0x0000020b7f363000 JavaThread "C2 CompilerThread2" daemon [_thread_in_native, id=5172, stack(0x000000ffd4a00000,0x000000ffd4b00000)]

Other Threads:
  0x0000020b7e857800 VMThread "VM Thread" [stack: 0x000000ffd3e00000,0x000000ffd3f00000] [id=6788]
  0x0000020b7f35f800 WatcherThread [stack: 0x000000ffd4700000,0x000000ffd4800000] [id=9812]
  0x0000020b71611000 GCTaskThread "GC Thread#0" [stack: 0x000000ffd3900000,0x000000ffd3a00000] [id=3020]
  0x0000020b7fa10800 GCTaskThread "GC Thread#1" [stack: 0x000000ffd4b00000,0x000000ffd4c00000] [id=5060]
  0x0000020b7fa07000 GCTaskThread "GC Thread#2" [stack: 0x000000ffd4c00000,0x000000ffd4d00000] [id=676]
  0x0000020b14117000 GCTaskThread "GC Thread#3" [stack: 0x000000ffd4e00000,0x000000ffd4f00000] [id=1860]
  0x0000020b71641000 ConcurrentGCThread "G1 Main Marker" [stack: 0x000000ffd3a00000,0x000000ffd3b00000] [id=2876]
  0x0000020b71642000 ConcurrentGCThread "G1 Conc#0" [stack: 0x000000ffd3b00000,0x000000ffd3c00000] [id=10376]
  0x0000020b0f583000 ConcurrentGCThread "G1 Conc#1" [stack: 0x000000ffd4d00000,0x000000ffd4e00000] [id=5452]
  0x0000020b7e6a1800 ConcurrentGCThread "G1 Refine#0" [stack: 0x000000ffd3c00000,0x000000ffd3d00000] [id=11820]
  0x0000020b131f2000 ConcurrentGCThread "G1 Refine#1" [stack: 0x000000ffd4f00000,0x000000ffd5000000] [id=7608]
  0x0000020b716d9800 ConcurrentGCThread "G1 Young RemSet Sampling" [stack: 0x000000ffd3d00000,0x000000ffd3e00000] [id=1220]

Threads with active compile tasks:
C2 CompilerThread0   6576 6159       4       org.jetbrains.kotlin.resolve.lazy.ForceResolveUtil::doForceResolveAllContents (206 bytes)
C2 CompilerThread1   6576 6230       4       org.jetbrains.kotlin.resolve.lazy.ForceResolveUtil::forceResolveAllContents (46 bytes)
C2 CompilerThread2   6576 6226       4       org.jetbrains.kotlin.cli.jvm.index.JvmDependenciesIndexImpl::search (397 bytes)

VM state:not at safepoint (normal execution)

VM Mutex/Monitor currently owned by a thread: None

Heap address: 0x0000000083400000, size: 1996 MB, Compressed Oops mode: 32-bit
Narrow klass base: 0x0000000000000000, Narrow klass shift: 3
Compressed class space size: 1073741824 Address: 0x0000000100000000

Heap:
 garbage-first heap   total 173056K, used 53144K [0x0000000083400000, 0x0000000100000000)
  region size 1024K, 15 young (15360K), 10 survivors (10240K)
 Metaspace       used 58029K, capacity 58739K, committed 58960K, reserved 1101824K
  class space    used 6684K, capacity 6954K, committed 7040K, reserved 1048576K
Heap Regions: E=young(eden), S=young(survivor), O=old, HS=humongous(starts), HC=humongous(continues), CS=collection set, F=free, A=archive, TAMS=top-at-mark-start (previous, next)
|   0|0x0000000083400000, 0x0000000083500000, 0x0000000083500000|100%|HS|  |TAMS 0x0000000083500000, 0x0000000083400000| Complete 
|   1|0x0000000083500000, 0x0000000083600000, 0x0000000083600000|100%|HC|  |TAMS 0x0000000083600000, 0x0000000083500000| Complete 
|   2|0x0000000083600000, 0x0000000083700000, 0x0000000083700000|100%|HC|  |TAMS 0x0000000083700000, 0x0000000083600000| Complete 
|   3|0x0000000083700000, 0x0000000083800000, 0x0000000083800000|100%|HS|  |TAMS 0x0000000083800000, 0x0000000083700000| Complete 
|   4|0x0000000083800000, 0x0000000083900000, 0x0000000083900000|100%|HC|  |TAMS 0x0000000083900000, 0x0000000083800000| Complete 
|   5|0x0000000083900000, 0x0000000083a00000, 0x0000000083a00000|100%|HC|  |TAMS 0x0000000083a00000, 0x0000000083900000| Complete 
|   6|0x0000000083a00000, 0x0000000083b00000, 0x0000000083b00000|100%|HS|  |TAMS 0x0000000083b00000, 0x0000000083a00000| Complete 
|   7|0x0000000083b00000, 0x0000000083c00000, 0x0000000083c00000|100%|HC|  |TAMS 0x0000000083c00000, 0x0000000083b00000| Complete 
|   8|0x0000000083c00000, 0x0000000083d00000, 0x0000000083d00000|100%|HC|  |TAMS 0x0000000083d00000, 0x0000000083c00000| Complete 
|   9|0x0000000083d00000, 0x0000000083e00000, 0x0000000083e00000|100%| O|  |TAMS 0x0000000083e00000, 0x0000000083d00000| Untracked 
|  10|0x0000000083e00000, 0x0000000083f00000, 0x0000000083f00000|100%| O|  |TAMS 0x0000000083f00000, 0x0000000083e00000| Untracked 
|  11|0x0000000083f00000, 0x0000000084000000, 0x0000000084000000|100%| O|  |TAMS 0x0000000084000000, 0x0000000083f00000| Untracked 
|  12|0x0000000084000000, 0x0000000084100000, 0x0000000084100000|100%| O|  |TAMS 0x0000000084100000, 0x0000000084000000| Untracked 
|  13|0x0000000084100000, 0x0000000084200000, 0x0000000084200000|100%|HS|  |TAMS 0x0000000084200000, 0x0000000084100000| Complete 
|  14|0x0000000084200000, 0x0000000084300000, 0x0000000084300000|100%|HC|  |TAMS 0x0000000084300000, 0x0000000084200000| Complete 
|  15|0x0000000084300000, 0x0000000084400000, 0x0000000084400000|100%| O|  |TAMS 0x0000000084400000, 0x0000000084300000| Untracked 
|  16|0x0000000084400000, 0x0000000084500000, 0x0000000084500000|100%| O|  |TAMS 0x0000000084500000, 0x0000000084400000| Untracked 
|  17|0x0000000084500000, 0x0000000084600000, 0x0000000084600000|100%| O|  |TAMS 0x0000000084600000, 0x0000000084500000| Untracked 
|  18|0x0000000084600000, 0x0000000084700000, 0x0000000084700000|100%| O|  |TAMS 0x0000000084700000, 0x0000000084600000| Untracked 
|  19|0x0000000084700000, 0x0000000084800000, 0x0000000084800000|100%| O|  |TAMS 0x0000000084800000, 0x0000000084700000| Untracked 
|  20|0x0000000084800000, 0x0000000084900000, 0x0000000084900000|100%| O|  |TAMS 0x0000000084900000, 0x0000000084800000| Untracked 
|  21|0x0000000084900000, 0x0000000084a00000, 0x0000000084a00000|100%| O|  |TAMS 0x0000000084a00000, 0x0000000084900000| Untracked 
|  22|0x0000000084a00000, 0x0000000084b00000, 0x0000000084b00000|100%| O|  |TAMS 0x0000000084b00000, 0x0000000084a00000| Untracked 
|  23|0x0000000084b00000, 0x0000000084c00000, 0x0000000084c00000|100%| O|  |TAMS 0x0000000084babc00, 0x0000000084b00000| Untracked 
|  24|0x0000000084c00000, 0x0000000084d00000, 0x0000000084d00000|100%| O|  |TAMS 0x0000000084c00000, 0x0000000084c00000| Untracked 
|  25|0x0000000084d00000, 0x0000000084e00000, 0x0000000084e00000|100%| O|  |TAMS 0x0000000084d00000, 0x0000000084d00000| Untracked 
|  26|0x0000000084e00000, 0x0000000084f00000, 0x0000000084f00000|100%| O|  |TAMS 0x0000000084e00000, 0x0000000084e00000| Untracked 
|  27|0x0000000084f00000, 0x0000000085000000, 0x0000000085000000|100%| O|  |TAMS 0x0000000084f00000, 0x0000000084f00000| Untracked 
|  28|0x0000000085000000, 0x0000000085100000, 0x0000000085100000|100%| O|  |TAMS 0x0000000085000000, 0x0000000085000000| Untracked 
|  29|0x0000000085100000, 0x0000000085200000, 0x0000000085200000|100%| O|  |TAMS 0x0000000085100000, 0x0000000085100000| Untracked 
|  30|0x0000000085200000, 0x0000000085300000, 0x0000000085300000|100%| O|  |TAMS 0x0000000085200000, 0x0000000085200000| Untracked 
|  31|0x0000000085300000, 0x0000000085400000, 0x0000000085400000|100%| O|  |TAMS 0x0000000085300000, 0x0000000085300000| Untracked 
|  32|0x0000000085400000, 0x0000000085500000, 0x0000000085500000|100%| O|  |TAMS 0x0000000085400000, 0x0000000085400000| Untracked 
|  33|0x0000000085500000, 0x0000000085600000, 0x0000000085600000|100%| O|  |TAMS 0x0000000085500000, 0x0000000085500000| Untracked 
|  34|0x0000000085600000, 0x0000000085700000, 0x0000000085700000|100%| O|  |TAMS 0x0000000085600000, 0x0000000085600000| Untracked 
|  35|0x0000000085700000, 0x0000000085800000, 0x0000000085800000|100%| O|  |TAMS 0x0000000085700000, 0x0000000085700000| Untracked 
|  36|0x0000000085800000, 0x0000000085900000, 0x0000000085900000|100%| O|  |TAMS 0x0000000085800000, 0x0000000085800000| Untracked 
|  37|0x0000000085900000, 0x00000000859e6200, 0x0000000085a00000| 89%| O|  |TAMS 0x0000000085900000, 0x0000000085900000| Untracked 
|  38|0x0000000085a00000, 0x0000000085a00000, 0x0000000085b00000|  0%| F|  |TAMS 0x0000000085a00000, 0x0000000085a00000| Untracked 
|  39|0x0000000085b00000, 0x0000000085b00000, 0x0000000085c00000|  0%| F|  |TAMS 0x0000000085b00000, 0x0000000085b00000| Untracked 
|  40|0x0000000085c00000, 0x0000000085c00000, 0x0000000085d00000|  0%| F|  |TAMS 0x0000000085c00000, 0x0000000085c00000| Untracked 
|  41|0x0000000085d00000, 0x0000000085d00000, 0x0000000085e00000|  0%| F|  |TAMS 0x0000000085d00000, 0x0000000085d00000| Untracked 
|  42|0x0000000085e00000, 0x0000000085e00000, 0x0000000085f00000|  0%| F|  |TAMS 0x0000000085e00000, 0x0000000085e00000| Untracked 
|  43|0x0000000085f00000, 0x0000000085f00000, 0x0000000086000000|  0%| F|  |TAMS 0x0000000085f00000, 0x0000000085f00000| Untracked 
|  44|0x0000000086000000, 0x0000000086000000, 0x0000000086100000|  0%| F|  |TAMS 0x0000000086000000, 0x0000000086000000| Untracked 
|  45|0x0000000086100000, 0x0000000086100000, 0x0000000086200000|  0%| F|  |TAMS 0x0000000086100000, 0x0000000086100000| Untracked 
|  46|0x0000000086200000, 0x0000000086200000, 0x0000000086300000|  0%| F|  |TAMS 0x0000000086200000, 0x0000000086200000| Untracked 
|  47|0x0000000086300000, 0x0000000086300000, 0x0000000086400000|  0%| F|  |TAMS 0x0000000086300000, 0x0000000086300000| Untracked 
|  48|0x0000000086400000, 0x0000000086400000, 0x0000000086500000|  0%| F|  |TAMS 0x0000000086400000, 0x0000000086400000| Untracked 
|  49|0x0000000086500000, 0x0000000086500000, 0x0000000086600000|  0%| F|  |TAMS 0x0000000086500000, 0x0000000086500000| Untracked 
|  50|0x0000000086600000, 0x0000000086600000, 0x0000000086700000|  0%| F|  |TAMS 0x0000000086600000, 0x0000000086600000| Untracked 
|  51|0x0000000086700000, 0x0000000086700000, 0x0000000086800000|  0%| F|  |TAMS 0x0000000086700000, 0x0000000086700000| Untracked 
|  52|0x0000000086800000, 0x0000000086800000, 0x0000000086900000|  0%| F|  |TAMS 0x0000000086800000, 0x0000000086800000| Untracked 
|  53|0x0000000086900000, 0x0000000086900000, 0x0000000086a00000|  0%| F|  |TAMS 0x0000000086900000, 0x0000000086900000| Untracked 
|  54|0x0000000086a00000, 0x0000000086a00000, 0x0000000086b00000|  0%| F|  |TAMS 0x0000000086a00000, 0x0000000086a00000| Untracked 
|  55|0x0000000086b00000, 0x0000000086b00000, 0x0000000086c00000|  0%| F|  |TAMS 0x0000000086b00000, 0x0000000086b00000| Untracked 
|  56|0x0000000086c00000, 0x0000000086c00000, 0x0000000086d00000|  0%| F|  |TAMS 0x0000000086c00000, 0x0000000086c00000| Untracked 
|  57|0x0000000086d00000, 0x0000000086d00000, 0x0000000086e00000|  0%| F|  |TAMS 0x0000000086d00000, 0x0000000086d00000| Untracked 
|  58|0x0000000086e00000, 0x0000000086e00000, 0x0000000086f00000|  0%| F|  |TAMS 0x0000000086e00000, 0x0000000086e00000| Untracked 
|  59|0x0000000086f00000, 0x0000000086f00000, 0x0000000087000000|  0%| F|  |TAMS 0x0000000086f00000, 0x0000000086f00000| Untracked 
|  60|0x0000000087000000, 0x0000000087000000, 0x0000000087100000|  0%| F|  |TAMS 0x0000000087000000, 0x0000000087000000| Untracked 
|  61|0x0000000087100000, 0x0000000087100000, 0x0000000087200000|  0%| F|  |TAMS 0x0000000087100000, 0x0000000087100000| Untracked 
|  62|0x0000000087200000, 0x0000000087200000, 0x0000000087300000|  0%| F|  |TAMS 0x0000000087200000, 0x0000000087200000| Untracked 
|  63|0x0000000087300000, 0x0000000087300000, 0x0000000087400000|  0%| F|  |TAMS 0x0000000087300000, 0x0000000087300000| Untracked 
|  64|0x0000000087400000, 0x0000000087400000, 0x0000000087500000|  0%| F|  |TAMS 0x0000000087400000, 0x0000000087400000| Untracked 
|  65|0x0000000087500000, 0x0000000087500000, 0x0000000087600000|  0%| F|  |TAMS 0x0000000087500000, 0x0000000087500000| Untracked 
|  66|0x0000000087600000, 0x0000000087600000, 0x0000000087700000|  0%| F|  |TAMS 0x0000000087600000, 0x0000000087600000| Untracked 
|  67|0x0000000087700000, 0x0000000087700000, 0x0000000087800000|  0%| F|  |TAMS 0x0000000087700000, 0x0000000087700000| Untracked 
|  68|0x0000000087800000, 0x0000000087800000, 0x0000000087900000|  0%| F|  |TAMS 0x0000000087800000, 0x0000000087800000| Untracked 
|  69|0x0000000087900000, 0x0000000087900000, 0x0000000087a00000|  0%| F|  |TAMS 0x0000000087900000, 0x0000000087900000| Untracked 
|  70|0x0000000087a00000, 0x0000000087a00000, 0x0000000087b00000|  0%| F|  |TAMS 0x0000000087a00000, 0x0000000087a00000| Untracked 
|  71|0x0000000087b00000, 0x0000000087b00000, 0x0000000087c00000|  0%| F|  |TAMS 0x0000000087b00000, 0x0000000087b00000| Untracked 
|  72|0x0000000087c00000, 0x0000000087c00000, 0x0000000087d00000|  0%| F|  |TAMS 0x0000000087c00000, 0x0000000087c00000| Untracked 
|  73|0x0000000087d00000, 0x0000000087d00000, 0x0000000087e00000|  0%| F|  |TAMS 0x0000000087d00000, 0x0000000087d00000| Untracked 
|  74|0x0000000087e00000, 0x0000000087e00000, 0x0000000087f00000|  0%| F|  |TAMS 0x0000000087e00000, 0x0000000087e00000| Untracked 
|  75|0x0000000087f00000, 0x0000000087f00000, 0x0000000088000000|  0%| F|  |TAMS 0x0000000087f00000, 0x0000000087f00000| Untracked 
|  76|0x0000000088000000, 0x0000000088000000, 0x0000000088100000|  0%| F|  |TAMS 0x0000000088000000, 0x0000000088000000| Untracked 
|  77|0x0000000088100000, 0x0000000088100000, 0x0000000088200000|  0%| F|  |TAMS 0x0000000088100000, 0x0000000088100000| Untracked 
|  78|0x0000000088200000, 0x0000000088200000, 0x0000000088300000|  0%| F|  |TAMS 0x0000000088200000, 0x0000000088200000| Untracked 
|  79|0x0000000088300000, 0x0000000088300000, 0x0000000088400000|  0%| F|  |TAMS 0x0000000088300000, 0x0000000088300000| Untracked 
|  80|0x0000000088400000, 0x0000000088400000, 0x0000000088500000|  0%| F|  |TAMS 0x0000000088400000, 0x0000000088400000| Untracked 
|  81|0x0000000088500000, 0x0000000088600000, 0x0000000088600000|100%| S|CS|TAMS 0x0000000088500000, 0x0000000088500000| Complete 
|  82|0x0000000088600000, 0x0000000088700000, 0x0000000088700000|100%| S|CS|TAMS 0x0000000088600000, 0x0000000088600000| Complete 
|  83|0x0000000088700000, 0x0000000088800000, 0x0000000088800000|100%| S|CS|TAMS 0x0000000088700000, 0x0000000088700000| Complete 
|  84|0x0000000088800000, 0x0000000088900000, 0x0000000088900000|100%| S|CS|TAMS 0x0000000088800000, 0x0000000088800000| Complete 
|  85|0x0000000088900000, 0x0000000088a00000, 0x0000000088a00000|100%| S|CS|TAMS 0x0000000088900000, 0x0000000088900000| Complete 
|  86|0x0000000088a00000, 0x0000000088b00000, 0x0000000088b00000|100%| S|CS|TAMS 0x0000000088a00000, 0x0000000088a00000| Complete 
|  87|0x0000000088b00000, 0x0000000088c00000, 0x0000000088c00000|100%| S|CS|TAMS 0x0000000088b00000, 0x0000000088b00000| Complete 
|  88|0x0000000088c00000, 0x0000000088d00000, 0x0000000088d00000|100%| S|CS|TAMS 0x0000000088c00000, 0x0000000088c00000| Complete 
|  89|0x0000000088d00000, 0x0000000088e00000, 0x0000000088e00000|100%| S|CS|TAMS 0x0000000088d00000, 0x0000000088d00000| Complete 
|  90|0x0000000088e00000, 0x0000000088f00000, 0x0000000088f00000|100%| S|CS|TAMS 0x0000000088e00000, 0x0000000088e00000| Complete 
|  91|0x0000000088f00000, 0x0000000088f00000, 0x0000000089000000|  0%| F|  |TAMS 0x0000000088f00000, 0x0000000088f00000| Untracked 
|  92|0x0000000089000000, 0x0000000089000000, 0x0000000089100000|  0%| F|  |TAMS 0x0000000089000000, 0x0000000089000000| Untracked 
|  93|0x0000000089100000, 0x0000000089100000, 0x0000000089200000|  0%| F|  |TAMS 0x0000000089100000, 0x0000000089100000| Untracked 
|  94|0x0000000089200000, 0x0000000089200000, 0x0000000089300000|  0%| F|  |TAMS 0x0000000089200000, 0x0000000089200000| Untracked 
|  95|0x0000000089300000, 0x0000000089300000, 0x0000000089400000|  0%| F|  |TAMS 0x0000000089300000, 0x0000000089300000| Untracked 
|  96|0x0000000089400000, 0x0000000089400000, 0x0000000089500000|  0%| F|  |TAMS 0x0000000089400000, 0x0000000089400000| Untracked 
|  97|0x0000000089500000, 0x0000000089500000, 0x0000000089600000|  0%| F|  |TAMS 0x0000000089500000, 0x0000000089500000| Untracked 
|  98|0x0000000089600000, 0x0000000089600000, 0x0000000089700000|  0%| F|  |TAMS 0x0000000089600000, 0x0000000089600000| Untracked 
|  99|0x0000000089700000, 0x0000000089700000, 0x0000000089800000|  0%| F|  |TAMS 0x0000000089700000, 0x0000000089700000| Untracked 
| 100|0x0000000089800000, 0x0000000089800000, 0x0000000089900000|  0%| F|  |TAMS 0x0000000089800000, 0x0000000089800000| Untracked 
| 101|0x0000000089900000, 0x0000000089900000, 0x0000000089a00000|  0%| F|  |TAMS 0x0000000089900000, 0x0000000089900000| Untracked 
| 102|0x0000000089a00000, 0x0000000089a00000, 0x0000000089b00000|  0%| F|  |TAMS 0x0000000089a00000, 0x0000000089a00000| Untracked 
| 103|0x0000000089b00000, 0x0000000089b00000, 0x0000000089c00000|  0%| F|  |TAMS 0x0000000089b00000, 0x0000000089b00000| Untracked 
| 104|0x0000000089c00000, 0x0000000089c00000, 0x0000000089d00000|  0%| F|  |TAMS 0x0000000089c00000, 0x0000000089c00000| Untracked 
| 105|0x0000000089d00000, 0x0000000089d00000, 0x0000000089e00000|  0%| F|  |TAMS 0x0000000089d00000, 0x0000000089d00000| Untracked 
| 106|0x0000000089e00000, 0x0000000089e00000, 0x0000000089f00000|  0%| F|  |TAMS 0x0000000089e00000, 0x0000000089e00000| Untracked 
| 107|0x0000000089f00000, 0x0000000089f00000, 0x000000008a000000|  0%| F|  |TAMS 0x0000000089f00000, 0x0000000089f00000| Untracked 
| 108|0x000000008a000000, 0x000000008a000000, 0x000000008a100000|  0%| F|  |TAMS 0x000000008a000000, 0x000000008a000000| Untracked 
| 109|0x000000008a100000, 0x000000008a100000, 0x000000008a200000|  0%| F|  |TAMS 0x000000008a100000, 0x000000008a100000| Untracked 
| 110|0x000000008a200000, 0x000000008a200000, 0x000000008a300000|  0%| F|  |TAMS 0x000000008a200000, 0x000000008a200000| Untracked 
| 111|0x000000008a300000, 0x000000008a300000, 0x000000008a400000|  0%| F|  |TAMS 0x000000008a300000, 0x000000008a300000| Untracked 
| 112|0x000000008a400000, 0x000000008a400000, 0x000000008a500000|  0%| F|  |TAMS 0x000000008a400000, 0x000000008a400000| Untracked 
| 113|0x000000008a500000, 0x000000008a500000, 0x000000008a600000|  0%| F|  |TAMS 0x000000008a500000, 0x000000008a500000| Untracked 
| 114|0x000000008a600000, 0x000000008a600000, 0x000000008a700000|  0%| F|  |TAMS 0x000000008a600000, 0x000000008a600000| Untracked 
| 115|0x000000008a700000, 0x000000008a700000, 0x000000008a800000|  0%| F|  |TAMS 0x000000008a700000, 0x000000008a700000| Untracked 
| 116|0x000000008a800000, 0x000000008a800000, 0x000000008a900000|  0%| F|  |TAMS 0x000000008a800000, 0x000000008a800000| Untracked 
| 117|0x000000008a900000, 0x000000008a900000, 0x000000008aa00000|  0%| F|  |TAMS 0x000000008a900000, 0x000000008a900000| Untracked 
| 118|0x000000008aa00000, 0x000000008aa00000, 0x000000008ab00000|  0%| F|  |TAMS 0x000000008aa00000, 0x000000008aa00000| Untracked 
| 119|0x000000008ab00000, 0x000000008ab00000, 0x000000008ac00000|  0%| F|  |TAMS 0x000000008ab00000, 0x000000008ab00000| Untracked 
| 120|0x000000008ac00000, 0x000000008ac00000, 0x000000008ad00000|  0%| F|  |TAMS 0x000000008ac00000, 0x000000008ac00000| Untracked 
| 121|0x000000008ad00000, 0x000000008ad00000, 0x000000008ae00000|  0%| F|  |TAMS 0x000000008ad00000, 0x000000008ad00000| Untracked 
| 122|0x000000008ae00000, 0x000000008ae00000, 0x000000008af00000|  0%| F|  |TAMS 0x000000008ae00000, 0x000000008ae00000| Untracked 
| 123|0x000000008af00000, 0x000000008af00000, 0x000000008b000000|  0%| F|  |TAMS 0x000000008af00000, 0x000000008af00000| Untracked 
| 124|0x000000008b000000, 0x000000008b000000, 0x000000008b100000|  0%| F|  |TAMS 0x000000008b000000, 0x000000008b000000| Untracked 
| 125|0x000000008b100000, 0x000000008b100000, 0x000000008b200000|  0%| F|  |TAMS 0x000000008b100000, 0x000000008b100000| Untracked 
| 126|0x000000008b200000, 0x000000008b200000, 0x000000008b300000|  0%| F|  |TAMS 0x000000008b200000, 0x000000008b200000| Untracked 
| 127|0x000000008b300000, 0x000000008b300000, 0x000000008b400000|  0%| F|  |TAMS 0x000000008b300000, 0x000000008b300000| Untracked 
| 128|0x000000008b400000, 0x000000008b400000, 0x000000008b500000|  0%| F|  |TAMS 0x000000008b400000, 0x000000008b400000| Untracked 
| 129|0x000000008b500000, 0x000000008b500000, 0x000000008b600000|  0%| F|  |TAMS 0x000000008b500000, 0x000000008b500000| Untracked 
| 130|0x000000008b600000, 0x000000008b600000, 0x000000008b700000|  0%| F|  |TAMS 0x000000008b600000, 0x000000008b600000| Untracked 
| 131|0x000000008b700000, 0x000000008b700000, 0x000000008b800000|  0%| F|  |TAMS 0x000000008b700000, 0x000000008b700000| Untracked 
| 132|0x000000008b800000, 0x000000008b800000, 0x000000008b900000|  0%| F|  |TAMS 0x000000008b800000, 0x000000008b800000| Untracked 
| 133|0x000000008b900000, 0x000000008b900000, 0x000000008ba00000|  0%| F|  |TAMS 0x000000008b900000, 0x000000008b900000| Untracked 
| 134|0x000000008ba00000, 0x000000008ba00000, 0x000000008bb00000|  0%| F|  |TAMS 0x000000008ba00000, 0x000000008ba00000| Untracked 
| 135|0x000000008bb00000, 0x000000008bb00000, 0x000000008bc00000|  0%| F|  |TAMS 0x000000008bb00000, 0x000000008bb00000| Untracked 
| 136|0x000000008bc00000, 0x000000008bc00000, 0x000000008bd00000|  0%| F|  |TAMS 0x000000008bc00000, 0x000000008bc00000| Untracked 
| 137|0x000000008bd00000, 0x000000008bd00000, 0x000000008be00000|  0%| F|  |TAMS 0x000000008bd00000, 0x000000008bd00000| Untracked 
| 138|0x000000008be00000, 0x000000008be00000, 0x000000008bf00000|  0%| F|  |TAMS 0x000000008be00000, 0x000000008be00000| Untracked 
| 139|0x000000008bf00000, 0x000000008bf00000, 0x000000008c000000|  0%| F|  |TAMS 0x000000008bf00000, 0x000000008bf00000| Untracked 
| 140|0x000000008c000000, 0x000000008c000000, 0x000000008c100000|  0%| F|  |TAMS 0x000000008c000000, 0x000000008c000000| Untracked 
| 141|0x000000008c100000, 0x000000008c100000, 0x000000008c200000|  0%| F|  |TAMS 0x000000008c100000, 0x000000008c100000| Untracked 
| 142|0x000000008c200000, 0x000000008c200000, 0x000000008c300000|  0%| F|  |TAMS 0x000000008c200000, 0x000000008c200000| Untracked 
| 143|0x000000008c300000, 0x000000008c300000, 0x000000008c400000|  0%| F|  |TAMS 0x000000008c300000, 0x000000008c300000| Untracked 
| 144|0x000000008c400000, 0x000000008c400000, 0x000000008c500000|  0%| F|  |TAMS 0x000000008c400000, 0x000000008c400000| Untracked 
| 145|0x000000008c500000, 0x000000008c500000, 0x000000008c600000|  0%| F|  |TAMS 0x000000008c500000, 0x000000008c500000| Untracked 
| 146|0x000000008c600000, 0x000000008c600000, 0x000000008c700000|  0%| F|  |TAMS 0x000000008c600000, 0x000000008c600000| Untracked 
| 147|0x000000008c700000, 0x000000008c700000, 0x000000008c800000|  0%| F|  |TAMS 0x000000008c700000, 0x000000008c700000| Untracked 
| 148|0x000000008c800000, 0x000000008c800000, 0x000000008c900000|  0%| F|  |TAMS 0x000000008c800000, 0x000000008c800000| Untracked 
| 149|0x000000008c900000, 0x000000008c900000, 0x000000008ca00000|  0%| F|  |TAMS 0x000000008c900000, 0x000000008c900000| Untracked 
| 150|0x000000008ca00000, 0x000000008ca00000, 0x000000008cb00000|  0%| F|  |TAMS 0x000000008ca00000, 0x000000008ca00000| Untracked 
| 151|0x000000008cb00000, 0x000000008cb00000, 0x000000008cc00000|  0%| F|  |TAMS 0x000000008cb00000, 0x000000008cb00000| Untracked 
| 152|0x000000008cc00000, 0x000000008cc00000, 0x000000008cd00000|  0%| F|  |TAMS 0x000000008cc00000, 0x000000008cc00000| Untracked 
| 153|0x000000008cd00000, 0x000000008cd00000, 0x000000008ce00000|  0%| F|  |TAMS 0x000000008cd00000, 0x000000008cd00000| Untracked 
| 154|0x000000008ce00000, 0x000000008ce00000, 0x000000008cf00000|  0%| F|  |TAMS 0x000000008ce00000, 0x000000008ce00000| Untracked 
| 155|0x000000008cf00000, 0x000000008cf00000, 0x000000008d000000|  0%| F|  |TAMS 0x000000008cf00000, 0x000000008cf00000| Untracked 
| 156|0x000000008d000000, 0x000000008d000000, 0x000000008d100000|  0%| F|  |TAMS 0x000000008d000000, 0x000000008d000000| Untracked 
| 157|0x000000008d100000, 0x000000008d100000, 0x000000008d200000|  0%| F|  |TAMS 0x000000008d100000, 0x000000008d100000| Untracked 
| 158|0x000000008d200000, 0x000000008d200000, 0x000000008d300000|  0%| F|  |TAMS 0x000000008d200000, 0x000000008d200000| Untracked 
| 159|0x000000008d300000, 0x000000008d300000, 0x000000008d400000|  0%| F|  |TAMS 0x000000008d300000, 0x000000008d300000| Untracked 
| 160|0x000000008d400000, 0x000000008d400000, 0x000000008d500000|  0%| F|  |TAMS 0x000000008d400000, 0x000000008d400000| Untracked 
| 161|0x000000008d500000, 0x000000008d500000, 0x000000008d600000|  0%| F|  |TAMS 0x000000008d500000, 0x000000008d500000| Untracked 
| 162|0x000000008d600000, 0x000000008d600000, 0x000000008d700000|  0%| F|  |TAMS 0x000000008d600000, 0x000000008d600000| Untracked 
| 163|0x000000008d700000, 0x000000008d700000, 0x000000008d800000|  0%| F|  |TAMS 0x000000008d700000, 0x000000008d700000| Untracked 
| 164|0x000000008d800000, 0x000000008d900000, 0x000000008d900000|100%| E|  |TAMS 0x000000008d800000, 0x000000008d800000| Complete 
| 165|0x000000008d900000, 0x000000008da00000, 0x000000008da00000|100%| E|CS|TAMS 0x000000008d900000, 0x000000008d900000| Complete 
| 166|0x000000008da00000, 0x000000008db00000, 0x000000008db00000|100%| E|CS|TAMS 0x000000008da00000, 0x000000008da00000| Complete 
| 167|0x000000008db00000, 0x000000008dc00000, 0x000000008dc00000|100%| E|CS|TAMS 0x000000008db00000, 0x000000008db00000| Complete 
| 168|0x000000008dc00000, 0x000000008dd00000, 0x000000008dd00000|100%| E|CS|TAMS 0x000000008dc00000, 0x000000008dc00000| Complete 

Card table byte_map: [0x0000020b77730000,0x0000020b77b20000] _byte_map_base: 0x0000020b77316000

Marking Bits (Prev, Next): (CMBitMap*) 0x0000020b716388b0, (CMBitMap*) 0x0000020b71638878
 Prev Bits: [0x0000020b79e40000, 0x0000020b7bd70000)
 Next Bits: [0x0000020b77f10000, 0x0000020b79e40000)

Polling page: 0x0000020b716e0000

Metaspace:

Usage:
  Non-class:     50.57 MB capacity,    50.15 MB (>99%) used,   341.61 KB ( <1%) free+waste,    90.31 KB ( <1%) overhead. 
      Class:      6.79 MB capacity,     6.53 MB ( 96%) used,   230.35 KB (  3%) free+waste,    39.63 KB ( <1%) overhead. 
       Both:     57.36 MB capacity,    56.68 MB ( 99%) used,   571.96 KB ( <1%) free+waste,   129.94 KB ( <1%) overhead. 

Virtual space:
  Non-class space:       52.00 MB reserved,      50.70 MB ( 98%) committed 
      Class space:        1.00 GB reserved,       6.88 MB ( <1%) committed 
             Both:        1.05 GB reserved,      57.58 MB (  5%) committed 

Chunk freelists:
   Non-Class:  7.00 KB
       Class:  22.00 KB
        Both:  29.00 KB

MaxMetaspaceSize: 17179869184.00 GB
CompressedClassSpaceSize: 1.00 GB

CodeHeap 'non-profiled nmethods': size=120000Kb used=3172Kb max_used=3172Kb free=116828Kb
 bounds [0x0000020b07ad0000, 0x0000020b07df0000, 0x0000020b0f000000]
CodeHeap 'profiled nmethods': size=120000Kb used=16141Kb max_used=16141Kb free=103858Kb
 bounds [0x0000020b005a0000, 0x0000020b01570000, 0x0000020b07ad0000]
CodeHeap 'non-nmethods': size=5760Kb used=1206Kb max_used=1268Kb free=4553Kb
 bounds [0x0000020b00000000, 0x0000020b00270000, 0x0000020b005a0000]
 total_blobs=7018 nmethods=6452 adapters=476
 compilation: enabled
              stopped_count=0, restarted_count=0
 full_count=0

Compilation events (20 events):
Event: 6.550 Thread 0x0000020b7f202000 nmethod 6461 0x0000020b07de7e10 code [0x0000020b07de7fc0, 0x0000020b07de8078]
Event: 6.553 Thread 0x0000020b7f202000 6462       3       org.jetbrains.kotlin.parsing.KotlinParsing::parseTypeArgumentList (36 bytes)
Event: 6.554 Thread 0x0000020b7f202000 nmethod 6462 0x0000020b01549210 code [0x0000020b01549420, 0x0000020b015498b8]
Event: 6.554 Thread 0x0000020b7f202000 6463       3       org.jetbrains.kotlin.com.intellij.psi.impl.source.tree.RecursiveTreeElementWalkingVisitor$ASTTreeGuide::getParent (9 bytes)
Event: 6.554 Thread 0x0000020b7f202000 nmethod 6463 0x0000020b01549a90 code [0x0000020b01549c80, 0x0000020b0154a088]
Event: 6.554 Thread 0x0000020b7f202000 6466       3       org.jetbrains.kotlin.com.intellij.psi.impl.source.tree.LazyParseableElement::setLastChildNode (21 bytes)
Event: 6.555 Thread 0x0000020b7f202000 nmethod 6466 0x0000020b0154a210 code [0x0000020b0154a400, 0x0000020b0154a858]
Event: 6.555 Thread 0x0000020b7f202000 6464       3       org.jetbrains.kotlin.com.intellij.psi.impl.source.tree.RecursiveTreeElementWalkingVisitor$ASTTreeGuide::getParent (15 bytes)
Event: 6.555 Thread 0x0000020b7f202000 nmethod 6464 0x0000020b0154a990 code [0x0000020b0154ab60, 0x0000020b0154ae08]
Event: 6.557 Thread 0x0000020b7f202000 6467       1       org.jetbrains.kotlin.resolve.calls.smartcasts.IdentifierInfo$Expression::getKind (5 bytes)
Event: 6.557 Thread 0x0000020b7f202000 nmethod 6467 0x0000020b07de8110 code [0x0000020b07de82c0, 0x0000020b07de8378]
Event: 6.557 Thread 0x0000020b7f202000 6468       1       javaslang.control.Option$None::isEmpty (2 bytes)
Event: 6.557 Thread 0x0000020b7f202000 nmethod 6468 0x0000020b07de8410 code [0x0000020b07de85c0, 0x0000020b07de8678]
Event: 6.557 Thread 0x0000020b7f202000 6469       3       org.jetbrains.kotlin.resolve.calls.inference.DescriptorRelatedInferenceUtilsKt::addSubsystemFromArgument (97 bytes)
Event: 6.558 Thread 0x0000020b7f202000 nmethod 6469 0x0000020b0154af10 code [0x0000020b0154b1e0, 0x0000020b0154c218]
Event: 6.558 Thread 0x0000020b7f202000 6470       1       org.jetbrains.kotlin.resolve.calls.tower.AbstractScopeTowerLevel::getScopeTower (5 bytes)
Event: 6.558 Thread 0x0000020b7f202000 nmethod 6470 0x0000020b07de8710 code [0x0000020b07de88c0, 0x0000020b07de8978]
Event: 6.558 Thread 0x0000020b7f202000 6471       1       org.jetbrains.kotlin.resolve.calls.tower.PSICallResolver::access$getCandidateInterceptor$p (5 bytes)
Event: 6.558 Thread 0x0000020b7f202000 nmethod 6471 0x0000020b07de8a10 code [0x0000020b07de8bc0, 0x0000020b07de8c58]
Event: 6.558 Thread 0x0000020b7f202000 6472       3       org.jetbrains.kotlin.resolve.calls.tower.AbstractSimpleScopeTowerProcessor::createCandidates (104 bytes)

GC Heap History (14 events):
Event: 0.467 GC heap before
{Heap before GC invocations=0 (full 0):
 garbage-first heap   total 129024K, used 27648K [0x0000000083400000, 0x0000000100000000)
  region size 1024K, 24 young (24576K), 0 survivors (0K)
 Metaspace       used 12315K, capacity 12405K, committed 12544K, reserved 1060864K
  class space    used 1155K, capacity 1174K, committed 1280K, reserved 1048576K
}
Event: 0.472 GC heap after
{Heap after GC invocations=1 (full 0):
 garbage-first heap   total 129024K, used 5658K [0x0000000083400000, 0x0000000100000000)
  region size 1024K, 3 young (3072K), 3 survivors (3072K)
 Metaspace       used 12315K, capacity 12405K, committed 12544K, reserved 1060864K
  class space    used 1155K, capacity 1174K, committed 1280K, reserved 1048576K
}
Event: 0.915 GC heap before
{Heap before GC invocations=1 (full 0):
 garbage-first heap   total 129024K, used 42522K [0x0000000083400000, 0x0000000100000000)
  region size 1024K, 40 young (40960K), 3 survivors (3072K)
 Metaspace       used 21033K, capacity 21199K, committed 21248K, reserved 1069056K
  class space    used 2219K, capacity 2299K, committed 2304K, reserved 1048576K
}
Event: 0.924 GC heap after
{Heap after GC invocations=2 (full 0):
 garbage-first heap   total 129024K, used 9547K [0x0000000083400000, 0x0000000100000000)
  region size 1024K, 7 young (7168K), 7 survivors (7168K)
 Metaspace       used 21033K, capacity 21199K, committed 21248K, reserved 1069056K
  class space    used 2219K, capacity 2299K, committed 2304K, reserved 1048576K
}
Event: 1.742 GC heap before
{Heap before GC invocations=3 (full 0):
 garbage-first heap   total 129024K, used 73035K [0x0000000083400000, 0x0000000100000000)
  region size 1024K, 57 young (58368K), 7 survivors (7168K)
 Metaspace       used 30378K, capacity 30857K, committed 31228K, reserved 1077248K
  class space    used 3562K, capacity 3740K, committed 3840K, reserved 1048576K
}
Event: 1.761 GC heap after
{Heap after GC invocations=4 (full 0):
 garbage-first heap   total 129024K, used 24387K [0x0000000083400000, 0x0000000100000000)
  region size 1024K, 8 young (8192K), 8 survivors (8192K)
 Metaspace       used 30378K, capacity 30857K, committed 31228K, reserved 1077248K
  class space    used 3562K, capacity 3740K, committed 3840K, reserved 1048576K
}
Event: 2.333 GC heap before
{Heap before GC invocations=4 (full 0):
 garbage-first heap   total 129024K, used 48963K [0x0000000083400000, 0x0000000100000000)
  region size 1024K, 33 young (33792K), 8 survivors (8192K)
 Metaspace       used 35453K, capacity 35890K, committed 36048K, reserved 1081344K
  class space    used 4134K, capacity 4328K, committed 4352K, reserved 1048576K
}
Event: 2.359 GC heap after
{Heap after GC invocations=5 (full 0):
 garbage-first heap   total 129024K, used 25194K [0x0000000083400000, 0x0000000100000000)
  region size 1024K, 3 young (3072K), 3 survivors (3072K)
 Metaspace       used 35453K, capacity 35890K, committed 36048K, reserved 1081344K
  class space    used 4134K, capacity 4328K, committed 4352K, reserved 1048576K
}
Event: 3.424 GC heap before
{Heap before GC invocations=6 (full 0):
 garbage-first heap   total 129024K, used 76394K [0x0000000083400000, 0x0000000100000000)
  region size 1024K, 50 young (51200K), 3 survivors (3072K)
 Metaspace       used 45665K, capacity 46269K, committed 46544K, reserved 1089536K
  class space    used 5369K, capacity 5584K, committed 5632K, reserved 1048576K
}
Event: 3.447 GC heap after
{Heap after GC invocations=7 (full 0):
 garbage-first heap   total 173056K, used 32431K [0x0000000083400000, 0x0000000100000000)
  region size 1024K, 7 young (7168K), 7 survivors (7168K)
 Metaspace       used 45665K, capacity 46269K, committed 46544K, reserved 1089536K
  class space    used 5369K, capacity 5584K, committed 5632K, reserved 1048576K
}
Event: 4.461 GC heap before
{Heap before GC invocations=8 (full 0):
 garbage-first heap   total 173056K, used 98991K [0x0000000083400000, 0x0000000100000000)
  region size 1024K, 72 young (73728K), 7 survivors (7168K)
 Metaspace       used 53015K, capacity 53666K, committed 53840K, reserved 1097728K
  class space    used 6227K, capacity 6495K, committed 6528K, reserved 1048576K
}
Event: 4.476 GC heap after
{Heap after GC invocations=9 (full 0):
 garbage-first heap   total 173056K, used 38126K [0x0000000083400000, 0x0000000100000000)
  region size 1024K, 9 young (9216K), 9 survivors (9216K)
 Metaspace       used 53015K, capacity 53666K, committed 53840K, reserved 1097728K
  class space    used 6227K, capacity 6495K, committed 6528K, reserved 1048576K
}
Event: 6.234 GC heap before
{Heap before GC invocations=9 (full 0):
 garbage-first heap   total 173056K, used 108782K [0x0000000083400000, 0x0000000100000000)
  region size 1024K, 78 young (79872K), 9 survivors (9216K)
 Metaspace       used 57432K, capacity 58152K, committed 58320K, reserved 1101824K
  class space    used 6626K, capacity 6912K, committed 6912K, reserved 1048576K
}
Event: 6.265 GC heap after
{Heap after GC invocations=10 (full 0):
 garbage-first heap   total 173056K, used 49048K [0x0000000083400000, 0x0000000100000000)
  region size 1024K, 10 young (10240K), 10 survivors (10240K)
 Metaspace       used 57432K, capacity 58152K, committed 58320K, reserved 1101824K
  class space    used 6626K, capacity 6912K, committed 6912K, reserved 1048576K
}

Deoptimization events (20 events):
Event: 6.118 Thread 0x0000020b715f9800 Uncommon trap: trap_request=0xffffff4d fr.pc=0x0000020b07d2aee4 relative=0x0000000000000d64
Event: 6.118 Thread 0x0000020b715f9800 Uncommon trap: reason=unstable_if action=reinterpret pc=0x0000020b07d2aee4 method=org.jetbrains.kotlin.util.Checks.isApplicable(Lorg/jetbrains/kotlin/descriptors/FunctionDescriptor;)Z @ 26 c2
Event: 6.118 Thread 0x0000020b715f9800 DEOPT PACKING pc=0x0000020b07d2aee4 sp=0x000000ffd38fccb0
Event: 6.118 Thread 0x0000020b715f9800 DEOPT UNPACKING pc=0x0000020b000278af sp=0x000000ffd38fcc48 mode 2
Event: 6.118 Thread 0x0000020b715f9800 Uncommon trap: trap_request=0xffffff4d fr.pc=0x0000020b07d9f7b4 relative=0x00000000000000f4
Event: 6.118 Thread 0x0000020b715f9800 Uncommon trap: reason=unstable_if action=reinterpret pc=0x0000020b07d9f7b4 method=org.jetbrains.kotlin.util.AbstractModifierChecks.check(Lorg/jetbrains/kotlin/descriptors/FunctionDescriptor;)Lorg/jetbrains/kotlin/util/CheckResult; @ 40 c2
Event: 6.118 Thread 0x0000020b715f9800 DEOPT PACKING pc=0x0000020b07d9f7b4 sp=0x000000ffd38fcd00
Event: 6.118 Thread 0x0000020b715f9800 DEOPT UNPACKING pc=0x0000020b000278af sp=0x000000ffd38fcc90 mode 2
Event: 6.130 Thread 0x0000020b715f9800 Uncommon trap: trap_request=0xffffffbe fr.pc=0x0000020b07dde9bc relative=0x000000000000047c
Event: 6.130 Thread 0x0000020b715f9800 Uncommon trap: reason=profile_predicate action=maybe_recompile pc=0x0000020b07dde9bc method=java.util.Arrays$ArrayList.indexOf(Ljava/lang/Object;)I @ 39 c2
Event: 6.130 Thread 0x0000020b715f9800 DEOPT PACKING pc=0x0000020b07dde9bc sp=0x000000ffd38fcb40
Event: 6.130 Thread 0x0000020b715f9800 DEOPT UNPACKING pc=0x0000020b000278af sp=0x000000ffd38fcac8 mode 2
Event: 6.337 Thread 0x0000020b715f9800 Uncommon trap: trap_request=0xffffff4d fr.pc=0x0000020b07c56d9c relative=0x000000000000125c
Event: 6.337 Thread 0x0000020b715f9800 Uncommon trap: reason=unstable_if action=reinterpret pc=0x0000020b07c56d9c method=org.jetbrains.kotlin.lexer._JetLexer.advance()Lorg/jetbrains/kotlin/com/intellij/psi/tree/IElementType; @ 403 c2
Event: 6.337 Thread 0x0000020b715f9800 DEOPT PACKING pc=0x0000020b07c56d9c sp=0x000000ffd38fccd0
Event: 6.337 Thread 0x0000020b715f9800 DEOPT UNPACKING pc=0x0000020b000278af sp=0x000000ffd38fcc70 mode 2
Event: 6.339 Thread 0x0000020b715f9800 Uncommon trap: trap_request=0xffffff4d fr.pc=0x0000020b07aec724 relative=0x0000000000000564
Event: 6.339 Thread 0x0000020b715f9800 Uncommon trap: reason=unstable_if action=reinterpret pc=0x0000020b07aec724 method=java.lang.AbstractStringBuilder.append(Ljava/lang/String;)Ljava/lang/AbstractStringBuilder; @ 1 c2
Event: 6.339 Thread 0x0000020b715f9800 DEOPT PACKING pc=0x0000020b07aec724 sp=0x000000ffd38fd480
Event: 6.339 Thread 0x0000020b715f9800 DEOPT UNPACKING pc=0x0000020b000278af sp=0x000000ffd38fd458 mode 2

Classes redefined (0 events):
No events

Internal exceptions (20 events):
Event: 1.722 Thread 0x0000020b715f9800 Implicit null exception at 0x0000020b07b2dede to 0x0000020b07b2e64a
Event: 1.723 Thread 0x0000020b715f9800 Implicit null exception at 0x0000020b07b117af to 0x0000020b07b1181d
Event: 2.110 Thread 0x0000020b715f9800 Exception <a 'java/lang/NoSuchMethodError'{0x000000008a4dd5c8}: 'java.lang.Object java.lang.invoke.DirectMethodHandle$Holder.invokeVirtual(java.lang.Object, java.lang.Object, java.lang.Object)'> (0x000000008a4dd5c8) thrown at [./src/hotspot/share/interpreter/linkResolver.cpp, line 773]
Event: 2.879 Thread 0x0000020b715f9800 Exception <a 'java/lang/NoSuchMethodError'{0x000000008911a098}: 'java.lang.Object java.lang.invoke.Invokers$Holder.linkToTargetMethod(java.lang.Object, int, java.lang.Object)'> (0x000000008911a098) thrown at [./src/hotspot/share/interpreter/linkResolver.cpp, line 773]
Event: 3.205 Thread 0x0000020b715f9800 Exception <a 'java/lang/NoSuchMethodError'{0x00000000888a8698}: 'java.lang.Object java.lang.invoke.DirectMethodHandle$Holder.invokeStatic(java.lang.Object, java.lang.Object, java.lang.Object, int)'> (0x00000000888a8698) thrown at [./src/hotspot/share/interpreter/linkResolver.cpp, line 773]
Event: 3.206 Thread 0x0000020b715f9800 Exception <a 'java/lang/NoSuchMethodError'{0x00000000888ac308}: 'java.lang.Object java.lang.invoke.DirectMethodHandle$Holder.invokeSpecial(java.lang.Object, java.lang.Object, java.lang.Object, java.lang.Object, int)'> (0x00000000888ac308) thrown at [./src/hotspot/share/interpreter/linkResolver.cpp, line 773]
Event: 3.206 Thread 0x0000020b715f9800 Exception <a 'java/lang/NoSuchMethodError'{0x00000000888af618}: 'java.lang.Object java.lang.invoke.Invokers$Holder.linkToTargetMethod(java.lang.Object, java.lang.Object, int, java.lang.Object)'> (0x00000000888af618) thrown at [./src/hotspot/share/interpreter/linkResolver.cpp, line 773]
Event: 4.178 Thread 0x0000020b715f9800 Exception <a 'java/lang/NoSuchMethodError'{0x000000008aac7990}: 'java.lang.Object java.lang.invoke.DirectMethodHandle$Holder.invokeSpecial(java.lang.Object, java.lang.Object, java.lang.Object, java.lang.Object, java.lang.Object, int)'> (0x000000008aac7990) thrown at [./src/hotspot/share/interpreter/linkResolver.cpp, line 773]
Event: 4.179 Thread 0x0000020b715f9800 Exception <a 'java/lang/NoSuchMethodError'{0x000000008aacb530}: 'java.lang.Object java.lang.invoke.Invokers$Holder.linkToTargetMethod(java.lang.Object, java.lang.Object, java.lang.Object, int, java.lang.Object)'> (0x000000008aacb530) thrown at [./src/hotspot/share/interpreter/linkResolver.cpp, line 773]
Event: 4.396 Thread 0x0000020b715f9800 Exception <a 'java/lang/NoSuchMethodError'{0x0000000089e9b548}: 'java.lang.Object java.lang.invoke.DirectMethodHandle$Holder.invokeStaticInit(java.lang.Object, java.lang.Object, java.lang.Object)'> (0x0000000089e9b548) thrown at [./src/hotspot/share/interpreter/linkResolver.cpp, line 773]
Event: 5.073 Thread 0x0000020b715f9800 Exception <a 'java/lang/NoSuchMethodError'{0x000000008c40c2e0}: 'java.lang.Object java.lang.invoke.Invokers$Holder.linkToTargetMethod(java.lang.Object, java.lang.Object, java.lang.Object, java.lang.Object, java.lang.Object, java.lang.Object)'> (0x000000008c40c2e0) thrown at [./src/hotspot/share/interpreter/linkResolver.cpp, line 773]
Event: 5.193 Thread 0x0000020b715f9800 Exception <a 'java/lang/NoSuchMethodError'{0x000000008c1439e8}: 'java.lang.Object java.lang.invoke.DirectMethodHandle$Holder.invokeSpecial(java.lang.Object, java.lang.Object, java.lang.Object, java.lang.Object, java.lang.Object, java.lang.Object, java.lang.Object, java.lang.Object, java.lang.Object)'> (0x000000008c1439e8) thrown at [./src/hotspot/share/interpreter/linkResolver.cpp, line 773]
Event: 5.196 Thread 0x0000020b715f9800 Exception <a 'java/lang/NoSuchMethodError'{0x000000008c147be0}: 'java.lang.Object java.lang.invoke.Invokers$Holder.linkToTargetMethod(java.lang.Object, java.lang.Object, java.lang.Object, java.lang.Object, java.lang.Object, java.lang.Object, java.lang.Object, java.lang.Object)'> (0x000000008c147be0) thrown at [./src/hotspot/share/interpreter/linkResolver.cpp, line 773]
Event: 5.331 Thread 0x0000020b715f9800 Exception <a 'java/lang/NoSuchMethodError'{0x000000008be24590}: 'int java.lang.invoke.DirectMethodHandle$Holder.invokeStaticInit(java.lang.Object, int)'> (0x000000008be24590) thrown at [./src/hotspot/share/interpreter/linkResolver.cpp, line 773]
Event: 5.421 Thread 0x0000020b715f9800 Implicit null exception at 0x0000020b07c1854c to 0x0000020b07c18628
Event: 6.124 Thread 0x0000020b715f9800 Exception <a 'java/lang/NoSuchMethodError'{0x0000000089238ca8}: 'java.lang.Object java.lang.invoke.DirectMethodHandle$Holder.invokeStatic(java.lang.Object, int, java.lang.Object, java.lang.Object)'> (0x0000000089238ca8) thrown at [./src/hotspot/share/interpreter/linkResolver.cpp, line 773]
Event: 6.126 Thread 0x0000020b715f9800 Exception <a 'java/lang/NoSuchMethodError'{0x0000000089243168}: 'int java.lang.invoke.DirectMethodHandle$Holder.invokeInterface(java.lang.Object, java.lang.Object)'> (0x0000000089243168) thrown at [./src/hotspot/share/interpreter/linkResolver.cpp, line 773]
Event: 6.339 Thread 0x0000020b715f9800 Implicit null exception at 0x0000020b07aec1f4 to 0x0000020b07aec708
Event: 6.364 Thread 0x0000020b715f9800 Exception <a 'java/lang/NoSuchMethodError'{0x000000008daa0508}: 'java.lang.Object java.lang.invoke.DirectMethodHandle$Holder.invokeInterface(java.lang.Object, java.lang.Object, java.lang.Object)'> (0x000000008daa0508) thrown at [./src/hotspot/share/interpreter/linkResolver.cpp, line 773]
Event: 6.365 Thread 0x0000020b715f9800 Exception <a 'java/lang/IncompatibleClassChangeError'{0x000000008daa3738}: Found class java.lang.Object, but interface was expected> (0x000000008daa3738) thrown at [./src/hotspot/share/interpreter/linkResolver.cpp, line 839]

Events (20 events):
Event: 6.459 loading class org/jetbrains/kotlin/resolve/calls/tower/ManyCandidatesResolver$resolveCandidates$runCompletion$1
Event: 6.459 loading class org/jetbrains/kotlin/resolve/calls/tower/ManyCandidatesResolver$resolveCandidates$runCompletion$1 done
Event: 6.460 loading class org/jetbrains/kotlin/resolve/calls/inference/components/ResultTypeResolver$sinkIntegerLiteralTypes$1$containsILT$1
Event: 6.460 loading class org/jetbrains/kotlin/resolve/calls/inference/components/ResultTypeResolver$sinkIntegerLiteralTypes$1$containsILT$1 done
Event: 6.462 loading class org/jetbrains/kotlin/resolve/calls/inference/components/TrivialConstraintTypeInferenceOracle$isGeneratedConstraintTrivial$1
Event: 6.462 loading class org/jetbrains/kotlin/resolve/calls/inference/components/TrivialConstraintTypeInferenceOracle$isGeneratedConstraintTrivial$1 done
Event: 6.463 loading class org/jetbrains/kotlin/resolve/calls/inference/components/TrivialConstraintTypeInferenceOracle$isGeneratedConstraintTrivial$2
Event: 6.463 loading class org/jetbrains/kotlin/resolve/calls/inference/components/TrivialConstraintTypeInferenceOracle$isGeneratedConstraintTrivial$2 done
Event: 6.463 loading class org/jetbrains/kotlin/resolve/calls/inference/components/TrivialConstraintTypeInferenceOracle$containsOnlyNonNullableNothing$1
Event: 6.463 loading class org/jetbrains/kotlin/resolve/calls/inference/components/TrivialConstraintTypeInferenceOracle$containsOnlyNonNullableNothing$1 done
Event: 6.464 loading class org/jetbrains/kotlin/resolve/calls/inference/model/NewConstraintSystemImpl$fixVariable$1$1
Event: 6.464 loading class org/jetbrains/kotlin/resolve/calls/inference/model/NewConstraintSystemImpl$fixVariable$1$1 done
Event: 6.465 loading class org/jetbrains/kotlin/resolve/calls/inference/model/ConstraintStorageKt
Event: 6.465 loading class org/jetbrains/kotlin/resolve/calls/inference/model/ConstraintStorageKt done
Event: 6.467 loading class org/jetbrains/kotlin/resolve/calls/tower/ResolutionResultCallInfo
Event: 6.467 loading class org/jetbrains/kotlin/resolve/calls/tower/ResolutionResultCallInfo done
Event: 6.468 loading class org/jetbrains/kotlin/resolve/calls/CommonSuperTypeUtilsKt
Event: 6.468 loading class org/jetbrains/kotlin/resolve/calls/CommonSuperTypeUtilsKt done
Event: 6.484 loading class org/jetbrains/kotlin/storage/LockBasedLazyResolveStorageManager$LockProtectedTrace$report$1
Event: 6.484 loading class org/jetbrains/kotlin/storage/LockBasedLazyResolveStorageManager$LockProtectedTrace$report$1 done


Dynamic libraries:
0x00007ff731ac0000 - 0x00007ff731aca000 	C:\Program Files\Android\Android Studio\jre\bin\java.exe
0x00007ffda5330000 - 0x00007ffda5525000 	C:\WINDOWS\SYSTEM32\ntdll.dll
0x00007ffda3ca0000 - 0x00007ffda3d5e000 	C:\WINDOWS\System32\KERNEL32.DLL
0x00007ffda2d30000 - 0x00007ffda2ff8000 	C:\WINDOWS\System32\KERNELBASE.dll
0x00007ffda2af0000 - 0x00007ffda2bf0000 	C:\WINDOWS\System32\ucrtbase.dll
0x00007ffd896a0000 - 0x00007ffd896b9000 	C:\Program Files\Android\Android Studio\jre\bin\jli.dll
0x00007ffd896c0000 - 0x00007ffd896d7000 	C:\Program Files\Android\Android Studio\jre\bin\VCRUNTIME140.dll
0x00007ffda3380000 - 0x00007ffda3520000 	C:\WINDOWS\System32\USER32.dll
0x00007ffda2bf0000 - 0x00007ffda2c12000 	C:\WINDOWS\System32\win32u.dll
0x00007ffd8d940000 - 0x00007ffd8dbda000 	C:\WINDOWS\WinSxS\amd64_microsoft.windows.common-controls_6595b64144ccf1df_6.0.19041.1110_none_60b5254171f9507e\COMCTL32.dll
0x00007ffda4420000 - 0x00007ffda444b000 	C:\WINDOWS\System32\GDI32.dll
0x00007ffda4810000 - 0x00007ffda48ae000 	C:\WINDOWS\System32\msvcrt.dll
0x00007ffda3220000 - 0x00007ffda332d000 	C:\WINDOWS\System32\gdi32full.dll
0x00007ffda2c20000 - 0x00007ffda2cbd000 	C:\WINDOWS\System32\msvcp_win.dll
0x00007ffda3520000 - 0x00007ffda3550000 	C:\WINDOWS\System32\IMM32.DLL
0x00007ffd89600000 - 0x00007ffd8969d000 	C:\Program Files\Android\Android Studio\jre\bin\msvcp140.dll
0x00007ffd68b40000 - 0x00007ffd6960f000 	C:\Program Files\Android\Android Studio\jre\bin\server\jvm.dll
0x00007ffda3d70000 - 0x00007ffda3e1e000 	C:\WINDOWS\System32\ADVAPI32.dll
0x00007ffda4380000 - 0x00007ffda441c000 	C:\WINDOWS\System32\sechost.dll
0x00007ffda4250000 - 0x00007ffda4375000 	C:\WINDOWS\System32\RPCRT4.dll
0x00007ffda3d60000 - 0x00007ffda3d68000 	C:\WINDOWS\System32\PSAPI.DLL
0x00007ffd9ff40000 - 0x00007ffd9ff4a000 	C:\WINDOWS\SYSTEM32\VERSION.dll
0x00007ffd853e0000 - 0x00007ffd85407000 	C:\WINDOWS\SYSTEM32\WINMM.dll
0x00007ffd9a4e0000 - 0x00007ffd9a4e9000 	C:\WINDOWS\SYSTEM32\WSOCK32.dll
0x00007ffda4180000 - 0x00007ffda41eb000 	C:\WINDOWS\System32\WS2_32.dll
0x00007ffda12c0000 - 0x00007ffda12d2000 	C:\WINDOWS\SYSTEM32\kernel.appcore.dll
0x00007ffd997c0000 - 0x00007ffd997d1000 	C:\Program Files\Android\Android Studio\jre\bin\verify.dll
0x00007ffda0790000 - 0x00007ffda0974000 	C:\WINDOWS\SYSTEM32\DBGHELP.DLL
0x00007ffd919a0000 - 0x00007ffd919cc000 	C:\WINDOWS\SYSTEM32\dbgcore.DLL
0x00007ffda3190000 - 0x00007ffda3212000 	C:\WINDOWS\System32\bcryptPrimitives.dll
0x00007ffd8c8a0000 - 0x00007ffd8c8c9000 	C:\Program Files\Android\Android Studio\jre\bin\java.dll
0x00007ffd9a4d0000 - 0x00007ffd9a4db000 	C:\Program Files\Android\Android Studio\jre\bin\jimage.dll
0x00007ffd996e0000 - 0x00007ffd996f8000 	C:\Program Files\Android\Android Studio\jre\bin\zip.dll
0x00007ffda3550000 - 0x00007ffda3c94000 	C:\WINDOWS\System32\SHELL32.dll
0x00007ffda0b10000 - 0x00007ffda12a4000 	C:\WINDOWS\SYSTEM32\windows.storage.dll
0x00007ffda44b0000 - 0x00007ffda4805000 	C:\WINDOWS\System32\combase.dll
0x00007ffda2490000 - 0x00007ffda24be000 	C:\WINDOWS\SYSTEM32\Wldp.dll
0x00007ffda4f00000 - 0x00007ffda4fad000 	C:\WINDOWS\System32\SHCORE.dll
0x00007ffda41f0000 - 0x00007ffda4245000 	C:\WINDOWS\System32\shlwapi.dll
0x00007ffda2980000 - 0x00007ffda299f000 	C:\WINDOWS\SYSTEM32\profapi.dll
0x00007ffd99320000 - 0x00007ffd9933a000 	C:\Program Files\Android\Android Studio\jre\bin\net.dll
0x00007ffd9a940000 - 0x00007ffd9aa4c000 	C:\WINDOWS\SYSTEM32\WINHTTP.dll
0x00007ffda21f0000 - 0x00007ffda225a000 	C:\WINDOWS\system32\mswsock.dll
0x00007ffd8c9d0000 - 0x00007ffd8c9e4000 	C:\Program Files\Android\Android Studio\jre\bin\nio.dll

dbghelp: loaded successfully - version: 4.0.5 - missing functions: none
symbol engine: initialized successfully - sym options: 0x614 - pdb path: .;C:\Program Files\Android\Android Studio\jre\bin;C:\WINDOWS\SYSTEM32;C:\WINDOWS\WinSxS\amd64_microsoft.windows.common-controls_6595b64144ccf1df_6.0.19041.1110_none_60b5254171f9507e;C:\Program Files\Android\Android Studio\jre\bin\server

VM Arguments:
java_command: org.jetbrains.kotlin.cli.jvm.K2JVMCompiler @C:\Users\Arthur\Documents\Programming\cross\DailyPlanner\app\build\20220212_3266047505677817264.compiler.options
java_class_path (initial): C:\Users\Arthur\.gradle\caches\modules-2\files-2.1\org.jetbrains.kotlin\kotlin-compiler-embeddable\1.5.20\1900e8b9aca0a9caffd45b99b36e3720a0a284f8\kotlin-compiler-embeddable-1.5.20.jar;C:\Users\Arthur\.gradle\caches\modules-2\files-2.1\org.jetbrains.kotlin\kotlin-reflect\1.5.20\63810951f09a27f7827977f1bc21094042a915e\kotlin-reflect-1.5.20.jar;C:\Users\Arthur\.gradle\caches\modules-2\files-2.1\org.jetbrains.kotlin\kotlin-stdlib\1.5.20\9de35cc611bcecec8edce1d56d8e659953806751\kotlin-stdlib-1.5.20.jar;C:\Users\Arthur\.gradle\caches\modules-2\files-2.1\org.jetbrains.kotlin\kotlin-script-runtime\1.5.20\4381bb58d37b84d4d1afe55ec35542dd9b77e101\kotlin-script-runtime-1.5.20.jar;C:\Users\Arthur\.gradle\caches\modules-2\files-2.1\org.jetbrains.kotlin\kotlin-daemon-embeddable\1.5.20\36c38cda019834dcd2959cc33a12768adcd94256\kotlin-daemon-embeddable-1.5.20.jar;C:\Users\Arthur\.gradle\caches\modules-2\files-2.1\org.jetbrains.intellij.deps\trove4j\1.0.20181211\216c2e14b070f334479d800987affe4054cd563f\trove4j-1.0.20181211.jar;C:\Users\Arthur\.gradle\caches\modules-2\files-2.1\org.jetbrains\annotations\13.0\919f0dfe192fb4e063e7dacadee7f8bb9a2672a9\annotations-13.0.jar;C:\Users\Arthur\.gradle\caches\modules-2\files-2.1\org.jetbrains.kotlin\kotlin-stdlib-common\1.5.20\3d79dbd48bf605f4aac1e7028981a1953e245cbb\kotlin-stdlib-common-1.5.20.jar
Launcher Type: SUN_STANDARD

[Global flags]
     intx CICompilerCount                          = 4                                         {product} {ergonomic}
     uint ConcGCThreads                            = 2                                         {product} {ergonomic}
     uint G1ConcRefinementThreads                  = 8                                         {product} {ergonomic}
   size_t G1HeapRegionSize                         = 1048576                                   {product} {ergonomic}
    uintx GCDrainStackTargetSize                   = 64                                        {product} {ergonomic}
   size_t InitialHeapSize                          = 132120576                                 {product} {ergonomic}
   size_t MarkStackSize                            = 4194304                                   {product} {ergonomic}
   size_t MaxHeapSize                              = 2092957696                                {product} {ergonomic}
   size_t MaxNewSize                               = 1255145472                                {product} {ergonomic}
   size_t MinHeapDeltaBytes                        = 1048576                                   {product} {ergonomic}
    uintx NonNMethodCodeHeapSize                   = 5836300                                {pd product} {ergonomic}
    uintx NonProfiledCodeHeapSize                  = 122910970                              {pd product} {ergonomic}
    uintx ProfiledCodeHeapSize                     = 122910970                              {pd product} {ergonomic}
    uintx ReservedCodeCacheSize                    = 251658240                              {pd product} {ergonomic}
     bool SegmentedCodeCache                       = true                                      {product} {ergonomic}
     bool UseCompressedClassPointers               = true                                 {lp64_product} {ergonomic}
     bool UseCompressedOops                        = true                                 {lp64_product} {ergonomic}
     bool UseG1GC                                  = true                                      {product} {ergonomic}
     bool UseLargePagesIndividualAllocation        = false                                  {pd product} {ergonomic}

Logging:
Log output configuration:
 #0: stdout all=warning uptime,level,tags
 #1: stderr all=off uptime,level,tags

Environment Variables:
PATH=C:\Program Files\Common Files\Oracle\Java\javapath;C:\WINDOWS\system32;C:\WINDOWS;C:\WINDOWS\System32\Wbem;C:\WINDOWS\System32\WindowsPowerShell\v1.0\;C:\WINDOWS\System32\OpenSSH\;C:\Program Files\nodejs\;C:\Program Files\Git\cmd;C:\Program Files\dotnet\;C:\Users\Arthur\AppData\Local\Microsoft\WindowsApps;;C:\Users\Arthur\AppData\Local\Programs\Microsoft VS Code\bin;C:\Users\Arthur\AppData\Roaming\npm;C:\Users\Arthur\.dotnet\tools
USERNAME=Arthur
OS=Windows_NT
PROCESSOR_IDENTIFIER=Intel64 Family 6 Model 142 Stepping 12, GenuineIntel



---------------  S Y S T E M  ---------------

OS: Windows 10 , 64 bit Build 19041 (10.0.19041.1503)
OS uptime: 0 days 0:20 hours

CPU:total 8 (initial active 8) (4 cores per cpu, 2 threads per core) family 6 model 142 stepping 12 microcode 0xde, cmov, cx8, fxsr, mmx, sse, sse2, sse3, ssse3, sse4.1, sse4.2, popcnt, avx, avx2, aes, clmul, erms, 3dnowpref, lzcnt, ht, tsc, tscinvbit, bmi1, bmi2, adx, fma

Memory: 4k page, system-wide physical 7976M (405M free)
TotalPageFile size 10024M (AvailPageFile size 5M)
current process WorkingSet (physical memory assigned to process): 340M, peak: 343M
current process commit charge ("private bytes"): 405M, peak: 407M

vm_info: OpenJDK 64-Bit Server VM (11.0.10+0-b96-7249189) for windows-amd64 JRE (11.0.10+0-b96-7249189), built on Mar 31 2021 21:44:00 by "builder" with MS VC++ 14.0 (VS2015)

END.
