#
# There is insufficient memory for the Java Runtime Environment to continue.
# Native memory allocation (mmap) failed to map 139460608 bytes for Failed to commit area from 0x0000000090b00000 to 0x0000000099000000 of length 139460608.
# Possible reasons:
#   The system is out of physical RAM or swap space
#   The process is running with CompressedOops enabled, and the Java Heap may be blocking the growth of the native heap
# Possible solutions:
#   Reduce memory load on the system
#   Increase physical memory or swap space
#   Check if swap backing store is full
#   Decrease Java heap size (-Xmx/-Xms)
#   Decrease number of Java threads
#   Decrease Java thread stack sizes (-Xss)
#   Set larger code cache with -XX:ReservedCodeCacheSize=
#   JVM is running with Unscaled Compressed Oops mode in which the Java heap is
#     placed in the first 4GB address space. The Java Heap base address is the
#     maximum limit for the native heap growth. Please use -XX:HeapBaseMinAddress
#     to set the Java Heap base and to place the Java Heap above 4GB virtual address.
# This output file may be truncated or incomplete.
#
#  Out of Memory Error (./src/hotspot/os/windows/os_windows.cpp:3301), pid=9864, tid=9276
#
# JRE version: OpenJDK Runtime Environment (11.0.10) (build 11.0.10+0-b96-7249189)
# Java VM: OpenJDK 64-Bit Server VM (11.0.10+0-b96-7249189, mixed mode, tiered, compressed oops, g1 gc, windows-amd64)
# No core dump will be written. Minidumps are not enabled by default on client versions of Windows
#

---------------  S U M M A R Y ------------

Command Line: --add-opens=java.base/java.util=ALL-UNNAMED --add-opens=java.base/java.lang=ALL-UNNAMED --add-opens=java.base/java.lang.invoke=ALL-UNNAMED --add-opens=java.base/java.util=ALL-UNNAMED --add-opens=java.prefs/java.util.prefs=ALL-UNNAMED --add-opens=java.prefs/java.util.prefs=ALL-UNNAMED --add-opens=java.base/java.nio.charset=ALL-UNNAMED --add-opens=java.base/java.net=ALL-UNNAMED --add-opens=java.base/java.util.concurrent.atomic=ALL-UNNAMED -Xmx2048m -Dfile.encoding=UTF-8 -Duser.country=US -Duser.language=en -Duser.variant org.gradle.launcher.daemon.bootstrap.GradleDaemon 7.0.2

Host: Intel(R) Core(TM) i5-10210U CPU @ 1.60GHz, 8 cores, 7G,  Windows 10 , 64 bit Build 19041 (10.0.19041.1503)
Time: Sat Feb 12 13:27:08 2022 Russia TZ 2 Standard Time elapsed time: 2172.310822 seconds (0d 0h 36m 12s)

---------------  T H R E A D  ---------------

Current thread (0x0000021a9a083800):  VMThread "VM Thread" [stack: 0x000000d1eb900000,0x000000d1eba00000] [id=9276]

Stack: [0x000000d1eb900000,0x000000d1eba00000]
[error occurred during error reporting (printing stack bounds), id 0xc0000005, EXCEPTION_ACCESS_VIOLATION (0xc0000005) at pc=0x0000021a83a10f2d]

Native frames: (J=compiled Java code, j=interpreted, Vv=VM code, C=native code)
V  [jvm.dll+0x5ecfaa]
V  [jvm.dll+0x722bd5]
V  [jvm.dll+0x72412d]
V  [jvm.dll+0x724745]
V  [jvm.dll+0x7246fb]
V  [jvm.dll+0x5ec348]
V  [jvm.dll+0x5ecad8]
C  [ntdll.dll+0xa20cf]
C  [ntdll.dll+0x51454]
C  [ntdll.dll+0xa0bfe]
C  0x0000021a83a10f2d

VM_Operation (0x000000d1ef0fa8b0): G1CollectForAllocation, mode: safepoint, requested by thread 0x0000021a9e6e9800


---------------  P R O C E S S  ---------------

Threads class SMR info:
_java_thread_list=0x0000021aa370a050, length=69, elements={
0x0000021aff37a000, 0x0000021a9a8a1800, 0x0000021a9a8ab000, 0x0000021a9a09a000,
0x0000021a9a09b000, 0x0000021a9a09c000, 0x0000021a9a8f2800, 0x0000021a9a8f3800,
0x0000021a9a8fe800, 0x0000021a9aa9e800, 0x0000021a9c925800, 0x0000021a9b347000,
0x0000021a9ce40800, 0x0000021a9cca7000, 0x0000021a9cca7800, 0x0000021a9cca5800,
0x0000021a9e6e1800, 0x0000021a9e6df000, 0x0000021a9e6e3000, 0x0000021a9e6e2000,
0x0000021a9e6df800, 0x0000021a9e6dd000, 0x0000021a9e6e3800, 0x0000021a9e6de000,
0x0000021a9e6e5800, 0x0000021a9e6eb000, 0x0000021a9e6e8000, 0x0000021a9e6e7000,
0x0000021a9dd58000, 0x0000021a9dd54800, 0x0000021a9dd53000, 0x0000021a9dd54000,
0x0000021a9dd51800, 0x0000021a9dd50800, 0x0000021a9dd55800, 0x0000021a9dd52000,
0x0000021a9dd56000, 0x0000021a9dd57000, 0x0000021a9dd5e800, 0x0000021a9dd5c800,
0x0000021a9dd5d800, 0x0000021a9dd58800, 0x0000021aa2295800, 0x0000021a9dd5f000,
0x0000021a9dd5b000, 0x0000021a9dd59800, 0x0000021a9dd5a800, 0x0000021a9dd5c000,
0x0000021a9e6e6000, 0x0000021a9e6e0800, 0x0000021a9e6e9800, 0x0000021a9e6ea800,
0x0000021a9cca6000, 0x0000021a9e561800, 0x0000021a9e55f000, 0x0000021a9e560800,
0x0000021a9e564800, 0x0000021a9e565800, 0x0000021a9e562800, 0x0000021a9e560000,
0x0000021a9e563000, 0x0000021aa1e30000, 0x0000021a9e564000, 0x0000021aa5d9f800,
0x0000021aa5da6000, 0x0000021aa5da0000, 0x0000021aa5da2000, 0x0000021aa5da2800,
0x0000021aa5da5000
}

Java Threads: ( => current thread )
  0x0000021aff37a000 JavaThread "main" [_thread_blocked, id=12704, stack(0x000000d1eb300000,0x000000d1eb400000)]
  0x0000021a9a8a1800 JavaThread "Reference Handler" daemon [_thread_blocked, id=7284, stack(0x000000d1eba00000,0x000000d1ebb00000)]
  0x0000021a9a8ab000 JavaThread "Finalizer" daemon [_thread_blocked, id=9824, stack(0x000000d1ebb00000,0x000000d1ebc00000)]
  0x0000021a9a09a000 JavaThread "Signal Dispatcher" daemon [_thread_blocked, id=8704, stack(0x000000d1ebc00000,0x000000d1ebd00000)]
  0x0000021a9a09b000 JavaThread "Attach Listener" daemon [_thread_blocked, id=13288, stack(0x000000d1ebd00000,0x000000d1ebe00000)]
  0x0000021a9a09c000 JavaThread "Service Thread" daemon [_thread_blocked, id=2400, stack(0x000000d1ebe00000,0x000000d1ebf00000)]
  0x0000021a9a8f2800 JavaThread "C2 CompilerThread0" daemon [_thread_blocked, id=5312, stack(0x000000d1ebf00000,0x000000d1ec000000)]
  0x0000021a9a8f3800 JavaThread "C1 CompilerThread0" daemon [_thread_blocked, id=9288, stack(0x000000d1ec000000,0x000000d1ec100000)]
  0x0000021a9a8fe800 JavaThread "Sweeper thread" daemon [_thread_blocked, id=3760, stack(0x000000d1ec100000,0x000000d1ec200000)]
  0x0000021a9aa9e800 JavaThread "Common-Cleaner" daemon [_thread_blocked, id=11764, stack(0x000000d1ec200000,0x000000d1ec300000)]
  0x0000021a9c925800 JavaThread "Daemon health stats" [_thread_blocked, id=5408, stack(0x000000d1ec800000,0x000000d1ec900000)]
  0x0000021a9b347000 JavaThread "Incoming local TCP Connector on port 63448" [_thread_in_native, id=4872, stack(0x000000d1ec400000,0x000000d1ec500000)]
  0x0000021a9ce40800 JavaThread "Daemon periodic checks" [_thread_blocked, id=11768, stack(0x000000d1ec500000,0x000000d1ec600000)]
  0x0000021a9cca7000 JavaThread "Cache worker for file hash cache (C:\Users\Arthur\.gradle\caches\7.0.2\fileHashes)" [_thread_blocked, id=9472, stack(0x000000d1ed500000,0x000000d1ed600000)]
  0x0000021a9cca7800 JavaThread "File lock request listener" [_thread_in_native, id=12236, stack(0x000000d1ed600000,0x000000d1ed700000)]
  0x0000021a9cca5800 JavaThread "Cache worker for journal cache (C:\Users\Arthur\.gradle\caches\journal-1)" [_thread_blocked, id=3404, stack(0x000000d1ed800000,0x000000d1ed900000)]
  0x0000021a9e6e1800 JavaThread "File watcher server" daemon [_thread_blocked, id=8748, stack(0x000000d1edc00000,0x000000d1edd00000)]
  0x0000021a9e6df000 JavaThread "File watcher consumer" daemon [_thread_blocked, id=11628, stack(0x000000d1edd00000,0x000000d1ede00000)]
  0x0000021a9e6e3000 JavaThread "jar transforms" [_thread_blocked, id=10272, stack(0x000000d1ede00000,0x000000d1edf00000)]
  0x0000021a9e6e2000 JavaThread "jar transforms Thread 2" [_thread_blocked, id=12996, stack(0x000000d1edf00000,0x000000d1ee000000)]
  0x0000021a9e6df800 JavaThread "jar transforms Thread 3" [_thread_blocked, id=1380, stack(0x000000d1ee000000,0x000000d1ee100000)]
  0x0000021a9e6dd000 JavaThread "jar transforms Thread 4" [_thread_blocked, id=7940, stack(0x000000d1ee100000,0x000000d1ee200000)]
  0x0000021a9e6e3800 JavaThread "jar transforms Thread 5" [_thread_blocked, id=7664, stack(0x000000d1ee200000,0x000000d1ee300000)]
  0x0000021a9e6de000 JavaThread "jar transforms Thread 6" [_thread_blocked, id=7596, stack(0x000000d1ee300000,0x000000d1ee400000)]
  0x0000021a9e6e5800 JavaThread "Cache worker for execution history cache (C:\Users\Arthur\.gradle\caches\7.0.2\executionHistory)" [_thread_blocked, id=6548, stack(0x000000d1ee700000,0x000000d1ee800000)]
  0x0000021a9e6eb000 JavaThread "jar transforms Thread 7" [_thread_blocked, id=9104, stack(0x000000d1ee800000,0x000000d1ee900000)]
  0x0000021a9e6e8000 JavaThread "jar transforms Thread 8" [_thread_blocked, id=8612, stack(0x000000d1ee900000,0x000000d1eea00000)]
  0x0000021a9e6e7000 JavaThread "Cache worker for file content cache (C:\Users\Arthur\.gradle\caches\7.0.2\fileContent)" [_thread_blocked, id=13192, stack(0x000000d1eea00000,0x000000d1eeb00000)]
  0x0000021a9dd58000 JavaThread "Memory manager" [_thread_blocked, id=10508, stack(0x000000d1ef500000,0x000000d1ef600000)]
  0x0000021a9dd54800 JavaThread "Daemon Thread 2" [_thread_blocked, id=4536, stack(0x000000d1eb000000,0x000000d1eb100000)]
  0x0000021a9dd53000 JavaThread "Handler for socket connection from /127.0.0.1:63448 to /127.0.0.1:63579" [_thread_in_native, id=2156, stack(0x000000d1eb100000,0x000000d1eb200000)]
  0x0000021a9dd54000 JavaThread "Cancel handler" [_thread_blocked, id=4524, stack(0x000000d1eb200000,0x000000d1eb300000)]
  0x0000021a9dd51800 JavaThread "Daemon worker Thread 2" [_thread_blocked, id=3432, stack(0x000000d1ec900000,0x000000d1eca00000)]
  0x0000021a9dd50800 JavaThread "Asynchronous log dispatcher for DefaultDaemonConnection: socket connection from /127.0.0.1:63448 to /127.0.0.1:63579" [_thread_blocked, id=12752, stack(0x000000d1eca00000,0x000000d1ecb00000)]
  0x0000021a9dd55800 JavaThread "Stdin handler" [_thread_blocked, id=10880, stack(0x000000d1ecb00000,0x000000d1ecc00000)]
  0x0000021a9dd52000 JavaThread "Daemon client event forwarder" [_thread_blocked, id=11876, stack(0x000000d1ecc00000,0x000000d1ecd00000)]
  0x0000021a9dd56000 JavaThread "Cache worker for file hash cache (C:\Users\Arthur\Documents\Programming\cross\DailyPlanner\.gradle\7.0.2\fileHashes)" [_thread_blocked, id=13168, stack(0x000000d1ecd00000,0x000000d1ece00000)]
  0x0000021a9dd57000 JavaThread "Cache worker for checksums cache (C:\Users\Arthur\Documents\Programming\cross\DailyPlanner\.gradle\checksums)" [_thread_blocked, id=10388, stack(0x000000d1ece00000,0x000000d1ecf00000)]
  0x0000021a9dd5e800 JavaThread "Cache worker for cache directory md-supplier (C:\Users\Arthur\.gradle\caches\7.0.2\md-supplier)" [_thread_blocked, id=5380, stack(0x000000d1ecf00000,0x000000d1ed000000)]
  0x0000021a9dd5c800 JavaThread "Cache worker for cache directory md-rule (C:\Users\Arthur\.gradle\caches\7.0.2\md-rule)" [_thread_blocked, id=2724, stack(0x000000d1ed900000,0x000000d1eda00000)]
  0x0000021a9dd5d800 JavaThread "Cache worker for dependencies-accessors (C:\Users\Arthur\Documents\Programming\cross\DailyPlanner\.gradle\7.0.2\dependencies-accessors)" [_thread_blocked, id=11776, stack(0x000000d1eda00000,0x000000d1edb00000)]
  0x0000021a9dd58800 JavaThread "Cache worker for Build Output Cleanup Cache (C:\Users\Arthur\Documents\Programming\cross\DailyPlanner\.gradle\buildOutputCleanup)" [_thread_blocked, id=2556, stack(0x000000d1edb00000,0x000000d1edc00000)]
  0x0000021aa2295800 JavaThread "C2 CompilerThread1" daemon [_thread_blocked, id=520, stack(0x000000d1ee400000,0x000000d1ee500000)]
  0x0000021a9dd5f000 JavaThread "Build operations" [_thread_blocked, id=2744, stack(0x000000d1ee500000,0x000000d1ee600000)]
  0x0000021a9dd5b000 JavaThread "Build operations Thread 2" [_thread_blocked, id=10556, stack(0x000000d1ee600000,0x000000d1ee700000)]
  0x0000021a9dd59800 JavaThread "Build operations Thread 3" [_thread_blocked, id=6964, stack(0x000000d1eeb00000,0x000000d1eec00000)]
  0x0000021a9dd5a800 JavaThread "Build operations Thread 4" [_thread_blocked, id=7132, stack(0x000000d1eec00000,0x000000d1eed00000)]
  0x0000021a9dd5c000 JavaThread "Build operations Thread 5" [_thread_blocked, id=6036, stack(0x000000d1eed00000,0x000000d1eee00000)]
  0x0000021a9e6e6000 JavaThread "Build operations Thread 6" [_thread_blocked, id=9988, stack(0x000000d1eee00000,0x000000d1eef00000)]
  0x0000021a9e6e0800 JavaThread "Build operations Thread 7" [_thread_blocked, id=5872, stack(0x000000d1eef00000,0x000000d1ef000000)]
  0x0000021a9e6e9800 JavaThread "Build operations Thread 8" [_thread_blocked, id=8272, stack(0x000000d1ef000000,0x000000d1ef100000)]
  0x0000021a9e6ea800 JavaThread "build event listener" [_thread_blocked, id=1588, stack(0x000000d1ef200000,0x000000d1ef300000)]
  0x0000021a9cca6000 JavaThread "Execution worker for ':'" [_thread_blocked, id=2876, stack(0x000000d1ef300000,0x000000d1ef400000)]
  0x0000021a9e561800 JavaThread "Execution worker for ':' Thread 2" [_thread_blocked, id=9948, stack(0x000000d1ef400000,0x000000d1ef500000)]
  0x0000021a9e55f000 JavaThread "Execution worker for ':' Thread 3" [_thread_blocked, id=2824, stack(0x000000d1ef600000,0x000000d1ef700000)]
  0x0000021a9e560800 JavaThread "Execution worker for ':' Thread 4" [_thread_blocked, id=3772, stack(0x000000d1ef700000,0x000000d1ef800000)]
  0x0000021a9e564800 JavaThread "Execution worker for ':' Thread 5" [_thread_blocked, id=10620, stack(0x000000d1ef800000,0x000000d1ef900000)]
  0x0000021a9e565800 JavaThread "Execution worker for ':' Thread 6" [_thread_blocked, id=11816, stack(0x000000d1ef900000,0x000000d1efa00000)]
  0x0000021a9e562800 JavaThread "Execution worker for ':' Thread 7" [_thread_blocked, id=10688, stack(0x000000d1efa00000,0x000000d1efb00000)]
  0x0000021a9e560000 JavaThread "Cache worker for execution history cache (C:\Users\Arthur\Documents\Programming\cross\DailyPlanner\.gradle\7.0.2\executionHistory)" [_thread_blocked, id=3700, stack(0x000000d1efb00000,0x000000d1efc00000)]
  0x0000021a9e563000 JavaThread "WorkerExecutor Queue" [_thread_blocked, id=12120, stack(0x000000d1efc00000,0x000000d1efd00000)]
  0x0000021aa1e30000 JavaThread "C2 CompilerThread2" daemon [_thread_in_native, id=912, stack(0x000000d1ef100000,0x000000d1ef200000)]
  0x0000021a9e564000 JavaThread "WorkerExecutor Queue Thread 2" [_thread_blocked, id=5832, stack(0x000000d1efe00000,0x000000d1eff00000)]
  0x0000021aa5d9f800 JavaThread "WorkerExecutor Queue Thread 3" [_thread_blocked, id=11280, stack(0x000000d1eff00000,0x000000d1f0000000)]
  0x0000021aa5da6000 JavaThread "WorkerExecutor Queue Thread 4" [_thread_blocked, id=4604, stack(0x000000d1f0000000,0x000000d1f0100000)]
  0x0000021aa5da0000 JavaThread "WorkerExecutor Queue Thread 5" [_thread_blocked, id=11920, stack(0x000000d1f0100000,0x000000d1f0200000)]
  0x0000021aa5da2000 JavaThread "WorkerExecutor Queue Thread 6" [_thread_blocked, id=8924, stack(0x000000d1f0200000,0x000000d1f0300000)]
  0x0000021aa5da2800 JavaThread "WorkerExecutor Queue Thread 7" [_thread_blocked, id=1584, stack(0x000000d1f0300000,0x000000d1f0400000)]
  0x0000021aa5da5000 JavaThread "WorkerExecutor Queue Thread 8" [_thread_blocked, id=1720, stack(0x000000d1f0400000,0x000000d1f0500000)]

Other Threads:
=>0x0000021a9a083800 VMThread "VM Thread" [stack: 0x000000d1eb900000,0x000000d1eba00000] [id=9276]
  0x0000021a9aaaa800 WatcherThread [stack: 0x000000d1ec300000,0x000000d1ec400000] [id=7100]
  0x0000021aff392000 GCTaskThread "GC Thread#0" [stack: 0x000000d1eb400000,0x000000d1eb500000] [id=8572]
  0x0000021a9b584000 GCTaskThread "GC Thread#1" [stack: 0x000000d1ec600000,0x000000d1ec700000] [id=8532]
  0x0000021a9bf5b800 GCTaskThread "GC Thread#2" [stack: 0x000000d1ec700000,0x000000d1ec800000] [id=8656]
  0x0000021a9ca4d000 GCTaskThread "GC Thread#3" [stack: 0x000000d1ed000000,0x000000d1ed100000] [id=11088]
  0x0000021a9b72b800 GCTaskThread "GC Thread#4" [stack: 0x000000d1ed100000,0x000000d1ed200000] [id=7324]
  0x0000021a9b0f9800 GCTaskThread "GC Thread#5" [stack: 0x000000d1ed200000,0x000000d1ed300000] [id=9792]
  0x0000021a9cc5b000 GCTaskThread "GC Thread#6" [stack: 0x000000d1ed300000,0x000000d1ed400000] [id=11840]
  0x0000021a9d180800 GCTaskThread "GC Thread#7" [stack: 0x000000d1ed400000,0x000000d1ed500000] [id=13292]
  0x0000021aff3c3000 ConcurrentGCThread "G1 Main Marker" [stack: 0x000000d1eb500000,0x000000d1eb600000] [id=2720]
  0x0000021aff3c5000 ConcurrentGCThread "G1 Conc#0" [stack: 0x000000d1eb600000,0x000000d1eb700000] [id=13096]
  0x0000021a9c15d800 ConcurrentGCThread "G1 Conc#1" [stack: 0x000000d1ed700000,0x000000d1ed800000] [id=9008]
  0x0000021a99ece800 ConcurrentGCThread "G1 Refine#0" [stack: 0x000000d1eb700000,0x000000d1eb800000] [id=12944]
  0x0000021aa2906000 ConcurrentGCThread "G1 Refine#1" [stack: 0x000000d1efd00000,0x000000d1efe00000] [id=11020]
  0x0000021a99ecf800 ConcurrentGCThread "G1 Young RemSet Sampling" [stack: 0x000000d1eb800000,0x000000d1eb900000] [id=6092]

Threads with active compile tasks:
C2 CompilerThread02172320 20837       4       com.android.tools.r8.internal.Lv::a (455 bytes)
C1 CompilerThread02172320 20974       2       com.android.tools.r8.ir.regalloc.a::a (35 bytes)
C2 CompilerThread12172320 20760       4       com.android.tools.r8.graph.A0::c (177 bytes)
C2 CompilerThread22172320 20579 %     4       com.android.tools.r8.internal.T6::a @ 2246 (6044 bytes)

VM state:at safepoint (normal execution)

VM Mutex/Monitor currently owned by a thread:  ([mutex/lock_event])
[0x0000021aff3747d0] Threads_lock - owner thread: 0x0000021a9a083800
[0x0000021aff375430] Heap_lock - owner thread: 0x0000021a9e6e9800

Heap address: 0x0000000080000000, size: 2048 MB, Compressed Oops mode: 32-bit
Narrow klass base: 0x0000000000000000, Narrow klass shift: 3
Compressed class space size: 1073741824 Address: 0x0000000100000000

Heap:
 garbage-first heap   total 409600K, used 178704K [0x0000000080000000, 0x0000000100000000)
  region size 1024K, 4 young (4096K), 4 survivors (4096K)
 Metaspace       used 122275K, capacity 125662K, committed 125824K, reserved 1159168K
  class space    used 15426K, capacity 16733K, committed 16768K, reserved 1048576K
Heap Regions: E=young(eden), S=young(survivor), O=old, HS=humongous(starts), HC=humongous(continues), CS=collection set, F=free, A=archive, TAMS=top-at-mark-start (previous, next)
|   0|0x0000000080000000, 0x0000000080100000, 0x0000000080100000|100%| O|  |TAMS 0x0000000080100000, 0x0000000080000000| Untracked 
|   1|0x0000000080100000, 0x0000000080200000, 0x0000000080200000|100%| O|  |TAMS 0x0000000080200000, 0x0000000080100000| Untracked 
|   2|0x0000000080200000, 0x0000000080300000, 0x0000000080300000|100%| O|  |TAMS 0x0000000080300000, 0x0000000080200000| Untracked 
|   3|0x0000000080300000, 0x0000000080400000, 0x0000000080400000|100%|HS|  |TAMS 0x0000000080400000, 0x0000000080300000| Complete 
|   4|0x0000000080400000, 0x0000000080500000, 0x0000000080500000|100%|HC|  |TAMS 0x0000000080500000, 0x0000000080400000| Complete 
|   5|0x0000000080500000, 0x0000000080600000, 0x0000000080600000|100%|HC|  |TAMS 0x0000000080600000, 0x0000000080500000| Complete 
|   6|0x0000000080600000, 0x0000000080700000, 0x0000000080700000|100%| O|  |TAMS 0x0000000080700000, 0x0000000080600000| Untracked 
|   7|0x0000000080700000, 0x0000000080800000, 0x0000000080800000|100%| O|  |TAMS 0x0000000080800000, 0x0000000080700000| Untracked 
|   8|0x0000000080800000, 0x0000000080900000, 0x0000000080900000|100%| O|  |TAMS 0x0000000080900000, 0x0000000080800000| Untracked 
|   9|0x0000000080900000, 0x0000000080a00000, 0x0000000080a00000|100%| O|  |TAMS 0x0000000080a00000, 0x0000000080900000| Untracked 
|  10|0x0000000080a00000, 0x0000000080b00000, 0x0000000080b00000|100%| O|  |TAMS 0x0000000080b00000, 0x0000000080a00000| Untracked 
|  11|0x0000000080b00000, 0x0000000080c00000, 0x0000000080c00000|100%| O|  |TAMS 0x0000000080c00000, 0x0000000080b00000| Untracked 
|  12|0x0000000080c00000, 0x0000000080d00000, 0x0000000080d00000|100%| O|  |TAMS 0x0000000080d00000, 0x0000000080c00000| Untracked 
|  13|0x0000000080d00000, 0x0000000080e00000, 0x0000000080e00000|100%| O|  |TAMS 0x0000000080e00000, 0x0000000080d00000| Untracked 
|  14|0x0000000080e00000, 0x0000000080f00000, 0x0000000080f00000|100%| O|  |TAMS 0x0000000080f00000, 0x0000000080e00000| Untracked 
|  15|0x0000000080f00000, 0x0000000081000000, 0x0000000081000000|100%| O|  |TAMS 0x0000000081000000, 0x0000000080f00000| Untracked 
|  16|0x0000000081000000, 0x0000000081100000, 0x0000000081100000|100%| O|  |TAMS 0x0000000081000000, 0x0000000081000000| Untracked 
|  17|0x0000000081100000, 0x0000000081200000, 0x0000000081200000|100%| O|  |TAMS 0x0000000081100000, 0x0000000081100000| Untracked 
|  18|0x0000000081200000, 0x0000000081300000, 0x0000000081300000|100%| O|  |TAMS 0x0000000081200000, 0x0000000081200000| Untracked 
|  19|0x0000000081300000, 0x0000000081400000, 0x0000000081400000|100%| O|  |TAMS 0x0000000081300000, 0x0000000081300000| Untracked 
|  20|0x0000000081400000, 0x0000000081500000, 0x0000000081500000|100%| O|  |TAMS 0x0000000081400000, 0x0000000081400000| Untracked 
|  21|0x0000000081500000, 0x0000000081600000, 0x0000000081600000|100%| O|  |TAMS 0x0000000081600000, 0x0000000081500000| Untracked 
|  22|0x0000000081600000, 0x0000000081700000, 0x0000000081700000|100%| O|  |TAMS 0x0000000081700000, 0x0000000081600000| Untracked 
|  23|0x0000000081700000, 0x0000000081800000, 0x0000000081800000|100%| O|  |TAMS 0x0000000081800000, 0x0000000081700000| Untracked 
|  24|0x0000000081800000, 0x0000000081900000, 0x0000000081900000|100%|HS|  |TAMS 0x0000000081900000, 0x0000000081800000| Complete 
|  25|0x0000000081900000, 0x0000000081a00000, 0x0000000081a00000|100%| O|  |TAMS 0x0000000081a00000, 0x0000000081900000| Untracked 
|  26|0x0000000081a00000, 0x0000000081b00000, 0x0000000081b00000|100%| O|  |TAMS 0x0000000081b00000, 0x0000000081a00000| Untracked 
|  27|0x0000000081b00000, 0x0000000081c00000, 0x0000000081c00000|100%| O|  |TAMS 0x0000000081c00000, 0x0000000081b00000| Untracked 
|  28|0x0000000081c00000, 0x0000000081d00000, 0x0000000081d00000|100%| O|  |TAMS 0x0000000081d00000, 0x0000000081c00000| Untracked 
|  29|0x0000000081d00000, 0x0000000081e00000, 0x0000000081e00000|100%| O|  |TAMS 0x0000000081e00000, 0x0000000081d00000| Untracked 
|  30|0x0000000081e00000, 0x0000000081f00000, 0x0000000081f00000|100%| O|  |TAMS 0x0000000081f00000, 0x0000000081e00000| Untracked 
|  31|0x0000000081f00000, 0x0000000082000000, 0x0000000082000000|100%| O|  |TAMS 0x0000000082000000, 0x0000000081f00000| Untracked 
|  32|0x0000000082000000, 0x0000000082100000, 0x0000000082100000|100%|HS|  |TAMS 0x0000000082100000, 0x0000000082000000| Complete 
|  33|0x0000000082100000, 0x0000000082200000, 0x0000000082200000|100%|HS|  |TAMS 0x0000000082200000, 0x0000000082100000| Complete 
|  34|0x0000000082200000, 0x0000000082300000, 0x0000000082300000|100%|HS|  |TAMS 0x0000000082300000, 0x0000000082200000| Complete 
|  35|0x0000000082300000, 0x0000000082400000, 0x0000000082400000|100%|HC|  |TAMS 0x0000000082400000, 0x0000000082300000| Complete 
|  36|0x0000000082400000, 0x0000000082500000, 0x0000000082500000|100%|HC|  |TAMS 0x0000000082500000, 0x0000000082400000| Complete 
|  37|0x0000000082500000, 0x0000000082600000, 0x0000000082600000|100%|HS|  |TAMS 0x0000000082600000, 0x0000000082500000| Complete 
|  38|0x0000000082600000, 0x0000000082700000, 0x0000000082700000|100%|HC|  |TAMS 0x0000000082700000, 0x0000000082600000| Complete 
|  39|0x0000000082700000, 0x0000000082800000, 0x0000000082800000|100%| O|  |TAMS 0x0000000082800000, 0x0000000082700000| Untracked 
|  40|0x0000000082800000, 0x0000000082900000, 0x0000000082900000|100%| O|  |TAMS 0x0000000082900000, 0x0000000082800000| Untracked 
|  41|0x0000000082900000, 0x0000000082a00000, 0x0000000082a00000|100%| O|  |TAMS 0x0000000082a00000, 0x0000000082900000| Untracked 
|  42|0x0000000082a00000, 0x0000000082b00000, 0x0000000082b00000|100%| O|  |TAMS 0x0000000082a00000, 0x0000000082a00000| Untracked 
|  43|0x0000000082b00000, 0x0000000082c00000, 0x0000000082c00000|100%| O|  |TAMS 0x0000000082b00000, 0x0000000082b00000| Untracked 
|  44|0x0000000082c00000, 0x0000000082d00000, 0x0000000082d00000|100%| O|  |TAMS 0x0000000082c00000, 0x0000000082c00000| Untracked 
|  45|0x0000000082d00000, 0x0000000082e00000, 0x0000000082e00000|100%| O|  |TAMS 0x0000000082e00000, 0x0000000082d00000| Untracked 
|  46|0x0000000082e00000, 0x0000000082f00000, 0x0000000082f00000|100%| O|  |TAMS 0x0000000082f00000, 0x0000000082e00000| Untracked 
|  47|0x0000000082f00000, 0x0000000083000000, 0x0000000083000000|100%| O|  |TAMS 0x0000000083000000, 0x0000000082f00000| Untracked 
|  48|0x0000000083000000, 0x0000000083100000, 0x0000000083100000|100%| O|  |TAMS 0x0000000083100000, 0x0000000083000000| Untracked 
|  49|0x0000000083100000, 0x0000000083200000, 0x0000000083200000|100%| O|  |TAMS 0x0000000083200000, 0x0000000083100000| Untracked 
|  50|0x0000000083200000, 0x0000000083300000, 0x0000000083300000|100%| O|  |TAMS 0x0000000083300000, 0x0000000083200000| Untracked 
|  51|0x0000000083300000, 0x0000000083400000, 0x0000000083400000|100%| O|  |TAMS 0x0000000083400000, 0x0000000083300000| Untracked 
|  52|0x0000000083400000, 0x0000000083500000, 0x0000000083500000|100%| O|  |TAMS 0x0000000083500000, 0x0000000083400000| Untracked 
|  53|0x0000000083500000, 0x0000000083600000, 0x0000000083600000|100%| O|  |TAMS 0x0000000083500000, 0x0000000083500000| Untracked 
|  54|0x0000000083600000, 0x0000000083700000, 0x0000000083700000|100%| O|  |TAMS 0x0000000083700000, 0x0000000083600000| Untracked 
|  55|0x0000000083700000, 0x0000000083800000, 0x0000000083800000|100%| O|  |TAMS 0x0000000083800000, 0x0000000083700000| Untracked 
|  56|0x0000000083800000, 0x0000000083900000, 0x0000000083900000|100%| O|  |TAMS 0x0000000083900000, 0x0000000083800000| Untracked 
|  57|0x0000000083900000, 0x0000000083a00000, 0x0000000083a00000|100%| O|  |TAMS 0x0000000083a00000, 0x0000000083900000| Untracked 
|  58|0x0000000083a00000, 0x0000000083b00000, 0x0000000083b00000|100%| O|  |TAMS 0x0000000083b00000, 0x0000000083a00000| Untracked 
|  59|0x0000000083b00000, 0x0000000083c00000, 0x0000000083c00000|100%| O|  |TAMS 0x0000000083b00000, 0x0000000083b00000| Untracked 
|  60|0x0000000083c00000, 0x0000000083d00000, 0x0000000083d00000|100%| O|  |TAMS 0x0000000083c00000, 0x0000000083c00000| Untracked 
|  61|0x0000000083d00000, 0x0000000083e00000, 0x0000000083e00000|100%| O|  |TAMS 0x0000000083e00000, 0x0000000083d00000| Untracked 
|  62|0x0000000083e00000, 0x0000000083f00000, 0x0000000083f00000|100%| O|  |TAMS 0x0000000083f00000, 0x0000000083e00000| Untracked 
|  63|0x0000000083f00000, 0x0000000084000000, 0x0000000084000000|100%| O|  |TAMS 0x0000000084000000, 0x0000000083f00000| Untracked 
|  64|0x0000000084000000, 0x0000000084100000, 0x0000000084100000|100%| O|  |TAMS 0x0000000084000000, 0x0000000084000000| Untracked 
|  65|0x0000000084100000, 0x0000000084200000, 0x0000000084200000|100%| O|  |TAMS 0x00000000841a2c00, 0x0000000084100000| Untracked 
|  66|0x0000000084200000, 0x0000000084300000, 0x0000000084300000|100%| O|  |TAMS 0x0000000084300000, 0x0000000084200000| Untracked 
|  67|0x0000000084300000, 0x0000000084400000, 0x0000000084400000|100%| O|  |TAMS 0x0000000084400000, 0x0000000084300000| Untracked 
|  68|0x0000000084400000, 0x0000000084500000, 0x0000000084500000|100%| O|  |TAMS 0x0000000084500000, 0x0000000084400000| Untracked 
|  69|0x0000000084500000, 0x0000000084600000, 0x0000000084600000|100%| O|  |TAMS 0x0000000084600000, 0x0000000084500000| Untracked 
|  70|0x0000000084600000, 0x0000000084700000, 0x0000000084700000|100%| O|  |TAMS 0x0000000084700000, 0x0000000084600000| Untracked 
|  71|0x0000000084700000, 0x0000000084800000, 0x0000000084800000|100%| O|  |TAMS 0x0000000084700000, 0x0000000084700000| Untracked 
|  72|0x0000000084800000, 0x0000000084900000, 0x0000000084900000|100%| O|  |TAMS 0x0000000084800000, 0x0000000084800000| Untracked 
|  73|0x0000000084900000, 0x0000000084a00000, 0x0000000084a00000|100%| O|  |TAMS 0x0000000084a00000, 0x0000000084900000| Untracked 
|  74|0x0000000084a00000, 0x0000000084b00000, 0x0000000084b00000|100%| O|  |TAMS 0x0000000084b00000, 0x0000000084a00000| Untracked 
|  75|0x0000000084b00000, 0x0000000084c00000, 0x0000000084c00000|100%| O|  |TAMS 0x0000000084c00000, 0x0000000084b00000| Untracked 
|  76|0x0000000084c00000, 0x0000000084d00000, 0x0000000084d00000|100%| O|  |TAMS 0x0000000084d00000, 0x0000000084c00000| Untracked 
|  77|0x0000000084d00000, 0x0000000084e00000, 0x0000000084e00000|100%| O|  |TAMS 0x0000000084e00000, 0x0000000084d00000| Untracked 
|  78|0x0000000084e00000, 0x0000000084f00000, 0x0000000084f00000|100%| O|  |TAMS 0x0000000084f00000, 0x0000000084e00000| Untracked 
|  79|0x0000000084f00000, 0x0000000085000000, 0x0000000085000000|100%| O|  |TAMS 0x0000000085000000, 0x0000000084f00000| Untracked 
|  80|0x0000000085000000, 0x0000000085100000, 0x0000000085100000|100%| O|  |TAMS 0x0000000085100000, 0x0000000085000000| Untracked 
|  81|0x0000000085100000, 0x0000000085200000, 0x0000000085200000|100%| O|  |TAMS 0x0000000085200000, 0x0000000085100000| Untracked 
|  82|0x0000000085200000, 0x0000000085300000, 0x0000000085300000|100%| O|  |TAMS 0x0000000085300000, 0x0000000085200000| Untracked 
|  83|0x0000000085300000, 0x0000000085400000, 0x0000000085400000|100%| O|  |TAMS 0x0000000085400000, 0x0000000085300000| Untracked 
|  84|0x0000000085400000, 0x0000000085500000, 0x0000000085500000|100%| O|  |TAMS 0x0000000085500000, 0x0000000085400000| Untracked 
|  85|0x0000000085500000, 0x0000000085600000, 0x0000000085600000|100%| O|  |TAMS 0x0000000085500000, 0x0000000085500000| Untracked 
|  86|0x0000000085600000, 0x0000000085700000, 0x0000000085700000|100%| O|  |TAMS 0x0000000085700000, 0x0000000085600000| Untracked 
|  87|0x0000000085700000, 0x0000000085800000, 0x0000000085800000|100%| O|  |TAMS 0x0000000085800000, 0x0000000085700000| Untracked 
|  88|0x0000000085800000, 0x0000000085900000, 0x0000000085900000|100%| O|  |TAMS 0x0000000085800000, 0x0000000085800000| Untracked 
|  89|0x0000000085900000, 0x0000000085a00000, 0x0000000085a00000|100%| O|  |TAMS 0x0000000085900000, 0x0000000085900000| Untracked 
|  90|0x0000000085a00000, 0x0000000085b00000, 0x0000000085b00000|100%| O|  |TAMS 0x0000000085a00000, 0x0000000085a00000| Untracked 
|  91|0x0000000085b00000, 0x0000000085c00000, 0x0000000085c00000|100%| O|  |TAMS 0x0000000085b00000, 0x0000000085b00000| Untracked 
|  92|0x0000000085c00000, 0x0000000085d00000, 0x0000000085d00000|100%| O|  |TAMS 0x0000000085d00000, 0x0000000085c00000| Untracked 
|  93|0x0000000085d00000, 0x0000000085e00000, 0x0000000085e00000|100%| O|  |TAMS 0x0000000085e00000, 0x0000000085d00000| Untracked 
|  94|0x0000000085e00000, 0x0000000085f00000, 0x0000000085f00000|100%| O|  |TAMS 0x0000000085f00000, 0x0000000085e00000| Untracked 
|  95|0x0000000085f00000, 0x0000000086000000, 0x0000000086000000|100%| O|  |TAMS 0x0000000085f00000, 0x0000000085f00000| Untracked 
|  96|0x0000000086000000, 0x0000000086100000, 0x0000000086100000|100%| O|  |TAMS 0x0000000086000000, 0x0000000086000000| Untracked 
|  97|0x0000000086100000, 0x0000000086200000, 0x0000000086200000|100%| O|  |TAMS 0x0000000086100000, 0x0000000086100000| Untracked 
|  98|0x0000000086200000, 0x0000000086300000, 0x0000000086300000|100%| O|  |TAMS 0x0000000086200000, 0x0000000086200000| Untracked 
|  99|0x0000000086300000, 0x0000000086400000, 0x0000000086400000|100%| O|  |TAMS 0x0000000086300000, 0x0000000086300000| Untracked 
| 100|0x0000000086400000, 0x0000000086500000, 0x0000000086500000|100%| O|  |TAMS 0x0000000086400000, 0x0000000086400000| Untracked 
| 101|0x0000000086500000, 0x0000000086600000, 0x0000000086600000|100%| O|  |TAMS 0x0000000086500000, 0x0000000086500000| Untracked 
| 102|0x0000000086600000, 0x0000000086700000, 0x0000000086700000|100%| O|  |TAMS 0x0000000086600000, 0x0000000086600000| Untracked 
| 103|0x0000000086700000, 0x0000000086800000, 0x0000000086800000|100%| O|  |TAMS 0x0000000086700000, 0x0000000086700000| Untracked 
| 104|0x0000000086800000, 0x0000000086900000, 0x0000000086900000|100%| O|  |TAMS 0x0000000086800000, 0x0000000086800000| Untracked 
| 105|0x0000000086900000, 0x0000000086a00000, 0x0000000086a00000|100%| O|  |TAMS 0x0000000086a00000, 0x0000000086900000| Untracked 
| 106|0x0000000086a00000, 0x0000000086b00000, 0x0000000086b00000|100%| O|  |TAMS 0x0000000086b00000, 0x0000000086a00000| Untracked 
| 107|0x0000000086b00000, 0x0000000086c00000, 0x0000000086c00000|100%| O|  |TAMS 0x0000000086b00000, 0x0000000086b00000| Untracked 
| 108|0x0000000086c00000, 0x0000000086d00000, 0x0000000086d00000|100%| O|  |TAMS 0x0000000086c00000, 0x0000000086c00000| Untracked 
| 109|0x0000000086d00000, 0x0000000086e00000, 0x0000000086e00000|100%| O|  |TAMS 0x0000000086d00000, 0x0000000086d00000| Untracked 
| 110|0x0000000086e00000, 0x0000000086f00000, 0x0000000086f00000|100%| O|  |TAMS 0x0000000086e00000, 0x0000000086e00000| Untracked 
| 111|0x0000000086f00000, 0x0000000087000000, 0x0000000087000000|100%| O|  |TAMS 0x0000000086f00000, 0x0000000086f00000| Untracked 
| 112|0x0000000087000000, 0x0000000087100000, 0x0000000087100000|100%| O|  |TAMS 0x0000000087000000, 0x0000000087000000| Untracked 
| 113|0x0000000087100000, 0x0000000087200000, 0x0000000087200000|100%| O|  |TAMS 0x0000000087100000, 0x0000000087100000| Untracked 
| 114|0x0000000087200000, 0x0000000087300000, 0x0000000087300000|100%| O|  |TAMS 0x0000000087200000, 0x0000000087200000| Untracked 
| 115|0x0000000087300000, 0x0000000087400000, 0x0000000087400000|100%| O|  |TAMS 0x0000000087300000, 0x0000000087300000| Untracked 
| 116|0x0000000087400000, 0x0000000087500000, 0x0000000087500000|100%| O|  |TAMS 0x0000000087400000, 0x0000000087400000| Untracked 
| 117|0x0000000087500000, 0x0000000087600000, 0x0000000087600000|100%| O|  |TAMS 0x0000000087500000, 0x0000000087500000| Untracked 
| 118|0x0000000087600000, 0x0000000087700000, 0x0000000087700000|100%| O|  |TAMS 0x0000000087600000, 0x0000000087600000| Untracked 
| 119|0x0000000087700000, 0x0000000087800000, 0x0000000087800000|100%| O|  |TAMS 0x0000000087700000, 0x0000000087700000| Untracked 
| 120|0x0000000087800000, 0x0000000087900000, 0x0000000087900000|100%| O|  |TAMS 0x0000000087800000, 0x0000000087800000| Untracked 
| 121|0x0000000087900000, 0x0000000087a00000, 0x0000000087a00000|100%| O|  |TAMS 0x0000000087900000, 0x0000000087900000| Untracked 
| 122|0x0000000087a00000, 0x0000000087b00000, 0x0000000087b00000|100%| O|  |TAMS 0x0000000087a00000, 0x0000000087a00000| Untracked 
| 123|0x0000000087b00000, 0x0000000087c00000, 0x0000000087c00000|100%| O|  |TAMS 0x0000000087b00000, 0x0000000087b00000| Untracked 
| 124|0x0000000087c00000, 0x0000000087d00000, 0x0000000087d00000|100%| O|  |TAMS 0x0000000087c00000, 0x0000000087c00000| Untracked 
| 125|0x0000000087d00000, 0x0000000087e00000, 0x0000000087e00000|100%| O|  |TAMS 0x0000000087d00000, 0x0000000087d00000| Untracked 
| 126|0x0000000087e00000, 0x0000000087f00000, 0x0000000087f00000|100%| O|  |TAMS 0x0000000087e00000, 0x0000000087e00000| Untracked 
| 127|0x0000000087f00000, 0x0000000088000000, 0x0000000088000000|100%| O|  |TAMS 0x0000000087f00000, 0x0000000087f00000| Untracked 
| 128|0x0000000088000000, 0x0000000088100000, 0x0000000088100000|100%| O|  |TAMS 0x0000000088000000, 0x0000000088000000| Untracked 
| 129|0x0000000088100000, 0x0000000088200000, 0x0000000088200000|100%| O|  |TAMS 0x0000000088100000, 0x0000000088100000| Untracked 
| 130|0x0000000088200000, 0x0000000088300000, 0x0000000088300000|100%| O|  |TAMS 0x0000000088200000, 0x0000000088200000| Untracked 
| 131|0x0000000088300000, 0x0000000088400000, 0x0000000088400000|100%| O|  |TAMS 0x0000000088300000, 0x0000000088300000| Untracked 
| 132|0x0000000088400000, 0x0000000088500000, 0x0000000088500000|100%| O|  |TAMS 0x0000000088400000, 0x0000000088400000| Untracked 
| 133|0x0000000088500000, 0x0000000088600000, 0x0000000088600000|100%| O|  |TAMS 0x0000000088500000, 0x0000000088500000| Untracked 
| 134|0x0000000088600000, 0x0000000088700000, 0x0000000088700000|100%| O|  |TAMS 0x0000000088600000, 0x0000000088600000| Untracked 
| 135|0x0000000088700000, 0x0000000088800000, 0x0000000088800000|100%| O|  |TAMS 0x0000000088700000, 0x0000000088700000| Untracked 
| 136|0x0000000088800000, 0x0000000088900000, 0x0000000088900000|100%| O|  |TAMS 0x0000000088800000, 0x0000000088800000| Untracked 
| 137|0x0000000088900000, 0x0000000088a00000, 0x0000000088a00000|100%| O|  |TAMS 0x0000000088900000, 0x0000000088900000| Untracked 
| 138|0x0000000088a00000, 0x0000000088b00000, 0x0000000088b00000|100%| O|  |TAMS 0x0000000088a00000, 0x0000000088a00000| Untracked 
| 139|0x0000000088b00000, 0x0000000088c00000, 0x0000000088c00000|100%| O|  |TAMS 0x0000000088b00000, 0x0000000088b00000| Untracked 
| 140|0x0000000088c00000, 0x0000000088d00000, 0x0000000088d00000|100%| O|  |TAMS 0x0000000088c00000, 0x0000000088c00000| Untracked 
| 141|0x0000000088d00000, 0x0000000088e00000, 0x0000000088e00000|100%| O|  |TAMS 0x0000000088d00000, 0x0000000088d00000| Untracked 
| 142|0x0000000088e00000, 0x0000000088f00000, 0x0000000088f00000|100%| O|  |TAMS 0x0000000088e00000, 0x0000000088e00000| Untracked 
| 143|0x0000000088f00000, 0x0000000089000000, 0x0000000089000000|100%| O|  |TAMS 0x0000000088f00000, 0x0000000088f00000| Untracked 
| 144|0x0000000089000000, 0x0000000089100000, 0x0000000089100000|100%| O|  |TAMS 0x0000000089000000, 0x0000000089000000| Untracked 
| 145|0x0000000089100000, 0x0000000089200000, 0x0000000089200000|100%| O|  |TAMS 0x0000000089100000, 0x0000000089100000| Untracked 
| 146|0x0000000089200000, 0x0000000089300000, 0x0000000089300000|100%| O|  |TAMS 0x0000000089200000, 0x0000000089200000| Untracked 
| 147|0x0000000089300000, 0x0000000089400000, 0x0000000089400000|100%| O|  |TAMS 0x0000000089300000, 0x0000000089300000| Untracked 
| 148|0x0000000089400000, 0x0000000089500000, 0x0000000089500000|100%| O|  |TAMS 0x0000000089400000, 0x0000000089400000| Untracked 
| 149|0x0000000089500000, 0x0000000089600000, 0x0000000089600000|100%| O|  |TAMS 0x0000000089500000, 0x0000000089500000| Untracked 
| 150|0x0000000089600000, 0x0000000089700000, 0x0000000089700000|100%| O|  |TAMS 0x0000000089600000, 0x0000000089600000| Untracked 
| 151|0x0000000089700000, 0x0000000089800000, 0x0000000089800000|100%| O|  |TAMS 0x0000000089700000, 0x0000000089700000| Untracked 
| 152|0x0000000089800000, 0x0000000089900000, 0x0000000089900000|100%| O|  |TAMS 0x0000000089800000, 0x0000000089800000| Untracked 
| 153|0x0000000089900000, 0x0000000089a00000, 0x0000000089a00000|100%| O|  |TAMS 0x0000000089900000, 0x0000000089900000| Untracked 
| 154|0x0000000089a00000, 0x0000000089b00000, 0x0000000089b00000|100%| O|  |TAMS 0x0000000089a00000, 0x0000000089a00000| Untracked 
| 155|0x0000000089b00000, 0x0000000089c00000, 0x0000000089c00000|100%| O|  |TAMS 0x0000000089b00000, 0x0000000089b00000| Untracked 
| 156|0x0000000089c00000, 0x0000000089d00000, 0x0000000089d00000|100%| O|  |TAMS 0x0000000089c00000, 0x0000000089c00000| Untracked 
| 157|0x0000000089d00000, 0x0000000089e00000, 0x0000000089e00000|100%| O|  |TAMS 0x0000000089d00000, 0x0000000089d00000| Untracked 
| 158|0x0000000089e00000, 0x0000000089f00000, 0x0000000089f00000|100%| O|  |TAMS 0x0000000089e00000, 0x0000000089e00000| Untracked 
| 159|0x0000000089f00000, 0x000000008a000000, 0x000000008a000000|100%| O|  |TAMS 0x0000000089f00000, 0x0000000089f00000| Untracked 
| 160|0x000000008a000000, 0x000000008a100000, 0x000000008a100000|100%| O|  |TAMS 0x000000008a000000, 0x000000008a000000| Untracked 
| 161|0x000000008a100000, 0x000000008a200000, 0x000000008a200000|100%| O|  |TAMS 0x000000008a100000, 0x000000008a100000| Untracked 
| 162|0x000000008a200000, 0x000000008a300000, 0x000000008a300000|100%| O|  |TAMS 0x000000008a200000, 0x000000008a200000| Untracked 
| 163|0x000000008a300000, 0x000000008a400000, 0x000000008a400000|100%| O|  |TAMS 0x000000008a300000, 0x000000008a300000| Untracked 
| 164|0x000000008a400000, 0x000000008a500000, 0x000000008a500000|100%| O|  |TAMS 0x000000008a400000, 0x000000008a400000| Untracked 
| 165|0x000000008a500000, 0x000000008a600000, 0x000000008a600000|100%| O|  |TAMS 0x000000008a500000, 0x000000008a500000| Untracked 
| 166|0x000000008a600000, 0x000000008a700000, 0x000000008a700000|100%| O|  |TAMS 0x000000008a600000, 0x000000008a600000| Untracked 
| 167|0x000000008a700000, 0x000000008a800000, 0x000000008a800000|100%| O|  |TAMS 0x000000008a700000, 0x000000008a700000| Untracked 
| 168|0x000000008a800000, 0x000000008a900000, 0x000000008a900000|100%| O|  |TAMS 0x000000008a800000, 0x000000008a800000| Untracked 
| 169|0x000000008a900000, 0x000000008aa00000, 0x000000008aa00000|100%| O|  |TAMS 0x000000008a900000, 0x000000008a900000| Untracked 
| 170|0x000000008aa00000, 0x000000008aae9e00, 0x000000008ab00000| 91%| O|  |TAMS 0x000000008aa00000, 0x000000008aa00000| Untracked 
| 171|0x000000008ab00000, 0x000000008ab00000, 0x000000008ac00000|  0%| F|  |TAMS 0x000000008ab00000, 0x000000008ab00000| Untracked 
| 172|0x000000008ac00000, 0x000000008ac00000, 0x000000008ad00000|  0%| F|  |TAMS 0x000000008ac00000, 0x000000008ac00000| Untracked 
| 173|0x000000008ad00000, 0x000000008ad00000, 0x000000008ae00000|  0%| F|  |TAMS 0x000000008ad00000, 0x000000008ad00000| Untracked 
| 174|0x000000008ae00000, 0x000000008ae00000, 0x000000008af00000|  0%| F|  |TAMS 0x000000008ae00000, 0x000000008ae00000| Untracked 
| 175|0x000000008af00000, 0x000000008af00000, 0x000000008b000000|  0%| F|  |TAMS 0x000000008af00000, 0x000000008af00000| Untracked 
| 176|0x000000008b000000, 0x000000008b000000, 0x000000008b100000|  0%| F|  |TAMS 0x000000008b000000, 0x000000008b000000| Untracked 
| 177|0x000000008b100000, 0x000000008b100000, 0x000000008b200000|  0%| F|  |TAMS 0x000000008b100000, 0x000000008b100000| Untracked 
| 178|0x000000008b200000, 0x000000008b200000, 0x000000008b300000|  0%| F|  |TAMS 0x000000008b200000, 0x000000008b200000| Untracked 
| 179|0x000000008b300000, 0x000000008b300000, 0x000000008b400000|  0%| F|  |TAMS 0x000000008b300000, 0x000000008b300000| Untracked 
| 180|0x000000008b400000, 0x000000008b400000, 0x000000008b500000|  0%| F|  |TAMS 0x000000008b400000, 0x000000008b400000| Untracked 
| 181|0x000000008b500000, 0x000000008b500000, 0x000000008b600000|  0%| F|  |TAMS 0x000000008b500000, 0x000000008b500000| Untracked 
| 182|0x000000008b600000, 0x000000008b600000, 0x000000008b700000|  0%| F|  |TAMS 0x000000008b600000, 0x000000008b600000| Untracked 
| 183|0x000000008b700000, 0x000000008b700000, 0x000000008b800000|  0%| F|  |TAMS 0x000000008b700000, 0x000000008b700000| Untracked 
| 184|0x000000008b800000, 0x000000008b800000, 0x000000008b900000|  0%| F|  |TAMS 0x000000008b800000, 0x000000008b800000| Untracked 
| 185|0x000000008b900000, 0x000000008b900000, 0x000000008ba00000|  0%| F|  |TAMS 0x000000008b900000, 0x000000008b900000| Untracked 
| 186|0x000000008ba00000, 0x000000008ba00000, 0x000000008bb00000|  0%| F|  |TAMS 0x000000008ba00000, 0x000000008ba00000| Untracked 
| 187|0x000000008bb00000, 0x000000008bb00000, 0x000000008bc00000|  0%| F|  |TAMS 0x000000008bb00000, 0x000000008bb00000| Untracked 
| 188|0x000000008bc00000, 0x000000008bc00000, 0x000000008bd00000|  0%| F|  |TAMS 0x000000008bc00000, 0x000000008bc00000| Untracked 
| 189|0x000000008bd00000, 0x000000008bd00000, 0x000000008be00000|  0%| F|  |TAMS 0x000000008bd00000, 0x000000008bd00000| Untracked 
| 190|0x000000008be00000, 0x000000008be00000, 0x000000008bf00000|  0%| F|  |TAMS 0x000000008be00000, 0x000000008be00000| Untracked 
| 191|0x000000008bf00000, 0x000000008bf00000, 0x000000008c000000|  0%| F|  |TAMS 0x000000008bf00000, 0x000000008bf00000| Untracked 
| 192|0x000000008c000000, 0x000000008c000000, 0x000000008c100000|  0%| F|  |TAMS 0x000000008c000000, 0x000000008c000000| Untracked 
| 193|0x000000008c100000, 0x000000008c100000, 0x000000008c200000|  0%| F|  |TAMS 0x000000008c100000, 0x000000008c100000| Untracked 
| 194|0x000000008c200000, 0x000000008c200000, 0x000000008c300000|  0%| F|  |TAMS 0x000000008c200000, 0x000000008c200000| Untracked 
| 195|0x000000008c300000, 0x000000008c300000, 0x000000008c400000|  0%| F|  |TAMS 0x000000008c300000, 0x000000008c300000| Untracked 
| 196|0x000000008c400000, 0x000000008c400000, 0x000000008c500000|  0%| F|  |TAMS 0x000000008c400000, 0x000000008c400000| Untracked 
| 197|0x000000008c500000, 0x000000008c500000, 0x000000008c600000|  0%| F|  |TAMS 0x000000008c500000, 0x000000008c500000| Untracked 
| 198|0x000000008c600000, 0x000000008c600000, 0x000000008c700000|  0%| F|  |TAMS 0x000000008c600000, 0x000000008c600000| Untracked 
| 199|0x000000008c700000, 0x000000008c700000, 0x000000008c800000|  0%| F|  |TAMS 0x000000008c700000, 0x000000008c700000| Untracked 
| 200|0x000000008c800000, 0x000000008c800000, 0x000000008c900000|  0%| F|  |TAMS 0x000000008c800000, 0x000000008c800000| Untracked 
| 201|0x000000008c900000, 0x000000008c900000, 0x000000008ca00000|  0%| F|  |TAMS 0x000000008c900000, 0x000000008c900000| Untracked 
| 202|0x000000008ca00000, 0x000000008ca00000, 0x000000008cb00000|  0%| F|  |TAMS 0x000000008ca00000, 0x000000008ca00000| Untracked 
| 203|0x000000008cb00000, 0x000000008cb00000, 0x000000008cc00000|  0%| F|  |TAMS 0x000000008cb00000, 0x000000008cb00000| Untracked 
| 204|0x000000008cc00000, 0x000000008cc9a380, 0x000000008cd00000| 60%| S|CS|TAMS 0x000000008cc00000, 0x000000008cc00000| Complete 
| 205|0x000000008cd00000, 0x000000008ce00000, 0x000000008ce00000|100%| S|CS|TAMS 0x000000008cd00000, 0x000000008cd00000| Complete 
| 206|0x000000008ce00000, 0x000000008cf00000, 0x000000008cf00000|100%| S|CS|TAMS 0x000000008ce00000, 0x000000008ce00000| Complete 
| 207|0x000000008cf00000, 0x000000008cf00000, 0x000000008d000000|  0%| F|  |TAMS 0x000000008cf00000, 0x000000008cf00000| Untracked 
| 208|0x000000008d000000, 0x000000008d000000, 0x000000008d100000|  0%| F|  |TAMS 0x000000008d000000, 0x000000008d000000| Untracked 
| 209|0x000000008d100000, 0x000000008d100000, 0x000000008d200000|  0%| F|  |TAMS 0x000000008d100000, 0x000000008d100000| Untracked 
| 210|0x000000008d200000, 0x000000008d200000, 0x000000008d300000|  0%| F|  |TAMS 0x000000008d200000, 0x000000008d200000| Untracked 
| 211|0x000000008d300000, 0x000000008d300000, 0x000000008d400000|  0%| F|  |TAMS 0x000000008d300000, 0x000000008d300000| Untracked 
| 212|0x000000008d400000, 0x000000008d500000, 0x000000008d500000|100%| S|CS|TAMS 0x000000008d400000, 0x000000008d400000| Complete 
| 213|0x000000008d500000, 0x000000008d500000, 0x000000008d600000|  0%| F|  |TAMS 0x000000008d500000, 0x000000008d500000| Untracked 
| 214|0x000000008d600000, 0x000000008d600000, 0x000000008d700000|  0%| F|  |TAMS 0x000000008d600000, 0x000000008d600000| Untracked 
| 215|0x000000008d700000, 0x000000008d700000, 0x000000008d800000|  0%| F|  |TAMS 0x000000008d700000, 0x000000008d700000| Untracked 
| 216|0x000000008d800000, 0x000000008d800000, 0x000000008d900000|  0%| F|  |TAMS 0x000000008d800000, 0x000000008d800000| Untracked 
| 217|0x000000008d900000, 0x000000008d900000, 0x000000008da00000|  0%| F|  |TAMS 0x000000008d900000, 0x000000008d900000| Untracked 
| 218|0x000000008da00000, 0x000000008da00000, 0x000000008db00000|  0%| F|  |TAMS 0x000000008da00000, 0x000000008da00000| Untracked 
| 219|0x000000008db00000, 0x000000008db00000, 0x000000008dc00000|  0%| F|  |TAMS 0x000000008db00000, 0x000000008db00000| Untracked 
| 220|0x000000008dc00000, 0x000000008dc00000, 0x000000008dd00000|  0%| F|  |TAMS 0x000000008dc00000, 0x000000008dc00000| Untracked 
| 221|0x000000008dd00000, 0x000000008dd00000, 0x000000008de00000|  0%| F|  |TAMS 0x000000008dd00000, 0x000000008dd00000| Untracked 
| 222|0x000000008de00000, 0x000000008de00000, 0x000000008df00000|  0%| F|  |TAMS 0x000000008de00000, 0x000000008de00000| Untracked 
| 223|0x000000008df00000, 0x000000008df00000, 0x000000008e000000|  0%| F|  |TAMS 0x000000008df00000, 0x000000008df00000| Untracked 
| 224|0x000000008e000000, 0x000000008e000000, 0x000000008e100000|  0%| F|  |TAMS 0x000000008e000000, 0x000000008e000000| Untracked 
| 225|0x000000008e100000, 0x000000008e100000, 0x000000008e200000|  0%| F|  |TAMS 0x000000008e100000, 0x000000008e100000| Untracked 
| 226|0x000000008e200000, 0x000000008e200000, 0x000000008e300000|  0%| F|  |TAMS 0x000000008e200000, 0x000000008e200000| Untracked 
| 227|0x000000008e300000, 0x000000008e300000, 0x000000008e400000|  0%| F|  |TAMS 0x000000008e300000, 0x000000008e300000| Untracked 
| 228|0x000000008e400000, 0x000000008e400000, 0x000000008e500000|  0%| F|  |TAMS 0x000000008e400000, 0x000000008e400000| Untracked 
| 229|0x000000008e500000, 0x000000008e500000, 0x000000008e600000|  0%| F|  |TAMS 0x000000008e500000, 0x000000008e500000| Untracked 
| 230|0x000000008e600000, 0x000000008e600000, 0x000000008e700000|  0%| F|  |TAMS 0x000000008e600000, 0x000000008e600000| Untracked 
| 231|0x000000008e700000, 0x000000008e700000, 0x000000008e800000|  0%| F|  |TAMS 0x000000008e700000, 0x000000008e700000| Untracked 
| 232|0x000000008e800000, 0x000000008e800000, 0x000000008e900000|  0%| F|  |TAMS 0x000000008e800000, 0x000000008e800000| Untracked 
| 233|0x000000008e900000, 0x000000008e900000, 0x000000008ea00000|  0%| F|  |TAMS 0x000000008e900000, 0x000000008e900000| Untracked 
| 234|0x000000008ea00000, 0x000000008ea00000, 0x000000008eb00000|  0%| F|  |TAMS 0x000000008ea00000, 0x000000008ea00000| Untracked 
| 235|0x000000008eb00000, 0x000000008eb00000, 0x000000008ec00000|  0%| F|  |TAMS 0x000000008eb00000, 0x000000008eb00000| Untracked 
| 236|0x000000008ec00000, 0x000000008ec00000, 0x000000008ed00000|  0%| F|  |TAMS 0x000000008ec00000, 0x000000008ec00000| Untracked 
| 237|0x000000008ed00000, 0x000000008ed00000, 0x000000008ee00000|  0%| F|  |TAMS 0x000000008ed00000, 0x000000008ed00000| Untracked 
| 238|0x000000008ee00000, 0x000000008ee00000, 0x000000008ef00000|  0%| F|  |TAMS 0x000000008ee00000, 0x000000008ee00000| Untracked 
| 239|0x000000008ef00000, 0x000000008ef00000, 0x000000008f000000|  0%| F|  |TAMS 0x000000008ef00000, 0x000000008ef00000| Untracked 
| 240|0x000000008f000000, 0x000000008f000000, 0x000000008f100000|  0%| F|  |TAMS 0x000000008f000000, 0x000000008f000000| Untracked 
| 241|0x000000008f100000, 0x000000008f100000, 0x000000008f200000|  0%| F|  |TAMS 0x000000008f100000, 0x000000008f100000| Untracked 
| 242|0x000000008f200000, 0x000000008f200000, 0x000000008f300000|  0%| F|  |TAMS 0x000000008f200000, 0x000000008f200000| Untracked 
| 243|0x000000008f300000, 0x000000008f300000, 0x000000008f400000|  0%| F|  |TAMS 0x000000008f300000, 0x000000008f300000| Untracked 
| 244|0x000000008f400000, 0x000000008f400000, 0x000000008f500000|  0%| F|  |TAMS 0x000000008f400000, 0x000000008f400000| Untracked 
| 245|0x000000008f500000, 0x000000008f500000, 0x000000008f600000|  0%| F|  |TAMS 0x000000008f500000, 0x000000008f500000| Untracked 
| 246|0x000000008f600000, 0x000000008f600000, 0x000000008f700000|  0%| F|  |TAMS 0x000000008f600000, 0x000000008f600000| Untracked 
| 247|0x000000008f700000, 0x000000008f700000, 0x000000008f800000|  0%| F|  |TAMS 0x000000008f700000, 0x000000008f700000| Untracked 
| 248|0x000000008f800000, 0x000000008f800000, 0x000000008f900000|  0%| F|  |TAMS 0x000000008f800000, 0x000000008f800000| Untracked 
| 249|0x000000008f900000, 0x000000008f900000, 0x000000008fa00000|  0%| F|  |TAMS 0x000000008f900000, 0x000000008f900000| Untracked 
| 250|0x000000008fa00000, 0x000000008fa00000, 0x000000008fb00000|  0%| F|  |TAMS 0x000000008fa00000, 0x000000008fa00000| Untracked 
| 251|0x000000008fb00000, 0x000000008fb00000, 0x000000008fc00000|  0%| F|  |TAMS 0x000000008fb00000, 0x000000008fb00000| Untracked 
| 252|0x000000008fc00000, 0x000000008fc00000, 0x000000008fd00000|  0%| F|  |TAMS 0x000000008fc00000, 0x000000008fc00000| Untracked 
| 253|0x000000008fd00000, 0x000000008fd00000, 0x000000008fe00000|  0%| F|  |TAMS 0x000000008fd00000, 0x000000008fd00000| Untracked 
| 254|0x000000008fe00000, 0x000000008fe00000, 0x000000008ff00000|  0%| F|  |TAMS 0x000000008fe00000, 0x000000008fe00000| Untracked 
| 255|0x000000008ff00000, 0x000000008ff00000, 0x0000000090000000|  0%| F|  |TAMS 0x000000008ff00000, 0x000000008ff00000| Untracked 
| 256|0x0000000090000000, 0x0000000090000000, 0x0000000090100000|  0%| F|  |TAMS 0x0000000090000000, 0x0000000090000000| Untracked 
| 257|0x0000000090100000, 0x0000000090100000, 0x0000000090200000|  0%| F|  |TAMS 0x0000000090100000, 0x0000000090100000| Untracked 
| 258|0x0000000090200000, 0x0000000090200000, 0x0000000090300000|  0%| F|  |TAMS 0x0000000090200000, 0x0000000090200000| Untracked 
| 259|0x0000000090300000, 0x0000000090300000, 0x0000000090400000|  0%| F|  |TAMS 0x0000000090300000, 0x0000000090300000| Untracked 
| 260|0x0000000090400000, 0x0000000090400000, 0x0000000090500000|  0%| F|  |TAMS 0x0000000090400000, 0x0000000090400000| Untracked 
| 261|0x0000000090500000, 0x0000000090500000, 0x0000000090600000|  0%| F|  |TAMS 0x0000000090500000, 0x0000000090500000| Untracked 
| 262|0x0000000090600000, 0x0000000090600000, 0x0000000090700000|  0%| F|  |TAMS 0x0000000090600000, 0x0000000090600000| Untracked 
| 263|0x0000000090700000, 0x0000000090700000, 0x0000000090800000|  0%| F|  |TAMS 0x0000000090700000, 0x0000000090700000| Untracked 
| 264|0x0000000090800000, 0x0000000090800000, 0x0000000090900000|  0%| F|  |TAMS 0x0000000090800000, 0x0000000090800000| Untracked 
| 265|0x0000000090900000, 0x0000000090900000, 0x0000000090a00000|  0%| F|  |TAMS 0x0000000090900000, 0x0000000090900000| Untracked 
| 266|0x0000000090a00000, 0x0000000090a00000, 0x0000000090b00000|  0%| F|  |TAMS 0x0000000090a00000, 0x0000000090a00000| Untracked 

Card table byte_map: [0x0000021a92e10000,0x0000021a93210000] _byte_map_base: 0x0000021a92a10000

Marking Bits (Prev, Next): (CMBitMap*) 0x0000021aff3ba028, (CMBitMap*) 0x0000021aff3ba060
 Prev Bits: [0x0000021a93610000, 0x0000021a95610000)
 Next Bits: [0x0000021a95610000, 0x0000021a97610000)

Polling page: 0x0000021afdb80000

Metaspace:

Usage:
  Non-class:    106.38 MB capacity,   104.34 MB ( 98%) used,     1.61 MB (  2%) free+waste,   428.63 KB ( <1%) overhead. 
      Class:     16.34 MB capacity,    15.06 MB ( 92%) used,     1.09 MB (  7%) free+waste,   193.69 KB (  1%) overhead. 
       Both:    122.72 MB capacity,   119.41 MB ( 97%) used,     2.70 MB (  2%) free+waste,   622.31 KB ( <1%) overhead. 

Virtual space:
  Non-class space:      108.00 MB reserved,     106.50 MB ( 99%) committed 
      Class space:        1.00 GB reserved,      16.38 MB (  2%) committed 
             Both:        1.11 GB reserved,     122.88 MB ( 11%) committed 

Chunk freelists:
   Non-Class:  0 bytes
       Class:  3.00 KB
        Both:  3.00 KB

MaxMetaspaceSize: 17179869184.00 GB
CompressedClassSpaceSize: 1.00 GB

CodeHeap 'non-profiled nmethods': size=120000Kb used=12273Kb max_used=12430Kb free=107726Kb
 bounds [0x0000021a8b4e0000, 0x0000021a8c120000, 0x0000021a92a10000]
CodeHeap 'profiled nmethods': size=120000Kb used=42361Kb max_used=42425Kb free=77639Kb
 bounds [0x0000021a83fb0000, 0x0000021a86950000, 0x0000021a8b4e0000]
CodeHeap 'non-nmethods': size=5760Kb used=2347Kb max_used=2431Kb free=3412Kb
 bounds [0x0000021a83a10000, 0x0000021a83c90000, 0x0000021a83fb0000]
 total_blobs=20054 nmethods=19080 adapters=883
 compilation: enabled
              stopped_count=0, restarted_count=0
 full_count=0

Compilation events (20 events):
Event: 2172.293 Thread 0x0000021a9a8f3800 nmethod 20989 0x0000021a8510b690 code [0x0000021a8510b840, 0x0000021a8510b978]
Event: 2172.293 Thread 0x0000021a9a8f3800 20996       2       com.android.tools.r8.internal.DE$$Lambda$2408/0x0000000101029440::apply (8 bytes)
Event: 2172.293 Thread 0x0000021a9a8f3800 nmethod 20996 0x0000021a8513b410 code [0x0000021a8513b5e0, 0x0000021a8513b968]
Event: 2172.293 Thread 0x0000021a9a8f3800 21011       2       com.android.tools.r8.graph.f0$d::a (50 bytes)
Event: 2172.294 Thread 0x0000021a9a8f3800 nmethod 21011 0x0000021a851b5090 code [0x0000021a851b5280, 0x0000021a851b5538]
Event: 2172.294 Thread 0x0000021a9a8f3800 20997       2       com.android.tools.r8.internal.DE::b (10 bytes)
Event: 2172.294 Thread 0x0000021a9a8f3800 nmethod 20997 0x0000021a8513ae10 code [0x0000021a8513afe0, 0x0000021a8513b2e8]
Event: 2172.294 Thread 0x0000021a9a8f3800 20998       2       com.android.tools.r8.dex.g::a (1 bytes)
Event: 2172.294 Thread 0x0000021a9a8f3800 nmethod 20998 0x0000021a850c2910 code [0x0000021a850c2ac0, 0x0000021a850c2bb8]
Event: 2172.294 Thread 0x0000021a9a8f3800 20935       2       com.android.tools.r8.internal.lp::put (31 bytes)
Event: 2172.295 Thread 0x0000021a9a8f3800 nmethod 20935 0x0000021a851b4b90 code [0x0000021a851b4d60, 0x0000021a851b4f98]
Event: 2172.295 Thread 0x0000021a9a8f3800 21014       2       com.android.tools.r8.dex.m::a (231 bytes)
Event: 2172.296 Thread 0x0000021a9a8f3800 nmethod 21014 0x0000021a851b3b10 code [0x0000021a851b3da0, 0x0000021a851b4608]
Event: 2172.296 Thread 0x0000021a9a8f3800 20937       2       com.android.tools.r8.internal.np::<init> (40 bytes)
Event: 2172.296 Thread 0x0000021a9a8f3800 nmethod 20937 0x0000021a851cf410 code [0x0000021a851cf5e0, 0x0000021a851cf918]
Event: 2172.296 Thread 0x0000021a9a8f3800 21000       2       com.android.tools.r8.code.e3::a (18 bytes)
Event: 2172.296 Thread 0x0000021a9a8f3800 nmethod 21000 0x0000021a851cf010 code [0x0000021a851cf1c0, 0x0000021a851cf308]
Event: 2172.296 Thread 0x0000021a9a8f3800 20985       2       java.util.TimSort::ensureCapacity (77 bytes)
Event: 2172.297 Thread 0x0000021a9a8f3800 nmethod 20985 0x0000021a851cea10 code [0x0000021a851cebe0, 0x0000021a851cee68]
Event: 2172.297 Thread 0x0000021a9a8f3800 20974       2       com.android.tools.r8.ir.regalloc.a::a (35 bytes)

GC Heap History (20 events):
Event: 2170.891 GC heap after
{Heap after GC invocations=50 (full 0):
 garbage-first heap   total 273408K, used 120791K [0x0000000080000000, 0x0000000100000000)
  region size 1024K, 14 young (14336K), 14 survivors (14336K)
 Metaspace       used 120853K, capacity 124209K, committed 124544K, reserved 1157120K
  class space    used 15367K, capacity 16672K, committed 16768K, reserved 1048576K
}
Event: 2171.071 GC heap before
{Heap before GC invocations=50 (full 0):
 garbage-first heap   total 273408K, used 223191K [0x0000000080000000, 0x0000000100000000)
  region size 1024K, 115 young (117760K), 14 survivors (14336K)
 Metaspace       used 120896K, capacity 124284K, committed 124544K, reserved 1157120K
  class space    used 15376K, capacity 16676K, committed 16768K, reserved 1048576K
}
Event: 2171.081 GC heap after
{Heap after GC invocations=51 (full 0):
 garbage-first heap   total 273408K, used 124788K [0x0000000080000000, 0x0000000100000000)
  region size 1024K, 8 young (8192K), 8 survivors (8192K)
 Metaspace       used 120896K, capacity 124284K, committed 124544K, reserved 1157120K
  class space    used 15376K, capacity 16676K, committed 16768K, reserved 1048576K
}
Event: 2171.245 GC heap before
{Heap before GC invocations=51 (full 0):
 garbage-first heap   total 273408K, used 224116K [0x0000000080000000, 0x0000000100000000)
  region size 1024K, 105 young (107520K), 8 survivors (8192K)
 Metaspace       used 121035K, capacity 124372K, committed 124544K, reserved 1157120K
  class space    used 15385K, capacity 16684K, committed 16768K, reserved 1048576K
}
Event: 2171.252 GC heap after
{Heap after GC invocations=52 (full 0):
 garbage-first heap   total 273408K, used 127718K [0x0000000080000000, 0x0000000100000000)
  region size 1024K, 11 young (11264K), 11 survivors (11264K)
 Metaspace       used 121035K, capacity 124372K, committed 124544K, reserved 1157120K
  class space    used 15385K, capacity 16684K, committed 16768K, reserved 1048576K
}
Event: 2171.424 GC heap before
{Heap before GC invocations=52 (full 0):
 garbage-first heap   total 273408K, used 224998K [0x0000000080000000, 0x0000000100000000)
  region size 1024K, 107 young (109568K), 11 survivors (11264K)
 Metaspace       used 121294K, capacity 124665K, committed 124800K, reserved 1157120K
  class space    used 15392K, capacity 16690K, committed 16768K, reserved 1048576K
}
Event: 2171.431 GC heap after
{Heap after GC invocations=53 (full 0):
 garbage-first heap   total 273408K, used 129050K [0x0000000080000000, 0x0000000100000000)
  region size 1024K, 7 young (7168K), 7 survivors (7168K)
 Metaspace       used 121294K, capacity 124665K, committed 124800K, reserved 1157120K
  class space    used 15392K, capacity 16690K, committed 16768K, reserved 1048576K
}
Event: 2171.584 GC heap before
{Heap before GC invocations=53 (full 0):
 garbage-first heap   total 273408K, used 233498K [0x0000000080000000, 0x0000000100000000)
  region size 1024K, 111 young (113664K), 7 survivors (7168K)
 Metaspace       used 121493K, capacity 124868K, committed 125056K, reserved 1157120K
  class space    used 15393K, capacity 16692K, committed 16768K, reserved 1048576K
}
Event: 2171.591 GC heap after
{Heap after GC invocations=54 (full 0):
 garbage-first heap   total 273408K, used 137539K [0x0000000080000000, 0x0000000100000000)
  region size 1024K, 14 young (14336K), 14 survivors (14336K)
 Metaspace       used 121493K, capacity 124868K, committed 125056K, reserved 1157120K
  class space    used 15393K, capacity 16692K, committed 16768K, reserved 1048576K
}
Event: 2171.722 GC heap before
{Heap before GC invocations=54 (full 0):
 garbage-first heap   total 273408K, used 226627K [0x0000000080000000, 0x0000000100000000)
  region size 1024K, 102 young (104448K), 14 survivors (14336K)
 Metaspace       used 121658K, capacity 125017K, committed 125312K, reserved 1157120K
  class space    used 15395K, capacity 16695K, committed 16768K, reserved 1048576K
}
Event: 2171.731 GC heap after
{Heap after GC invocations=55 (full 0):
 garbage-first heap   total 273408K, used 142943K [0x0000000080000000, 0x0000000100000000)
  region size 1024K, 10 young (10240K), 10 survivors (10240K)
 Metaspace       used 121658K, capacity 125017K, committed 125312K, reserved 1157120K
  class space    used 15395K, capacity 16695K, committed 16768K, reserved 1048576K
}
Event: 2171.862 GC heap before
{Heap before GC invocations=55 (full 0):
 garbage-first heap   total 273408K, used 224863K [0x0000000080000000, 0x0000000100000000)
  region size 1024K, 91 young (93184K), 10 survivors (10240K)
 Metaspace       used 121881K, capacity 125271K, committed 125312K, reserved 1157120K
  class space    used 15414K, capacity 16728K, committed 16768K, reserved 1048576K
}
Event: 2171.876 GC heap after
{Heap after GC invocations=56 (full 0):
 garbage-first heap   total 273408K, used 152576K [0x0000000080000000, 0x0000000100000000)
  region size 1024K, 12 young (12288K), 12 survivors (12288K)
 Metaspace       used 121881K, capacity 125271K, committed 125312K, reserved 1157120K
  class space    used 15414K, capacity 16728K, committed 16768K, reserved 1048576K
}
Event: 2172.002 GC heap before
{Heap before GC invocations=56 (full 0):
 garbage-first heap   total 273408K, used 223232K [0x0000000080000000, 0x0000000100000000)
  region size 1024K, 82 young (83968K), 12 survivors (12288K)
 Metaspace       used 122007K, capacity 125370K, committed 125568K, reserved 1159168K
  class space    used 15416K, capacity 16730K, committed 16768K, reserved 1048576K
}
Event: 2172.018 GC heap after
{Heap after GC invocations=57 (full 0):
 garbage-first heap   total 273408K, used 162491K [0x0000000080000000, 0x0000000100000000)
  region size 1024K, 11 young (11264K), 11 survivors (11264K)
 Metaspace       used 122007K, capacity 125370K, committed 125568K, reserved 1159168K
  class space    used 15416K, capacity 16730K, committed 16768K, reserved 1048576K
}
Event: 2172.109 GC heap before
{Heap before GC invocations=57 (full 0):
 garbage-first heap   total 273408K, used 222907K [0x0000000080000000, 0x0000000100000000)
  region size 1024K, 71 young (72704K), 11 survivors (11264K)
 Metaspace       used 122138K, capacity 125518K, committed 125568K, reserved 1159168K
  class space    used 15417K, capacity 16732K, committed 16768K, reserved 1048576K
}
Event: 2172.122 GC heap after
{Heap after GC invocations=58 (full 0):
 garbage-first heap   total 273408K, used 170440K [0x0000000080000000, 0x0000000100000000)
  region size 1024K, 9 young (9216K), 9 survivors (9216K)
 Metaspace       used 122138K, capacity 125518K, committed 125568K, reserved 1159168K
  class space    used 15417K, capacity 16732K, committed 16768K, reserved 1048576K
}
Event: 2172.194 GC heap before
{Heap before GC invocations=58 (full 0):
 garbage-first heap   total 273408K, used 225736K [0x0000000080000000, 0x0000000100000000)
  region size 1024K, 64 young (65536K), 9 survivors (9216K)
 Metaspace       used 122200K, capacity 125589K, committed 125824K, reserved 1159168K
  class space    used 15423K, capacity 16733K, committed 16768K, reserved 1048576K
}
Event: 2172.204 GC heap after
{Heap after GC invocations=59 (full 0):
 garbage-first heap   total 273408K, used 176204K [0x0000000080000000, 0x0000000100000000)
  region size 1024K, 7 young (7168K), 7 survivors (7168K)
 Metaspace       used 122200K, capacity 125589K, committed 125824K, reserved 1159168K
  class space    used 15423K, capacity 16733K, committed 16768K, reserved 1048576K
}
Event: 2172.302 GC heap before
{Heap before GC invocations=59 (full 0):
 garbage-first heap   total 273408K, used 231500K [0x0000000080000000, 0x0000000100000000)
  region size 1024K, 61 young (62464K), 7 survivors (7168K)
 Metaspace       used 122275K, capacity 125662K, committed 125824K, reserved 1159168K
  class space    used 15426K, capacity 16733K, committed 16768K, reserved 1048576K
}

Deoptimization events (20 events):
Event: 2172.102 Thread 0x0000021a9dd5b000 DEOPT PACKING pc=0x0000021a8c108da4 sp=0x000000d1ee6f94c0
Event: 2172.102 Thread 0x0000021a9dd5b000 DEOPT UNPACKING pc=0x0000021a83a378af sp=0x000000d1ee6f9508 mode 2
Event: 2172.103 Thread 0x0000021a9dd5c000 Uncommon trap: trap_request=0xffffff4d fr.pc=0x0000021a8c09fc40 relative=0x0000000000000160
Event: 2172.103 Thread 0x0000021a9dd5c000 Uncommon trap: reason=unstable_if action=reinterpret pc=0x0000021a8c09fc40 method=com.android.tools.r8.internal.t3.a(Lcom/android/tools/r8/graph/X;)Lcom/android/tools/r8/graph/X; @ 56 c2
Event: 2172.103 Thread 0x0000021a9dd5c000 DEOPT PACKING pc=0x0000021a8c09fc40 sp=0x000000d1eedf9ba0
Event: 2172.103 Thread 0x0000021a9dd5c000 DEOPT UNPACKING pc=0x0000021a83a378af sp=0x000000d1eedf9ac8 mode 2
Event: 2172.184 Thread 0x0000021a9dd5c000 Uncommon trap: trap_request=0xffffffde fr.pc=0x0000021a8b511d84 relative=0x00000000000001a4
Event: 2172.184 Thread 0x0000021a9dd5c000 Uncommon trap: reason=class_check action=maybe_recompile pc=0x0000021a8b511d84 method=com.android.tools.r8.internal.UG.a(Lcom/android/tools/r8/internal/aG;)Lcom/android/tools/r8/internal/UG; @ 34 c2
Event: 2172.184 Thread 0x0000021a9dd5c000 DEOPT PACKING pc=0x0000021a8b511d84 sp=0x000000d1eedf8f70
Event: 2172.184 Thread 0x0000021a9dd5c000 DEOPT UNPACKING pc=0x0000021a83a378af sp=0x000000d1eedf8e40 mode 2
Event: 2172.184 Thread 0x0000021a9dd5c000 Uncommon trap: trap_request=0xffffff4d fr.pc=0x0000021a8c077394 relative=0x0000000000000074
Event: 2172.184 Thread 0x0000021a9dd5c000 Uncommon trap: reason=unstable_if action=reinterpret pc=0x0000021a8c077394 method=com.android.tools.r8.internal.UG.b()Z @ 11 c2
Event: 2172.184 Thread 0x0000021a9dd5c000 DEOPT PACKING pc=0x0000021a8c077394 sp=0x000000d1eedf8f00
Event: 2172.184 Thread 0x0000021a9dd5c000 DEOPT UNPACKING pc=0x0000021a83a378af sp=0x000000d1eedf8e28 mode 2
Event: 2172.185 Thread 0x0000021a9dd5c000 Uncommon trap: trap_request=0xffffffde fr.pc=0x0000021a8b511d84 relative=0x00000000000001a4
Event: 2172.185 Thread 0x0000021a9dd5c000 Uncommon trap: reason=class_check action=maybe_recompile pc=0x0000021a8b511d84 method=com.android.tools.r8.internal.UG.a(Lcom/android/tools/r8/internal/aG;)Lcom/android/tools/r8/internal/UG; @ 34 c2
Event: 2172.185 Thread 0x0000021a9dd5c000 DEOPT PACKING pc=0x0000021a8b511d84 sp=0x000000d1eedf8ba0
Event: 2172.185 Thread 0x0000021a9dd5c000 DEOPT UNPACKING pc=0x0000021a83a378af sp=0x000000d1eedf8a70 mode 2
Event: 2172.261 Thread 0x0000021a9dd5c000 DEOPT PACKING pc=0x0000021a868d0ba5 sp=0x000000d1eedf9780
Event: 2172.261 Thread 0x0000021a9dd5c000 DEOPT UNPACKING pc=0x0000021a83a376ce sp=0x000000d1eedf8e78 mode 0

Classes redefined (0 events):
No events

Internal exceptions (20 events):
Event: 2171.227 Thread 0x0000021a9dd5a800 Exception <a 'sun/nio/fs/WindowsException'{0x000000008b6c04f8}> (0x000000008b6c04f8) thrown at [./src/hotspot/share/prims/jni.cpp, line 615]
Event: 2171.281 Thread 0x0000021a9dd5a800 Exception <a 'sun/nio/fs/WindowsException'{0x000000008fa67ec0}> (0x000000008fa67ec0) thrown at [./src/hotspot/share/prims/jni.cpp, line 615]
Event: 2171.315 Thread 0x0000021a9dd5c000 Exception <a 'sun/nio/fs/WindowsException'{0x000000008e87e790}> (0x000000008e87e790) thrown at [./src/hotspot/share/prims/jni.cpp, line 615]
Event: 2171.319 Thread 0x0000021a9dd5c000 Implicit null exception at 0x0000021a8bd3f4c4 to 0x0000021a8bd3f858
Event: 2171.362 Thread 0x0000021a9e6e9800 Exception <a 'sun/nio/fs/WindowsException'{0x000000008cf18218}> (0x000000008cf18218) thrown at [./src/hotspot/share/prims/jni.cpp, line 615]
Event: 2171.382 Thread 0x0000021a9dd5a800 Exception <a 'sun/nio/fs/WindowsException'{0x000000008c2699d8}> (0x000000008c2699d8) thrown at [./src/hotspot/share/prims/jni.cpp, line 615]
Event: 2171.397 Thread 0x0000021a9e6e9800 Exception <a 'sun/nio/fs/WindowsException'{0x000000008ba05a58}> (0x000000008ba05a58) thrown at [./src/hotspot/share/prims/jni.cpp, line 615]
Event: 2171.441 Thread 0x0000021a9e6e9800 Exception <a 'sun/nio/fs/WindowsException'{0x0000000090324290}> (0x0000000090324290) thrown at [./src/hotspot/share/prims/jni.cpp, line 615]
Event: 2171.450 Thread 0x0000021a9dd5c000 Exception <a 'sun/nio/fs/WindowsException'{0x000000008fc1a8b8}> (0x000000008fc1a8b8) thrown at [./src/hotspot/share/prims/jni.cpp, line 615]
Event: 2171.547 Thread 0x0000021a9e6e9800 Exception <a 'sun/nio/fs/WindowsException'{0x000000008bd59fa8}> (0x000000008bd59fa8) thrown at [./src/hotspot/share/prims/jni.cpp, line 615]
Event: 2171.615 Thread 0x0000021a9dd5c000 Exception <a 'sun/nio/fs/WindowsException'{0x000000008fa764a0}> (0x000000008fa764a0) thrown at [./src/hotspot/share/prims/jni.cpp, line 615]
Event: 2171.641 Thread 0x0000021a9e6e0800 Exception <a 'sun/nio/fs/WindowsException'{0x000000008e630498}> (0x000000008e630498) thrown at [./src/hotspot/share/prims/jni.cpp, line 615]
Event: 2171.650 Thread 0x0000021a9dd5a800 Exception <a 'sun/nio/fs/WindowsException'{0x000000008dd44690}> (0x000000008dd44690) thrown at [./src/hotspot/share/prims/jni.cpp, line 615]
Event: 2171.782 Thread 0x0000021a9e6e6000 Exception <a 'sun/nio/fs/WindowsException'{0x000000008fa84da8}> (0x000000008fa84da8) thrown at [./src/hotspot/share/prims/jni.cpp, line 615]
Event: 2171.839 Thread 0x0000021a9dd5c000 Exception <a 'sun/nio/fs/WindowsException'{0x000000008c4c4fa0}> (0x000000008c4c4fa0) thrown at [./src/hotspot/share/prims/jni.cpp, line 615]
Event: 2171.946 Thread 0x0000021a9dd5f000 Exception <a 'sun/nio/fs/WindowsException'{0x000000008e797f90}> (0x000000008e797f90) thrown at [./src/hotspot/share/prims/jni.cpp, line 615]
Event: 2171.971 Thread 0x0000021a9e6e6000 Exception <a 'sun/nio/fs/WindowsException'{0x000000008d5c2508}> (0x000000008d5c2508) thrown at [./src/hotspot/share/prims/jni.cpp, line 615]
Event: 2172.123 Thread 0x0000021a9dd5f000 Exception <a 'sun/nio/fs/WindowsException'{0x0000000090a8b1a8}> (0x0000000090a8b1a8) thrown at [./src/hotspot/share/prims/jni.cpp, line 615]
Event: 2172.165 Thread 0x0000021a9e6e9800 Exception <a 'sun/nio/fs/WindowsException'{0x000000008ed3cf70}> (0x000000008ed3cf70) thrown at [./src/hotspot/share/prims/jni.cpp, line 615]
Event: 2172.298 Thread 0x0000021a9dd5f000 Exception <a 'sun/nio/fs/WindowsException'{0x000000008d8ca8f8}> (0x000000008d8ca8f8) thrown at [./src/hotspot/share/prims/jni.cpp, line 615]

Events (20 events):
Event: 2172.145 loading class com/android/tools/r8/code/z3 done
Event: 2172.146 loading class com/android/tools/r8/code/y3
Event: 2172.146 loading class com/android/tools/r8/code/y3 done
Event: 2172.147 loading class com/android/tools/r8/code/A3
Event: 2172.147 loading class com/android/tools/r8/code/A3 done
Event: 2172.148 loading class com/android/tools/r8/code/x3
Event: 2172.148 loading class com/android/tools/r8/code/x3 done
Event: 2172.176 loading class com/android/tools/r8/internal/l4
Event: 2172.176 loading class com/android/tools/r8/internal/l4 done
Event: 2172.194 Executing VM operation: G1CollectForAllocation
Event: 2172.204 Executing VM operation: G1CollectForAllocation done
Event: 2172.265 loading class com/android/tools/r8/code/K2
Event: 2172.265 loading class com/android/tools/r8/code/K2 done
Event: 2172.265 loading class com/android/tools/r8/code/J2
Event: 2172.265 loading class com/android/tools/r8/code/J2 done
Event: 2172.281 loading class com/android/tools/r8/internal/st
Event: 2172.281 loading class com/android/tools/r8/internal/st done
Event: 2172.297 Executing VM operation: G1CollectForAllocation
Event: 2172.297 Executing VM operation: G1CollectForAllocation done
Event: 2172.302 Executing VM operation: G1CollectForAllocation


Dynamic libraries:
0x00007ff711410000 - 0x00007ff71141a000 	C:\Program Files\Android\Android Studio\jre\bin\java.exe
0x00007ffb24e70000 - 0x00007ffb25065000 	C:\WINDOWS\SYSTEM32\ntdll.dll
0x00007ffb24d70000 - 0x00007ffb24e2e000 	C:\WINDOWS\System32\KERNEL32.DLL
0x00007ffb22740000 - 0x00007ffb22a08000 	C:\WINDOWS\System32\KERNELBASE.dll
0x00007ffb22580000 - 0x00007ffb22680000 	C:\WINDOWS\System32\ucrtbase.dll
0x00007ffb079d0000 - 0x00007ffb079e9000 	C:\Program Files\Android\Android Studio\jre\bin\jli.dll
0x00007ffaff960000 - 0x00007ffaff977000 	C:\Program Files\Android\Android Studio\jre\bin\VCRUNTIME140.dll
0x00007ffb247a0000 - 0x00007ffb24940000 	C:\WINDOWS\System32\USER32.dll
0x00007ffb22d70000 - 0x00007ffb22d92000 	C:\WINDOWS\System32\win32u.dll
0x00007ffb12a30000 - 0x00007ffb12cca000 	C:\WINDOWS\WinSxS\amd64_microsoft.windows.common-controls_6595b64144ccf1df_6.0.19041.1110_none_60b5254171f9507e\COMCTL32.dll
0x00007ffb22ee0000 - 0x00007ffb22f0b000 	C:\WINDOWS\System32\GDI32.dll
0x00007ffb22c60000 - 0x00007ffb22d6d000 	C:\WINDOWS\System32\gdi32full.dll
0x00007ffb246a0000 - 0x00007ffb2473e000 	C:\WINDOWS\System32\msvcrt.dll
0x00007ffb22a60000 - 0x00007ffb22afd000 	C:\WINDOWS\System32\msvcp_win.dll
0x00007ffb240f0000 - 0x00007ffb24120000 	C:\WINDOWS\System32\IMM32.DLL
0x00007ffaf20f0000 - 0x00007ffaf218d000 	C:\Program Files\Android\Android Studio\jre\bin\msvcp140.dll
0x00007ffad2410000 - 0x00007ffad2edf000 	C:\Program Files\Android\Android Studio\jre\bin\server\jvm.dll
0x00007ffb24030000 - 0x00007ffb240de000 	C:\WINDOWS\System32\ADVAPI32.dll
0x00007ffb24600000 - 0x00007ffb2469c000 	C:\WINDOWS\System32\sechost.dll
0x00007ffb23040000 - 0x00007ffb23165000 	C:\WINDOWS\System32\RPCRT4.dll
0x00007ffb23d80000 - 0x00007ffb23d88000 	C:\WINDOWS\System32\PSAPI.DLL
0x00007ffb1c6d0000 - 0x00007ffb1c6d9000 	C:\WINDOWS\SYSTEM32\WSOCK32.dll
0x00007ffb138a0000 - 0x00007ffb138c7000 	C:\WINDOWS\SYSTEM32\WINMM.dll
0x00007ffb19710000 - 0x00007ffb1971a000 	C:\WINDOWS\SYSTEM32\VERSION.dll
0x00007ffb23d10000 - 0x00007ffb23d7b000 	C:\WINDOWS\System32\WS2_32.dll
0x00007ffb20e50000 - 0x00007ffb20e62000 	C:\WINDOWS\SYSTEM32\kernel.appcore.dll
0x00007ffb1a740000 - 0x00007ffb1a751000 	C:\Program Files\Android\Android Studio\jre\bin\verify.dll
0x00007ffb20a90000 - 0x00007ffb20c74000 	C:\WINDOWS\SYSTEM32\DBGHELP.DLL
0x00007ffb18820000 - 0x00007ffb1884c000 	C:\WINDOWS\SYSTEM32\dbgcore.DLL
0x00007ffb226b0000 - 0x00007ffb22732000 	C:\WINDOWS\System32\bcryptPrimitives.dll
0x00007ffb12440000 - 0x00007ffb12469000 	C:\Program Files\Android\Android Studio\jre\bin\java.dll
0x00007ffb191c0000 - 0x00007ffb191cb000 	C:\Program Files\Android\Android Studio\jre\bin\jimage.dll
0x00007ffb15040000 - 0x00007ffb15058000 	C:\Program Files\Android\Android Studio\jre\bin\zip.dll
0x00007ffb235c0000 - 0x00007ffb23d04000 	C:\WINDOWS\System32\SHELL32.dll
0x00007ffb1cfa0000 - 0x00007ffb1d734000 	C:\WINDOWS\SYSTEM32\windows.storage.dll
0x00007ffb24a10000 - 0x00007ffb24d65000 	C:\WINDOWS\System32\combase.dll
0x00007ffb21fd0000 - 0x00007ffb21ffe000 	C:\WINDOWS\SYSTEM32\Wldp.dll
0x00007ffb23510000 - 0x00007ffb235bd000 	C:\WINDOWS\System32\SHCORE.dll
0x00007ffb24740000 - 0x00007ffb24795000 	C:\WINDOWS\System32\shlwapi.dll
0x00007ffb224c0000 - 0x00007ffb224df000 	C:\WINDOWS\SYSTEM32\profapi.dll
0x00007ffb12420000 - 0x00007ffb1243a000 	C:\Program Files\Android\Android Studio\jre\bin\net.dll
0x00007ffb1b510000 - 0x00007ffb1b61c000 	C:\WINDOWS\SYSTEM32\WINHTTP.dll
0x00007ffb21d30000 - 0x00007ffb21d9a000 	C:\WINDOWS\system32\mswsock.dll
0x00007ffb0ffe0000 - 0x00007ffb0fff4000 	C:\Program Files\Android\Android Studio\jre\bin\nio.dll
0x00007ffb08040000 - 0x00007ffb08067000 	C:\Users\Arthur\.gradle\native\8bec1ad78214c89d9ad589b4d07fe93259594b29d510b10fafb7a158f7737e5d\windows-amd64\native-platform.dll
0x00007ffae45f0000 - 0x00007ffae472d000 	C:\Users\Arthur\.gradle\native\53dbd7edfb1c66fb8903c78663c9afc45aea4f116125fa6feffd364cf09443e8\windows-amd64\native-platform-file-events.dll
0x00007ffb191b0000 - 0x00007ffb191ba000 	C:\Program Files\Android\Android Studio\jre\bin\management.dll
0x00007ffb188f0000 - 0x00007ffb188fc000 	C:\Program Files\Android\Android Studio\jre\bin\management_ext.dll
0x00007ffb21f20000 - 0x00007ffb21f38000 	C:\WINDOWS\SYSTEM32\CRYPTSP.dll
0x00007ffb21640000 - 0x00007ffb21674000 	C:\WINDOWS\system32\rsaenh.dll
0x00007ffb22680000 - 0x00007ffb226a7000 	C:\WINDOWS\System32\bcrypt.dll
0x00007ffb22440000 - 0x00007ffb2246e000 	C:\WINDOWS\SYSTEM32\USERENV.dll
0x00007ffb21f40000 - 0x00007ffb21f4c000 	C:\WINDOWS\SYSTEM32\CRYPTBASE.dll
0x00007ffb219d0000 - 0x00007ffb21a0b000 	C:\WINDOWS\SYSTEM32\IPHLPAPI.DLL
0x00007ffb240e0000 - 0x00007ffb240e8000 	C:\WINDOWS\System32\NSI.dll
0x00007ffb196f0000 - 0x00007ffb19707000 	C:\WINDOWS\SYSTEM32\dhcpcsvc6.DLL
0x00007ffb196d0000 - 0x00007ffb196ed000 	C:\WINDOWS\SYSTEM32\dhcpcsvc.DLL
0x00007ffb21a60000 - 0x00007ffb21b2b000 	C:\WINDOWS\SYSTEM32\DNSAPI.dll
0x00007ffb080f0000 - 0x00007ffb08117000 	C:\Program Files\Android\Android Studio\jre\bin\sunec.dll
0x00007ffb19060000 - 0x00007ffb1906a000 	C:\Windows\System32\rasadhlp.dll
0x00007ffb18b30000 - 0x00007ffb18baf000 	C:\WINDOWS\System32\fwpuclnt.dll

dbghelp: loaded successfully - version: 4.0.5 - missing functions: none
symbol engine: initialized successfully - sym options: 0x614 - pdb path: .;C:\Program Files\Android\Android Studio\jre\bin;C:\WINDOWS\SYSTEM32;C:\WINDOWS\WinSxS\amd64_microsoft.windows.common-controls_6595b64144ccf1df_6.0.19041.1110_none_60b5254171f9507e;C:\Program Files\Android\Android Studio\jre\bin\server;C:\Users\Arthur\.gradle\native\8bec1ad78214c89d9ad589b4d07fe93259594b29d510b10fafb7a158f7737e5d\windows-amd64;C:\Users\Arthur\.gradle\native\53dbd7edfb1c66fb8903c78663c9afc45aea4f116125fa6feffd364cf09443e8\windows-amd64

VM Arguments:
jvm_args: --add-opens=java.base/java.util=ALL-UNNAMED --add-opens=java.base/java.lang=ALL-UNNAMED --add-opens=java.base/java.lang.invoke=ALL-UNNAMED --add-opens=java.base/java.util=ALL-UNNAMED --add-opens=java.prefs/java.util.prefs=ALL-UNNAMED --add-opens=java.prefs/java.util.prefs=ALL-UNNAMED --add-opens=java.base/java.nio.charset=ALL-UNNAMED --add-opens=java.base/java.net=ALL-UNNAMED --add-opens=java.base/java.util.concurrent.atomic=ALL-UNNAMED -Xmx2048m -Dfile.encoding=UTF-8 -Duser.country=US -Duser.language=en -Duser.variant 
java_command: org.gradle.launcher.daemon.bootstrap.GradleDaemon 7.0.2
java_class_path (initial): C:\Users\Arthur\.gradle\wrapper\dists\gradle-7.0.2-bin\857tjihv64xamwrf0h14cai3r\gradle-7.0.2\lib\gradle-launcher-7.0.2.jar
Launcher Type: SUN_STANDARD

[Global flags]
     intx CICompilerCount                          = 4                                         {product} {ergonomic}
     uint ConcGCThreads                            = 2                                         {product} {ergonomic}
     uint G1ConcRefinementThreads                  = 8                                         {product} {ergonomic}
   size_t G1HeapRegionSize                         = 1048576                                   {product} {ergonomic}
    uintx GCDrainStackTargetSize                   = 64                                        {product} {ergonomic}
   size_t InitialHeapSize                          = 132120576                                 {product} {ergonomic}
   size_t MarkStackSize                            = 4194304                                   {product} {ergonomic}
   size_t MaxHeapSize                              = 2147483648                                {product} {command line}
   size_t MaxNewSize                               = 1287651328                                {product} {ergonomic}
   size_t MinHeapDeltaBytes                        = 1048576                                   {product} {ergonomic}
    uintx NonNMethodCodeHeapSize                   = 5836300                                {pd product} {ergonomic}
    uintx NonProfiledCodeHeapSize                  = 122910970                              {pd product} {ergonomic}
    uintx ProfiledCodeHeapSize                     = 122910970                              {pd product} {ergonomic}
    uintx ReservedCodeCacheSize                    = 251658240                              {pd product} {ergonomic}
     bool SegmentedCodeCache                       = true                                      {product} {ergonomic}
     bool UseCompressedClassPointers               = true                                 {lp64_product} {ergonomic}
     bool UseCompressedOops                        = true                                 {lp64_product} {ergonomic}
     bool UseG1GC                                  = true                                      {product} {ergonomic}
     bool UseLargePagesIndividualAllocation        = false                                  {pd product} {ergonomic}

Logging:
Log output configuration:
 #0: stdout all=warning uptime,level,tags
 #1: stderr all=off uptime,level,tags

Environment Variables:
PATH=C:\Program Files\Common Files\Oracle\Java\javapath;C:\WINDOWS\system32;C:\WINDOWS;C:\WINDOWS\System32\Wbem;C:\WINDOWS\System32\WindowsPowerShell\v1.0\;C:\WINDOWS\System32\OpenSSH\;C:\Program Files\nodejs\;C:\Program Files\Git\cmd;C:\Program Files\dotnet\;C:\Users\Arthur\AppData\Local\Microsoft\WindowsApps;;C:\Users\Arthur\AppData\Local\Programs\Microsoft VS Code\bin;C:\Users\Arthur\AppData\Roaming\npm;C:\Users\Arthur\.dotnet\tools
USERNAME=Arthur
OS=Windows_NT
PROCESSOR_IDENTIFIER=Intel64 Family 6 Model 142 Stepping 12, GenuineIntel



---------------  S Y S T E M  ---------------

OS: Windows 10 , 64 bit Build 19041 (10.0.19041.1503)
OS uptime: 0 days 2:59 hours

CPU:total 8 (initial active 8) (4 cores per cpu, 2 threads per core) family 6 model 142 stepping 12 microcode 0xde, cmov, cx8, fxsr, mmx, sse, sse2, sse3, ssse3, sse4.1, sse4.2, popcnt, avx, avx2, aes, clmul, erms, 3dnowpref, lzcnt, ht, tsc, tscinvbit, bmi1, bmi2, adx, fma

Memory: 4k page, system-wide physical 7976M (445M free)
TotalPageFile size 10024M (AvailPageFile size 127M)
current process WorkingSet (physical memory assigned to process): 696M, peak: 701M
current process commit charge ("private bytes"): 764M, peak: 897M

vm_info: OpenJDK 64-Bit Server VM (11.0.10+0-b96-7249189) for windows-amd64 JRE (11.0.10+0-b96-7249189), built on Mar 31 2021 21:44:00 by "builder" with MS VC++ 14.0 (VS2015)

END.
