#
# There is insufficient memory for the Java Runtime Environment to continue.
# Native memory allocation (malloc) failed to allocate 816496 bytes for Chunk::new
# Possible reasons:
#   The system is out of physical RAM or swap space
#   The process is running with CompressedOops enabled, and the Java Heap may be blocking the growth of the native heap
# Possible solutions:
#   Reduce memory load on the system
#   Increase physical memory or swap space
#   Check if swap backing store is full
#   Decrease Java heap size (-Xmx/-Xms)
#   Decrease number of Java threads
#   Decrease Java thread stack sizes (-Xss)
#   Set larger code cache with -XX:ReservedCodeCacheSize=
#   JVM is running with Unscaled Compressed Oops mode in which the Java heap is
#     placed in the first 4GB address space. The Java Heap base address is the
#     maximum limit for the native heap growth. Please use -XX:HeapBaseMinAddress
#     to set the Java Heap base and to place the Java Heap above 4GB virtual address.
# This output file may be truncated or incomplete.
#
#  Out of Memory Error (./src/hotspot/share/memory/arena.cpp:197), pid=7504, tid=13088
#
# JRE version: OpenJDK Runtime Environment (11.0.10) (build 11.0.10+0-b96-7249189)
# Java VM: OpenJDK 64-Bit Server VM (11.0.10+0-b96-7249189, mixed mode, tiered, compressed oops, g1 gc, windows-amd64)
# No core dump will be written. Minidumps are not enabled by default on client versions of Windows
#

---------------  S U M M A R Y ------------

Command Line: --add-opens=java.base/java.util=ALL-UNNAMED --add-opens=java.base/java.lang=ALL-UNNAMED --add-opens=java.base/java.lang.invoke=ALL-UNNAMED --add-opens=java.base/java.util=ALL-UNNAMED --add-opens=java.prefs/java.util.prefs=ALL-UNNAMED --add-opens=java.prefs/java.util.prefs=ALL-UNNAMED --add-opens=java.base/java.nio.charset=ALL-UNNAMED --add-opens=java.base/java.net=ALL-UNNAMED --add-opens=java.base/java.util.concurrent.atomic=ALL-UNNAMED -Xmx2048m -Dfile.encoding=UTF-8 -Duser.country=US -Duser.language=en -Duser.variant org.gradle.launcher.daemon.bootstrap.GradleDaemon 7.0.2

Host: Intel(R) Core(TM) i5-10210U CPU @ 1.60GHz, 8 cores, 7G,  Windows 10 , 64 bit Build 19041 (10.0.19041.1503)
Time: Sat Feb 12 13:28:02 2022 Russia TZ 2 Standard Time elapsed time: 34.942906 seconds (0d 0h 0m 34s)

---------------  T H R E A D  ---------------

Current thread (0x00000296eab0b000):  JavaThread "C2 CompilerThread0" daemon [_thread_in_native, id=13088, stack(0x000000b2a1c00000,0x000000b2a1d00000)]


Current CompileTask:
C2:  34942 18319       4       com.android.tools.r8.internal.W4::a (1165 bytes)

Stack: [0x000000b2a1c00000,0x000000b2a1d00000]
Native frames: (J=compiled Java code, j=interpreted, Vv=VM code, C=native code)
V  [jvm.dll+0x5ecfaa]
V  [jvm.dll+0x722bd5]
V  [jvm.dll+0x72412d]
V  [jvm.dll+0x7247e3]
V  [jvm.dll+0x242928]
V  [jvm.dll+0xbc4fc]
V  [jvm.dll+0xbca0c]
V  [jvm.dll+0x352d3b]
V  [jvm.dll+0x197c77]
V  [jvm.dll+0x1fb70e]
V  [jvm.dll+0x1fa7f4]
V  [jvm.dll+0x18354c]
V  [jvm.dll+0x208ee7]
V  [jvm.dll+0x207731]
V  [jvm.dll+0x6eb1cf]
V  [jvm.dll+0x6e3d45]
V  [jvm.dll+0x5ebe96]
C  [ucrtbase.dll+0x21bb2]
C  [KERNEL32.DLL+0x17034]
C  [ntdll.dll+0x52651]


---------------  P R O C E S S  ---------------

Threads class SMR info:
_java_thread_list=0x00000296f749bb10, length=62, elements={
0x00000296ce699000, 0x00000296eaae1800, 0x00000296eaae3000, 0x00000296eab01000,
0x00000296eab02000, 0x00000296eab03000, 0x00000296eab0b000, 0x00000296eab0f800,
0x00000296eab1b000, 0x00000296eb5e6000, 0x00000296ee1de000, 0x00000296efc36800,
0x00000296ed37f000, 0x00000296ec0e8800, 0x00000296ee149000, 0x00000296ee584800,
0x00000296ed292800, 0x00000296ed4a1800, 0x00000296ec77d000, 0x00000296eab11000,
0x00000296eab12000, 0x00000296eab12800, 0x00000296eab10000, 0x00000296eab0d800,
0x00000296eab0e800, 0x00000296eeab2000, 0x00000296eeaad800, 0x00000296eeab0000,
0x00000296eeab3000, 0x00000296eeab0800, 0x00000296eeaae000, 0x00000296eeaaf000,
0x00000296eeab4800, 0x00000296eeab5800, 0x00000296eeab7000, 0x00000296eeab9800,
0x00000296eeabc000, 0x00000296eeab6800, 0x00000296eeab8000, 0x00000296f0065000,
0x00000296f006a000, 0x00000296f0068800, 0x00000296f006b800, 0x00000296f0066000,
0x00000296f006c800, 0x00000296f0066800, 0x00000296f0069000, 0x00000296f006d000,
0x00000296f006b000, 0x00000296f0067800, 0x00000296f0071800, 0x00000296f0074000,
0x00000296f006f800, 0x00000296f006e000, 0x00000296f0073000, 0x00000296f0070800,
0x00000296eab0d000, 0x00000296eab13800, 0x00000296ef377000, 0x00000296ef375800,
0x00000296ef37b000, 0x00000296ef380000
}

Java Threads: ( => current thread )
  0x00000296ce699000 JavaThread "main" [_thread_blocked, id=12012, stack(0x000000b2a1000000,0x000000b2a1100000)]
  0x00000296eaae1800 JavaThread "Reference Handler" daemon [_thread_blocked, id=11212, stack(0x000000b2a1700000,0x000000b2a1800000)]
  0x00000296eaae3000 JavaThread "Finalizer" daemon [_thread_blocked, id=10740, stack(0x000000b2a1800000,0x000000b2a1900000)]
  0x00000296eab01000 JavaThread "Signal Dispatcher" daemon [_thread_blocked, id=12172, stack(0x000000b2a1900000,0x000000b2a1a00000)]
  0x00000296eab02000 JavaThread "Attach Listener" daemon [_thread_blocked, id=6588, stack(0x000000b2a1a00000,0x000000b2a1b00000)]
  0x00000296eab03000 JavaThread "Service Thread" daemon [_thread_blocked, id=576, stack(0x000000b2a1b00000,0x000000b2a1c00000)]
=>0x00000296eab0b000 JavaThread "C2 CompilerThread0" daemon [_thread_in_native, id=13088, stack(0x000000b2a1c00000,0x000000b2a1d00000)]
  0x00000296eab0f800 JavaThread "C1 CompilerThread0" daemon [_thread_blocked, id=12096, stack(0x000000b2a1d00000,0x000000b2a1e00000)]
  0x00000296eab1b000 JavaThread "Sweeper thread" daemon [_thread_blocked, id=7124, stack(0x000000b2a1e00000,0x000000b2a1f00000)]
  0x00000296eb5e6000 JavaThread "Common-Cleaner" daemon [_thread_blocked, id=6664, stack(0x000000b2a1f00000,0x000000b2a2000000)]
  0x00000296ee1de000 JavaThread "Daemon health stats" [_thread_blocked, id=4628, stack(0x000000b2a2500000,0x000000b2a2600000)]
  0x00000296efc36800 JavaThread "Incoming local TCP Connector on port 63596" [_thread_in_native, id=11192, stack(0x000000b2a2100000,0x000000b2a2200000)]
  0x00000296ed37f000 JavaThread "Daemon periodic checks" [_thread_blocked, id=7064, stack(0x000000b2a2400000,0x000000b2a2500000)]
  0x00000296ec0e8800 JavaThread "Daemon" [_thread_blocked, id=9316, stack(0x000000b2a2600000,0x000000b2a2700000)]
  0x00000296ee149000 JavaThread "Handler for socket connection from /127.0.0.1:63596 to /127.0.0.1:63597" [_thread_in_native, id=10020, stack(0x000000b2a2700000,0x000000b2a2800000)]
  0x00000296ee584800 JavaThread "Cancel handler" [_thread_blocked, id=4540, stack(0x000000b2a2800000,0x000000b2a2900000)]
  0x00000296ed292800 JavaThread "Daemon worker" [_thread_blocked, id=10328, stack(0x000000b2a2900000,0x000000b2a2a00000)]
  0x00000296ed4a1800 JavaThread "Asynchronous log dispatcher for DefaultDaemonConnection: socket connection from /127.0.0.1:63596 to /127.0.0.1:63597" [_thread_blocked, id=12028, stack(0x000000b2a2a00000,0x000000b2a2b00000)]
  0x00000296ec77d000 JavaThread "Stdin handler" [_thread_blocked, id=11936, stack(0x000000b2a2b00000,0x000000b2a2c00000)]
  0x00000296eab11000 JavaThread "Daemon client event forwarder" [_thread_blocked, id=13256, stack(0x000000b2a2c00000,0x000000b2a2d00000)]
  0x00000296eab12000 JavaThread "Cache worker for file hash cache (C:\Users\Arthur\.gradle\caches\7.0.2\fileHashes)" [_thread_blocked, id=2404, stack(0x000000b2a3200000,0x000000b2a3300000)]
  0x00000296eab12800 JavaThread "File lock request listener" [_thread_in_native, id=3112, stack(0x000000b2a3300000,0x000000b2a3400000)]
  0x00000296eab10000 JavaThread "Cache worker for journal cache (C:\Users\Arthur\.gradle\caches\journal-1)" [_thread_blocked, id=11532, stack(0x000000b2a3500000,0x000000b2a3600000)]
  0x00000296eab0d800 JavaThread "Cache worker for file hash cache (C:\Users\Arthur\Documents\Programming\cross\DailyPlanner\.gradle\7.0.2\fileHashes)" [_thread_blocked, id=11504, stack(0x000000b2a3800000,0x000000b2a3900000)]
  0x00000296eab0e800 JavaThread "File watcher server" daemon [_thread_in_native, id=11548, stack(0x000000b2a3900000,0x000000b2a3a00000)]
  0x00000296eeab2000 JavaThread "File watcher consumer" daemon [_thread_blocked, id=4684, stack(0x000000b2a3a00000,0x000000b2a3b00000)]
  0x00000296eeaad800 JavaThread "Cache worker for checksums cache (C:\Users\Arthur\Documents\Programming\cross\DailyPlanner\.gradle\checksums)" [_thread_blocked, id=11184, stack(0x000000b2a3b00000,0x000000b2a3c00000)]
  0x00000296eeab0000 JavaThread "Cache worker for cache directory md-supplier (C:\Users\Arthur\.gradle\caches\7.0.2\md-supplier)" [_thread_blocked, id=11880, stack(0x000000b2a3c00000,0x000000b2a3d00000)]
  0x00000296eeab3000 JavaThread "Cache worker for cache directory md-rule (C:\Users\Arthur\.gradle\caches\7.0.2\md-rule)" [_thread_blocked, id=10700, stack(0x000000b2a3d00000,0x000000b2a3e00000)]
  0x00000296eeab0800 JavaThread "Cache worker for execution history cache (C:\Users\Arthur\.gradle\caches\7.0.2\executionHistory)" [_thread_in_native, id=9212, stack(0x000000b2a3e00000,0x000000b2a3f00000)]
  0x00000296eeaae000 JavaThread "jar transforms" [_thread_blocked, id=1324, stack(0x000000b2a3f00000,0x000000b2a4000000)]
  0x00000296eeaaf000 JavaThread "jar transforms Thread 2" [_thread_blocked, id=7712, stack(0x000000b2a4000000,0x000000b2a4100000)]
  0x00000296eeab4800 JavaThread "Cache worker for file content cache (C:\Users\Arthur\.gradle\caches\7.0.2\fileContent)" [_thread_blocked, id=11660, stack(0x000000b2a4100000,0x000000b2a4200000)]
  0x00000296eeab5800 JavaThread "Cache worker for dependencies-accessors (C:\Users\Arthur\Documents\Programming\cross\DailyPlanner\.gradle\7.0.2\dependencies-accessors)" [_thread_blocked, id=11636, stack(0x000000b2a4200000,0x000000b2a4300000)]
  0x00000296eeab7000 JavaThread "jar transforms Thread 3" [_thread_blocked, id=1664, stack(0x000000b2a4300000,0x000000b2a4400000)]
  0x00000296eeab9800 JavaThread "Cache worker for Build Output Cleanup Cache (C:\Users\Arthur\Documents\Programming\cross\DailyPlanner\.gradle\buildOutputCleanup)" [_thread_blocked, id=7932, stack(0x000000b2a4400000,0x000000b2a4500000)]
  0x00000296eeabc000 JavaThread "Build operations" [_thread_in_Java, id=9692, stack(0x000000b2a4500000,0x000000b2a4600000)]
  0x00000296eeab6800 JavaThread "Build operations Thread 2" [_thread_blocked, id=13020, stack(0x000000b2a4600000,0x000000b2a4700000)]
  0x00000296eeab8000 JavaThread "Build operations Thread 3" [_thread_in_Java, id=13252, stack(0x000000b2a4700000,0x000000b2a4800000)]
  0x00000296f0065000 JavaThread "Build operations Thread 4" [_thread_in_Java, id=7000, stack(0x000000b2a4800000,0x000000b2a4900000)]
  0x00000296f006a000 JavaThread "Build operations Thread 5" [_thread_blocked, id=3352, stack(0x000000b2a4900000,0x000000b2a4a00000)]
  0x00000296f0068800 JavaThread "Build operations Thread 6" [_thread_in_Java, id=11616, stack(0x000000b2a4a00000,0x000000b2a4b00000)]
  0x00000296f006b800 JavaThread "Build operations Thread 7" [_thread_in_Java, id=4940, stack(0x000000b2a4b00000,0x000000b2a4c00000)]
  0x00000296f0066000 JavaThread "Build operations Thread 8" [_thread_in_vm, id=6068, stack(0x000000b2a4c00000,0x000000b2a4d00000)]
  0x00000296f006c800 JavaThread "jar transforms Thread 4" [_thread_blocked, id=7444, stack(0x000000b2a4d00000,0x000000b2a4e00000)]
  0x00000296f0066800 JavaThread "jar transforms Thread 5" [_thread_blocked, id=7468, stack(0x000000b2a4e00000,0x000000b2a4f00000)]
  0x00000296f0069000 JavaThread "jar transforms Thread 6" [_thread_blocked, id=8008, stack(0x000000b2a4f00000,0x000000b2a5000000)]
  0x00000296f006d000 JavaThread "jar transforms Thread 7" [_thread_blocked, id=2784, stack(0x000000b2a5000000,0x000000b2a5100000)]
  0x00000296f006b000 JavaThread "jar transforms Thread 8" [_thread_blocked, id=5108, stack(0x000000b2a5100000,0x000000b2a5200000)]
  0x00000296f0067800 JavaThread "C2 CompilerThread1" daemon [_thread_in_native, id=480, stack(0x000000b2a3600000,0x000000b2a3700000)]
  0x00000296f0071800 JavaThread "C2 CompilerThread2" daemon [_thread_in_native, id=9820, stack(0x000000b2a3700000,0x000000b2a3800000)]
  0x00000296f0074000 JavaThread "Memory manager" [_thread_blocked, id=11812, stack(0x000000b2a5200000,0x000000b2a5300000)]
  0x00000296f006f800 JavaThread "build event listener" [_thread_blocked, id=7904, stack(0x000000b2a5300000,0x000000b2a5400000)]
  0x00000296f006e000 JavaThread "Execution worker for ':'" [_thread_blocked, id=12748, stack(0x000000b2a5400000,0x000000b2a5500000)]
  0x00000296f0073000 JavaThread "Execution worker for ':' Thread 2" [_thread_blocked, id=6264, stack(0x000000b2a5500000,0x000000b2a5600000)]
  0x00000296f0070800 JavaThread "Execution worker for ':' Thread 3" [_thread_blocked, id=10352, stack(0x000000b2a5600000,0x000000b2a5700000)]
  0x00000296eab0d000 JavaThread "Execution worker for ':' Thread 4" [_thread_blocked, id=11180, stack(0x000000b2a5700000,0x000000b2a5800000)]
  0x00000296eab13800 JavaThread "Execution worker for ':' Thread 5" [_thread_blocked, id=7824, stack(0x000000b2a5800000,0x000000b2a5900000)]
  0x00000296ef377000 JavaThread "Execution worker for ':' Thread 6" [_thread_blocked, id=6696, stack(0x000000b2a5900000,0x000000b2a5a00000)]
  0x00000296ef375800 JavaThread "Execution worker for ':' Thread 7" [_thread_blocked, id=1848, stack(0x000000b2a5a00000,0x000000b2a5b00000)]
  0x00000296ef37b000 JavaThread "Cache worker for execution history cache (C:\Users\Arthur\Documents\Programming\cross\DailyPlanner\.gradle\7.0.2\executionHistory)" [_thread_blocked, id=2092, stack(0x000000b2a5b00000,0x000000b2a5c00000)]
  0x00000296ef380000 JavaThread "WorkerExecutor Queue Thread 8" [_thread_blocked, id=12884, stack(0x000000b2a6300000,0x000000b2a6400000)]

Other Threads:
  0x00000296eaadd800 VMThread "VM Thread" [stack: 0x000000b2a1600000,0x000000b2a1700000] [id=10932]
  0x00000296eb600000 WatcherThread [stack: 0x000000b2a2000000,0x000000b2a2100000] [id=3124]
  0x00000296ce6b2800 GCTaskThread "GC Thread#0" [stack: 0x000000b2a1100000,0x000000b2a1200000] [id=12972]
  0x00000296ebd13800 GCTaskThread "GC Thread#1" [stack: 0x000000b2a2200000,0x000000b2a2300000] [id=12580]
  0x00000296ebc42000 GCTaskThread "GC Thread#2" [stack: 0x000000b2a2300000,0x000000b2a2400000] [id=2396]
  0x00000296ee5d1800 GCTaskThread "GC Thread#3" [stack: 0x000000b2a2d00000,0x000000b2a2e00000] [id=5632]
  0x00000296ec162800 GCTaskThread "GC Thread#4" [stack: 0x000000b2a2e00000,0x000000b2a2f00000] [id=11632]
  0x00000296ec27d000 GCTaskThread "GC Thread#5" [stack: 0x000000b2a2f00000,0x000000b2a3000000] [id=11292]
  0x00000296eddf4800 GCTaskThread "GC Thread#6" [stack: 0x000000b2a3000000,0x000000b2a3100000] [id=9004]
  0x00000296ec27d800 GCTaskThread "GC Thread#7" [stack: 0x000000b2a3100000,0x000000b2a3200000] [id=9900]
  0x00000296ce6e3800 ConcurrentGCThread "G1 Main Marker" [stack: 0x000000b2a1200000,0x000000b2a1300000] [id=3480]
  0x00000296ce6e5800 ConcurrentGCThread "G1 Conc#0" [stack: 0x000000b2a1300000,0x000000b2a1400000] [id=8648]
  0x00000296eedbe800 ConcurrentGCThread "G1 Conc#1" [stack: 0x000000b2a3400000,0x000000b2a3500000] [id=12052]
  0x00000296ce774000 ConcurrentGCThread "G1 Refine#0" [stack: 0x000000b2a1400000,0x000000b2a1500000] [id=2944]
  0x00000296ea930800 ConcurrentGCThread "G1 Young RemSet Sampling" [stack: 0x000000b2a1500000,0x000000b2a1600000] [id=5316]

Threads with active compile tasks:
C2 CompilerThread0  34971 18319       4       com.android.tools.r8.internal.W4::a (1165 bytes)
C2 CompilerThread1  34971 18117 %     4       com.android.tools.r8.internal.T6::a @ 2560 (6044 bytes)
C2 CompilerThread2  34971 17876 %     4       com.android.tools.r8.ir.regalloc.a::a @ 2157 (3985 bytes)

VM state:not at safepoint (normal execution)

VM Mutex/Monitor currently owned by a thread: None

Heap address: 0x0000000080000000, size: 2048 MB, Compressed Oops mode: 32-bit
Narrow klass base: 0x0000000000000000, Narrow klass shift: 3
Compressed class space size: 1073741824 Address: 0x0000000100000000

Heap:
 garbage-first heap   total 405504K, used 334345K [0x0000000080000000, 0x0000000100000000)
  region size 1024K, 169 young (173056K), 15 survivors (15360K)
 Metaspace       used 114068K, capacity 116790K, committed 117120K, reserved 1150976K
  class space    used 14338K, capacity 15400K, committed 15488K, reserved 1048576K
Heap Regions: E=young(eden), S=young(survivor), O=old, HS=humongous(starts), HC=humongous(continues), CS=collection set, F=free, A=archive, TAMS=top-at-mark-start (previous, next)
|   0|0x0000000080000000, 0x0000000080100000, 0x0000000080100000|100%| O|  |TAMS 0x0000000080100000, 0x0000000080000000| Untracked 
|   1|0x0000000080100000, 0x0000000080200000, 0x0000000080200000|100%| O|  |TAMS 0x0000000080200000, 0x0000000080100000| Untracked 
|   2|0x0000000080200000, 0x0000000080300000, 0x0000000080300000|100%| O|  |TAMS 0x0000000080300000, 0x0000000080200000| Untracked 
|   3|0x0000000080300000, 0x0000000080400000, 0x0000000080400000|100%|HS|  |TAMS 0x0000000080400000, 0x0000000080300000| Complete 
|   4|0x0000000080400000, 0x0000000080500000, 0x0000000080500000|100%|HC|  |TAMS 0x0000000080500000, 0x0000000080400000| Complete 
|   5|0x0000000080500000, 0x0000000080600000, 0x0000000080600000|100%|HC|  |TAMS 0x0000000080600000, 0x0000000080500000| Complete 
|   6|0x0000000080600000, 0x0000000080700000, 0x0000000080700000|100%| O|  |TAMS 0x0000000080700000, 0x0000000080600000| Untracked 
|   7|0x0000000080700000, 0x0000000080800000, 0x0000000080800000|100%| O|  |TAMS 0x0000000080800000, 0x0000000080700000| Untracked 
|   8|0x0000000080800000, 0x0000000080900000, 0x0000000080900000|100%| O|  |TAMS 0x0000000080900000, 0x0000000080800000| Untracked 
|   9|0x0000000080900000, 0x0000000080a00000, 0x0000000080a00000|100%| O|  |TAMS 0x0000000080a00000, 0x0000000080900000| Untracked 
|  10|0x0000000080a00000, 0x0000000080b00000, 0x0000000080b00000|100%| O|  |TAMS 0x0000000080b00000, 0x0000000080a00000| Untracked 
|  11|0x0000000080b00000, 0x0000000080c00000, 0x0000000080c00000|100%| O|  |TAMS 0x0000000080c00000, 0x0000000080b00000| Untracked 
|  12|0x0000000080c00000, 0x0000000080d00000, 0x0000000080d00000|100%| O|  |TAMS 0x0000000080d00000, 0x0000000080c00000| Untracked 
|  13|0x0000000080d00000, 0x0000000080e00000, 0x0000000080e00000|100%| O|  |TAMS 0x0000000080e00000, 0x0000000080d00000| Untracked 
|  14|0x0000000080e00000, 0x0000000080f00000, 0x0000000080f00000|100%| O|  |TAMS 0x0000000080f00000, 0x0000000080e00000| Untracked 
|  15|0x0000000080f00000, 0x0000000081000000, 0x0000000081000000|100%| O|  |TAMS 0x0000000081000000, 0x0000000080f00000| Untracked 
|  16|0x0000000081000000, 0x0000000081100000, 0x0000000081100000|100%|HS|  |TAMS 0x0000000081100000, 0x0000000081000000| Complete 
|  17|0x0000000081100000, 0x0000000081200000, 0x0000000081200000|100%| O|  |TAMS 0x0000000081200000, 0x0000000081100000| Untracked 
|  18|0x0000000081200000, 0x0000000081300000, 0x0000000081300000|100%| O|  |TAMS 0x0000000081300000, 0x0000000081200000| Untracked 
|  19|0x0000000081300000, 0x0000000081400000, 0x0000000081400000|100%| O|  |TAMS 0x0000000081400000, 0x0000000081300000| Untracked 
|  20|0x0000000081400000, 0x0000000081500000, 0x0000000081500000|100%| O|  |TAMS 0x0000000081500000, 0x0000000081400000| Untracked 
|  21|0x0000000081500000, 0x0000000081600000, 0x0000000081600000|100%| O|  |TAMS 0x0000000081600000, 0x0000000081500000| Untracked 
|  22|0x0000000081600000, 0x0000000081700000, 0x0000000081700000|100%| O|  |TAMS 0x0000000081700000, 0x0000000081600000| Untracked 
|  23|0x0000000081700000, 0x0000000081800000, 0x0000000081800000|100%| O|  |TAMS 0x0000000081800000, 0x0000000081700000| Untracked 
|  24|0x0000000081800000, 0x0000000081900000, 0x0000000081900000|100%| O|  |TAMS 0x0000000081900000, 0x0000000081800000| Untracked 
|  25|0x0000000081900000, 0x0000000081a00000, 0x0000000081a00000|100%| O|  |TAMS 0x0000000081a00000, 0x0000000081900000| Untracked 
|  26|0x0000000081a00000, 0x0000000081b00000, 0x0000000081b00000|100%| O|  |TAMS 0x0000000081b00000, 0x0000000081a00000| Untracked 
|  27|0x0000000081b00000, 0x0000000081c00000, 0x0000000081c00000|100%|HS|  |TAMS 0x0000000081c00000, 0x0000000081b00000| Complete 
|  28|0x0000000081c00000, 0x0000000081d00000, 0x0000000081d00000|100%|HS|  |TAMS 0x0000000081d00000, 0x0000000081c00000| Complete 
|  29|0x0000000081d00000, 0x0000000081e00000, 0x0000000081e00000|100%|HS|  |TAMS 0x0000000081e00000, 0x0000000081d00000| Complete 
|  30|0x0000000081e00000, 0x0000000081f00000, 0x0000000081f00000|100%|HC|  |TAMS 0x0000000081f00000, 0x0000000081e00000| Complete 
|  31|0x0000000081f00000, 0x0000000082000000, 0x0000000082000000|100%|HC|  |TAMS 0x0000000082000000, 0x0000000081f00000| Complete 
|  32|0x0000000082000000, 0x0000000082100000, 0x0000000082100000|100%|HS|  |TAMS 0x0000000082100000, 0x0000000082000000| Complete 
|  33|0x0000000082100000, 0x0000000082200000, 0x0000000082200000|100%|HC|  |TAMS 0x0000000082200000, 0x0000000082100000| Complete 
|  34|0x0000000082200000, 0x0000000082300000, 0x0000000082300000|100%| O|  |TAMS 0x0000000082300000, 0x0000000082200000| Untracked 
|  35|0x0000000082300000, 0x0000000082400000, 0x0000000082400000|100%| O|  |TAMS 0x0000000082400000, 0x0000000082300000| Untracked 
|  36|0x0000000082400000, 0x0000000082500000, 0x0000000082500000|100%| O|  |TAMS 0x0000000082500000, 0x0000000082400000| Untracked 
|  37|0x0000000082500000, 0x0000000082600000, 0x0000000082600000|100%| O|  |TAMS 0x0000000082600000, 0x0000000082500000| Untracked 
|  38|0x0000000082600000, 0x0000000082700000, 0x0000000082700000|100%| O|  |TAMS 0x0000000082700000, 0x0000000082600000| Untracked 
|  39|0x0000000082700000, 0x0000000082800000, 0x0000000082800000|100%| O|  |TAMS 0x0000000082800000, 0x0000000082700000| Untracked 
|  40|0x0000000082800000, 0x0000000082900000, 0x0000000082900000|100%| O|  |TAMS 0x0000000082900000, 0x0000000082800000| Untracked 
|  41|0x0000000082900000, 0x0000000082a00000, 0x0000000082a00000|100%| O|  |TAMS 0x0000000082a00000, 0x0000000082900000| Untracked 
|  42|0x0000000082a00000, 0x0000000082b00000, 0x0000000082b00000|100%| O|  |TAMS 0x0000000082b00000, 0x0000000082a00000| Untracked 
|  43|0x0000000082b00000, 0x0000000082c00000, 0x0000000082c00000|100%| O|  |TAMS 0x0000000082c00000, 0x0000000082b00000| Untracked 
|  44|0x0000000082c00000, 0x0000000082d00000, 0x0000000082d00000|100%| O|  |TAMS 0x0000000082d00000, 0x0000000082c00000| Untracked 
|  45|0x0000000082d00000, 0x0000000082e00000, 0x0000000082e00000|100%| O|  |TAMS 0x0000000082e00000, 0x0000000082d00000| Untracked 
|  46|0x0000000082e00000, 0x0000000082f00000, 0x0000000082f00000|100%| O|  |TAMS 0x0000000082f00000, 0x0000000082e00000| Untracked 
|  47|0x0000000082f00000, 0x0000000083000000, 0x0000000083000000|100%| O|  |TAMS 0x0000000083000000, 0x0000000082f00000| Untracked 
|  48|0x0000000083000000, 0x0000000083100000, 0x0000000083100000|100%| O|  |TAMS 0x0000000083100000, 0x0000000083000000| Untracked 
|  49|0x0000000083100000, 0x0000000083200000, 0x0000000083200000|100%| O|  |TAMS 0x0000000083200000, 0x0000000083100000| Untracked 
|  50|0x0000000083200000, 0x0000000083300000, 0x0000000083300000|100%| O|  |TAMS 0x0000000083300000, 0x0000000083200000| Untracked 
|  51|0x0000000083300000, 0x0000000083400000, 0x0000000083400000|100%| O|  |TAMS 0x0000000083400000, 0x0000000083300000| Untracked 
|  52|0x0000000083400000, 0x0000000083500000, 0x0000000083500000|100%| O|  |TAMS 0x0000000083500000, 0x0000000083400000| Untracked 
|  53|0x0000000083500000, 0x0000000083600000, 0x0000000083600000|100%| O|  |TAMS 0x0000000083600000, 0x0000000083500000| Untracked 
|  54|0x0000000083600000, 0x0000000083700000, 0x0000000083700000|100%| O|  |TAMS 0x0000000083700000, 0x0000000083600000| Untracked 
|  55|0x0000000083700000, 0x0000000083800000, 0x0000000083800000|100%| O|  |TAMS 0x0000000083800000, 0x0000000083700000| Untracked 
|  56|0x0000000083800000, 0x0000000083900000, 0x0000000083900000|100%| O|  |TAMS 0x0000000083900000, 0x0000000083800000| Untracked 
|  57|0x0000000083900000, 0x0000000083a00000, 0x0000000083a00000|100%| O|  |TAMS 0x0000000083a00000, 0x0000000083900000| Untracked 
|  58|0x0000000083a00000, 0x0000000083b00000, 0x0000000083b00000|100%| O|  |TAMS 0x0000000083b00000, 0x0000000083a00000| Untracked 
|  59|0x0000000083b00000, 0x0000000083c00000, 0x0000000083c00000|100%| O|  |TAMS 0x0000000083c00000, 0x0000000083b00000| Untracked 
|  60|0x0000000083c00000, 0x0000000083d00000, 0x0000000083d00000|100%| O|  |TAMS 0x0000000083d00000, 0x0000000083c00000| Untracked 
|  61|0x0000000083d00000, 0x0000000083e00000, 0x0000000083e00000|100%| O|  |TAMS 0x0000000083e00000, 0x0000000083d00000| Untracked 
|  62|0x0000000083e00000, 0x0000000083f00000, 0x0000000083f00000|100%| O|  |TAMS 0x0000000083f00000, 0x0000000083e00000| Untracked 
|  63|0x0000000083f00000, 0x0000000084000000, 0x0000000084000000|100%| O|  |TAMS 0x0000000084000000, 0x0000000083f00000| Untracked 
|  64|0x0000000084000000, 0x0000000084100000, 0x0000000084100000|100%| O|  |TAMS 0x0000000084100000, 0x0000000084000000| Untracked 
|  65|0x0000000084100000, 0x0000000084200000, 0x0000000084200000|100%| O|  |TAMS 0x0000000084200000, 0x0000000084100000| Untracked 
|  66|0x0000000084200000, 0x0000000084300000, 0x0000000084300000|100%| O|  |TAMS 0x0000000084300000, 0x0000000084200000| Untracked 
|  67|0x0000000084300000, 0x0000000084400000, 0x0000000084400000|100%| O|  |TAMS 0x0000000084400000, 0x0000000084300000| Untracked 
|  68|0x0000000084400000, 0x0000000084500000, 0x0000000084500000|100%| O|  |TAMS 0x0000000084500000, 0x0000000084400000| Untracked 
|  69|0x0000000084500000, 0x0000000084600000, 0x0000000084600000|100%| O|  |TAMS 0x0000000084600000, 0x0000000084500000| Untracked 
|  70|0x0000000084600000, 0x0000000084700000, 0x0000000084700000|100%| O|  |TAMS 0x0000000084700000, 0x0000000084600000| Untracked 
|  71|0x0000000084700000, 0x0000000084800000, 0x0000000084800000|100%| O|  |TAMS 0x0000000084800000, 0x0000000084700000| Untracked 
|  72|0x0000000084800000, 0x0000000084900000, 0x0000000084900000|100%| O|  |TAMS 0x0000000084900000, 0x0000000084800000| Untracked 
|  73|0x0000000084900000, 0x0000000084a00000, 0x0000000084a00000|100%| O|  |TAMS 0x0000000084a00000, 0x0000000084900000| Untracked 
|  74|0x0000000084a00000, 0x0000000084b00000, 0x0000000084b00000|100%| O|  |TAMS 0x0000000084b00000, 0x0000000084a00000| Untracked 
|  75|0x0000000084b00000, 0x0000000084c00000, 0x0000000084c00000|100%| O|  |TAMS 0x0000000084c00000, 0x0000000084b00000| Untracked 
|  76|0x0000000084c00000, 0x0000000084d00000, 0x0000000084d00000|100%| O|  |TAMS 0x0000000084d00000, 0x0000000084c00000| Untracked 
|  77|0x0000000084d00000, 0x0000000084e00000, 0x0000000084e00000|100%| O|  |TAMS 0x0000000084e00000, 0x0000000084d00000| Untracked 
|  78|0x0000000084e00000, 0x0000000084f00000, 0x0000000084f00000|100%| O|  |TAMS 0x0000000084f00000, 0x0000000084e00000| Untracked 
|  79|0x0000000084f00000, 0x0000000085000000, 0x0000000085000000|100%| O|  |TAMS 0x0000000085000000, 0x0000000084f00000| Untracked 
|  80|0x0000000085000000, 0x0000000085100000, 0x0000000085100000|100%| O|  |TAMS 0x0000000085100000, 0x0000000085000000| Untracked 
|  81|0x0000000085100000, 0x0000000085200000, 0x0000000085200000|100%| O|  |TAMS 0x0000000085200000, 0x0000000085100000| Untracked 
|  82|0x0000000085200000, 0x0000000085300000, 0x0000000085300000|100%| O|  |TAMS 0x0000000085300000, 0x0000000085200000| Untracked 
|  83|0x0000000085300000, 0x0000000085400000, 0x0000000085400000|100%| O|  |TAMS 0x0000000085400000, 0x0000000085300000| Untracked 
|  84|0x0000000085400000, 0x0000000085500000, 0x0000000085500000|100%| O|  |TAMS 0x0000000085500000, 0x0000000085400000| Untracked 
|  85|0x0000000085500000, 0x0000000085600000, 0x0000000085600000|100%| O|  |TAMS 0x0000000085600000, 0x0000000085500000| Untracked 
|  86|0x0000000085600000, 0x0000000085700000, 0x0000000085700000|100%| O|  |TAMS 0x0000000085700000, 0x0000000085600000| Untracked 
|  87|0x0000000085700000, 0x0000000085800000, 0x0000000085800000|100%| O|  |TAMS 0x0000000085800000, 0x0000000085700000| Untracked 
|  88|0x0000000085800000, 0x0000000085900000, 0x0000000085900000|100%| O|  |TAMS 0x0000000085900000, 0x0000000085800000| Untracked 
|  89|0x0000000085900000, 0x0000000085a00000, 0x0000000085a00000|100%| O|  |TAMS 0x0000000085a00000, 0x0000000085900000| Untracked 
|  90|0x0000000085a00000, 0x0000000085b00000, 0x0000000085b00000|100%| O|  |TAMS 0x0000000085b00000, 0x0000000085a00000| Untracked 
|  91|0x0000000085b00000, 0x0000000085c00000, 0x0000000085c00000|100%| O|  |TAMS 0x0000000085c00000, 0x0000000085b00000| Untracked 
|  92|0x0000000085c00000, 0x0000000085d00000, 0x0000000085d00000|100%| O|  |TAMS 0x0000000085d00000, 0x0000000085c00000| Untracked 
|  93|0x0000000085d00000, 0x0000000085e00000, 0x0000000085e00000|100%| O|  |TAMS 0x0000000085e00000, 0x0000000085d00000| Untracked 
|  94|0x0000000085e00000, 0x0000000085e00000, 0x0000000085f00000|  0%| F|  |TAMS 0x0000000085e00000, 0x0000000085e00000| Untracked 
|  95|0x0000000085f00000, 0x0000000086000000, 0x0000000086000000|100%| O|  |TAMS 0x0000000086000000, 0x0000000085f00000| Untracked 
|  96|0x0000000086000000, 0x0000000086100000, 0x0000000086100000|100%| O|  |TAMS 0x0000000086100000, 0x0000000086000000| Untracked 
|  97|0x0000000086100000, 0x0000000086200000, 0x0000000086200000|100%| O|  |TAMS 0x0000000086200000, 0x0000000086100000| Untracked 
|  98|0x0000000086200000, 0x0000000086300000, 0x0000000086300000|100%| O|  |TAMS 0x0000000086300000, 0x0000000086200000| Untracked 
|  99|0x0000000086300000, 0x0000000086400000, 0x0000000086400000|100%| O|  |TAMS 0x0000000086400000, 0x0000000086300000| Untracked 
| 100|0x0000000086400000, 0x0000000086500000, 0x0000000086500000|100%| O|  |TAMS 0x0000000086500000, 0x0000000086400000| Untracked 
| 101|0x0000000086500000, 0x0000000086600000, 0x0000000086600000|100%| O|  |TAMS 0x0000000086600000, 0x0000000086500000| Untracked 
| 102|0x0000000086600000, 0x0000000086700000, 0x0000000086700000|100%| O|  |TAMS 0x0000000086700000, 0x0000000086600000| Untracked 
| 103|0x0000000086700000, 0x0000000086700000, 0x0000000086800000|  0%| F|  |TAMS 0x0000000086700000, 0x0000000086700000| Untracked 
| 104|0x0000000086800000, 0x0000000086900000, 0x0000000086900000|100%| O|  |TAMS 0x0000000086900000, 0x0000000086800000| Untracked 
| 105|0x0000000086900000, 0x0000000086a00000, 0x0000000086a00000|100%| O|  |TAMS 0x0000000086a00000, 0x0000000086900000| Untracked 
| 106|0x0000000086a00000, 0x0000000086b00000, 0x0000000086b00000|100%| O|  |TAMS 0x0000000086b00000, 0x0000000086a00000| Untracked 
| 107|0x0000000086b00000, 0x0000000086c00000, 0x0000000086c00000|100%| O|  |TAMS 0x0000000086c00000, 0x0000000086b00000| Untracked 
| 108|0x0000000086c00000, 0x0000000086d00000, 0x0000000086d00000|100%| O|  |TAMS 0x0000000086d00000, 0x0000000086c00000| Untracked 
| 109|0x0000000086d00000, 0x0000000086e00000, 0x0000000086e00000|100%| O|  |TAMS 0x0000000086e00000, 0x0000000086d00000| Untracked 
| 110|0x0000000086e00000, 0x0000000086f00000, 0x0000000086f00000|100%| O|  |TAMS 0x0000000086f00000, 0x0000000086e00000| Untracked 
| 111|0x0000000086f00000, 0x0000000087000000, 0x0000000087000000|100%| O|  |TAMS 0x0000000087000000, 0x0000000086f00000| Untracked 
| 112|0x0000000087000000, 0x0000000087100000, 0x0000000087100000|100%| O|  |TAMS 0x0000000087100000, 0x0000000087000000| Untracked 
| 113|0x0000000087100000, 0x0000000087200000, 0x0000000087200000|100%| O|  |TAMS 0x0000000087200000, 0x0000000087100000| Untracked 
| 114|0x0000000087200000, 0x0000000087300000, 0x0000000087300000|100%| O|  |TAMS 0x0000000087300000, 0x0000000087200000| Untracked 
| 115|0x0000000087300000, 0x0000000087400000, 0x0000000087400000|100%| O|  |TAMS 0x0000000087400000, 0x0000000087300000| Untracked 
| 116|0x0000000087400000, 0x0000000087500000, 0x0000000087500000|100%| O|  |TAMS 0x0000000087500000, 0x0000000087400000| Untracked 
| 117|0x0000000087500000, 0x0000000087600000, 0x0000000087600000|100%| O|  |TAMS 0x0000000087600000, 0x0000000087500000| Untracked 
| 118|0x0000000087600000, 0x0000000087700000, 0x0000000087700000|100%| O|  |TAMS 0x0000000087700000, 0x0000000087600000| Untracked 
| 119|0x0000000087700000, 0x0000000087800000, 0x0000000087800000|100%| O|  |TAMS 0x0000000087800000, 0x0000000087700000| Untracked 
| 120|0x0000000087800000, 0x0000000087900000, 0x0000000087900000|100%| O|  |TAMS 0x0000000087900000, 0x0000000087800000| Untracked 
| 121|0x0000000087900000, 0x0000000087a00000, 0x0000000087a00000|100%| O|  |TAMS 0x0000000087a00000, 0x0000000087900000| Untracked 
| 122|0x0000000087a00000, 0x0000000087b00000, 0x0000000087b00000|100%| O|  |TAMS 0x0000000087b00000, 0x0000000087a00000| Untracked 
| 123|0x0000000087b00000, 0x0000000087c00000, 0x0000000087c00000|100%| O|  |TAMS 0x0000000087c00000, 0x0000000087b00000| Untracked 
| 124|0x0000000087c00000, 0x0000000087d00000, 0x0000000087d00000|100%| O|  |TAMS 0x0000000087d00000, 0x0000000087c00000| Untracked 
| 125|0x0000000087d00000, 0x0000000087e00000, 0x0000000087e00000|100%| O|  |TAMS 0x0000000087e00000, 0x0000000087d00000| Untracked 
| 126|0x0000000087e00000, 0x0000000087f00000, 0x0000000087f00000|100%| O|  |TAMS 0x0000000087f00000, 0x0000000087e00000| Untracked 
| 127|0x0000000087f00000, 0x0000000088000000, 0x0000000088000000|100%| O|  |TAMS 0x0000000088000000, 0x0000000087f00000| Untracked 
| 128|0x0000000088000000, 0x0000000088100000, 0x0000000088100000|100%| O|  |TAMS 0x0000000088100000, 0x0000000088000000| Untracked 
| 129|0x0000000088100000, 0x0000000088200000, 0x0000000088200000|100%| O|  |TAMS 0x0000000088200000, 0x0000000088100000| Untracked 
| 130|0x0000000088200000, 0x0000000088300000, 0x0000000088300000|100%| O|  |TAMS 0x0000000088300000, 0x0000000088200000| Untracked 
| 131|0x0000000088300000, 0x0000000088400000, 0x0000000088400000|100%| O|  |TAMS 0x0000000088400000, 0x0000000088300000| Untracked 
| 132|0x0000000088400000, 0x0000000088500000, 0x0000000088500000|100%| O|  |TAMS 0x0000000088500000, 0x0000000088400000| Untracked 
| 133|0x0000000088500000, 0x0000000088600000, 0x0000000088600000|100%| O|  |TAMS 0x0000000088600000, 0x0000000088500000| Untracked 
| 134|0x0000000088600000, 0x0000000088700000, 0x0000000088700000|100%| O|  |TAMS 0x0000000088700000, 0x0000000088600000| Untracked 
| 135|0x0000000088700000, 0x0000000088800000, 0x0000000088800000|100%| O|  |TAMS 0x0000000088800000, 0x0000000088700000| Untracked 
| 136|0x0000000088800000, 0x0000000088900000, 0x0000000088900000|100%| O|  |TAMS 0x0000000088900000, 0x0000000088800000| Untracked 
| 137|0x0000000088900000, 0x0000000088a00000, 0x0000000088a00000|100%| O|  |TAMS 0x0000000088a00000, 0x0000000088900000| Untracked 
| 138|0x0000000088a00000, 0x0000000088b00000, 0x0000000088b00000|100%| O|  |TAMS 0x0000000088b00000, 0x0000000088a00000| Untracked 
| 139|0x0000000088b00000, 0x0000000088c00000, 0x0000000088c00000|100%| O|  |TAMS 0x0000000088c00000, 0x0000000088b00000| Untracked 
| 140|0x0000000088c00000, 0x0000000088d00000, 0x0000000088d00000|100%| O|  |TAMS 0x0000000088d00000, 0x0000000088c00000| Untracked 
| 141|0x0000000088d00000, 0x0000000088e00000, 0x0000000088e00000|100%| O|  |TAMS 0x0000000088e00000, 0x0000000088d00000| Untracked 
| 142|0x0000000088e00000, 0x0000000088f00000, 0x0000000088f00000|100%| O|  |TAMS 0x0000000088f00000, 0x0000000088e00000| Untracked 
| 143|0x0000000088f00000, 0x0000000089000000, 0x0000000089000000|100%| O|  |TAMS 0x0000000088f3d800, 0x0000000088f00000| Untracked 
| 144|0x0000000089000000, 0x0000000089100000, 0x0000000089100000|100%| O|  |TAMS 0x0000000089000000, 0x0000000089000000| Untracked 
| 145|0x0000000089100000, 0x0000000089200000, 0x0000000089200000|100%| O|  |TAMS 0x0000000089100000, 0x0000000089100000| Untracked 
| 146|0x0000000089200000, 0x0000000089300000, 0x0000000089300000|100%| O|  |TAMS 0x0000000089200000, 0x0000000089200000| Untracked 
| 147|0x0000000089300000, 0x0000000089400000, 0x0000000089400000|100%| O|  |TAMS 0x0000000089300000, 0x0000000089300000| Untracked 
| 148|0x0000000089400000, 0x0000000089500000, 0x0000000089500000|100%| O|  |TAMS 0x0000000089400000, 0x0000000089400000| Untracked 
| 149|0x0000000089500000, 0x0000000089600000, 0x0000000089600000|100%| O|  |TAMS 0x0000000089500000, 0x0000000089500000| Untracked 
| 150|0x0000000089600000, 0x0000000089700000, 0x0000000089700000|100%| O|  |TAMS 0x0000000089600000, 0x0000000089600000| Untracked 
| 151|0x0000000089700000, 0x0000000089800000, 0x0000000089800000|100%| O|  |TAMS 0x0000000089700000, 0x0000000089700000| Untracked 
| 152|0x0000000089800000, 0x0000000089900000, 0x0000000089900000|100%| O|  |TAMS 0x0000000089800000, 0x0000000089800000| Untracked 
| 153|0x0000000089900000, 0x0000000089a00000, 0x0000000089a00000|100%| O|  |TAMS 0x0000000089900000, 0x0000000089900000| Untracked 
| 154|0x0000000089a00000, 0x0000000089b00000, 0x0000000089b00000|100%| O|  |TAMS 0x0000000089a00000, 0x0000000089a00000| Untracked 
| 155|0x0000000089b00000, 0x0000000089c00000, 0x0000000089c00000|100%| O|  |TAMS 0x0000000089b00000, 0x0000000089b00000| Untracked 
| 156|0x0000000089c00000, 0x0000000089d00000, 0x0000000089d00000|100%| O|  |TAMS 0x0000000089c00000, 0x0000000089c00000| Untracked 
| 157|0x0000000089d00000, 0x0000000089e00000, 0x0000000089e00000|100%| O|  |TAMS 0x0000000089d00000, 0x0000000089d00000| Untracked 
| 158|0x0000000089e00000, 0x0000000089f00000, 0x0000000089f00000|100%| O|  |TAMS 0x0000000089e00000, 0x0000000089e00000| Untracked 
| 159|0x0000000089f00000, 0x000000008a000000, 0x000000008a000000|100%| O|  |TAMS 0x0000000089f00000, 0x0000000089f00000| Untracked 
| 160|0x000000008a000000, 0x000000008a08da00, 0x000000008a100000| 55%| O|  |TAMS 0x000000008a000000, 0x000000008a000000| Untracked 
| 161|0x000000008a100000, 0x000000008a100000, 0x000000008a200000|  0%| F|  |TAMS 0x000000008a100000, 0x000000008a100000| Untracked 
| 162|0x000000008a200000, 0x000000008a200000, 0x000000008a300000|  0%| F|  |TAMS 0x000000008a200000, 0x000000008a200000| Untracked 
| 163|0x000000008a300000, 0x000000008a300000, 0x000000008a400000|  0%| F|  |TAMS 0x000000008a300000, 0x000000008a300000| Untracked 
| 164|0x000000008a400000, 0x000000008a400000, 0x000000008a500000|  0%| F|  |TAMS 0x000000008a400000, 0x000000008a400000| Untracked 
| 165|0x000000008a500000, 0x000000008a500000, 0x000000008a600000|  0%| F|  |TAMS 0x000000008a500000, 0x000000008a500000| Untracked 
| 166|0x000000008a600000, 0x000000008a600000, 0x000000008a700000|  0%| F|  |TAMS 0x000000008a600000, 0x000000008a600000| Untracked 
| 167|0x000000008a700000, 0x000000008a700000, 0x000000008a800000|  0%| F|  |TAMS 0x000000008a700000, 0x000000008a700000| Untracked 
| 168|0x000000008a800000, 0x000000008a800000, 0x000000008a900000|  0%| F|  |TAMS 0x000000008a800000, 0x000000008a800000| Untracked 
| 169|0x000000008a900000, 0x000000008a900000, 0x000000008aa00000|  0%| F|  |TAMS 0x000000008a900000, 0x000000008a900000| Untracked 
| 170|0x000000008aa00000, 0x000000008aa00000, 0x000000008ab00000|  0%| F|  |TAMS 0x000000008aa00000, 0x000000008aa00000| Untracked 
| 171|0x000000008ab00000, 0x000000008ab00000, 0x000000008ac00000|  0%| F|  |TAMS 0x000000008ab00000, 0x000000008ab00000| Untracked 
| 172|0x000000008ac00000, 0x000000008ac00000, 0x000000008ad00000|  0%| F|  |TAMS 0x000000008ac00000, 0x000000008ac00000| Untracked 
| 173|0x000000008ad00000, 0x000000008ad00000, 0x000000008ae00000|  0%| F|  |TAMS 0x000000008ad00000, 0x000000008ad00000| Untracked 
| 174|0x000000008ae00000, 0x000000008ae00000, 0x000000008af00000|  0%| F|  |TAMS 0x000000008ae00000, 0x000000008ae00000| Untracked 
| 175|0x000000008af00000, 0x000000008af00000, 0x000000008b000000|  0%| F|  |TAMS 0x000000008af00000, 0x000000008af00000| Untracked 
| 176|0x000000008b000000, 0x000000008b000000, 0x000000008b100000|  0%| F|  |TAMS 0x000000008b000000, 0x000000008b000000| Untracked 
| 177|0x000000008b100000, 0x000000008b100000, 0x000000008b200000|  0%| F|  |TAMS 0x000000008b100000, 0x000000008b100000| Untracked 
| 178|0x000000008b200000, 0x000000008b200000, 0x000000008b300000|  0%| F|  |TAMS 0x000000008b200000, 0x000000008b200000| Untracked 
| 179|0x000000008b300000, 0x000000008b300000, 0x000000008b400000|  0%| F|  |TAMS 0x000000008b300000, 0x000000008b300000| Untracked 
| 180|0x000000008b400000, 0x000000008b400000, 0x000000008b500000|  0%| F|  |TAMS 0x000000008b400000, 0x000000008b400000| Untracked 
| 181|0x000000008b500000, 0x000000008b500000, 0x000000008b600000|  0%| F|  |TAMS 0x000000008b500000, 0x000000008b500000| Untracked 
| 182|0x000000008b600000, 0x000000008b600000, 0x000000008b700000|  0%| F|  |TAMS 0x000000008b600000, 0x000000008b600000| Untracked 
| 183|0x000000008b700000, 0x000000008b700000, 0x000000008b800000|  0%| F|  |TAMS 0x000000008b700000, 0x000000008b700000| Untracked 
| 184|0x000000008b800000, 0x000000008b800000, 0x000000008b900000|  0%| F|  |TAMS 0x000000008b800000, 0x000000008b800000| Untracked 
| 185|0x000000008b900000, 0x000000008b900000, 0x000000008ba00000|  0%| F|  |TAMS 0x000000008b900000, 0x000000008b900000| Untracked 
| 186|0x000000008ba00000, 0x000000008ba00000, 0x000000008bb00000|  0%| F|  |TAMS 0x000000008ba00000, 0x000000008ba00000| Untracked 
| 187|0x000000008bb00000, 0x000000008bb00000, 0x000000008bc00000|  0%| F|  |TAMS 0x000000008bb00000, 0x000000008bb00000| Untracked 
| 188|0x000000008bc00000, 0x000000008bc00000, 0x000000008bd00000|  0%| F|  |TAMS 0x000000008bc00000, 0x000000008bc00000| Untracked 
| 189|0x000000008bd00000, 0x000000008bd00000, 0x000000008be00000|  0%| F|  |TAMS 0x000000008bd00000, 0x000000008bd00000| Untracked 
| 190|0x000000008be00000, 0x000000008be00000, 0x000000008bf00000|  0%| F|  |TAMS 0x000000008be00000, 0x000000008be00000| Untracked 
| 191|0x000000008bf00000, 0x000000008bf00000, 0x000000008c000000|  0%| F|  |TAMS 0x000000008bf00000, 0x000000008bf00000| Untracked 
| 192|0x000000008c000000, 0x000000008c000000, 0x000000008c100000|  0%| F|  |TAMS 0x000000008c000000, 0x000000008c000000| Untracked 
| 193|0x000000008c100000, 0x000000008c100000, 0x000000008c200000|  0%| F|  |TAMS 0x000000008c100000, 0x000000008c100000| Untracked 
| 194|0x000000008c200000, 0x000000008c200000, 0x000000008c300000|  0%| F|  |TAMS 0x000000008c200000, 0x000000008c200000| Untracked 
| 195|0x000000008c300000, 0x000000008c300000, 0x000000008c400000|  0%| F|  |TAMS 0x000000008c300000, 0x000000008c300000| Untracked 
| 196|0x000000008c400000, 0x000000008c400000, 0x000000008c500000|  0%| F|  |TAMS 0x000000008c400000, 0x000000008c400000| Untracked 
| 197|0x000000008c500000, 0x000000008c500000, 0x000000008c600000|  0%| F|  |TAMS 0x000000008c500000, 0x000000008c500000| Untracked 
| 198|0x000000008c600000, 0x000000008c600000, 0x000000008c700000|  0%| F|  |TAMS 0x000000008c600000, 0x000000008c600000| Untracked 
| 199|0x000000008c700000, 0x000000008c700000, 0x000000008c800000|  0%| F|  |TAMS 0x000000008c700000, 0x000000008c700000| Untracked 
| 200|0x000000008c800000, 0x000000008c8f4c20, 0x000000008c900000| 95%| S|CS|TAMS 0x000000008c800000, 0x000000008c800000| Complete 
| 201|0x000000008c900000, 0x000000008ca00000, 0x000000008ca00000|100%| S|CS|TAMS 0x000000008c900000, 0x000000008c900000| Complete 
| 202|0x000000008ca00000, 0x000000008cb00000, 0x000000008cb00000|100%| S|CS|TAMS 0x000000008ca00000, 0x000000008ca00000| Complete 
| 203|0x000000008cb00000, 0x000000008cc00000, 0x000000008cc00000|100%| S|CS|TAMS 0x000000008cb00000, 0x000000008cb00000| Complete 
| 204|0x000000008cc00000, 0x000000008cd00000, 0x000000008cd00000|100%| S|CS|TAMS 0x000000008cc00000, 0x000000008cc00000| Complete 
| 205|0x000000008cd00000, 0x000000008ce00000, 0x000000008ce00000|100%| S|CS|TAMS 0x000000008cd00000, 0x000000008cd00000| Complete 
| 206|0x000000008ce00000, 0x000000008cf00000, 0x000000008cf00000|100%| S|CS|TAMS 0x000000008ce00000, 0x000000008ce00000| Complete 
| 207|0x000000008cf00000, 0x000000008d000000, 0x000000008d000000|100%| S|CS|TAMS 0x000000008cf00000, 0x000000008cf00000| Complete 
| 208|0x000000008d000000, 0x000000008d100000, 0x000000008d100000|100%| S|CS|TAMS 0x000000008d000000, 0x000000008d000000| Complete 
| 209|0x000000008d100000, 0x000000008d200000, 0x000000008d200000|100%| S|CS|TAMS 0x000000008d100000, 0x000000008d100000| Complete 
| 210|0x000000008d200000, 0x000000008d300000, 0x000000008d300000|100%| S|CS|TAMS 0x000000008d200000, 0x000000008d200000| Complete 
| 211|0x000000008d300000, 0x000000008d400000, 0x000000008d400000|100%| S|CS|TAMS 0x000000008d300000, 0x000000008d300000| Complete 
| 212|0x000000008d400000, 0x000000008d500000, 0x000000008d500000|100%| S|CS|TAMS 0x000000008d400000, 0x000000008d400000| Complete 
| 213|0x000000008d500000, 0x000000008d600000, 0x000000008d600000|100%| S|CS|TAMS 0x000000008d500000, 0x000000008d500000| Complete 
| 214|0x000000008d600000, 0x000000008d700000, 0x000000008d700000|100%| S|CS|TAMS 0x000000008d600000, 0x000000008d600000| Complete 
| 215|0x000000008d700000, 0x000000008d700000, 0x000000008d800000|  0%| F|  |TAMS 0x000000008d700000, 0x000000008d700000| Untracked 
| 216|0x000000008d800000, 0x000000008d800000, 0x000000008d900000|  0%| F|  |TAMS 0x000000008d800000, 0x000000008d800000| Untracked 
| 217|0x000000008d900000, 0x000000008d900000, 0x000000008da00000|  0%| F|  |TAMS 0x000000008d900000, 0x000000008d900000| Untracked 
| 218|0x000000008da00000, 0x000000008da00000, 0x000000008db00000|  0%| F|  |TAMS 0x000000008da00000, 0x000000008da00000| Untracked 
| 219|0x000000008db00000, 0x000000008db00000, 0x000000008dc00000|  0%| F|  |TAMS 0x000000008db00000, 0x000000008db00000| Untracked 
| 220|0x000000008dc00000, 0x000000008dc00000, 0x000000008dd00000|  0%| F|  |TAMS 0x000000008dc00000, 0x000000008dc00000| Untracked 
| 221|0x000000008dd00000, 0x000000008dd00000, 0x000000008de00000|  0%| F|  |TAMS 0x000000008dd00000, 0x000000008dd00000| Untracked 
| 222|0x000000008de00000, 0x000000008de00000, 0x000000008df00000|  0%| F|  |TAMS 0x000000008de00000, 0x000000008de00000| Untracked 
| 223|0x000000008df00000, 0x000000008df00000, 0x000000008e000000|  0%| F|  |TAMS 0x000000008df00000, 0x000000008df00000| Untracked 
| 224|0x000000008e000000, 0x000000008e000000, 0x000000008e100000|  0%| F|  |TAMS 0x000000008e000000, 0x000000008e000000| Untracked 
| 225|0x000000008e100000, 0x000000008e100000, 0x000000008e200000|  0%| F|  |TAMS 0x000000008e100000, 0x000000008e100000| Untracked 
| 226|0x000000008e200000, 0x000000008e200000, 0x000000008e300000|  0%| F|  |TAMS 0x000000008e200000, 0x000000008e200000| Untracked 
| 227|0x000000008e300000, 0x000000008e300000, 0x000000008e400000|  0%| F|  |TAMS 0x000000008e300000, 0x000000008e300000| Untracked 
| 228|0x000000008e400000, 0x000000008e400000, 0x000000008e500000|  0%| F|  |TAMS 0x000000008e400000, 0x000000008e400000| Untracked 
| 229|0x000000008e500000, 0x000000008e500000, 0x000000008e600000|  0%| F|  |TAMS 0x000000008e500000, 0x000000008e500000| Untracked 
| 230|0x000000008e600000, 0x000000008e600000, 0x000000008e700000|  0%| F|  |TAMS 0x000000008e600000, 0x000000008e600000| Untracked 
| 231|0x000000008e700000, 0x000000008e700000, 0x000000008e800000|  0%| F|  |TAMS 0x000000008e700000, 0x000000008e700000| Untracked 
| 232|0x000000008e800000, 0x000000008e800000, 0x000000008e900000|  0%| F|  |TAMS 0x000000008e800000, 0x000000008e800000| Untracked 
| 233|0x000000008e900000, 0x000000008e900000, 0x000000008ea00000|  0%| F|  |TAMS 0x000000008e900000, 0x000000008e900000| Untracked 
| 234|0x000000008ea00000, 0x000000008ea00000, 0x000000008eb00000|  0%| F|  |TAMS 0x000000008ea00000, 0x000000008ea00000| Untracked 
| 235|0x000000008eb00000, 0x000000008eb00000, 0x000000008ec00000|  0%| F|  |TAMS 0x000000008eb00000, 0x000000008eb00000| Untracked 
| 236|0x000000008ec00000, 0x000000008ec00000, 0x000000008ed00000|  0%| F|  |TAMS 0x000000008ec00000, 0x000000008ec00000| Untracked 
| 237|0x000000008ed00000, 0x000000008ed00000, 0x000000008ee00000|  0%| F|  |TAMS 0x000000008ed00000, 0x000000008ed00000| Untracked 
| 238|0x000000008ee00000, 0x000000008ee00000, 0x000000008ef00000|  0%| F|  |TAMS 0x000000008ee00000, 0x000000008ee00000| Untracked 
| 239|0x000000008ef00000, 0x000000008ef00000, 0x000000008f000000|  0%| F|  |TAMS 0x000000008ef00000, 0x000000008ef00000| Untracked 
| 240|0x000000008f000000, 0x000000008f000000, 0x000000008f100000|  0%| F|  |TAMS 0x000000008f000000, 0x000000008f000000| Untracked 
| 241|0x000000008f100000, 0x000000008f17bed0, 0x000000008f200000| 48%| E|  |TAMS 0x000000008f100000, 0x000000008f100000| Complete 
| 242|0x000000008f200000, 0x000000008f300000, 0x000000008f300000|100%| E|CS|TAMS 0x000000008f200000, 0x000000008f200000| Complete 
| 243|0x000000008f300000, 0x000000008f400000, 0x000000008f400000|100%| E|CS|TAMS 0x000000008f300000, 0x000000008f300000| Complete 
| 244|0x000000008f400000, 0x000000008f500000, 0x000000008f500000|100%| E|CS|TAMS 0x000000008f400000, 0x000000008f400000| Complete 
| 245|0x000000008f500000, 0x000000008f600000, 0x000000008f600000|100%| E|CS|TAMS 0x000000008f500000, 0x000000008f500000| Complete 
| 246|0x000000008f600000, 0x000000008f700000, 0x000000008f700000|100%| E|CS|TAMS 0x000000008f600000, 0x000000008f600000| Complete 
| 247|0x000000008f700000, 0x000000008f800000, 0x000000008f800000|100%| E|CS|TAMS 0x000000008f700000, 0x000000008f700000| Complete 
| 248|0x000000008f800000, 0x000000008f900000, 0x000000008f900000|100%| E|CS|TAMS 0x000000008f800000, 0x000000008f800000| Complete 
| 249|0x000000008f900000, 0x000000008fa00000, 0x000000008fa00000|100%| E|CS|TAMS 0x000000008f900000, 0x000000008f900000| Complete 
| 250|0x000000008fa00000, 0x000000008fb00000, 0x000000008fb00000|100%| E|CS|TAMS 0x000000008fa00000, 0x000000008fa00000| Complete 
| 251|0x000000008fb00000, 0x000000008fc00000, 0x000000008fc00000|100%| E|CS|TAMS 0x000000008fb00000, 0x000000008fb00000| Complete 
| 252|0x000000008fc00000, 0x000000008fd00000, 0x000000008fd00000|100%| E|CS|TAMS 0x000000008fc00000, 0x000000008fc00000| Complete 
| 253|0x000000008fd00000, 0x000000008fe00000, 0x000000008fe00000|100%| E|CS|TAMS 0x000000008fd00000, 0x000000008fd00000| Complete 
| 254|0x000000008fe00000, 0x000000008ff00000, 0x000000008ff00000|100%| E|CS|TAMS 0x000000008fe00000, 0x000000008fe00000| Complete 
| 255|0x000000008ff00000, 0x0000000090000000, 0x0000000090000000|100%| E|CS|TAMS 0x000000008ff00000, 0x000000008ff00000| Complete 
| 256|0x0000000090000000, 0x0000000090100000, 0x0000000090100000|100%| E|CS|TAMS 0x0000000090000000, 0x0000000090000000| Complete 
| 257|0x0000000090100000, 0x0000000090200000, 0x0000000090200000|100%| E|CS|TAMS 0x0000000090100000, 0x0000000090100000| Complete 
| 258|0x0000000090200000, 0x0000000090300000, 0x0000000090300000|100%| E|CS|TAMS 0x0000000090200000, 0x0000000090200000| Complete 
| 259|0x0000000090300000, 0x0000000090400000, 0x0000000090400000|100%| E|CS|TAMS 0x0000000090300000, 0x0000000090300000| Complete 
| 260|0x0000000090400000, 0x0000000090500000, 0x0000000090500000|100%| E|CS|TAMS 0x0000000090400000, 0x0000000090400000| Complete 
| 261|0x0000000090500000, 0x0000000090600000, 0x0000000090600000|100%| E|CS|TAMS 0x0000000090500000, 0x0000000090500000| Complete 
| 262|0x0000000090600000, 0x0000000090700000, 0x0000000090700000|100%| E|CS|TAMS 0x0000000090600000, 0x0000000090600000| Complete 
| 263|0x0000000090700000, 0x0000000090800000, 0x0000000090800000|100%| E|CS|TAMS 0x0000000090700000, 0x0000000090700000| Complete 
| 264|0x0000000090800000, 0x0000000090900000, 0x0000000090900000|100%| E|CS|TAMS 0x0000000090800000, 0x0000000090800000| Complete 
| 265|0x0000000090900000, 0x0000000090a00000, 0x0000000090a00000|100%| E|CS|TAMS 0x0000000090900000, 0x0000000090900000| Complete 
| 266|0x0000000090a00000, 0x0000000090b00000, 0x0000000090b00000|100%| E|CS|TAMS 0x0000000090a00000, 0x0000000090a00000| Complete 
| 267|0x0000000090b00000, 0x0000000090c00000, 0x0000000090c00000|100%| E|CS|TAMS 0x0000000090b00000, 0x0000000090b00000| Complete 
| 268|0x0000000090c00000, 0x0000000090d00000, 0x0000000090d00000|100%| E|CS|TAMS 0x0000000090c00000, 0x0000000090c00000| Complete 
| 269|0x0000000090d00000, 0x0000000090e00000, 0x0000000090e00000|100%| E|CS|TAMS 0x0000000090d00000, 0x0000000090d00000| Complete 
| 270|0x0000000090e00000, 0x0000000090f00000, 0x0000000090f00000|100%| E|CS|TAMS 0x0000000090e00000, 0x0000000090e00000| Complete 
| 271|0x0000000090f00000, 0x0000000091000000, 0x0000000091000000|100%| E|CS|TAMS 0x0000000090f00000, 0x0000000090f00000| Complete 
| 272|0x0000000091000000, 0x0000000091100000, 0x0000000091100000|100%| E|CS|TAMS 0x0000000091000000, 0x0000000091000000| Complete 
| 273|0x0000000091100000, 0x0000000091200000, 0x0000000091200000|100%| E|CS|TAMS 0x0000000091100000, 0x0000000091100000| Complete 
| 274|0x0000000091200000, 0x0000000091300000, 0x0000000091300000|100%| E|CS|TAMS 0x0000000091200000, 0x0000000091200000| Complete 
| 275|0x0000000091300000, 0x0000000091400000, 0x0000000091400000|100%| E|CS|TAMS 0x0000000091300000, 0x0000000091300000| Complete 
| 276|0x0000000091400000, 0x0000000091500000, 0x0000000091500000|100%| E|CS|TAMS 0x0000000091400000, 0x0000000091400000| Complete 
| 277|0x0000000091500000, 0x0000000091600000, 0x0000000091600000|100%| E|CS|TAMS 0x0000000091500000, 0x0000000091500000| Complete 
| 278|0x0000000091600000, 0x0000000091700000, 0x0000000091700000|100%| E|CS|TAMS 0x0000000091600000, 0x0000000091600000| Complete 
| 279|0x0000000091700000, 0x0000000091800000, 0x0000000091800000|100%| E|CS|TAMS 0x0000000091700000, 0x0000000091700000| Complete 
| 280|0x0000000091800000, 0x0000000091900000, 0x0000000091900000|100%| E|CS|TAMS 0x0000000091800000, 0x0000000091800000| Complete 
| 281|0x0000000091900000, 0x0000000091a00000, 0x0000000091a00000|100%| E|CS|TAMS 0x0000000091900000, 0x0000000091900000| Complete 
| 282|0x0000000091a00000, 0x0000000091b00000, 0x0000000091b00000|100%| E|CS|TAMS 0x0000000091a00000, 0x0000000091a00000| Complete 
| 283|0x0000000091b00000, 0x0000000091c00000, 0x0000000091c00000|100%| E|CS|TAMS 0x0000000091b00000, 0x0000000091b00000| Complete 
| 284|0x0000000091c00000, 0x0000000091d00000, 0x0000000091d00000|100%| E|CS|TAMS 0x0000000091c00000, 0x0000000091c00000| Complete 
| 285|0x0000000091d00000, 0x0000000091e00000, 0x0000000091e00000|100%| E|CS|TAMS 0x0000000091d00000, 0x0000000091d00000| Complete 
| 286|0x0000000091e00000, 0x0000000091f00000, 0x0000000091f00000|100%| E|CS|TAMS 0x0000000091e00000, 0x0000000091e00000| Complete 
| 287|0x0000000091f00000, 0x0000000092000000, 0x0000000092000000|100%| E|CS|TAMS 0x0000000091f00000, 0x0000000091f00000| Complete 
| 288|0x0000000092000000, 0x0000000092100000, 0x0000000092100000|100%| E|CS|TAMS 0x0000000092000000, 0x0000000092000000| Complete 
| 289|0x0000000092100000, 0x0000000092200000, 0x0000000092200000|100%| E|CS|TAMS 0x0000000092100000, 0x0000000092100000| Complete 
| 290|0x0000000092200000, 0x0000000092300000, 0x0000000092300000|100%| E|CS|TAMS 0x0000000092200000, 0x0000000092200000| Complete 
| 291|0x0000000092300000, 0x0000000092400000, 0x0000000092400000|100%| E|CS|TAMS 0x0000000092300000, 0x0000000092300000| Complete 
| 292|0x0000000092400000, 0x0000000092500000, 0x0000000092500000|100%| E|CS|TAMS 0x0000000092400000, 0x0000000092400000| Complete 
| 293|0x0000000092500000, 0x0000000092600000, 0x0000000092600000|100%| E|CS|TAMS 0x0000000092500000, 0x0000000092500000| Complete 
| 294|0x0000000092600000, 0x0000000092700000, 0x0000000092700000|100%| E|CS|TAMS 0x0000000092600000, 0x0000000092600000| Complete 
| 295|0x0000000092700000, 0x0000000092800000, 0x0000000092800000|100%| E|CS|TAMS 0x0000000092700000, 0x0000000092700000| Complete 
| 296|0x0000000092800000, 0x0000000092900000, 0x0000000092900000|100%| E|CS|TAMS 0x0000000092800000, 0x0000000092800000| Complete 
| 297|0x0000000092900000, 0x0000000092a00000, 0x0000000092a00000|100%| E|CS|TAMS 0x0000000092900000, 0x0000000092900000| Complete 
| 298|0x0000000092a00000, 0x0000000092b00000, 0x0000000092b00000|100%| E|CS|TAMS 0x0000000092a00000, 0x0000000092a00000| Complete 
| 299|0x0000000092b00000, 0x0000000092c00000, 0x0000000092c00000|100%| E|CS|TAMS 0x0000000092b00000, 0x0000000092b00000| Complete 
| 300|0x0000000092c00000, 0x0000000092d00000, 0x0000000092d00000|100%| E|CS|TAMS 0x0000000092c00000, 0x0000000092c00000| Complete 
| 301|0x0000000092d00000, 0x0000000092e00000, 0x0000000092e00000|100%| E|CS|TAMS 0x0000000092d00000, 0x0000000092d00000| Complete 
| 302|0x0000000092e00000, 0x0000000092f00000, 0x0000000092f00000|100%| E|CS|TAMS 0x0000000092e00000, 0x0000000092e00000| Complete 
| 303|0x0000000092f00000, 0x0000000093000000, 0x0000000093000000|100%| E|CS|TAMS 0x0000000092f00000, 0x0000000092f00000| Complete 
| 304|0x0000000093000000, 0x0000000093100000, 0x0000000093100000|100%| E|CS|TAMS 0x0000000093000000, 0x0000000093000000| Complete 
| 305|0x0000000093100000, 0x0000000093200000, 0x0000000093200000|100%| E|CS|TAMS 0x0000000093100000, 0x0000000093100000| Complete 
| 306|0x0000000093200000, 0x0000000093300000, 0x0000000093300000|100%| E|CS|TAMS 0x0000000093200000, 0x0000000093200000| Complete 
| 307|0x0000000093300000, 0x0000000093400000, 0x0000000093400000|100%| E|CS|TAMS 0x0000000093300000, 0x0000000093300000| Complete 
| 308|0x0000000093400000, 0x0000000093500000, 0x0000000093500000|100%| E|CS|TAMS 0x0000000093400000, 0x0000000093400000| Complete 
| 309|0x0000000093500000, 0x0000000093600000, 0x0000000093600000|100%| E|CS|TAMS 0x0000000093500000, 0x0000000093500000| Complete 
| 310|0x0000000093600000, 0x0000000093700000, 0x0000000093700000|100%| E|CS|TAMS 0x0000000093600000, 0x0000000093600000| Complete 
| 311|0x0000000093700000, 0x0000000093800000, 0x0000000093800000|100%| E|CS|TAMS 0x0000000093700000, 0x0000000093700000| Complete 
| 312|0x0000000093800000, 0x0000000093900000, 0x0000000093900000|100%| E|CS|TAMS 0x0000000093800000, 0x0000000093800000| Complete 
| 313|0x0000000093900000, 0x0000000093a00000, 0x0000000093a00000|100%| E|CS|TAMS 0x0000000093900000, 0x0000000093900000| Complete 
| 314|0x0000000093a00000, 0x0000000093b00000, 0x0000000093b00000|100%| E|CS|TAMS 0x0000000093a00000, 0x0000000093a00000| Complete 
| 315|0x0000000093b00000, 0x0000000093c00000, 0x0000000093c00000|100%| E|CS|TAMS 0x0000000093b00000, 0x0000000093b00000| Complete 
| 316|0x0000000093c00000, 0x0000000093d00000, 0x0000000093d00000|100%| E|CS|TAMS 0x0000000093c00000, 0x0000000093c00000| Complete 
| 317|0x0000000093d00000, 0x0000000093e00000, 0x0000000093e00000|100%| E|CS|TAMS 0x0000000093d00000, 0x0000000093d00000| Complete 
| 318|0x0000000093e00000, 0x0000000093f00000, 0x0000000093f00000|100%| E|CS|TAMS 0x0000000093e00000, 0x0000000093e00000| Complete 
| 319|0x0000000093f00000, 0x0000000094000000, 0x0000000094000000|100%| E|CS|TAMS 0x0000000093f00000, 0x0000000093f00000| Complete 
| 320|0x0000000094000000, 0x0000000094100000, 0x0000000094100000|100%| E|CS|TAMS 0x0000000094000000, 0x0000000094000000| Complete 
| 321|0x0000000094100000, 0x0000000094200000, 0x0000000094200000|100%| E|CS|TAMS 0x0000000094100000, 0x0000000094100000| Complete 
| 322|0x0000000094200000, 0x0000000094300000, 0x0000000094300000|100%| E|CS|TAMS 0x0000000094200000, 0x0000000094200000| Complete 
| 323|0x0000000094300000, 0x0000000094400000, 0x0000000094400000|100%| E|CS|TAMS 0x0000000094300000, 0x0000000094300000| Complete 
| 324|0x0000000094400000, 0x0000000094500000, 0x0000000094500000|100%| E|CS|TAMS 0x0000000094400000, 0x0000000094400000| Complete 
| 325|0x0000000094500000, 0x0000000094600000, 0x0000000094600000|100%| E|CS|TAMS 0x0000000094500000, 0x0000000094500000| Complete 
| 326|0x0000000094600000, 0x0000000094700000, 0x0000000094700000|100%| E|CS|TAMS 0x0000000094600000, 0x0000000094600000| Complete 
| 327|0x0000000094700000, 0x0000000094800000, 0x0000000094800000|100%| E|CS|TAMS 0x0000000094700000, 0x0000000094700000| Complete 
| 328|0x0000000094800000, 0x0000000094900000, 0x0000000094900000|100%| E|CS|TAMS 0x0000000094800000, 0x0000000094800000| Complete 
| 329|0x0000000094900000, 0x0000000094a00000, 0x0000000094a00000|100%| E|CS|TAMS 0x0000000094900000, 0x0000000094900000| Complete 
| 330|0x0000000094a00000, 0x0000000094b00000, 0x0000000094b00000|100%| E|CS|TAMS 0x0000000094a00000, 0x0000000094a00000| Complete 
| 331|0x0000000094b00000, 0x0000000094c00000, 0x0000000094c00000|100%| E|CS|TAMS 0x0000000094b00000, 0x0000000094b00000| Complete 
| 332|0x0000000094c00000, 0x0000000094d00000, 0x0000000094d00000|100%| E|CS|TAMS 0x0000000094c00000, 0x0000000094c00000| Complete 
| 333|0x0000000094d00000, 0x0000000094e00000, 0x0000000094e00000|100%| E|CS|TAMS 0x0000000094d00000, 0x0000000094d00000| Complete 
| 334|0x0000000094e00000, 0x0000000094f00000, 0x0000000094f00000|100%| E|CS|TAMS 0x0000000094e00000, 0x0000000094e00000| Complete 
| 335|0x0000000094f00000, 0x0000000095000000, 0x0000000095000000|100%| E|CS|TAMS 0x0000000094f00000, 0x0000000094f00000| Complete 
| 336|0x0000000095000000, 0x0000000095100000, 0x0000000095100000|100%| E|CS|TAMS 0x0000000095000000, 0x0000000095000000| Complete 
| 337|0x0000000095100000, 0x0000000095200000, 0x0000000095200000|100%| E|CS|TAMS 0x0000000095100000, 0x0000000095100000| Complete 
| 338|0x0000000095200000, 0x0000000095300000, 0x0000000095300000|100%| E|CS|TAMS 0x0000000095200000, 0x0000000095200000| Complete 
| 339|0x0000000095300000, 0x0000000095400000, 0x0000000095400000|100%| E|CS|TAMS 0x0000000095300000, 0x0000000095300000| Complete 
| 340|0x0000000095400000, 0x0000000095500000, 0x0000000095500000|100%| E|CS|TAMS 0x0000000095400000, 0x0000000095400000| Complete 
| 341|0x0000000095500000, 0x0000000095600000, 0x0000000095600000|100%| E|CS|TAMS 0x0000000095500000, 0x0000000095500000| Complete 
| 342|0x0000000095600000, 0x0000000095700000, 0x0000000095700000|100%| E|CS|TAMS 0x0000000095600000, 0x0000000095600000| Complete 
| 343|0x0000000095700000, 0x0000000095800000, 0x0000000095800000|100%| E|CS|TAMS 0x0000000095700000, 0x0000000095700000| Complete 
| 344|0x0000000095800000, 0x0000000095900000, 0x0000000095900000|100%| E|CS|TAMS 0x0000000095800000, 0x0000000095800000| Complete 
| 345|0x0000000095900000, 0x0000000095a00000, 0x0000000095a00000|100%| E|CS|TAMS 0x0000000095900000, 0x0000000095900000| Complete 
| 346|0x0000000095a00000, 0x0000000095b00000, 0x0000000095b00000|100%| E|CS|TAMS 0x0000000095a00000, 0x0000000095a00000| Complete 
| 347|0x0000000095b00000, 0x0000000095c00000, 0x0000000095c00000|100%| E|CS|TAMS 0x0000000095b00000, 0x0000000095b00000| Complete 
| 348|0x0000000095c00000, 0x0000000095d00000, 0x0000000095d00000|100%| E|CS|TAMS 0x0000000095c00000, 0x0000000095c00000| Complete 
| 349|0x0000000095d00000, 0x0000000095e00000, 0x0000000095e00000|100%| E|CS|TAMS 0x0000000095d00000, 0x0000000095d00000| Complete 
| 350|0x0000000095e00000, 0x0000000095f00000, 0x0000000095f00000|100%| E|CS|TAMS 0x0000000095e00000, 0x0000000095e00000| Complete 
| 351|0x0000000095f00000, 0x0000000096000000, 0x0000000096000000|100%| E|CS|TAMS 0x0000000095f00000, 0x0000000095f00000| Complete 
| 352|0x0000000096000000, 0x0000000096100000, 0x0000000096100000|100%| E|CS|TAMS 0x0000000096000000, 0x0000000096000000| Complete 
| 353|0x0000000096100000, 0x0000000096200000, 0x0000000096200000|100%| E|CS|TAMS 0x0000000096100000, 0x0000000096100000| Complete 
| 354|0x0000000096200000, 0x0000000096300000, 0x0000000096300000|100%| E|CS|TAMS 0x0000000096200000, 0x0000000096200000| Complete 
| 355|0x0000000096300000, 0x0000000096400000, 0x0000000096400000|100%| E|CS|TAMS 0x0000000096300000, 0x0000000096300000| Complete 
| 356|0x0000000096400000, 0x0000000096500000, 0x0000000096500000|100%| E|CS|TAMS 0x0000000096400000, 0x0000000096400000| Complete 
| 357|0x0000000096500000, 0x0000000096600000, 0x0000000096600000|100%| E|CS|TAMS 0x0000000096500000, 0x0000000096500000| Complete 
| 358|0x0000000096600000, 0x0000000096700000, 0x0000000096700000|100%| E|CS|TAMS 0x0000000096600000, 0x0000000096600000| Complete 
| 359|0x0000000096700000, 0x0000000096800000, 0x0000000096800000|100%| E|CS|TAMS 0x0000000096700000, 0x0000000096700000| Complete 
| 360|0x0000000096800000, 0x0000000096900000, 0x0000000096900000|100%| E|CS|TAMS 0x0000000096800000, 0x0000000096800000| Complete 
| 361|0x0000000096900000, 0x0000000096a00000, 0x0000000096a00000|100%| E|CS|TAMS 0x0000000096900000, 0x0000000096900000| Complete 
| 362|0x0000000096a00000, 0x0000000096b00000, 0x0000000096b00000|100%| E|CS|TAMS 0x0000000096a00000, 0x0000000096a00000| Complete 
| 363|0x0000000096b00000, 0x0000000096c00000, 0x0000000096c00000|100%| E|CS|TAMS 0x0000000096b00000, 0x0000000096b00000| Complete 
| 364|0x0000000096c00000, 0x0000000096d00000, 0x0000000096d00000|100%| E|CS|TAMS 0x0000000096c00000, 0x0000000096c00000| Complete 
| 365|0x0000000096d00000, 0x0000000096e00000, 0x0000000096e00000|100%| E|CS|TAMS 0x0000000096d00000, 0x0000000096d00000| Complete 
| 366|0x0000000096e00000, 0x0000000096f00000, 0x0000000096f00000|100%| E|CS|TAMS 0x0000000096e00000, 0x0000000096e00000| Complete 
| 367|0x0000000096f00000, 0x0000000097000000, 0x0000000097000000|100%| E|CS|TAMS 0x0000000096f00000, 0x0000000096f00000| Complete 
| 368|0x0000000097000000, 0x0000000097100000, 0x0000000097100000|100%| E|CS|TAMS 0x0000000097000000, 0x0000000097000000| Complete 
| 369|0x0000000097100000, 0x0000000097200000, 0x0000000097200000|100%| E|CS|TAMS 0x0000000097100000, 0x0000000097100000| Complete 
| 370|0x0000000097200000, 0x0000000097300000, 0x0000000097300000|100%| E|CS|TAMS 0x0000000097200000, 0x0000000097200000| Complete 
| 371|0x0000000097300000, 0x0000000097400000, 0x0000000097400000|100%| E|CS|TAMS 0x0000000097300000, 0x0000000097300000| Complete 
| 372|0x0000000097400000, 0x0000000097500000, 0x0000000097500000|100%| E|CS|TAMS 0x0000000097400000, 0x0000000097400000| Complete 
| 373|0x0000000097500000, 0x0000000097600000, 0x0000000097600000|100%| E|CS|TAMS 0x0000000097500000, 0x0000000097500000| Complete 
| 374|0x0000000097600000, 0x0000000097700000, 0x0000000097700000|100%| E|CS|TAMS 0x0000000097600000, 0x0000000097600000| Complete 
| 375|0x0000000097700000, 0x0000000097800000, 0x0000000097800000|100%| E|CS|TAMS 0x0000000097700000, 0x0000000097700000| Complete 
| 376|0x0000000097800000, 0x0000000097900000, 0x0000000097900000|100%| E|CS|TAMS 0x0000000097800000, 0x0000000097800000| Complete 
| 377|0x0000000097900000, 0x0000000097a00000, 0x0000000097a00000|100%| E|CS|TAMS 0x0000000097900000, 0x0000000097900000| Complete 
| 378|0x0000000097a00000, 0x0000000097b00000, 0x0000000097b00000|100%| E|CS|TAMS 0x0000000097a00000, 0x0000000097a00000| Complete 
| 379|0x0000000097b00000, 0x0000000097c00000, 0x0000000097c00000|100%| E|CS|TAMS 0x0000000097b00000, 0x0000000097b00000| Complete 
| 380|0x0000000097c00000, 0x0000000097d00000, 0x0000000097d00000|100%| E|CS|TAMS 0x0000000097c00000, 0x0000000097c00000| Complete 
| 381|0x0000000097d00000, 0x0000000097e00000, 0x0000000097e00000|100%| E|CS|TAMS 0x0000000097d00000, 0x0000000097d00000| Complete 
| 382|0x0000000097e00000, 0x0000000097f00000, 0x0000000097f00000|100%| E|CS|TAMS 0x0000000097e00000, 0x0000000097e00000| Complete 
| 383|0x0000000097f00000, 0x0000000098000000, 0x0000000098000000|100%| E|CS|TAMS 0x0000000097f00000, 0x0000000097f00000| Complete 
| 384|0x0000000098000000, 0x0000000098100000, 0x0000000098100000|100%| E|CS|TAMS 0x0000000098000000, 0x0000000098000000| Complete 
| 385|0x0000000098100000, 0x0000000098200000, 0x0000000098200000|100%| E|CS|TAMS 0x0000000098100000, 0x0000000098100000| Complete 
| 386|0x0000000098200000, 0x0000000098300000, 0x0000000098300000|100%| E|CS|TAMS 0x0000000098200000, 0x0000000098200000| Complete 
| 387|0x0000000098300000, 0x0000000098400000, 0x0000000098400000|100%| E|CS|TAMS 0x0000000098300000, 0x0000000098300000| Complete 
| 388|0x0000000098400000, 0x0000000098500000, 0x0000000098500000|100%| E|CS|TAMS 0x0000000098400000, 0x0000000098400000| Complete 
| 389|0x0000000098500000, 0x0000000098600000, 0x0000000098600000|100%| E|CS|TAMS 0x0000000098500000, 0x0000000098500000| Complete 
| 390|0x0000000098600000, 0x0000000098700000, 0x0000000098700000|100%| E|CS|TAMS 0x0000000098600000, 0x0000000098600000| Complete 
| 391|0x0000000098700000, 0x0000000098800000, 0x0000000098800000|100%| E|CS|TAMS 0x0000000098700000, 0x0000000098700000| Complete 
| 392|0x0000000098800000, 0x0000000098900000, 0x0000000098900000|100%| E|CS|TAMS 0x0000000098800000, 0x0000000098800000| Complete 
| 393|0x0000000098900000, 0x0000000098a00000, 0x0000000098a00000|100%| E|CS|TAMS 0x0000000098900000, 0x0000000098900000| Complete 
| 394|0x0000000098a00000, 0x0000000098b00000, 0x0000000098b00000|100%| E|CS|TAMS 0x0000000098a00000, 0x0000000098a00000| Complete 
| 395|0x0000000098b00000, 0x0000000098c00000, 0x0000000098c00000|100%| E|CS|TAMS 0x0000000098b00000, 0x0000000098b00000| Complete 

Card table byte_map: [0x00000296e37f0000,0x00000296e3bf0000] _byte_map_base: 0x00000296e33f0000

Marking Bits (Prev, Next): (CMBitMap*) 0x00000296ce6da738, (CMBitMap*) 0x00000296ce6da770
 Prev Bits: [0x00000296e3ff0000, 0x00000296e5ff0000)
 Next Bits: [0x00000296e5ff0000, 0x00000296e7ff0000)

Polling page: 0x00000296ce780000

Metaspace:

Usage:
  Non-class:     99.01 MB capacity,    97.39 MB ( 98%) used,     1.27 MB (  1%) free+waste,   354.75 KB ( <1%) overhead. 
      Class:     15.04 MB capacity,    14.00 MB ( 93%) used,   907.06 KB (  6%) free+waste,   154.81 KB (  1%) overhead. 
       Both:    114.05 MB capacity,   111.39 MB ( 98%) used,     2.16 MB (  2%) free+waste,   509.56 KB ( <1%) overhead. 

Virtual space:
  Non-class space:      100.00 MB reserved,      99.25 MB (>99%) committed 
      Class space:        1.00 GB reserved,      15.13 MB (  1%) committed 
             Both:        1.10 GB reserved,     114.38 MB ( 10%) committed 

Chunk freelists:
   Non-Class:  0 bytes
       Class:  0 bytes
        Both:  0 bytes

MaxMetaspaceSize: 17179869184.00 GB
CompressedClassSpaceSize: 1.00 GB

CodeHeap 'non-profiled nmethods': size=120000Kb used=10963Kb max_used=10989Kb free=109036Kb
 bounds [0x00000296db450000, 0x00000296dbf60000, 0x00000296e2980000]
CodeHeap 'profiled nmethods': size=120000Kb used=41508Kb max_used=41508Kb free=78491Kb
 bounds [0x00000296d3f20000, 0x00000296d67c0000, 0x00000296db450000]
CodeHeap 'non-nmethods': size=5760Kb used=2321Kb max_used=2418Kb free=3438Kb
 bounds [0x00000296d3980000, 0x00000296d3bf0000, 0x00000296d3f20000]
 total_blobs=18461 nmethods=17525 adapters=845
 compilation: enabled
              stopped_count=0, restarted_count=0
 full_count=0

Compilation events (20 events):
Event: 34.829 Thread 0x00000296eab0f800 18967       2       com.android.tools.r8.internal.a0::next (28 bytes)
Event: 34.829 Thread 0x00000296eab0f800 nmethod 18967 0x00000296d67b1c10 code [0x00000296d67b1de0, 0x00000296d67b20c8]
Event: 34.838 Thread 0x00000296eab0f800 18968       2       com.android.tools.r8.internal.Z::b (10 bytes)
Event: 34.838 Thread 0x00000296eab0f800 nmethod 18968 0x00000296d67b2190 code [0x00000296d67b2340, 0x00000296d67b2468]
Event: 34.875 Thread 0x00000296eab0f800 18969       2       com.android.tools.r8.ir.regalloc.a::j (71 bytes)
Event: 34.876 Thread 0x00000296eab0f800 nmethod 18969 0x00000296d67b2510 code [0x00000296d67b2780, 0x00000296d67b2f58]
Event: 34.885 Thread 0x00000296eab0f800 18970       2       com.android.tools.r8.graph.T$$Lambda$1584/0x0000000100e4f040::apply (15 bytes)
Event: 34.885 Thread 0x00000296eab0f800 nmethod 18970 0x00000296d67b3410 code [0x00000296d67b35c0, 0x00000296d67b3768]
Event: 34.921 Thread 0x00000296eab0f800 18972       2       com.android.tools.r8.internal.le::<init> (18 bytes)
Event: 34.921 Thread 0x00000296eab0f800 nmethod 18972 0x00000296d67b3890 code [0x00000296d67b3a40, 0x00000296d67b3bf8]
Event: 34.921 Thread 0x00000296eab0f800 18973       2       com.android.tools.r8.internal.oe::j (111 bytes)
Event: 34.922 Thread 0x00000296eab0f800 nmethod 18973 0x00000296d67b3c90 code [0x00000296d67b3e80, 0x00000296d67b4288]
Event: 34.922 Thread 0x00000296eab0f800 18974       2       com.android.tools.r8.internal.ca::d (29 bytes)
Event: 34.922 Thread 0x00000296eab0f800 nmethod 18974 0x00000296d67b4410 code [0x00000296d67b45c0, 0x00000296d67b46b8]
Event: 34.925 Thread 0x00000296eab0f800 18975       1       com.android.tools.r8.internal.iC::f2 (2 bytes)
Event: 34.925 Thread 0x00000296eab0f800 nmethod 18975 0x00000296db5b6610 code [0x00000296db5b67c0, 0x00000296db5b6878]
Event: 34.927 Thread 0x00000296eab0f800 18976       2       com.android.tools.r8.internal.Lp::<init> (10 bytes)
Event: 34.927 Thread 0x00000296eab0f800 nmethod 18976 0x00000296d67b4790 code [0x00000296d67b4940, 0x00000296d67b4a48]
Event: 34.931 Thread 0x00000296eab0f800 18977       2       com.android.tools.r8.internal.C2::h (36 bytes)
Event: 34.931 Thread 0x00000296eab0f800 nmethod 18977 0x00000296d67b4b10 code [0x00000296d67b4ce0, 0x00000296d67b4ee8]

GC Heap History (20 events):
Event: 29.870 GC heap before
{Heap before GC invocations=56 (full 0):
 garbage-first heap   total 337920K, used 171857K [0x0000000080000000, 0x0000000100000000)
  region size 1024K, 16 young (16384K), 8 survivors (8192K)
 Metaspace       used 109589K, capacity 112042K, committed 112256K, reserved 1146880K
  class space    used 13898K, capacity 14842K, committed 14976K, reserved 1048576K
}
Event: 29.882 GC heap after
{Heap after GC invocations=57 (full 0):
 garbage-first heap   total 337920K, used 163962K [0x0000000080000000, 0x0000000100000000)
  region size 1024K, 2 young (2048K), 2 survivors (2048K)
 Metaspace       used 109589K, capacity 112042K, committed 112256K, reserved 1146880K
  class space    used 13898K, capacity 14842K, committed 14976K, reserved 1048576K
}
Event: 30.394 GC heap before
{Heap before GC invocations=57 (full 0):
 garbage-first heap   total 337920K, used 241786K [0x0000000080000000, 0x0000000100000000)
  region size 1024K, 78 young (79872K), 2 survivors (2048K)
 Metaspace       used 110599K, capacity 113106K, committed 113408K, reserved 1146880K
  class space    used 14026K, capacity 14976K, committed 15104K, reserved 1048576K
}
Event: 30.400 GC heap after
{Heap after GC invocations=58 (full 0):
 garbage-first heap   total 337920K, used 164658K [0x0000000080000000, 0x0000000100000000)
  region size 1024K, 3 young (3072K), 3 survivors (3072K)
 Metaspace       used 110599K, capacity 113106K, committed 113408K, reserved 1146880K
  class space    used 14026K, capacity 14976K, committed 15104K, reserved 1048576K
}
Event: 30.860 GC heap before
{Heap before GC invocations=58 (full 0):
 garbage-first heap   total 337920K, used 252722K [0x0000000080000000, 0x0000000100000000)
  region size 1024K, 89 young (91136K), 3 survivors (3072K)
 Metaspace       used 111055K, capacity 113631K, committed 113920K, reserved 1148928K
  class space    used 14086K, capacity 15062K, committed 15104K, reserved 1048576K
}
Event: 30.866 GC heap after
{Heap after GC invocations=59 (full 0):
 garbage-first heap   total 337920K, used 165594K [0x0000000080000000, 0x0000000100000000)
  region size 1024K, 4 young (4096K), 4 survivors (4096K)
 Metaspace       used 111055K, capacity 113631K, committed 113920K, reserved 1148928K
  class space    used 14086K, capacity 15062K, committed 15104K, reserved 1048576K
}
Event: 31.314 GC heap before
{Heap before GC invocations=59 (full 0):
 garbage-first heap   total 337920K, used 261850K [0x0000000080000000, 0x0000000100000000)
  region size 1024K, 99 young (101376K), 4 survivors (4096K)
 Metaspace       used 111871K, capacity 114451K, committed 114560K, reserved 1148928K
  class space    used 14169K, capacity 15145K, committed 15232K, reserved 1048576K
}
Event: 31.321 GC heap after
{Heap after GC invocations=60 (full 0):
 garbage-first heap   total 337920K, used 167231K [0x0000000080000000, 0x0000000100000000)
  region size 1024K, 5 young (5120K), 5 survivors (5120K)
 Metaspace       used 111871K, capacity 114451K, committed 114560K, reserved 1148928K
  class space    used 14169K, capacity 15145K, committed 15232K, reserved 1048576K
}
Event: 31.764 GC heap before
{Heap before GC invocations=60 (full 0):
 garbage-first heap   total 337920K, used 272703K [0x0000000080000000, 0x0000000100000000)
  region size 1024K, 108 young (110592K), 5 survivors (5120K)
 Metaspace       used 112351K, capacity 114992K, committed 115200K, reserved 1148928K
  class space    used 14241K, capacity 15263K, committed 15360K, reserved 1048576K
}
Event: 31.772 GC heap after
{Heap after GC invocations=61 (full 0):
 garbage-first heap   total 337920K, used 168040K [0x0000000080000000, 0x0000000100000000)
  region size 1024K, 6 young (6144K), 6 survivors (6144K)
 Metaspace       used 112351K, capacity 114992K, committed 115200K, reserved 1148928K
  class space    used 14241K, capacity 15263K, committed 15360K, reserved 1048576K
}
Event: 32.166 GC heap before
{Heap before GC invocations=61 (full 0):
 garbage-first heap   total 337920K, used 278632K [0x0000000080000000, 0x0000000100000000)
  region size 1024K, 114 young (116736K), 6 survivors (6144K)
 Metaspace       used 112630K, capacity 115305K, committed 115456K, reserved 1148928K
  class space    used 14269K, capacity 15301K, committed 15360K, reserved 1048576K
}
Event: 32.176 GC heap after
{Heap after GC invocations=62 (full 0):
 garbage-first heap   total 337920K, used 168502K [0x0000000080000000, 0x0000000100000000)
  region size 1024K, 6 young (6144K), 6 survivors (6144K)
 Metaspace       used 112630K, capacity 115305K, committed 115456K, reserved 1148928K
  class space    used 14269K, capacity 15301K, committed 15360K, reserved 1048576K
}
Event: 32.575 GC heap before
{Heap before GC invocations=62 (full 0):
 garbage-first heap   total 337920K, used 283190K [0x0000000080000000, 0x0000000100000000)
  region size 1024K, 118 young (120832K), 6 survivors (6144K)
 Metaspace       used 112973K, capacity 115604K, committed 115712K, reserved 1148928K
  class space    used 14277K, capacity 15309K, committed 15360K, reserved 1048576K
}
Event: 32.585 GC heap after
{Heap after GC invocations=63 (full 0):
 garbage-first heap   total 337920K, used 170342K [0x0000000080000000, 0x0000000100000000)
  region size 1024K, 8 young (8192K), 8 survivors (8192K)
 Metaspace       used 112973K, capacity 115604K, committed 115712K, reserved 1148928K
  class space    used 14277K, capacity 15309K, committed 15360K, reserved 1048576K
}
Event: 32.915 GC heap before
{Heap before GC invocations=63 (full 0):
 garbage-first heap   total 337920K, used 285030K [0x0000000080000000, 0x0000000100000000)
  region size 1024K, 120 young (122880K), 8 survivors (8192K)
 Metaspace       used 113280K, capacity 116006K, committed 116224K, reserved 1150976K
  class space    used 14277K, capacity 15309K, committed 15360K, reserved 1048576K
}
Event: 32.928 GC heap after
{Heap after GC invocations=64 (full 0):
 garbage-first heap   total 405504K, used 171915K [0x0000000080000000, 0x0000000100000000)
  region size 1024K, 10 young (10240K), 10 survivors (10240K)
 Metaspace       used 113280K, capacity 116006K, committed 116224K, reserved 1150976K
  class space    used 14277K, capacity 15309K, committed 15360K, reserved 1048576K
}
Event: 33.307 GC heap before
{Heap before GC invocations=64 (full 0):
 garbage-first heap   total 405504K, used 319371K [0x0000000080000000, 0x0000000100000000)
  region size 1024K, 154 young (157696K), 10 survivors (10240K)
 Metaspace       used 113487K, capacity 116161K, committed 116224K, reserved 1150976K
  class space    used 14277K, capacity 15309K, committed 15360K, reserved 1048576K
}
Event: 33.320 GC heap after
{Heap after GC invocations=65 (full 0):
 garbage-first heap   total 405504K, used 173419K [0x0000000080000000, 0x0000000100000000)
  region size 1024K, 11 young (11264K), 11 survivors (11264K)
 Metaspace       used 113487K, capacity 116161K, committed 116224K, reserved 1150976K
  class space    used 14277K, capacity 15309K, committed 15360K, reserved 1048576K
}
Event: 34.281 GC heap before
{Heap before GC invocations=65 (full 0):
 garbage-first heap   total 405504K, used 346475K [0x0000000080000000, 0x0000000100000000)
  region size 1024K, 181 young (185344K), 11 survivors (11264K)
 Metaspace       used 113869K, capacity 116627K, committed 116864K, reserved 1150976K
  class space    used 14337K, capacity 15399K, committed 15488K, reserved 1048576K
}
Event: 34.297 GC heap after
{Heap after GC invocations=66 (full 0):
 garbage-first heap   total 405504K, used 177673K [0x0000000080000000, 0x0000000100000000)
  region size 1024K, 15 young (15360K), 15 survivors (15360K)
 Metaspace       used 113869K, capacity 116627K, committed 116864K, reserved 1150976K
  class space    used 14337K, capacity 15399K, committed 15488K, reserved 1048576K
}

Deoptimization events (20 events):
Event: 34.445 Thread 0x00000296eeab6800 DEOPT PACKING pc=0x00000296d670d547 sp=0x000000b2a46f9bd0
Event: 34.445 Thread 0x00000296eeab6800 DEOPT UNPACKING pc=0x00000296d39a76ce sp=0x000000b2a46f9038 mode 0
Event: 34.477 Thread 0x00000296f006b800 DEOPT PACKING pc=0x00000296d3f97ad1 sp=0x000000b2a4bf9280
Event: 34.477 Thread 0x00000296f006b800 DEOPT UNPACKING pc=0x00000296d39a76ce sp=0x000000b2a4bf8720 mode 0
Event: 34.497 Thread 0x00000296eeabc000 Uncommon trap: trap_request=0xffffff4d fr.pc=0x00000296dbe38be8 relative=0x00000000000002a8
Event: 34.497 Thread 0x00000296eeabc000 Uncommon trap: reason=unstable_if action=reinterpret pc=0x00000296dbe38be8 method=com.android.tools.r8.graph.a0.g(Ljava/lang/Object;)Z @ 37 c2
Event: 34.497 Thread 0x00000296eeabc000 DEOPT PACKING pc=0x00000296dbe38be8 sp=0x000000b2a45f9be0
Event: 34.497 Thread 0x00000296eeabc000 DEOPT UNPACKING pc=0x00000296d39a78af sp=0x000000b2a45f9b80 mode 2
Event: 34.649 Thread 0x00000296f0068800 Uncommon trap: trap_request=0xffffff4d fr.pc=0x00000296dbdfb65c relative=0x0000000000001e7c
Event: 34.649 Thread 0x00000296f0068800 Uncommon trap: reason=unstable_if action=reinterpret pc=0x00000296dbdfb65c method=java.util.concurrent.ConcurrentHashMap.computeIfAbsent(Ljava/lang/Object;Ljava/util/function/Function;)Ljava/lang/Object; @ 539 c2
Event: 34.649 Thread 0x00000296f0068800 DEOPT PACKING pc=0x00000296dbdfb65c sp=0x000000b2a4af8e50
Event: 34.649 Thread 0x00000296f0068800 DEOPT UNPACKING pc=0x00000296d39a78af sp=0x000000b2a4af8df0 mode 2
Event: 34.701 Thread 0x00000296f006b800 DEOPT PACKING pc=0x00000296d3f97ad1 sp=0x000000b2a4bf9280
Event: 34.701 Thread 0x00000296f006b800 DEOPT UNPACKING pc=0x00000296d39a76ce sp=0x000000b2a4bf8720 mode 0
Event: 34.701 Thread 0x00000296f006b800 DEOPT PACKING pc=0x00000296d3f97ad1 sp=0x000000b2a4bf9190
Event: 34.701 Thread 0x00000296f006b800 DEOPT UNPACKING pc=0x00000296d39a76ce sp=0x000000b2a4bf8630 mode 0
Event: 34.702 Thread 0x00000296f006b800 DEOPT PACKING pc=0x00000296d3f97ad1 sp=0x000000b2a4bf92f0
Event: 34.702 Thread 0x00000296f006b800 DEOPT UNPACKING pc=0x00000296d39a76ce sp=0x000000b2a4bf8790 mode 0
Event: 34.704 Thread 0x00000296f006b800 DEOPT PACKING pc=0x00000296d3f97ad1 sp=0x000000b2a4bf92f0
Event: 34.704 Thread 0x00000296f006b800 DEOPT UNPACKING pc=0x00000296d39a76ce sp=0x000000b2a4bf8790 mode 0

Classes redefined (0 events):
No events

Internal exceptions (20 events):
Event: 29.777 Thread 0x00000296eeabc000 Exception <a 'java/lang/NoSuchMethodError'{0x000000008d007798}: 'java.lang.Object java.lang.invoke.DirectMethodHandle$Holder.invokeInterface(java.lang.Object, java.lang.Object, int)'> (0x000000008d007798) thrown at [./src/hotspot/share/interpreter/linkResolver.cpp, line 773]
Event: 30.189 Thread 0x00000296f006a000 Exception <a 'java/lang/NoSuchMethodError'{0x0000000091dfb0f0}: 'java.lang.Object java.lang.invoke.DirectMethodHandle$Holder.invokeSpecial(java.lang.Object, java.lang.Object, java.lang.Object, java.lang.Object, java.lang.Object, java.lang.Object, java.lang.Object, java.lang.Object, java.lang.Object, java.lang.Object, java.lang.Object)'> (0x0000000091dfb0f0) thrown at [./src/hotspot/share/interpreter/linkResolver.cpp, line 773]
Event: 30.190 Thread 0x00000296f006a000 Exception <a 'java/lang/NoSuchMethodError'{0x0000000091c259f8}: 'java.lang.Object java.lang.invoke.Invokers$Holder.linkToTargetMethod(java.lang.Object, java.lang.Object, java.lang.Object, java.lang.Object, java.lang.Object, java.lang.Object, java.lang.Object, java.lang.Object, java.lang.Object, java.lang.Object)'> (0x0000000091c259f8) thrown at [./src/hotspot/share/interpreter/linkResolver.cpp, line 773]
Event: 30.199 Thread 0x00000296f006a000 Exception <a 'java/lang/IncompatibleClassChangeError'{0x0000000091a33b10}: Found class java.lang.Object, but interface was expected> (0x0000000091a33b10) thrown at [./src/hotspot/share/interpreter/linkResolver.cpp, line 839]
Event: 30.494 Thread 0x00000296f0066000 Exception <a 'java/lang/NoSuchMethodError'{0x0000000093b89b50}: 'int java.lang.invoke.DirectMethodHandle$Holder.invokeInterface(java.lang.Object, java.lang.Object, int)'> (0x0000000093b89b50) thrown at [./src/hotspot/share/interpreter/linkResolver.cpp, line 773]
Event: 30.932 Thread 0x00000296eeabc000 Exception <a 'java/lang/NoSuchMethodError'{0x0000000093d8fa48}: 'void java.lang.invoke.DirectMethodHandle$Holder.invokeSpecial(java.lang.Object, java.lang.Object, int, java.lang.Object, java.lang.Object, java.lang.Object, java.lang.Object)'> (0x0000000093d8fa48) thrown at [./src/hotspot/share/interpreter/linkResolver.cpp, line 773]
Event: 30.933 Thread 0x00000296eeabc000 Exception <a 'java/lang/NoSuchMethodError'{0x0000000093c6c118}: 'java.lang.Object java.lang.invoke.Invokers$Holder.linkToTargetMethod(java.lang.Object, int, java.lang.Object, java.lang.Object, java.lang.Object, java.lang.Object)'> (0x0000000093c6c118) thrown at [./src/hotspot/share/interpreter/linkResolver.cpp, line 773]
Event: 30.935 Thread 0x00000296eeabc000 Exception <a 'java/lang/NoSuchMethodError'{0x0000000093c705c8}: 'void java.lang.invoke.DirectMethodHandle$Holder.invokeSpecial(java.lang.Object, java.lang.Object, java.lang.Object, java.lang.Object, java.lang.Object, java.lang.Object, java.lang.Object, java.lang.Object, java.lang.Object)'> (0x0000000093c705c8) thrown at [./src/hotspot/share/interpreter/linkResolver.cpp, line 773]
Event: 30.958 Thread 0x00000296eeabc000 Exception <a 'java/lang/NoSuchMethodError'{0x00000000939e9a28}: 'void java.lang.invoke.DirectMethodHandle$Holder.invokeStatic(java.lang.Object, java.lang.Object, java.lang.Object, java.lang.Object, java.lang.Object, java.lang.Object, java.lang.Object, java.lang.Object)'> (0x00000000939e9a28) thrown at [./src/hotspot/share/interpreter/linkResolver.cpp, line 773]
Event: 31.332 Thread 0x00000296eeab6800 Implicit null exception at 0x00000296db5f77c0 to 0x00000296db5f8a68
Event: 31.405 Thread 0x00000296eeabc000 Exception <a 'java/lang/IncompatibleClassChangeError'{0x000000009360b510}: Found class java.lang.Object, but interface was expected> (0x000000009360b510) thrown at [./src/hotspot/share/interpreter/linkResolver.cpp, line 839]
Event: 31.729 Thread 0x00000296eeabc000 Exception <a 'java/lang/NoSuchMethodError'{0x000000008eda0c88}: 'void java.lang.invoke.DirectMethodHandle$Holder.invokeVirtual(java.lang.Object, java.lang.Object, int)'> (0x000000008eda0c88) thrown at [./src/hotspot/share/interpreter/linkResolver.cpp, line 773]
Event: 31.990 Thread 0x00000296eeabc000 Exception <a 'sun/nio/fs/WindowsException'{0x0000000090ec0c50}> (0x0000000090ec0c50) thrown at [./src/hotspot/share/prims/jni.cpp, line 615]
Event: 32.487 Thread 0x00000296eeab6800 Exception <a 'sun/nio/fs/WindowsException'{0x000000008f061c38}> (0x000000008f061c38) thrown at [./src/hotspot/share/prims/jni.cpp, line 615]
Event: 32.590 Thread 0x00000296eeabc000 Exception <a 'sun/nio/fs/WindowsException'{0x0000000094611c60}> (0x0000000094611c60) thrown at [./src/hotspot/share/prims/jni.cpp, line 615]
Event: 32.977 Thread 0x00000296eeabc000 Exception <a 'sun/nio/fs/WindowsException'{0x0000000097c919c0}> (0x0000000097c919c0) thrown at [./src/hotspot/share/prims/jni.cpp, line 615]
Event: 33.332 Thread 0x00000296eeab6800 Exception <a 'sun/nio/fs/WindowsException'{0x0000000098726790}> (0x0000000098726790) thrown at [./src/hotspot/share/prims/jni.cpp, line 615]
Event: 34.393 Thread 0x00000296eeabc000 Exception <a 'sun/nio/fs/WindowsException'{0x0000000096cb7c50}> (0x0000000096cb7c50) thrown at [./src/hotspot/share/prims/jni.cpp, line 615]
Event: 34.465 Thread 0x00000296eeab6800 Exception <a 'sun/nio/fs/WindowsException'{0x000000009510ef58}> (0x000000009510ef58) thrown at [./src/hotspot/share/prims/jni.cpp, line 615]
Event: 34.713 Thread 0x00000296f006a000 Exception <a 'sun/nio/fs/WindowsException'{0x000000009142e650}> (0x000000009142e650) thrown at [./src/hotspot/share/prims/jni.cpp, line 615]

Events (20 events):
Event: 34.157 loading class com/android/tools/r8/graph/S0
Event: 34.157 loading class com/android/tools/r8/graph/S0 done
Event: 34.266 loading class com/android/tools/r8/code/y0
Event: 34.266 loading class com/android/tools/r8/code/y0 done
Event: 34.267 loading class com/android/tools/r8/code/x0
Event: 34.267 loading class com/android/tools/r8/code/x0 done
Event: 34.270 loading class com/android/tools/r8/internal/Fg
Event: 34.270 loading class com/android/tools/r8/internal/Fg done
Event: 34.270 loading class com/android/tools/r8/internal/Fg
Event: 34.270 loading class com/android/tools/r8/internal/Fg done
Event: 34.270 loading class com/android/tools/r8/internal/Fg
Event: 34.270 loading class com/android/tools/r8/internal/Fg done
Event: 34.280 Executing VM operation: G1CollectForAllocation
Event: 34.297 Executing VM operation: G1CollectForAllocation done
Event: 34.549 Executing VM operation: ICBufferFull
Event: 34.551 Executing VM operation: ICBufferFull done
Event: 34.796 loading class com/android/tools/r8/code/G0
Event: 34.796 loading class com/android/tools/r8/code/G0 done
Event: 34.796 loading class com/android/tools/r8/code/G0
Event: 34.796 loading class com/android/tools/r8/code/G0 done


Dynamic libraries:
0x00007ff711410000 - 0x00007ff71141a000 	C:\Program Files\Android\Android Studio\jre\bin\java.exe
0x00007ffb24e70000 - 0x00007ffb25065000 	C:\WINDOWS\SYSTEM32\ntdll.dll
0x00007ffb24d70000 - 0x00007ffb24e2e000 	C:\WINDOWS\System32\KERNEL32.DLL
0x00007ffb22740000 - 0x00007ffb22a08000 	C:\WINDOWS\System32\KERNELBASE.dll
0x00007ffb22580000 - 0x00007ffb22680000 	C:\WINDOWS\System32\ucrtbase.dll
0x00007ffb12320000 - 0x00007ffb12339000 	C:\Program Files\Android\Android Studio\jre\bin\jli.dll
0x00007ffb0ea30000 - 0x00007ffb0ea47000 	C:\Program Files\Android\Android Studio\jre\bin\VCRUNTIME140.dll
0x00007ffb247a0000 - 0x00007ffb24940000 	C:\WINDOWS\System32\USER32.dll
0x00007ffb12a30000 - 0x00007ffb12cca000 	C:\WINDOWS\WinSxS\amd64_microsoft.windows.common-controls_6595b64144ccf1df_6.0.19041.1110_none_60b5254171f9507e\COMCTL32.dll
0x00007ffb22d70000 - 0x00007ffb22d92000 	C:\WINDOWS\System32\win32u.dll
0x00007ffb246a0000 - 0x00007ffb2473e000 	C:\WINDOWS\System32\msvcrt.dll
0x00007ffb22ee0000 - 0x00007ffb22f0b000 	C:\WINDOWS\System32\GDI32.dll
0x00007ffb22c60000 - 0x00007ffb22d6d000 	C:\WINDOWS\System32\gdi32full.dll
0x00007ffb22a60000 - 0x00007ffb22afd000 	C:\WINDOWS\System32\msvcp_win.dll
0x00007ffb240f0000 - 0x00007ffb24120000 	C:\WINDOWS\System32\IMM32.DLL
0x00007ffaff960000 - 0x00007ffaff9fd000 	C:\Program Files\Android\Android Studio\jre\bin\msvcp140.dll
0x00007ffad2410000 - 0x00007ffad2edf000 	C:\Program Files\Android\Android Studio\jre\bin\server\jvm.dll
0x00007ffb24030000 - 0x00007ffb240de000 	C:\WINDOWS\System32\ADVAPI32.dll
0x00007ffb24600000 - 0x00007ffb2469c000 	C:\WINDOWS\System32\sechost.dll
0x00007ffb23040000 - 0x00007ffb23165000 	C:\WINDOWS\System32\RPCRT4.dll
0x00007ffb23d80000 - 0x00007ffb23d88000 	C:\WINDOWS\System32\PSAPI.DLL
0x00007ffb1c6d0000 - 0x00007ffb1c6d9000 	C:\WINDOWS\SYSTEM32\WSOCK32.dll
0x00007ffb19710000 - 0x00007ffb1971a000 	C:\WINDOWS\SYSTEM32\VERSION.dll
0x00007ffb138a0000 - 0x00007ffb138c7000 	C:\WINDOWS\SYSTEM32\WINMM.dll
0x00007ffb23d10000 - 0x00007ffb23d7b000 	C:\WINDOWS\System32\WS2_32.dll
0x00007ffb20e50000 - 0x00007ffb20e62000 	C:\WINDOWS\SYSTEM32\kernel.appcore.dll
0x00007ffb1a740000 - 0x00007ffb1a751000 	C:\Program Files\Android\Android Studio\jre\bin\verify.dll
0x00007ffb20a90000 - 0x00007ffb20c74000 	C:\WINDOWS\SYSTEM32\DBGHELP.DLL
0x00007ffb18820000 - 0x00007ffb1884c000 	C:\WINDOWS\SYSTEM32\dbgcore.DLL
0x00007ffb226b0000 - 0x00007ffb22732000 	C:\WINDOWS\System32\bcryptPrimitives.dll
0x00007ffb12440000 - 0x00007ffb12469000 	C:\Program Files\Android\Android Studio\jre\bin\java.dll
0x00007ffb191c0000 - 0x00007ffb191cb000 	C:\Program Files\Android\Android Studio\jre\bin\jimage.dll
0x00007ffb15040000 - 0x00007ffb15058000 	C:\Program Files\Android\Android Studio\jre\bin\zip.dll
0x00007ffb235c0000 - 0x00007ffb23d04000 	C:\WINDOWS\System32\SHELL32.dll
0x00007ffb1cfa0000 - 0x00007ffb1d734000 	C:\WINDOWS\SYSTEM32\windows.storage.dll
0x00007ffb24a10000 - 0x00007ffb24d65000 	C:\WINDOWS\System32\combase.dll
0x00007ffb21fd0000 - 0x00007ffb21ffe000 	C:\WINDOWS\SYSTEM32\Wldp.dll
0x00007ffb23510000 - 0x00007ffb235bd000 	C:\WINDOWS\System32\SHCORE.dll
0x00007ffb24740000 - 0x00007ffb24795000 	C:\WINDOWS\System32\shlwapi.dll
0x00007ffb224c0000 - 0x00007ffb224df000 	C:\WINDOWS\SYSTEM32\profapi.dll
0x00007ffb12420000 - 0x00007ffb1243a000 	C:\Program Files\Android\Android Studio\jre\bin\net.dll
0x00007ffb1b510000 - 0x00007ffb1b61c000 	C:\WINDOWS\SYSTEM32\WINHTTP.dll
0x00007ffb21d30000 - 0x00007ffb21d9a000 	C:\WINDOWS\system32\mswsock.dll
0x00007ffb0ffe0000 - 0x00007ffb0fff4000 	C:\Program Files\Android\Android Studio\jre\bin\nio.dll
0x00007ffb08040000 - 0x00007ffb08067000 	C:\Users\Arthur\.gradle\native\8bec1ad78214c89d9ad589b4d07fe93259594b29d510b10fafb7a158f7737e5d\windows-amd64\native-platform.dll
0x00007ffae45f0000 - 0x00007ffae472d000 	C:\Users\Arthur\.gradle\native\53dbd7edfb1c66fb8903c78663c9afc45aea4f116125fa6feffd364cf09443e8\windows-amd64\native-platform-file-events.dll
0x00007ffb191b0000 - 0x00007ffb191ba000 	C:\Program Files\Android\Android Studio\jre\bin\management.dll
0x00007ffb188f0000 - 0x00007ffb188fc000 	C:\Program Files\Android\Android Studio\jre\bin\management_ext.dll
0x00007ffb21f20000 - 0x00007ffb21f38000 	C:\WINDOWS\SYSTEM32\CRYPTSP.dll
0x00007ffb21640000 - 0x00007ffb21674000 	C:\WINDOWS\system32\rsaenh.dll
0x00007ffb22680000 - 0x00007ffb226a7000 	C:\WINDOWS\System32\bcrypt.dll
0x00007ffb22440000 - 0x00007ffb2246e000 	C:\WINDOWS\SYSTEM32\USERENV.dll
0x00007ffb21f40000 - 0x00007ffb21f4c000 	C:\WINDOWS\SYSTEM32\CRYPTBASE.dll
0x00007ffb219d0000 - 0x00007ffb21a0b000 	C:\WINDOWS\SYSTEM32\IPHLPAPI.DLL
0x00007ffb240e0000 - 0x00007ffb240e8000 	C:\WINDOWS\System32\NSI.dll
0x00007ffb196f0000 - 0x00007ffb19707000 	C:\WINDOWS\SYSTEM32\dhcpcsvc6.DLL
0x00007ffb196d0000 - 0x00007ffb196ed000 	C:\WINDOWS\SYSTEM32\dhcpcsvc.DLL
0x00007ffb21a60000 - 0x00007ffb21b2b000 	C:\WINDOWS\SYSTEM32\DNSAPI.dll

dbghelp: loaded successfully - version: 4.0.5 - missing functions: none
symbol engine: initialized successfully - sym options: 0x614 - pdb path: .;C:\Program Files\Android\Android Studio\jre\bin;C:\WINDOWS\SYSTEM32;C:\WINDOWS\WinSxS\amd64_microsoft.windows.common-controls_6595b64144ccf1df_6.0.19041.1110_none_60b5254171f9507e;C:\Program Files\Android\Android Studio\jre\bin\server;C:\Users\Arthur\.gradle\native\8bec1ad78214c89d9ad589b4d07fe93259594b29d510b10fafb7a158f7737e5d\windows-amd64;C:\Users\Arthur\.gradle\native\53dbd7edfb1c66fb8903c78663c9afc45aea4f116125fa6feffd364cf09443e8\windows-amd64

VM Arguments:
jvm_args: --add-opens=java.base/java.util=ALL-UNNAMED --add-opens=java.base/java.lang=ALL-UNNAMED --add-opens=java.base/java.lang.invoke=ALL-UNNAMED --add-opens=java.base/java.util=ALL-UNNAMED --add-opens=java.prefs/java.util.prefs=ALL-UNNAMED --add-opens=java.prefs/java.util.prefs=ALL-UNNAMED --add-opens=java.base/java.nio.charset=ALL-UNNAMED --add-opens=java.base/java.net=ALL-UNNAMED --add-opens=java.base/java.util.concurrent.atomic=ALL-UNNAMED -Xmx2048m -Dfile.encoding=UTF-8 -Duser.country=US -Duser.language=en -Duser.variant 
java_command: org.gradle.launcher.daemon.bootstrap.GradleDaemon 7.0.2
java_class_path (initial): C:\Users\Arthur\.gradle\wrapper\dists\gradle-7.0.2-bin\857tjihv64xamwrf0h14cai3r\gradle-7.0.2\lib\gradle-launcher-7.0.2.jar
Launcher Type: SUN_STANDARD

[Global flags]
     intx CICompilerCount                          = 4                                         {product} {ergonomic}
     uint ConcGCThreads                            = 2                                         {product} {ergonomic}
     uint G1ConcRefinementThreads                  = 8                                         {product} {ergonomic}
   size_t G1HeapRegionSize                         = 1048576                                   {product} {ergonomic}
    uintx GCDrainStackTargetSize                   = 64                                        {product} {ergonomic}
   size_t InitialHeapSize                          = 132120576                                 {product} {ergonomic}
   size_t MarkStackSize                            = 4194304                                   {product} {ergonomic}
   size_t MaxHeapSize                              = 2147483648                                {product} {command line}
   size_t MaxNewSize                               = 1287651328                                {product} {ergonomic}
   size_t MinHeapDeltaBytes                        = 1048576                                   {product} {ergonomic}
    uintx NonNMethodCodeHeapSize                   = 5836300                                {pd product} {ergonomic}
    uintx NonProfiledCodeHeapSize                  = 122910970                              {pd product} {ergonomic}
    uintx ProfiledCodeHeapSize                     = 122910970                              {pd product} {ergonomic}
    uintx ReservedCodeCacheSize                    = 251658240                              {pd product} {ergonomic}
     bool SegmentedCodeCache                       = true                                      {product} {ergonomic}
     bool UseCompressedClassPointers               = true                                 {lp64_product} {ergonomic}
     bool UseCompressedOops                        = true                                 {lp64_product} {ergonomic}
     bool UseG1GC                                  = true                                      {product} {ergonomic}
     bool UseLargePagesIndividualAllocation        = false                                  {pd product} {ergonomic}

Logging:
Log output configuration:
 #0: stdout all=warning uptime,level,tags
 #1: stderr all=off uptime,level,tags

Environment Variables:
PATH=C:\Program Files\Common Files\Oracle\Java\javapath;C:\WINDOWS\system32;C:\WINDOWS;C:\WINDOWS\System32\Wbem;C:\WINDOWS\System32\WindowsPowerShell\v1.0\;C:\WINDOWS\System32\OpenSSH\;C:\Program Files\nodejs\;C:\Program Files\Git\cmd;C:\Program Files\dotnet\;C:\Users\Arthur\AppData\Local\Microsoft\WindowsApps;;C:\Users\Arthur\AppData\Local\Programs\Microsoft VS Code\bin;C:\Users\Arthur\AppData\Roaming\npm;C:\Users\Arthur\.dotnet\tools
USERNAME=Arthur
OS=Windows_NT
PROCESSOR_IDENTIFIER=Intel64 Family 6 Model 142 Stepping 12, GenuineIntel



---------------  S Y S T E M  ---------------

OS: Windows 10 , 64 bit Build 19041 (10.0.19041.1503)
OS uptime: 0 days 3:00 hours

CPU:total 8 (initial active 8) (4 cores per cpu, 2 threads per core) family 6 model 142 stepping 12 microcode 0xde, cmov, cx8, fxsr, mmx, sse, sse2, sse3, ssse3, sse4.1, sse4.2, popcnt, avx, avx2, aes, clmul, erms, 3dnowpref, lzcnt, ht, tsc, tscinvbit, bmi1, bmi2, adx, fma

Memory: 4k page, system-wide physical 7976M (445M free)
TotalPageFile size 10024M (AvailPageFile size 8M)
current process WorkingSet (physical memory assigned to process): 641M, peak: 824M
current process commit charge ("private bytes"): 926M, peak: 931M

vm_info: OpenJDK 64-Bit Server VM (11.0.10+0-b96-7249189) for windows-amd64 JRE (11.0.10+0-b96-7249189), built on Mar 31 2021 21:44:00 by "builder" with MS VC++ 14.0 (VS2015)

END.
