#
# There is insufficient memory for the Java Runtime Environment to continue.
# Native memory allocation (mmap) failed to map 195035136 bytes for Failed to commit area from 0x0000000091700000 to 0x000000009d100000 of length 195035136.
# Possible reasons:
#   The system is out of physical RAM or swap space
#   The process is running with CompressedOops enabled, and the Java Heap may be blocking the growth of the native heap
# Possible solutions:
#   Reduce memory load on the system
#   Increase physical memory or swap space
#   Check if swap backing store is full
#   Decrease Java heap size (-Xmx/-Xms)
#   Decrease number of Java threads
#   Decrease Java thread stack sizes (-Xss)
#   Set larger code cache with -XX:ReservedCodeCacheSize=
#   JVM is running with Unscaled Compressed Oops mode in which the Java heap is
#     placed in the first 4GB address space. The Java Heap base address is the
#     maximum limit for the native heap growth. Please use -XX:HeapBaseMinAddress
#     to set the Java Heap base and to place the Java Heap above 4GB virtual address.
# This output file may be truncated or incomplete.
#
#  Out of Memory Error (./src/hotspot/os/windows/os_windows.cpp:3301), pid=8600, tid=10984
#
# JRE version: OpenJDK Runtime Environment (11.0.10) (build 11.0.10+0-b96-7249189)
# Java VM: OpenJDK 64-Bit Server VM (11.0.10+0-b96-7249189, mixed mode, tiered, compressed oops, g1 gc, windows-amd64)
# No core dump will be written. Minidumps are not enabled by default on client versions of Windows
#

---------------  S U M M A R Y ------------

Command Line: --add-opens=java.base/java.util=ALL-UNNAMED --add-opens=java.base/java.lang=ALL-UNNAMED --add-opens=java.base/java.lang.invoke=ALL-UNNAMED --add-opens=java.base/java.util=ALL-UNNAMED --add-opens=java.prefs/java.util.prefs=ALL-UNNAMED --add-opens=java.prefs/java.util.prefs=ALL-UNNAMED --add-opens=java.base/java.nio.charset=ALL-UNNAMED --add-opens=java.base/java.net=ALL-UNNAMED --add-opens=java.base/java.util.concurrent.atomic=ALL-UNNAMED -Xmx2048m -Dfile.encoding=UTF-8 -Duser.country=US -Duser.language=en -Duser.variant org.gradle.launcher.daemon.bootstrap.GradleDaemon 7.0.2

Host: Intel(R) Core(TM) i5-10210U CPU @ 1.60GHz, 8 cores, 7G,  Windows 10 , 64 bit Build 19041 (10.0.19041.1503)
Time: Sat Feb 12 13:48:27 2022 Russia TZ 2 Standard Time elapsed time: 13.342785 seconds (0d 0h 0m 13s)

---------------  T H R E A D  ---------------

Current thread (0x00000244ce5bc800):  VMThread "VM Thread" [stack: 0x0000005fd5700000,0x0000005fd5800000] [id=10984]

Stack: [0x0000005fd5700000,0x0000005fd5800000]
[error occurred during error reporting (printing stack bounds), id 0xc0000005, EXCEPTION_ACCESS_VIOLATION (0xc0000005) at pc=0x00000244b7480f2d]

Native frames: (J=compiled Java code, j=interpreted, Vv=VM code, C=native code)
V  [jvm.dll+0x5ecfaa]
V  [jvm.dll+0x722bd5]
V  [jvm.dll+0x72412d]
V  [jvm.dll+0x724745]
V  [jvm.dll+0x7246fb]
V  [jvm.dll+0x5ec348]
V  [jvm.dll+0x5ecad8]
C  [ntdll.dll+0xa20cf]
C  [ntdll.dll+0x51454]
C  [ntdll.dll+0xa0bfe]
C  0x00000244b7480f2d

VM_Operation (0x0000005fd88f9460): G1CollectForAllocation, mode: safepoint, requested by thread 0x00000244d2a48000


---------------  P R O C E S S  ---------------

Threads class SMR info:
_java_thread_list=0x00000244d01133a0, length=62, elements={
0x00000244b3979800, 0x00000244ce5be800, 0x00000244ce5c2000, 0x00000244cef7a000,
0x00000244cef7b000, 0x00000244cef7c000, 0x00000244cef7d800, 0x00000244cef80800,
0x00000244ce5dd000, 0x00000244cf0db000, 0x00000244d1986800, 0x00000244cf32c800,
0x00000244d1470000, 0x00000244d0fc8000, 0x00000244d0d70800, 0x00000244d08c8800,
0x00000244d163a000, 0x00000244d0ea6800, 0x00000244d1994800, 0x00000244d13f8000,
0x00000244d198d000, 0x00000244d1989000, 0x00000244d1989800, 0x00000244d1987800,
0x00000244d198a800, 0x00000244d198b800, 0x00000244d1988000, 0x00000244d198e000,
0x00000244d198c000, 0x00000244d2a45800, 0x00000244d2a40000, 0x00000244d2a46800,
0x00000244d2a42800, 0x00000244d2a43000, 0x00000244d2a40800, 0x00000244d2a4b800,
0x00000244d2a4a800, 0x00000244d2a4c000, 0x00000244d2a4d000, 0x00000244d2a4e000,
0x00000244d2a48000, 0x00000244d2a4e800, 0x00000244d2a49000, 0x00000244d2a49800,
0x00000244d4b40000, 0x00000244d4b3d800, 0x00000244d4b3f800, 0x00000244d4b41000,
0x00000244d4b3e800, 0x00000244d4b3b800, 0x00000244d4b3c000, 0x00000244d4b42800,
0x00000244d4b45000, 0x00000244d4b46000, 0x00000244d4b47800, 0x00000244d4b48800,
0x00000244d4b43800, 0x00000244d4b44800, 0x00000244d4b49000, 0x00000244d4b4a000,
0x00000244d636a000, 0x00000244d636d800
}

Java Threads: ( => current thread )
  0x00000244b3979800 JavaThread "main" [_thread_blocked, id=6216, stack(0x0000005fd5100000,0x0000005fd5200000)]
  0x00000244ce5be800 JavaThread "Reference Handler" daemon [_thread_blocked, id=12172, stack(0x0000005fd5800000,0x0000005fd5900000)]
  0x00000244ce5c2000 JavaThread "Finalizer" daemon [_thread_blocked, id=6340, stack(0x0000005fd5900000,0x0000005fd5a00000)]
  0x00000244cef7a000 JavaThread "Signal Dispatcher" daemon [_thread_blocked, id=12248, stack(0x0000005fd5a00000,0x0000005fd5b00000)]
  0x00000244cef7b000 JavaThread "Attach Listener" daemon [_thread_blocked, id=8960, stack(0x0000005fd5b00000,0x0000005fd5c00000)]
  0x00000244cef7c000 JavaThread "Service Thread" daemon [_thread_blocked, id=4896, stack(0x0000005fd5c00000,0x0000005fd5d00000)]
  0x00000244cef7d800 JavaThread "C2 CompilerThread0" daemon [_thread_in_native, id=3976, stack(0x0000005fd5d00000,0x0000005fd5e00000)]
  0x00000244cef80800 JavaThread "C1 CompilerThread0" daemon [_thread_blocked, id=10568, stack(0x0000005fd5e00000,0x0000005fd5f00000)]
  0x00000244ce5dd000 JavaThread "Sweeper thread" daemon [_thread_blocked, id=8404, stack(0x0000005fd5f00000,0x0000005fd6000000)]
  0x00000244cf0db000 JavaThread "Common-Cleaner" daemon [_thread_blocked, id=8200, stack(0x0000005fd6000000,0x0000005fd6100000)]
  0x00000244d1986800 JavaThread "Daemon health stats" [_thread_blocked, id=7992, stack(0x0000005fd6500000,0x0000005fd6600000)]
  0x00000244cf32c800 JavaThread "Incoming local TCP Connector on port 50035" [_thread_in_native, id=2060, stack(0x0000005fd6200000,0x0000005fd6300000)]
  0x00000244d1470000 JavaThread "Daemon periodic checks" [_thread_blocked, id=10652, stack(0x0000005fd6600000,0x0000005fd6700000)]
  0x00000244d0fc8000 JavaThread "C2 CompilerThread1" daemon [_thread_in_native, id=6412, stack(0x0000005fd6700000,0x0000005fd6800000)]
  0x00000244d0d70800 JavaThread "Daemon" [_thread_blocked, id=6132, stack(0x0000005fd6800000,0x0000005fd6900000)]
  0x00000244d08c8800 JavaThread "Handler for socket connection from /127.0.0.1:50035 to /127.0.0.1:50036" [_thread_in_native, id=9356, stack(0x0000005fd6900000,0x0000005fd6a00000)]
  0x00000244d163a000 JavaThread "Cancel handler" [_thread_blocked, id=1936, stack(0x0000005fd6a00000,0x0000005fd6b00000)]
  0x00000244d0ea6800 JavaThread "Daemon worker" [_thread_blocked, id=2520, stack(0x0000005fd6b00000,0x0000005fd6c00000)]
  0x00000244d1994800 JavaThread "Asynchronous log dispatcher for DefaultDaemonConnection: socket connection from /127.0.0.1:50035 to /127.0.0.1:50036" [_thread_blocked, id=8512, stack(0x0000005fd6c00000,0x0000005fd6d00000)]
  0x00000244d13f8000 JavaThread "Stdin handler" [_thread_blocked, id=6916, stack(0x0000005fd6d00000,0x0000005fd6e00000)]
  0x00000244d198d000 JavaThread "Daemon client event forwarder" [_thread_blocked, id=11436, stack(0x0000005fd6e00000,0x0000005fd6f00000)]
  0x00000244d1989000 JavaThread "Cache worker for file hash cache (C:\Users\Arthur\.gradle\caches\7.0.2\fileHashes)" [_thread_blocked, id=11476, stack(0x0000005fd7400000,0x0000005fd7500000)]
  0x00000244d1989800 JavaThread "File lock request listener" [_thread_in_native, id=7228, stack(0x0000005fd7500000,0x0000005fd7600000)]
  0x00000244d1987800 JavaThread "Cache worker for journal cache (C:\Users\Arthur\.gradle\caches\journal-1)" [_thread_blocked, id=10500, stack(0x0000005fd7700000,0x0000005fd7800000)]
  0x00000244d198a800 JavaThread "File lock release action executor" [_thread_blocked, id=1220, stack(0x0000005fd7800000,0x0000005fd7900000)]
  0x00000244d198b800 JavaThread "Cache worker for file hash cache (C:\Users\Arthur\Documents\Programming\cross\DailyPlanner\.gradle\7.0.2\fileHashes)" [_thread_blocked, id=11064, stack(0x0000005fd7900000,0x0000005fd7a00000)]
  0x00000244d1988000 JavaThread "File watcher server" daemon [_thread_blocked, id=12004, stack(0x0000005fd7a00000,0x0000005fd7b00000)]
  0x00000244d198e000 JavaThread "File watcher consumer" daemon [_thread_blocked, id=1468, stack(0x0000005fd7b00000,0x0000005fd7c00000)]
  0x00000244d198c000 JavaThread "Cache worker for checksums cache (C:\Users\Arthur\Documents\Programming\cross\DailyPlanner\.gradle\checksums)" [_thread_blocked, id=9164, stack(0x0000005fd7c00000,0x0000005fd7d00000)]
  0x00000244d2a45800 JavaThread "Cache worker for cache directory md-supplier (C:\Users\Arthur\.gradle\caches\7.0.2\md-supplier)" [_thread_blocked, id=10584, stack(0x0000005fd7d00000,0x0000005fd7e00000)]
  0x00000244d2a40000 JavaThread "Cache worker for cache directory md-rule (C:\Users\Arthur\.gradle\caches\7.0.2\md-rule)" [_thread_blocked, id=10232, stack(0x0000005fd7e00000,0x0000005fd7f00000)]
  0x00000244d2a46800 JavaThread "Cache worker for execution history cache (C:\Users\Arthur\.gradle\caches\7.0.2\executionHistory)" [_thread_blocked, id=7864, stack(0x0000005fd7f00000,0x0000005fd8000000)]
  0x00000244d2a42800 JavaThread "jar transforms" [_thread_blocked, id=4840, stack(0x0000005fd8000000,0x0000005fd8100000)]
  0x00000244d2a43000 JavaThread "jar transforms Thread 2" [_thread_blocked, id=6224, stack(0x0000005fd8100000,0x0000005fd8200000)]
  0x00000244d2a40800 JavaThread "Cache worker for file content cache (C:\Users\Arthur\.gradle\caches\7.0.2\fileContent)" [_thread_blocked, id=9992, stack(0x0000005fd8200000,0x0000005fd8300000)]
  0x00000244d2a4b800 JavaThread "Cache worker for dependencies-accessors (C:\Users\Arthur\Documents\Programming\cross\DailyPlanner\.gradle\7.0.2\dependencies-accessors)" [_thread_blocked, id=9624, stack(0x0000005fd8300000,0x0000005fd8400000)]
  0x00000244d2a4a800 JavaThread "jar transforms Thread 3" [_thread_blocked, id=12084, stack(0x0000005fd8400000,0x0000005fd8500000)]
  0x00000244d2a4c000 JavaThread "Cache worker for Build Output Cleanup Cache (C:\Users\Arthur\Documents\Programming\cross\DailyPlanner\.gradle\buildOutputCleanup)" [_thread_blocked, id=10972, stack(0x0000005fd8500000,0x0000005fd8600000)]
  0x00000244d2a4d000 JavaThread "Build operations" [_thread_blocked, id=7540, stack(0x0000005fd8600000,0x0000005fd8700000)]
  0x00000244d2a4e000 JavaThread "Build operations Thread 2" [_thread_blocked, id=3752, stack(0x0000005fd8700000,0x0000005fd8800000)]
  0x00000244d2a48000 JavaThread "Build operations Thread 3" [_thread_blocked, id=3204, stack(0x0000005fd8800000,0x0000005fd8900000)]
  0x00000244d2a4e800 JavaThread "Build operations Thread 4" [_thread_blocked, id=7412, stack(0x0000005fd8900000,0x0000005fd8a00000)]
  0x00000244d2a49000 JavaThread "Build operations Thread 5" [_thread_blocked, id=11032, stack(0x0000005fd8a00000,0x0000005fd8b00000)]
  0x00000244d2a49800 JavaThread "Build operations Thread 6" [_thread_blocked, id=9348, stack(0x0000005fd8b00000,0x0000005fd8c00000)]
  0x00000244d4b40000 JavaThread "Build operations Thread 7" [_thread_blocked, id=11396, stack(0x0000005fd8c00000,0x0000005fd8d00000)]
  0x00000244d4b3d800 JavaThread "Build operations Thread 8" [_thread_blocked, id=12244, stack(0x0000005fd8d00000,0x0000005fd8e00000)]
  0x00000244d4b3f800 JavaThread "jar transforms Thread 4" [_thread_blocked, id=11788, stack(0x0000005fd8e00000,0x0000005fd8f00000)]
  0x00000244d4b41000 JavaThread "jar transforms Thread 5" [_thread_blocked, id=4044, stack(0x0000005fd8f00000,0x0000005fd9000000)]
  0x00000244d4b3e800 JavaThread "jar transforms Thread 6" [_thread_blocked, id=11512, stack(0x0000005fd9000000,0x0000005fd9100000)]
  0x00000244d4b3b800 JavaThread "jar transforms Thread 7" [_thread_blocked, id=7608, stack(0x0000005fd9100000,0x0000005fd9200000)]
  0x00000244d4b3c000 JavaThread "jar transforms Thread 8" [_thread_blocked, id=4048, stack(0x0000005fd9200000,0x0000005fd9300000)]
  0x00000244d4b42800 JavaThread "Memory manager" [_thread_blocked, id=4380, stack(0x0000005fd9300000,0x0000005fd9400000)]
  0x00000244d4b45000 JavaThread "build event listener" [_thread_blocked, id=4072, stack(0x0000005fd9400000,0x0000005fd9500000)]
  0x00000244d4b46000 JavaThread "Execution worker for ':'" [_thread_blocked, id=6428, stack(0x0000005fd9500000,0x0000005fd9600000)]
  0x00000244d4b47800 JavaThread "Execution worker for ':' Thread 2" [_thread_blocked, id=4492, stack(0x0000005fd9600000,0x0000005fd9700000)]
  0x00000244d4b48800 JavaThread "Execution worker for ':' Thread 3" [_thread_blocked, id=3876, stack(0x0000005fd9700000,0x0000005fd9800000)]
  0x00000244d4b43800 JavaThread "Execution worker for ':' Thread 4" [_thread_blocked, id=4376, stack(0x0000005fd9800000,0x0000005fd9900000)]
  0x00000244d4b44800 JavaThread "Execution worker for ':' Thread 5" [_thread_blocked, id=5884, stack(0x0000005fd9900000,0x0000005fd9a00000)]
  0x00000244d4b49000 JavaThread "Execution worker for ':' Thread 6" [_thread_blocked, id=8636, stack(0x0000005fd9a00000,0x0000005fd9b00000)]
  0x00000244d4b4a000 JavaThread "Execution worker for ':' Thread 7" [_thread_blocked, id=2372, stack(0x0000005fd9b00000,0x0000005fd9c00000)]
  0x00000244d636a000 JavaThread "Cache worker for execution history cache (C:\Users\Arthur\Documents\Programming\cross\DailyPlanner\.gradle\7.0.2\executionHistory)" [_thread_blocked, id=12220, stack(0x0000005fd9c00000,0x0000005fd9d00000)]
  0x00000244d636d800 JavaThread "WorkerExecutor Queue" [_thread_blocked, id=6500, stack(0x0000005fd9d00000,0x0000005fd9e00000)]

Other Threads:
=>0x00000244ce5bc800 VMThread "VM Thread" [stack: 0x0000005fd5700000,0x0000005fd5800000] [id=10984]
  0x00000244cf113000 WatcherThread [stack: 0x0000005fd6100000,0x0000005fd6200000] [id=7520]
  0x00000244b3990800 GCTaskThread "GC Thread#0" [stack: 0x0000005fd5200000,0x0000005fd5300000] [id=11496]
  0x00000244cfd2e800 GCTaskThread "GC Thread#1" [stack: 0x0000005fd6300000,0x0000005fd6400000] [id=4004]
  0x00000244d059d800 GCTaskThread "GC Thread#2" [stack: 0x0000005fd6400000,0x0000005fd6500000] [id=11760]
  0x00000244d046a800 GCTaskThread "GC Thread#3" [stack: 0x0000005fd6f00000,0x0000005fd7000000] [id=8588]
  0x00000244d0685000 GCTaskThread "GC Thread#4" [stack: 0x0000005fd7000000,0x0000005fd7100000] [id=10348]
  0x00000244d1379800 GCTaskThread "GC Thread#5" [stack: 0x0000005fd7100000,0x0000005fd7200000] [id=12060]
  0x00000244d14fe800 GCTaskThread "GC Thread#6" [stack: 0x0000005fd7200000,0x0000005fd7300000] [id=5644]
  0x00000244d2623800 GCTaskThread "GC Thread#7" [stack: 0x0000005fd7300000,0x0000005fd7400000] [id=12168]
  0x00000244b39c8800 ConcurrentGCThread "G1 Main Marker" [stack: 0x0000005fd5300000,0x0000005fd5400000] [id=9324]
  0x00000244b39c9800 ConcurrentGCThread "G1 Conc#0" [stack: 0x0000005fd5400000,0x0000005fd5500000] [id=7136]
  0x00000244cfb8d800 ConcurrentGCThread "G1 Conc#1" [stack: 0x0000005fd7600000,0x0000005fd7700000] [id=12112]
  0x00000244ce410800 ConcurrentGCThread "G1 Refine#0" [stack: 0x0000005fd5500000,0x0000005fd5600000] [id=8428]
  0x00000244e019b000 ConcurrentGCThread "G1 Refine#1" [stack: 0x0000005fd9e00000,0x0000005fd9f00000] [id=10672]
  0x00000244e00ca800 ConcurrentGCThread "G1 Refine#2" [stack: 0x0000005fd9f00000,0x0000005fda000000] [id=11404]
  0x00000244ce411000 ConcurrentGCThread "G1 Young RemSet Sampling" [stack: 0x0000005fd5600000,0x0000005fd5700000] [id=11464]

Threads with active compile tasks:
C2 CompilerThread0  13357 11613       4       com.android.tools.r8.internal.T6::a (4191 bytes)
C1 CompilerThread0  13357 12875       2       com.android.tools.r8.ir.regalloc.d::hashCode (28 bytes)
C2 CompilerThread1  13357 11448 %     4       com.android.tools.r8.internal.T6::a @ 1682 (6044 bytes)

VM state:at safepoint (normal execution)

VM Mutex/Monitor currently owned by a thread:  ([mutex/lock_event])
[0x00000244b3978040] Threads_lock - owner thread: 0x00000244ce5bc800
[0x00000244b3977230] Heap_lock - owner thread: 0x00000244d2a48000

Heap address: 0x0000000080000000, size: 2048 MB, Compressed Oops mode: 32-bit
Narrow klass base: 0x0000000000000000, Narrow klass shift: 3
Compressed class space size: 1073741824 Address: 0x0000000100000000

Heap:
 garbage-first heap   total 476160K, used 160726K [0x0000000080000000, 0x0000000100000000)
  region size 1024K, 2 young (2048K), 2 survivors (2048K)
 Metaspace       used 99413K, capacity 102023K, committed 102604K, reserved 1138688K
  class space    used 13036K, capacity 14018K, committed 14284K, reserved 1048576K
Heap Regions: E=young(eden), S=young(survivor), O=old, HS=humongous(starts), HC=humongous(continues), CS=collection set, F=free, A=archive, TAMS=top-at-mark-start (previous, next)
|   0|0x0000000080000000, 0x0000000080100000, 0x0000000080100000|100%| O|  |TAMS 0x0000000080100000, 0x0000000080000000| Untracked 
|   1|0x0000000080100000, 0x0000000080200000, 0x0000000080200000|100%| O|  |TAMS 0x0000000080200000, 0x0000000080100000| Complete 
|   2|0x0000000080200000, 0x0000000080300000, 0x0000000080300000|100%| O|  |TAMS 0x0000000080300000, 0x0000000080200000| Untracked 
|   3|0x0000000080300000, 0x0000000080400000, 0x0000000080400000|100%|HS|  |TAMS 0x0000000080400000, 0x0000000080300000| Complete 
|   4|0x0000000080400000, 0x0000000080500000, 0x0000000080500000|100%|HC|  |TAMS 0x0000000080500000, 0x0000000080400000| Complete 
|   5|0x0000000080500000, 0x0000000080600000, 0x0000000080600000|100%|HC|  |TAMS 0x0000000080600000, 0x0000000080500000| Complete 
|   6|0x0000000080600000, 0x0000000080700000, 0x0000000080700000|100%| O|  |TAMS 0x0000000080700000, 0x0000000080600000| Untracked 
|   7|0x0000000080700000, 0x0000000080800000, 0x0000000080800000|100%| O|  |TAMS 0x0000000080800000, 0x0000000080700000| Untracked 
|   8|0x0000000080800000, 0x0000000080900000, 0x0000000080900000|100%| O|  |TAMS 0x0000000080900000, 0x0000000080800000| Untracked 
|   9|0x0000000080900000, 0x0000000080a00000, 0x0000000080a00000|100%| O|  |TAMS 0x0000000080a00000, 0x0000000080900000| Untracked 
|  10|0x0000000080a00000, 0x0000000080b00000, 0x0000000080b00000|100%| O|  |TAMS 0x0000000080b00000, 0x0000000080a00000| Untracked 
|  11|0x0000000080b00000, 0x0000000080c00000, 0x0000000080c00000|100%| O|  |TAMS 0x0000000080c00000, 0x0000000080b00000| Untracked 
|  12|0x0000000080c00000, 0x0000000080d00000, 0x0000000080d00000|100%| O|  |TAMS 0x0000000080d00000, 0x0000000080c00000| Untracked 
|  13|0x0000000080d00000, 0x0000000080e00000, 0x0000000080e00000|100%| O|  |TAMS 0x0000000080e00000, 0x0000000080d00000| Untracked 
|  14|0x0000000080e00000, 0x0000000080f00000, 0x0000000080f00000|100%| O|  |TAMS 0x0000000080f00000, 0x0000000080e00000| Untracked 
|  15|0x0000000080f00000, 0x0000000081000000, 0x0000000081000000|100%| O|  |TAMS 0x0000000081000000, 0x0000000080f00000| Untracked 
|  16|0x0000000081000000, 0x0000000081100000, 0x0000000081100000|100%| O|  |TAMS 0x0000000081100000, 0x0000000081000000| Untracked 
|  17|0x0000000081100000, 0x0000000081200000, 0x0000000081200000|100%| O|  |TAMS 0x0000000081200000, 0x0000000081100000| Complete 
|  18|0x0000000081200000, 0x0000000081300000, 0x0000000081300000|100%| O|  |TAMS 0x0000000081300000, 0x0000000081200000| Complete 
|  19|0x0000000081300000, 0x0000000081400000, 0x0000000081400000|100%|HS|  |TAMS 0x0000000081400000, 0x0000000081300000| Complete 
|  20|0x0000000081400000, 0x0000000081500000, 0x0000000081500000|100%| O|  |TAMS 0x0000000081500000, 0x0000000081400000| Untracked 
|  21|0x0000000081500000, 0x0000000081600000, 0x0000000081600000|100%| O|  |TAMS 0x0000000081600000, 0x0000000081500000| Untracked 
|  22|0x0000000081600000, 0x0000000081700000, 0x0000000081700000|100%| O|  |TAMS 0x0000000081700000, 0x0000000081600000| Untracked 
|  23|0x0000000081700000, 0x0000000081800000, 0x0000000081800000|100%|HS|  |TAMS 0x0000000081800000, 0x0000000081700000| Complete 
|  24|0x0000000081800000, 0x0000000081900000, 0x0000000081900000|100%|HS|  |TAMS 0x0000000081900000, 0x0000000081800000| Complete 
|  25|0x0000000081900000, 0x0000000081a00000, 0x0000000081a00000|100%|HS|  |TAMS 0x0000000081a00000, 0x0000000081900000| Complete 
|  26|0x0000000081a00000, 0x0000000081b00000, 0x0000000081b00000|100%|HC|  |TAMS 0x0000000081b00000, 0x0000000081a00000| Complete 
|  27|0x0000000081b00000, 0x0000000081c00000, 0x0000000081c00000|100%|HC|  |TAMS 0x0000000081c00000, 0x0000000081b00000| Complete 
|  28|0x0000000081c00000, 0x0000000081d00000, 0x0000000081d00000|100%| O|  |TAMS 0x0000000081d00000, 0x0000000081c00000| Untracked 
|  29|0x0000000081d00000, 0x0000000081e00000, 0x0000000081e00000|100%| O|  |TAMS 0x0000000081e00000, 0x0000000081d00000| Untracked 
|  30|0x0000000081e00000, 0x0000000081f00000, 0x0000000081f00000|100%| O|  |TAMS 0x0000000081f00000, 0x0000000081e00000| Untracked 
|  31|0x0000000081f00000, 0x0000000082000000, 0x0000000082000000|100%| O|  |TAMS 0x0000000082000000, 0x0000000081f00000| Complete 
|  32|0x0000000082000000, 0x0000000082000000, 0x0000000082100000|  0%| F|  |TAMS 0x0000000082000000, 0x0000000082000000| Untracked 
|  33|0x0000000082100000, 0x0000000082200000, 0x0000000082200000|100%| O|  |TAMS 0x0000000082200000, 0x0000000082100000| Complete 
|  34|0x0000000082200000, 0x0000000082300000, 0x0000000082300000|100%|HS|  |TAMS 0x0000000082300000, 0x0000000082200000| Complete 
|  35|0x0000000082300000, 0x0000000082400000, 0x0000000082400000|100%|HC|  |TAMS 0x0000000082400000, 0x0000000082300000| Complete 
|  36|0x0000000082400000, 0x0000000082500000, 0x0000000082500000|100%| O|  |TAMS 0x0000000082500000, 0x0000000082400000| Untracked 
|  37|0x0000000082500000, 0x0000000082600000, 0x0000000082600000|100%| O|  |TAMS 0x0000000082600000, 0x0000000082500000| Complete 
|  38|0x0000000082600000, 0x0000000082700000, 0x0000000082700000|100%| O|  |TAMS 0x0000000082700000, 0x0000000082600000| Untracked 
|  39|0x0000000082700000, 0x0000000082800000, 0x0000000082800000|100%| O|  |TAMS 0x0000000082800000, 0x0000000082700000| Complete 
|  40|0x0000000082800000, 0x0000000082900000, 0x0000000082900000|100%| O|  |TAMS 0x0000000082900000, 0x0000000082800000| Untracked 
|  41|0x0000000082900000, 0x0000000082a00000, 0x0000000082a00000|100%| O|  |TAMS 0x0000000082a00000, 0x0000000082900000| Untracked 
|  42|0x0000000082a00000, 0x0000000082b00000, 0x0000000082b00000|100%| O|  |TAMS 0x0000000082b00000, 0x0000000082a00000| Complete 
|  43|0x0000000082b00000, 0x0000000082c00000, 0x0000000082c00000|100%| O|  |TAMS 0x0000000082c00000, 0x0000000082b00000| Untracked 
|  44|0x0000000082c00000, 0x0000000082d00000, 0x0000000082d00000|100%| O|  |TAMS 0x0000000082d00000, 0x0000000082c00000| Untracked 
|  45|0x0000000082d00000, 0x0000000082e00000, 0x0000000082e00000|100%| O|  |TAMS 0x0000000082e00000, 0x0000000082d00000| Complete 
|  46|0x0000000082e00000, 0x0000000082f00000, 0x0000000082f00000|100%| O|  |TAMS 0x0000000082f00000, 0x0000000082e00000| Complete 
|  47|0x0000000082f00000, 0x0000000083000000, 0x0000000083000000|100%| O|  |TAMS 0x0000000083000000, 0x0000000082f00000| Untracked 
|  48|0x0000000083000000, 0x0000000083100000, 0x0000000083100000|100%| O|  |TAMS 0x0000000083100000, 0x0000000083000000| Untracked 
|  49|0x0000000083100000, 0x0000000083200000, 0x0000000083200000|100%| O|  |TAMS 0x0000000083200000, 0x0000000083100000| Untracked 
|  50|0x0000000083200000, 0x0000000083300000, 0x0000000083300000|100%| O|  |TAMS 0x0000000083300000, 0x0000000083200000| Untracked 
|  51|0x0000000083300000, 0x0000000083400000, 0x0000000083400000|100%| O|  |TAMS 0x0000000083400000, 0x0000000083300000| Untracked 
|  52|0x0000000083400000, 0x0000000083500000, 0x0000000083500000|100%| O|  |TAMS 0x0000000083500000, 0x0000000083400000| Untracked 
|  53|0x0000000083500000, 0x0000000083600000, 0x0000000083600000|100%| O|  |TAMS 0x0000000083600000, 0x0000000083500000| Untracked 
|  54|0x0000000083600000, 0x0000000083700000, 0x0000000083700000|100%| O|  |TAMS 0x0000000083700000, 0x0000000083600000| Untracked 
|  55|0x0000000083700000, 0x0000000083800000, 0x0000000083800000|100%| O|  |TAMS 0x0000000083800000, 0x0000000083700000| Untracked 
|  56|0x0000000083800000, 0x0000000083900000, 0x0000000083900000|100%| O|  |TAMS 0x0000000083900000, 0x0000000083800000| Complete 
|  57|0x0000000083900000, 0x0000000083a00000, 0x0000000083a00000|100%| O|  |TAMS 0x0000000083a00000, 0x0000000083900000| Untracked 
|  58|0x0000000083a00000, 0x0000000083b00000, 0x0000000083b00000|100%| O|  |TAMS 0x0000000083b00000, 0x0000000083a00000| Untracked 
|  59|0x0000000083b00000, 0x0000000083c00000, 0x0000000083c00000|100%| O|  |TAMS 0x0000000083c00000, 0x0000000083b00000| Untracked 
|  60|0x0000000083c00000, 0x0000000083d00000, 0x0000000083d00000|100%| O|  |TAMS 0x0000000083d00000, 0x0000000083c00000| Untracked 
|  61|0x0000000083d00000, 0x0000000083e00000, 0x0000000083e00000|100%| O|  |TAMS 0x0000000083e00000, 0x0000000083d00000| Untracked 
|  62|0x0000000083e00000, 0x0000000083f00000, 0x0000000083f00000|100%| O|  |TAMS 0x0000000083f00000, 0x0000000083e00000| Untracked 
|  63|0x0000000083f00000, 0x0000000084000000, 0x0000000084000000|100%| O|  |TAMS 0x0000000084000000, 0x0000000083f00000| Untracked 
|  64|0x0000000084000000, 0x0000000084100000, 0x0000000084100000|100%| O|  |TAMS 0x0000000084100000, 0x0000000084000000| Complete 
|  65|0x0000000084100000, 0x0000000084100000, 0x0000000084200000|  0%| F|  |TAMS 0x0000000084100000, 0x0000000084100000| Untracked 
|  66|0x0000000084200000, 0x0000000084300000, 0x0000000084300000|100%| O|  |TAMS 0x0000000084300000, 0x0000000084200000| Untracked 
|  67|0x0000000084300000, 0x0000000084400000, 0x0000000084400000|100%| O|  |TAMS 0x0000000084400000, 0x0000000084300000| Untracked 
|  68|0x0000000084400000, 0x0000000084500000, 0x0000000084500000|100%| O|  |TAMS 0x0000000084500000, 0x0000000084400000| Untracked 
|  69|0x0000000084500000, 0x0000000084600000, 0x0000000084600000|100%| O|  |TAMS 0x0000000084600000, 0x0000000084500000| Untracked 
|  70|0x0000000084600000, 0x0000000084700000, 0x0000000084700000|100%| O|  |TAMS 0x0000000084700000, 0x0000000084600000| Untracked 
|  71|0x0000000084700000, 0x0000000084800000, 0x0000000084800000|100%| O|  |TAMS 0x0000000084800000, 0x0000000084700000| Untracked 
|  72|0x0000000084800000, 0x0000000084900000, 0x0000000084900000|100%| O|  |TAMS 0x0000000084900000, 0x0000000084800000| Untracked 
|  73|0x0000000084900000, 0x0000000084a00000, 0x0000000084a00000|100%| O|  |TAMS 0x0000000084a00000, 0x0000000084900000| Untracked 
|  74|0x0000000084a00000, 0x0000000084b00000, 0x0000000084b00000|100%| O|  |TAMS 0x0000000084b00000, 0x0000000084a00000| Complete 
|  75|0x0000000084b00000, 0x0000000084c00000, 0x0000000084c00000|100%| O|  |TAMS 0x0000000084c00000, 0x0000000084b00000| Complete 
|  76|0x0000000084c00000, 0x0000000084d00000, 0x0000000084d00000|100%| O|  |TAMS 0x0000000084d00000, 0x0000000084c00000| Untracked 
|  77|0x0000000084d00000, 0x0000000084e00000, 0x0000000084e00000|100%| O|  |TAMS 0x0000000084e00000, 0x0000000084d00000| Complete 
|  78|0x0000000084e00000, 0x0000000084f00000, 0x0000000084f00000|100%| O|  |TAMS 0x0000000084f00000, 0x0000000084e00000| Untracked 
|  79|0x0000000084f00000, 0x0000000085000000, 0x0000000085000000|100%| O|  |TAMS 0x0000000085000000, 0x0000000084f00000| Untracked 
|  80|0x0000000085000000, 0x0000000085100000, 0x0000000085100000|100%| O|  |TAMS 0x0000000085100000, 0x0000000085000000| Complete 
|  81|0x0000000085100000, 0x0000000085200000, 0x0000000085200000|100%| O|  |TAMS 0x0000000085200000, 0x0000000085100000| Complete 
|  82|0x0000000085200000, 0x0000000085300000, 0x0000000085300000|100%| O|  |TAMS 0x0000000085300000, 0x0000000085200000| Complete 
|  83|0x0000000085300000, 0x0000000085300000, 0x0000000085400000|  0%| F|  |TAMS 0x0000000085300000, 0x0000000085300000| Untracked 
|  84|0x0000000085400000, 0x0000000085500000, 0x0000000085500000|100%| O|  |TAMS 0x0000000085500000, 0x0000000085400000| Complete 
|  85|0x0000000085500000, 0x0000000085600000, 0x0000000085600000|100%| O|  |TAMS 0x0000000085600000, 0x0000000085500000| Complete 
|  86|0x0000000085600000, 0x0000000085700000, 0x0000000085700000|100%| O|  |TAMS 0x0000000085700000, 0x0000000085600000| Untracked 
|  87|0x0000000085700000, 0x0000000085800000, 0x0000000085800000|100%| O|  |TAMS 0x0000000085800000, 0x0000000085700000| Untracked 
|  88|0x0000000085800000, 0x0000000085900000, 0x0000000085900000|100%| O|  |TAMS 0x0000000085900000, 0x0000000085800000| Untracked 
|  89|0x0000000085900000, 0x0000000085a00000, 0x0000000085a00000|100%| O|  |TAMS 0x0000000085a00000, 0x0000000085900000| Untracked 
|  90|0x0000000085a00000, 0x0000000085b00000, 0x0000000085b00000|100%| O|  |TAMS 0x0000000085b00000, 0x0000000085a00000| Untracked 
|  91|0x0000000085b00000, 0x0000000085c00000, 0x0000000085c00000|100%| O|  |TAMS 0x0000000085c00000, 0x0000000085b00000| Untracked 
|  92|0x0000000085c00000, 0x0000000085d00000, 0x0000000085d00000|100%| O|  |TAMS 0x0000000085d00000, 0x0000000085c00000| Untracked 
|  93|0x0000000085d00000, 0x0000000085e00000, 0x0000000085e00000|100%| O|  |TAMS 0x0000000085e00000, 0x0000000085d00000| Untracked 
|  94|0x0000000085e00000, 0x0000000085f00000, 0x0000000085f00000|100%| O|  |TAMS 0x0000000085f00000, 0x0000000085e00000| Untracked 
|  95|0x0000000085f00000, 0x0000000086000000, 0x0000000086000000|100%| O|  |TAMS 0x0000000086000000, 0x0000000085f00000| Untracked 
|  96|0x0000000086000000, 0x0000000086100000, 0x0000000086100000|100%| O|  |TAMS 0x0000000086100000, 0x0000000086000000| Untracked 
|  97|0x0000000086100000, 0x0000000086200000, 0x0000000086200000|100%| O|  |TAMS 0x0000000086200000, 0x0000000086100000| Complete 
|  98|0x0000000086200000, 0x0000000086300000, 0x0000000086300000|100%| O|  |TAMS 0x0000000086300000, 0x0000000086200000| Untracked 
|  99|0x0000000086300000, 0x0000000086400000, 0x0000000086400000|100%| O|  |TAMS 0x0000000086400000, 0x0000000086300000| Complete 
| 100|0x0000000086400000, 0x0000000086500000, 0x0000000086500000|100%| O|  |TAMS 0x0000000086500000, 0x0000000086400000| Complete 
| 101|0x0000000086500000, 0x0000000086500000, 0x0000000086600000|  0%| F|  |TAMS 0x0000000086500000, 0x0000000086500000| Untracked 
| 102|0x0000000086600000, 0x0000000086600000, 0x0000000086700000|  0%| F|  |TAMS 0x0000000086600000, 0x0000000086600000| Untracked 
| 103|0x0000000086700000, 0x0000000086800000, 0x0000000086800000|100%| O|  |TAMS 0x0000000086800000, 0x0000000086700000| Complete 
| 104|0x0000000086800000, 0x0000000086900000, 0x0000000086900000|100%| O|  |TAMS 0x0000000086900000, 0x0000000086800000| Complete 
| 105|0x0000000086900000, 0x0000000086a00000, 0x0000000086a00000|100%| O|  |TAMS 0x0000000086a00000, 0x0000000086900000| Complete 
| 106|0x0000000086a00000, 0x0000000086a00000, 0x0000000086b00000|  0%| F|  |TAMS 0x0000000086a00000, 0x0000000086a00000| Untracked 
| 107|0x0000000086b00000, 0x0000000086c00000, 0x0000000086c00000|100%| O|  |TAMS 0x0000000086c00000, 0x0000000086b00000| Complete 
| 108|0x0000000086c00000, 0x0000000086d00000, 0x0000000086d00000|100%| O|  |TAMS 0x0000000086d00000, 0x0000000086c00000| Untracked 
| 109|0x0000000086d00000, 0x0000000086e00000, 0x0000000086e00000|100%| O|  |TAMS 0x0000000086e00000, 0x0000000086d00000| Untracked 
| 110|0x0000000086e00000, 0x0000000086f00000, 0x0000000086f00000|100%| O|  |TAMS 0x0000000086f00000, 0x0000000086e00000| Untracked 
| 111|0x0000000086f00000, 0x0000000087000000, 0x0000000087000000|100%| O|  |TAMS 0x0000000087000000, 0x0000000086f00000| Untracked 
| 112|0x0000000087000000, 0x0000000087100000, 0x0000000087100000|100%| O|  |TAMS 0x0000000087100000, 0x0000000087000000| Untracked 
| 113|0x0000000087100000, 0x0000000087200000, 0x0000000087200000|100%| O|  |TAMS 0x0000000087200000, 0x0000000087100000| Untracked 
| 114|0x0000000087200000, 0x0000000087200000, 0x0000000087300000|  0%| F|  |TAMS 0x0000000087200000, 0x0000000087200000| Untracked 
| 115|0x0000000087300000, 0x0000000087300000, 0x0000000087400000|  0%| F|  |TAMS 0x0000000087300000, 0x0000000087300000| Untracked 
| 116|0x0000000087400000, 0x0000000087500000, 0x0000000087500000|100%| O|  |TAMS 0x0000000087500000, 0x0000000087400000| Complete 
| 117|0x0000000087500000, 0x0000000087600000, 0x0000000087600000|100%| O|  |TAMS 0x0000000087600000, 0x0000000087500000| Untracked 
| 118|0x0000000087600000, 0x0000000087700000, 0x0000000087700000|100%| O|  |TAMS 0x0000000087700000, 0x0000000087600000| Untracked 
| 119|0x0000000087700000, 0x0000000087800000, 0x0000000087800000|100%| O|  |TAMS 0x0000000087800000, 0x0000000087700000| Complete 
| 120|0x0000000087800000, 0x0000000087900000, 0x0000000087900000|100%| O|  |TAMS 0x0000000087900000, 0x0000000087800000| Complete 
| 121|0x0000000087900000, 0x0000000087a00000, 0x0000000087a00000|100%| O|  |TAMS 0x0000000087a00000, 0x0000000087900000| Untracked 
| 122|0x0000000087a00000, 0x0000000087b00000, 0x0000000087b00000|100%| O|  |TAMS 0x0000000087b00000, 0x0000000087a00000| Untracked 
| 123|0x0000000087b00000, 0x0000000087c00000, 0x0000000087c00000|100%| O|  |TAMS 0x0000000087c00000, 0x0000000087b00000| Untracked 
| 124|0x0000000087c00000, 0x0000000087d00000, 0x0000000087d00000|100%| O|  |TAMS 0x0000000087d00000, 0x0000000087c00000| Untracked 
| 125|0x0000000087d00000, 0x0000000087e00000, 0x0000000087e00000|100%| O|  |TAMS 0x0000000087e00000, 0x0000000087d00000| Untracked 
| 126|0x0000000087e00000, 0x0000000087f00000, 0x0000000087f00000|100%| O|  |TAMS 0x0000000087f00000, 0x0000000087e00000| Untracked 
| 127|0x0000000087f00000, 0x0000000088000000, 0x0000000088000000|100%| O|  |TAMS 0x0000000088000000, 0x0000000087f00000| Untracked 
| 128|0x0000000088000000, 0x0000000088100000, 0x0000000088100000|100%| O|  |TAMS 0x0000000088100000, 0x0000000088000000| Complete 
| 129|0x0000000088100000, 0x0000000088200000, 0x0000000088200000|100%| O|  |TAMS 0x0000000088200000, 0x0000000088100000| Complete 
| 130|0x0000000088200000, 0x0000000088300000, 0x0000000088300000|100%| O|  |TAMS 0x0000000088300000, 0x0000000088200000| Complete 
| 131|0x0000000088300000, 0x0000000088400000, 0x0000000088400000|100%| O|  |TAMS 0x0000000088400000, 0x0000000088300000| Untracked 
| 132|0x0000000088400000, 0x0000000088500000, 0x0000000088500000|100%| O|  |TAMS 0x0000000088500000, 0x0000000088400000| Untracked 
| 133|0x0000000088500000, 0x0000000088600000, 0x0000000088600000|100%| O|  |TAMS 0x0000000088600000, 0x0000000088500000| Untracked 
| 134|0x0000000088600000, 0x0000000088700000, 0x0000000088700000|100%| O|  |TAMS 0x0000000088700000, 0x0000000088600000| Untracked 
| 135|0x0000000088700000, 0x0000000088800000, 0x0000000088800000|100%| O|  |TAMS 0x0000000088800000, 0x0000000088700000| Untracked 
| 136|0x0000000088800000, 0x0000000088900000, 0x0000000088900000|100%| O|  |TAMS 0x0000000088900000, 0x0000000088800000| Untracked 
| 137|0x0000000088900000, 0x0000000088a00000, 0x0000000088a00000|100%| O|  |TAMS 0x0000000088a00000, 0x0000000088900000| Untracked 
| 138|0x0000000088a00000, 0x0000000088b00000, 0x0000000088b00000|100%| O|  |TAMS 0x0000000088b00000, 0x0000000088a00000| Untracked 
| 139|0x0000000088b00000, 0x0000000088c00000, 0x0000000088c00000|100%| O|  |TAMS 0x0000000088c00000, 0x0000000088b00000| Complete 
| 140|0x0000000088c00000, 0x0000000088c00000, 0x0000000088d00000|  0%| F|  |TAMS 0x0000000088c00000, 0x0000000088c00000| Untracked 
| 141|0x0000000088d00000, 0x0000000088e00000, 0x0000000088e00000|100%| O|  |TAMS 0x0000000088e00000, 0x0000000088d00000| Untracked 
| 142|0x0000000088e00000, 0x0000000088f00000, 0x0000000088f00000|100%| O|  |TAMS 0x0000000088f00000, 0x0000000088e00000| Untracked 
| 143|0x0000000088f00000, 0x0000000089000000, 0x0000000089000000|100%| O|  |TAMS 0x0000000089000000, 0x0000000088f00000| Untracked 
| 144|0x0000000089000000, 0x0000000089100000, 0x0000000089100000|100%| O|  |TAMS 0x0000000089100000, 0x0000000089000000| Untracked 
| 145|0x0000000089100000, 0x0000000089200000, 0x0000000089200000|100%| O|  |TAMS 0x0000000089200000, 0x0000000089100000| Untracked 
| 146|0x0000000089200000, 0x0000000089300000, 0x0000000089300000|100%| O|  |TAMS 0x0000000089300000, 0x0000000089200000| Untracked 
| 147|0x0000000089300000, 0x0000000089400000, 0x0000000089400000|100%| O|  |TAMS 0x0000000089400000, 0x0000000089300000| Untracked 
| 148|0x0000000089400000, 0x0000000089500000, 0x0000000089500000|100%| O|  |TAMS 0x0000000089500000, 0x0000000089400000| Untracked 
| 149|0x0000000089500000, 0x0000000089600000, 0x0000000089600000|100%| O|  |TAMS 0x0000000089600000, 0x0000000089500000| Untracked 
| 150|0x0000000089600000, 0x0000000089700000, 0x0000000089700000|100%| O|  |TAMS 0x0000000089700000, 0x0000000089600000| Complete 
| 151|0x0000000089700000, 0x0000000089800000, 0x0000000089800000|100%| O|  |TAMS 0x0000000089800000, 0x0000000089700000| Complete 
| 152|0x0000000089800000, 0x0000000089900000, 0x0000000089900000|100%| O|  |TAMS 0x000000008983ce00, 0x0000000089800000| Untracked 
| 153|0x0000000089900000, 0x0000000089a00000, 0x0000000089a00000|100%| O|  |TAMS 0x0000000089900000, 0x0000000089900000| Untracked 
| 154|0x0000000089a00000, 0x0000000089b00000, 0x0000000089b00000|100%| O|  |TAMS 0x0000000089a00000, 0x0000000089a00000| Untracked 
| 155|0x0000000089b00000, 0x0000000089c00000, 0x0000000089c00000|100%| O|  |TAMS 0x0000000089b00000, 0x0000000089b00000| Untracked 
| 156|0x0000000089c00000, 0x0000000089d00000, 0x0000000089d00000|100%| O|  |TAMS 0x0000000089c00000, 0x0000000089c00000| Untracked 
| 157|0x0000000089d00000, 0x0000000089e00000, 0x0000000089e00000|100%| O|  |TAMS 0x0000000089d00000, 0x0000000089d00000| Untracked 
| 158|0x0000000089e00000, 0x0000000089f00000, 0x0000000089f00000|100%| O|  |TAMS 0x0000000089e00000, 0x0000000089e00000| Untracked 
| 159|0x0000000089f00000, 0x000000008a000000, 0x000000008a000000|100%| O|  |TAMS 0x0000000089f00000, 0x0000000089f00000| Untracked 
| 160|0x000000008a000000, 0x000000008a100000, 0x000000008a100000|100%| O|  |TAMS 0x000000008a000000, 0x000000008a000000| Untracked 
| 161|0x000000008a100000, 0x000000008a200000, 0x000000008a200000|100%| O|  |TAMS 0x000000008a100000, 0x000000008a100000| Untracked 
| 162|0x000000008a200000, 0x000000008a300000, 0x000000008a300000|100%| O|  |TAMS 0x000000008a200000, 0x000000008a200000| Untracked 
| 163|0x000000008a300000, 0x000000008a400000, 0x000000008a400000|100%| O|  |TAMS 0x000000008a300000, 0x000000008a300000| Untracked 
| 164|0x000000008a400000, 0x000000008a410a00, 0x000000008a500000|  6%| O|  |TAMS 0x000000008a400000, 0x000000008a400000| Untracked 
| 165|0x000000008a500000, 0x000000008a500000, 0x000000008a600000|  0%| F|  |TAMS 0x000000008a500000, 0x000000008a500000| Untracked 
| 166|0x000000008a600000, 0x000000008a600000, 0x000000008a700000|  0%| F|  |TAMS 0x000000008a600000, 0x000000008a600000| Untracked 
| 167|0x000000008a700000, 0x000000008a700000, 0x000000008a800000|  0%| F|  |TAMS 0x000000008a700000, 0x000000008a700000| Untracked 
| 168|0x000000008a800000, 0x000000008a800000, 0x000000008a900000|  0%| F|  |TAMS 0x000000008a800000, 0x000000008a800000| Untracked 
| 169|0x000000008a900000, 0x000000008a900000, 0x000000008aa00000|  0%| F|  |TAMS 0x000000008a900000, 0x000000008a900000| Untracked 
| 170|0x000000008aa00000, 0x000000008aa00000, 0x000000008ab00000|  0%| F|  |TAMS 0x000000008aa00000, 0x000000008aa00000| Untracked 
| 171|0x000000008ab00000, 0x000000008ab00000, 0x000000008ac00000|  0%| F|  |TAMS 0x000000008ab00000, 0x000000008ab00000| Untracked 
| 172|0x000000008ac00000, 0x000000008ac00000, 0x000000008ad00000|  0%| F|  |TAMS 0x000000008ac00000, 0x000000008ac00000| Untracked 
| 173|0x000000008ad00000, 0x000000008ad00000, 0x000000008ae00000|  0%| F|  |TAMS 0x000000008ad00000, 0x000000008ad00000| Untracked 
| 174|0x000000008ae00000, 0x000000008ae00000, 0x000000008af00000|  0%| F|  |TAMS 0x000000008ae00000, 0x000000008ae00000| Untracked 
| 175|0x000000008af00000, 0x000000008af00000, 0x000000008b000000|  0%| F|  |TAMS 0x000000008af00000, 0x000000008af00000| Untracked 
| 176|0x000000008b000000, 0x000000008b000000, 0x000000008b100000|  0%| F|  |TAMS 0x000000008b000000, 0x000000008b000000| Untracked 
| 177|0x000000008b100000, 0x000000008b100000, 0x000000008b200000|  0%| F|  |TAMS 0x000000008b100000, 0x000000008b100000| Untracked 
| 178|0x000000008b200000, 0x000000008b200000, 0x000000008b300000|  0%| F|  |TAMS 0x000000008b200000, 0x000000008b200000| Untracked 
| 179|0x000000008b300000, 0x000000008b300000, 0x000000008b400000|  0%| F|  |TAMS 0x000000008b300000, 0x000000008b300000| Untracked 
| 180|0x000000008b400000, 0x000000008b400000, 0x000000008b500000|  0%| F|  |TAMS 0x000000008b400000, 0x000000008b400000| Untracked 
| 181|0x000000008b500000, 0x000000008b500000, 0x000000008b600000|  0%| F|  |TAMS 0x000000008b500000, 0x000000008b500000| Untracked 
| 182|0x000000008b600000, 0x000000008b600000, 0x000000008b700000|  0%| F|  |TAMS 0x000000008b600000, 0x000000008b600000| Untracked 
| 183|0x000000008b700000, 0x000000008b700000, 0x000000008b800000|  0%| F|  |TAMS 0x000000008b700000, 0x000000008b700000| Untracked 
| 184|0x000000008b800000, 0x000000008b800000, 0x000000008b900000|  0%| F|  |TAMS 0x000000008b800000, 0x000000008b800000| Untracked 
| 185|0x000000008b900000, 0x000000008b900000, 0x000000008ba00000|  0%| F|  |TAMS 0x000000008b900000, 0x000000008b900000| Untracked 
| 186|0x000000008ba00000, 0x000000008ba00000, 0x000000008bb00000|  0%| F|  |TAMS 0x000000008ba00000, 0x000000008ba00000| Untracked 
| 187|0x000000008bb00000, 0x000000008bb00000, 0x000000008bc00000|  0%| F|  |TAMS 0x000000008bb00000, 0x000000008bb00000| Untracked 
| 188|0x000000008bc00000, 0x000000008bc00000, 0x000000008bd00000|  0%| F|  |TAMS 0x000000008bc00000, 0x000000008bc00000| Untracked 
| 189|0x000000008bd00000, 0x000000008bd00000, 0x000000008be00000|  0%| F|  |TAMS 0x000000008bd00000, 0x000000008bd00000| Untracked 
| 190|0x000000008be00000, 0x000000008be00000, 0x000000008bf00000|  0%| F|  |TAMS 0x000000008be00000, 0x000000008be00000| Untracked 
| 191|0x000000008bf00000, 0x000000008bf00000, 0x000000008c000000|  0%| F|  |TAMS 0x000000008bf00000, 0x000000008bf00000| Untracked 
| 192|0x000000008c000000, 0x000000008c000000, 0x000000008c100000|  0%| F|  |TAMS 0x000000008c000000, 0x000000008c000000| Untracked 
| 193|0x000000008c100000, 0x000000008c100000, 0x000000008c200000|  0%| F|  |TAMS 0x000000008c100000, 0x000000008c100000| Untracked 
| 194|0x000000008c200000, 0x000000008c200000, 0x000000008c300000|  0%| F|  |TAMS 0x000000008c200000, 0x000000008c200000| Untracked 
| 195|0x000000008c300000, 0x000000008c300000, 0x000000008c400000|  0%| F|  |TAMS 0x000000008c300000, 0x000000008c300000| Untracked 
| 196|0x000000008c400000, 0x000000008c400000, 0x000000008c500000|  0%| F|  |TAMS 0x000000008c400000, 0x000000008c400000| Untracked 
| 197|0x000000008c500000, 0x000000008c500000, 0x000000008c600000|  0%| F|  |TAMS 0x000000008c500000, 0x000000008c500000| Untracked 
| 198|0x000000008c600000, 0x000000008c600000, 0x000000008c700000|  0%| F|  |TAMS 0x000000008c600000, 0x000000008c600000| Untracked 
| 199|0x000000008c700000, 0x000000008c700000, 0x000000008c800000|  0%| F|  |TAMS 0x000000008c700000, 0x000000008c700000| Untracked 
| 200|0x000000008c800000, 0x000000008c800000, 0x000000008c900000|  0%| F|  |TAMS 0x000000008c800000, 0x000000008c800000| Untracked 
| 201|0x000000008c900000, 0x000000008c900000, 0x000000008ca00000|  0%| F|  |TAMS 0x000000008c900000, 0x000000008c900000| Untracked 
| 202|0x000000008ca00000, 0x000000008ca00000, 0x000000008cb00000|  0%| F|  |TAMS 0x000000008ca00000, 0x000000008ca00000| Untracked 
| 203|0x000000008cb00000, 0x000000008cb00000, 0x000000008cc00000|  0%| F|  |TAMS 0x000000008cb00000, 0x000000008cb00000| Untracked 
| 204|0x000000008cc00000, 0x000000008cc00000, 0x000000008cd00000|  0%| F|  |TAMS 0x000000008cc00000, 0x000000008cc00000| Untracked 
| 205|0x000000008cd00000, 0x000000008cd00000, 0x000000008ce00000|  0%| F|  |TAMS 0x000000008cd00000, 0x000000008cd00000| Untracked 
| 206|0x000000008ce00000, 0x000000008ce00000, 0x000000008cf00000|  0%| F|  |TAMS 0x000000008ce00000, 0x000000008ce00000| Untracked 
| 207|0x000000008cf00000, 0x000000008cf00000, 0x000000008d000000|  0%| F|  |TAMS 0x000000008cf00000, 0x000000008cf00000| Untracked 
| 208|0x000000008d000000, 0x000000008d000000, 0x000000008d100000|  0%| F|  |TAMS 0x000000008d000000, 0x000000008d000000| Untracked 
| 209|0x000000008d100000, 0x000000008d100000, 0x000000008d200000|  0%| F|  |TAMS 0x000000008d100000, 0x000000008d100000| Untracked 
| 210|0x000000008d200000, 0x000000008d200000, 0x000000008d300000|  0%| F|  |TAMS 0x000000008d200000, 0x000000008d200000| Untracked 
| 211|0x000000008d300000, 0x000000008d300000, 0x000000008d400000|  0%| F|  |TAMS 0x000000008d300000, 0x000000008d300000| Untracked 
| 212|0x000000008d400000, 0x000000008d400000, 0x000000008d500000|  0%| F|  |TAMS 0x000000008d400000, 0x000000008d400000| Untracked 
| 213|0x000000008d500000, 0x000000008d500000, 0x000000008d600000|  0%| F|  |TAMS 0x000000008d500000, 0x000000008d500000| Untracked 
| 214|0x000000008d600000, 0x000000008d600000, 0x000000008d700000|  0%| F|  |TAMS 0x000000008d600000, 0x000000008d600000| Untracked 
| 215|0x000000008d700000, 0x000000008d700000, 0x000000008d800000|  0%| F|  |TAMS 0x000000008d700000, 0x000000008d700000| Untracked 
| 216|0x000000008d800000, 0x000000008d800000, 0x000000008d900000|  0%| F|  |TAMS 0x000000008d800000, 0x000000008d800000| Untracked 
| 217|0x000000008d900000, 0x000000008d900000, 0x000000008da00000|  0%| F|  |TAMS 0x000000008d900000, 0x000000008d900000| Untracked 
| 218|0x000000008da00000, 0x000000008da00000, 0x000000008db00000|  0%| F|  |TAMS 0x000000008da00000, 0x000000008da00000| Untracked 
| 219|0x000000008db00000, 0x000000008db00000, 0x000000008dc00000|  0%| F|  |TAMS 0x000000008db00000, 0x000000008db00000| Untracked 
| 220|0x000000008dc00000, 0x000000008dc00000, 0x000000008dd00000|  0%| F|  |TAMS 0x000000008dc00000, 0x000000008dc00000| Untracked 
| 221|0x000000008dd00000, 0x000000008dd00000, 0x000000008de00000|  0%| F|  |TAMS 0x000000008dd00000, 0x000000008dd00000| Untracked 
| 222|0x000000008de00000, 0x000000008de00000, 0x000000008df00000|  0%| F|  |TAMS 0x000000008de00000, 0x000000008de00000| Untracked 
| 223|0x000000008df00000, 0x000000008df00000, 0x000000008e000000|  0%| F|  |TAMS 0x000000008df00000, 0x000000008df00000| Untracked 
| 224|0x000000008e000000, 0x000000008e000000, 0x000000008e100000|  0%| F|  |TAMS 0x000000008e000000, 0x000000008e000000| Untracked 
| 225|0x000000008e100000, 0x000000008e100000, 0x000000008e200000|  0%| F|  |TAMS 0x000000008e100000, 0x000000008e100000| Untracked 
| 226|0x000000008e200000, 0x000000008e200000, 0x000000008e300000|  0%| F|  |TAMS 0x000000008e200000, 0x000000008e200000| Untracked 
| 227|0x000000008e300000, 0x000000008e300000, 0x000000008e400000|  0%| F|  |TAMS 0x000000008e300000, 0x000000008e300000| Untracked 
| 228|0x000000008e400000, 0x000000008e400000, 0x000000008e500000|  0%| F|  |TAMS 0x000000008e400000, 0x000000008e400000| Untracked 
| 229|0x000000008e500000, 0x000000008e500000, 0x000000008e600000|  0%| F|  |TAMS 0x000000008e500000, 0x000000008e500000| Untracked 
| 230|0x000000008e600000, 0x000000008e600000, 0x000000008e700000|  0%| F|  |TAMS 0x000000008e600000, 0x000000008e600000| Untracked 
| 231|0x000000008e700000, 0x000000008e700000, 0x000000008e800000|  0%| F|  |TAMS 0x000000008e700000, 0x000000008e700000| Untracked 
| 232|0x000000008e800000, 0x000000008e800000, 0x000000008e900000|  0%| F|  |TAMS 0x000000008e800000, 0x000000008e800000| Untracked 
| 233|0x000000008e900000, 0x000000008e900000, 0x000000008ea00000|  0%| F|  |TAMS 0x000000008e900000, 0x000000008e900000| Untracked 
| 234|0x000000008ea00000, 0x000000008ea00000, 0x000000008eb00000|  0%| F|  |TAMS 0x000000008ea00000, 0x000000008ea00000| Untracked 
| 235|0x000000008eb00000, 0x000000008eb00000, 0x000000008ec00000|  0%| F|  |TAMS 0x000000008eb00000, 0x000000008eb00000| Untracked 
| 236|0x000000008ec00000, 0x000000008ec00000, 0x000000008ed00000|  0%| F|  |TAMS 0x000000008ec00000, 0x000000008ec00000| Untracked 
| 237|0x000000008ed00000, 0x000000008ed00000, 0x000000008ee00000|  0%| F|  |TAMS 0x000000008ed00000, 0x000000008ed00000| Untracked 
| 238|0x000000008ee00000, 0x000000008ee00000, 0x000000008ef00000|  0%| F|  |TAMS 0x000000008ee00000, 0x000000008ee00000| Untracked 
| 239|0x000000008ef00000, 0x000000008ef00000, 0x000000008f000000|  0%| F|  |TAMS 0x000000008ef00000, 0x000000008ef00000| Untracked 
| 240|0x000000008f000000, 0x000000008f000000, 0x000000008f100000|  0%| F|  |TAMS 0x000000008f000000, 0x000000008f000000| Untracked 
| 241|0x000000008f100000, 0x000000008f100000, 0x000000008f200000|  0%| F|  |TAMS 0x000000008f100000, 0x000000008f100000| Untracked 
| 242|0x000000008f200000, 0x000000008f200000, 0x000000008f300000|  0%| F|  |TAMS 0x000000008f200000, 0x000000008f200000| Untracked 
| 243|0x000000008f300000, 0x000000008f300000, 0x000000008f400000|  0%| F|  |TAMS 0x000000008f300000, 0x000000008f300000| Untracked 
| 244|0x000000008f400000, 0x000000008f400000, 0x000000008f500000|  0%| F|  |TAMS 0x000000008f400000, 0x000000008f400000| Untracked 
| 245|0x000000008f500000, 0x000000008f500000, 0x000000008f600000|  0%| F|  |TAMS 0x000000008f500000, 0x000000008f500000| Untracked 
| 246|0x000000008f600000, 0x000000008f600000, 0x000000008f700000|  0%| F|  |TAMS 0x000000008f600000, 0x000000008f600000| Untracked 
| 247|0x000000008f700000, 0x000000008f700000, 0x000000008f800000|  0%| F|  |TAMS 0x000000008f700000, 0x000000008f700000| Untracked 
| 248|0x000000008f800000, 0x000000008f800000, 0x000000008f900000|  0%| F|  |TAMS 0x000000008f800000, 0x000000008f800000| Untracked 
| 249|0x000000008f900000, 0x000000008f900000, 0x000000008fa00000|  0%| F|  |TAMS 0x000000008f900000, 0x000000008f900000| Untracked 
| 250|0x000000008fa00000, 0x000000008fa00000, 0x000000008fb00000|  0%| F|  |TAMS 0x000000008fa00000, 0x000000008fa00000| Untracked 
| 251|0x000000008fb00000, 0x000000008fb00000, 0x000000008fc00000|  0%| F|  |TAMS 0x000000008fb00000, 0x000000008fb00000| Untracked 
| 252|0x000000008fc00000, 0x000000008fc00000, 0x000000008fd00000|  0%| F|  |TAMS 0x000000008fc00000, 0x000000008fc00000| Untracked 
| 253|0x000000008fd00000, 0x000000008fd00000, 0x000000008fe00000|  0%| F|  |TAMS 0x000000008fd00000, 0x000000008fd00000| Untracked 
| 254|0x000000008fe00000, 0x000000008fe00000, 0x000000008ff00000|  0%| F|  |TAMS 0x000000008fe00000, 0x000000008fe00000| Untracked 
| 255|0x000000008ff00000, 0x000000008ff00000, 0x0000000090000000|  0%| F|  |TAMS 0x000000008ff00000, 0x000000008ff00000| Untracked 
| 256|0x0000000090000000, 0x0000000090000000, 0x0000000090100000|  0%| F|  |TAMS 0x0000000090000000, 0x0000000090000000| Untracked 
| 257|0x0000000090100000, 0x0000000090100000, 0x0000000090200000|  0%| F|  |TAMS 0x0000000090100000, 0x0000000090100000| Untracked 
| 258|0x0000000090200000, 0x0000000090200000, 0x0000000090300000|  0%| F|  |TAMS 0x0000000090200000, 0x0000000090200000| Untracked 
| 259|0x0000000090300000, 0x0000000090300000, 0x0000000090400000|  0%| F|  |TAMS 0x0000000090300000, 0x0000000090300000| Untracked 
| 260|0x0000000090400000, 0x0000000090400000, 0x0000000090500000|  0%| F|  |TAMS 0x0000000090400000, 0x0000000090400000| Untracked 
| 261|0x0000000090500000, 0x0000000090500000, 0x0000000090600000|  0%| F|  |TAMS 0x0000000090500000, 0x0000000090500000| Untracked 
| 262|0x0000000090600000, 0x0000000090600000, 0x0000000090700000|  0%| F|  |TAMS 0x0000000090600000, 0x0000000090600000| Untracked 
| 263|0x0000000090700000, 0x0000000090700000, 0x0000000090800000|  0%| F|  |TAMS 0x0000000090700000, 0x0000000090700000| Untracked 
| 264|0x0000000090800000, 0x0000000090800000, 0x0000000090900000|  0%| F|  |TAMS 0x0000000090800000, 0x0000000090800000| Untracked 
| 265|0x0000000090900000, 0x0000000090900000, 0x0000000090a00000|  0%| F|  |TAMS 0x0000000090900000, 0x0000000090900000| Untracked 
| 266|0x0000000090a00000, 0x0000000090ae4e40, 0x0000000090b00000| 89%| S|CS|TAMS 0x0000000090a00000, 0x0000000090a00000| Complete 
| 267|0x0000000090b00000, 0x0000000090c00000, 0x0000000090c00000|100%| S|CS|TAMS 0x0000000090b00000, 0x0000000090b00000| Complete 
| 268|0x0000000090c00000, 0x0000000090c00000, 0x0000000090d00000|  0%| F|  |TAMS 0x0000000090c00000, 0x0000000090c00000| Untracked 
| 269|0x0000000090d00000, 0x0000000090d00000, 0x0000000090e00000|  0%| F|  |TAMS 0x0000000090d00000, 0x0000000090d00000| Untracked 
| 270|0x0000000090e00000, 0x0000000090e00000, 0x0000000090f00000|  0%| F|  |TAMS 0x0000000090e00000, 0x0000000090e00000| Untracked 
| 271|0x0000000090f00000, 0x0000000090f00000, 0x0000000091000000|  0%| F|  |TAMS 0x0000000090f00000, 0x0000000090f00000| Untracked 
| 272|0x0000000091000000, 0x0000000091000000, 0x0000000091100000|  0%| F|  |TAMS 0x0000000091000000, 0x0000000091000000| Untracked 
| 273|0x0000000091100000, 0x0000000091100000, 0x0000000091200000|  0%| F|  |TAMS 0x0000000091100000, 0x0000000091100000| Untracked 
| 274|0x0000000091200000, 0x0000000091200000, 0x0000000091300000|  0%| F|  |TAMS 0x0000000091200000, 0x0000000091200000| Untracked 
| 275|0x0000000091300000, 0x0000000091300000, 0x0000000091400000|  0%| F|  |TAMS 0x0000000091300000, 0x0000000091300000| Untracked 
| 276|0x0000000091400000, 0x0000000091400000, 0x0000000091500000|  0%| F|  |TAMS 0x0000000091400000, 0x0000000091400000| Untracked 
| 277|0x0000000091500000, 0x0000000091500000, 0x0000000091600000|  0%| F|  |TAMS 0x0000000091500000, 0x0000000091500000| Untracked 
| 278|0x0000000091600000, 0x0000000091600000, 0x0000000091700000|  0%| F|  |TAMS 0x0000000091600000, 0x0000000091600000| Untracked 

Card table byte_map: [0x00000244c72f0000,0x00000244c76f0000] _byte_map_base: 0x00000244c6ef0000

Marking Bits (Prev, Next): (CMBitMap*) 0x00000244b39bf7d8, (CMBitMap*) 0x00000244b39bf810
 Prev Bits: [0x00000244c7af0000, 0x00000244c9af0000)
 Next Bits: [0x00000244c9af0000, 0x00000244cbaf0000)

Polling page: 0x00000244b2160000

Metaspace:

Usage:
  Non-class:     85.94 MB capacity,    84.35 MB ( 98%) used,     1.29 MB (  2%) free+waste,   308.44 KB ( <1%) overhead. 
      Class:     13.69 MB capacity,    12.73 MB ( 93%) used,   839.29 KB (  6%) free+waste,   142.06 KB (  1%) overhead. 
       Both:     99.63 MB capacity,    97.08 MB ( 97%) used,     2.11 MB (  2%) free+waste,   450.50 KB ( <1%) overhead. 

Virtual space:
  Non-class space:       88.00 MB reserved,      86.25 MB ( 98%) committed 
      Class space:        1.00 GB reserved,      13.95 MB (  1%) committed 
             Both:        1.09 GB reserved,     100.20 MB (  9%) committed 

Chunk freelists:
   Non-Class:  251.00 KB
       Class:  158.00 KB
        Both:  409.00 KB

MaxMetaspaceSize: 17179869184.00 GB
CompressedClassSpaceSize: 1.00 GB

CodeHeap 'non-profiled nmethods': size=120000Kb used=6508Kb max_used=6508Kb free=113491Kb
 bounds [0x00000244bef50000, 0x00000244bf5b0000, 0x00000244c6480000]
CodeHeap 'profiled nmethods': size=120000Kb used=26507Kb max_used=26507Kb free=93492Kb
 bounds [0x00000244b7a20000, 0x00000244b9410000, 0x00000244bef50000]
CodeHeap 'non-nmethods': size=5760Kb used=2300Kb max_used=2333Kb free=3459Kb
 bounds [0x00000244b7480000, 0x00000244b76f0000, 0x00000244b7a20000]
 total_blobs=13532 nmethods=12624 adapters=818
 compilation: enabled
              stopped_count=0, restarted_count=0
 full_count=0

Compilation events (20 events):
Event: 13.318 Thread 0x00000244cef80800 nmethod 12840 0x00000244b9400590 code [0x00000244b9400740, 0x00000244b9400868]
Event: 13.318 Thread 0x00000244cef80800 12866       2       com.android.tools.r8.internal.gf::toArray (26 bytes)
Event: 13.318 Thread 0x00000244cef80800 nmethod 12866 0x00000244b9400910 code [0x00000244b9400ae0, 0x00000244b9400cf8]
Event: 13.318 Thread 0x00000244cef80800 12839       2       com.android.tools.r8.internal.Mh::a (31 bytes)
Event: 13.318 Thread 0x00000244cef80800 nmethod 12839 0x00000244b9400e10 code [0x00000244b9400fc0, 0x00000244b9401128]
Event: 13.318 Thread 0x00000244cef80800 12845       2       com.android.tools.r8.internal.Rr::f2 (14 bytes)
Event: 13.318 Thread 0x00000244cef80800 nmethod 12845 0x00000244b9401210 code [0x00000244b94013c0, 0x00000244b9401528]
Event: 13.318 Thread 0x00000244cef80800 12871       2       java.util.TreeSet::isEmpty (10 bytes)
Event: 13.318 Thread 0x00000244cef80800 nmethod 12871 0x00000244b9401610 code [0x00000244b94017c0, 0x00000244b94018e8]
Event: 13.318 Thread 0x00000244cef80800 12865       2       com.android.tools.r8.internal.Lv::V (19 bytes)
Event: 13.319 Thread 0x00000244cef80800 nmethod 12865 0x00000244b9401990 code [0x00000244b9401b40, 0x00000244b9401c38]
Event: 13.319 Thread 0x00000244cef80800 12870       2       com.android.tools.r8.ir.regalloc.b::a (46 bytes)
Event: 13.319 Thread 0x00000244cef80800 nmethod 12870 0x00000244b9401d10 code [0x00000244b9401f00, 0x00000244b9402218]
Event: 13.319 Thread 0x00000244cef80800 12867       2       com.android.tools.r8.internal.GC::iterator (5 bytes)
Event: 13.319 Thread 0x00000244cef80800 nmethod 12867 0x00000244b9402410 code [0x00000244b94025c0, 0x00000244b9402758]
Event: 13.319 Thread 0x00000244cef80800 12868       2       com.android.tools.r8.internal.h2$$Lambda$1771/0x0000000100dae040::apply (17 bytes)
Event: 13.320 Thread 0x00000244cef80800 nmethod 12868 0x00000244b9402810 code [0x00000244b94029c0, 0x00000244b9402b28]
Event: 13.320 Thread 0x00000244cef80800 12876       2       com.android.tools.r8.internal.A0::iterator (5 bytes)
Event: 13.320 Thread 0x00000244cef80800 nmethod 12876 0x00000244b9402c10 code [0x00000244b9402dc0, 0x00000244b9402ee8]
Event: 13.320 Thread 0x00000244cef80800 12875       2       com.android.tools.r8.ir.regalloc.d::hashCode (28 bytes)

GC Heap History (20 events):
Event: 10.340 GC heap after
{Heap after GC invocations=26 (full 0):
 garbage-first heap   total 187392K, used 87799K [0x0000000080000000, 0x0000000100000000)
  region size 1024K, 5 young (5120K), 5 survivors (5120K)
 Metaspace       used 85104K, capacity 87341K, committed 87500K, reserved 1124352K
  class space    used 11027K, capacity 11891K, committed 11980K, reserved 1048576K
}
Event: 10.818 GC heap before
{Heap before GC invocations=26 (full 0):
 garbage-first heap   total 187392K, used 144119K [0x0000000080000000, 0x0000000100000000)
  region size 1024K, 61 young (62464K), 5 survivors (5120K)
 Metaspace       used 88757K, capacity 91006K, committed 91212K, reserved 1128448K
  class space    used 11489K, capacity 12344K, committed 12364K, reserved 1048576K
}
Event: 10.824 GC heap after
{Heap after GC invocations=27 (full 0):
 garbage-first heap   total 187392K, used 91076K [0x0000000080000000, 0x0000000100000000)
  region size 1024K, 4 young (4096K), 4 survivors (4096K)
 Metaspace       used 88757K, capacity 91006K, committed 91212K, reserved 1128448K
  class space    used 11489K, capacity 12344K, committed 12364K, reserved 1048576K
}
Event: 11.168 GC heap before
{Heap before GC invocations=27 (full 0):
 garbage-first heap   total 187392K, used 146372K [0x0000000080000000, 0x0000000100000000)
  region size 1024K, 59 young (60416K), 4 survivors (4096K)
 Metaspace       used 89072K, capacity 91327K, committed 91468K, reserved 1128448K
  class space    used 11511K, capacity 12352K, committed 12364K, reserved 1048576K
}
Event: 11.176 GC heap after
{Heap after GC invocations=28 (full 0):
 garbage-first heap   total 225280K, used 95169K [0x0000000080000000, 0x0000000100000000)
  region size 1024K, 8 young (8192K), 8 survivors (8192K)
 Metaspace       used 89072K, capacity 91327K, committed 91468K, reserved 1128448K
  class space    used 11511K, capacity 12352K, committed 12364K, reserved 1048576K
}
Event: 11.501 GC heap before
{Heap before GC invocations=29 (full 0):
 garbage-first heap   total 225280K, used 169921K [0x0000000080000000, 0x0000000100000000)
  region size 1024K, 83 young (84992K), 8 survivors (8192K)
 Metaspace       used 89576K, capacity 91705K, committed 92364K, reserved 1128448K
  class space    used 11524K, capacity 12276K, committed 12492K, reserved 1048576K
}
Event: 11.511 GC heap after
{Heap after GC invocations=30 (full 0):
 garbage-first heap   total 225280K, used 111054K [0x0000000080000000, 0x0000000100000000)
  region size 1024K, 11 young (11264K), 11 survivors (11264K)
 Metaspace       used 89576K, capacity 91705K, committed 92364K, reserved 1128448K
  class space    used 11524K, capacity 12276K, committed 12492K, reserved 1048576K
}
Event: 11.780 GC heap before
{Heap before GC invocations=30 (full 0):
 garbage-first heap   total 225280K, used 172494K [0x0000000080000000, 0x0000000100000000)
  region size 1024K, 72 young (73728K), 11 survivors (11264K)
 Metaspace       used 92372K, capacity 94687K, committed 95052K, reserved 1132544K
  class space    used 11949K, capacity 12798K, committed 12876K, reserved 1048576K
}
Event: 11.790 GC heap after
{Heap after GC invocations=31 (full 0):
 garbage-first heap   total 225280K, used 119139K [0x0000000080000000, 0x0000000100000000)
  region size 1024K, 9 young (9216K), 9 survivors (9216K)
 Metaspace       used 92372K, capacity 94687K, committed 95052K, reserved 1132544K
  class space    used 11949K, capacity 12798K, committed 12876K, reserved 1048576K
}
Event: 11.990 GC heap before
{Heap before GC invocations=31 (full 0):
 garbage-first heap   total 225280K, used 174435K [0x0000000080000000, 0x0000000100000000)
  region size 1024K, 63 young (64512K), 9 survivors (9216K)
 Metaspace       used 92781K, capacity 95144K, committed 95308K, reserved 1132544K
  class space    used 11995K, capacity 12865K, committed 12876K, reserved 1048576K
}
Event: 12.018 GC heap after
{Heap after GC invocations=32 (full 0):
 garbage-first heap   total 225280K, used 131284K [0x0000000080000000, 0x0000000100000000)
  region size 1024K, 8 young (8192K), 8 survivors (8192K)
 Metaspace       used 92781K, capacity 95144K, committed 95308K, reserved 1132544K
  class space    used 11995K, capacity 12865K, committed 12876K, reserved 1048576K
}
Event: 12.229 GC heap before
{Heap before GC invocations=32 (full 0):
 garbage-first heap   total 225280K, used 178388K [0x0000000080000000, 0x0000000100000000)
  region size 1024K, 54 young (55296K), 8 survivors (8192K)
 Metaspace       used 93749K, capacity 95996K, committed 96332K, reserved 1132544K
  class space    used 12119K, capacity 12974K, committed 13132K, reserved 1048576K
}
Event: 12.254 GC heap after
{Heap after GC invocations=33 (full 0):
 garbage-first heap   total 285696K, used 140566K [0x0000000080000000, 0x0000000100000000)
  region size 1024K, 7 young (7168K), 7 survivors (7168K)
 Metaspace       used 93749K, capacity 95996K, committed 96332K, reserved 1132544K
  class space    used 12119K, capacity 12974K, committed 13132K, reserved 1048576K
}
Event: 12.489 GC heap before
{Heap before GC invocations=34 (full 0):
 garbage-first heap   total 285696K, used 208150K [0x0000000080000000, 0x0000000100000000)
  region size 1024K, 73 young (74752K), 7 survivors (7168K)
 Metaspace       used 94680K, capacity 96967K, committed 97228K, reserved 1132544K
  class space    used 12242K, capacity 13103K, committed 13260K, reserved 1048576K
}
Event: 12.510 GC heap after
{Heap after GC invocations=35 (full 0):
 garbage-first heap   total 285696K, used 154590K [0x0000000080000000, 0x0000000100000000)
  region size 1024K, 10 young (10240K), 10 survivors (10240K)
 Metaspace       used 94680K, capacity 96967K, committed 97228K, reserved 1132544K
  class space    used 12242K, capacity 13103K, committed 13260K, reserved 1048576K
}
Event: 12.724 GC heap before
{Heap before GC invocations=35 (full 0):
 garbage-first heap   total 285696K, used 217054K [0x0000000080000000, 0x0000000100000000)
  region size 1024K, 72 young (73728K), 10 survivors (10240K)
 Metaspace       used 97686K, capacity 100322K, committed 100428K, reserved 1136640K
  class space    used 12816K, capacity 13820K, committed 13900K, reserved 1048576K
}
Event: 12.754 GC heap after
{Heap after GC invocations=36 (full 0):
 garbage-first heap   total 285696K, used 165107K [0x0000000080000000, 0x0000000100000000)
  region size 1024K, 9 young (9216K), 9 survivors (9216K)
 Metaspace       used 97686K, capacity 100322K, committed 100428K, reserved 1136640K
  class space    used 12816K, capacity 13820K, committed 13900K, reserved 1048576K
}
Event: 13.225 GC heap before
{Heap before GC invocations=37 (full 0):
 garbage-first heap   total 285696K, used 225523K [0x0000000080000000, 0x0000000100000000)
  region size 1024K, 68 young (69632K), 9 survivors (9216K)
 Metaspace       used 99250K, capacity 101815K, committed 102348K, reserved 1136640K
  class space    used 13018K, capacity 14016K, committed 14284K, reserved 1048576K
}
Event: 13.244 GC heap after
{Heap after GC invocations=38 (full 0):
 garbage-first heap   total 285696K, used 167351K [0x0000000080000000, 0x0000000100000000)
  region size 1024K, 2 young (2048K), 2 survivors (2048K)
 Metaspace       used 99250K, capacity 101815K, committed 102348K, reserved 1136640K
  class space    used 13018K, capacity 14016K, committed 14284K, reserved 1048576K
}
Event: 13.320 GC heap before
{Heap before GC invocations=38 (full 0):
 garbage-first heap   total 285696K, used 178615K [0x0000000080000000, 0x0000000100000000)
  region size 1024K, 13 young (13312K), 2 survivors (2048K)
 Metaspace       used 99413K, capacity 102023K, committed 102604K, reserved 1138688K
  class space    used 13036K, capacity 14018K, committed 14284K, reserved 1048576K
}

Deoptimization events (20 events):
Event: 12.990 Thread 0x00000244d2a4e800 Uncommon trap: trap_request=0xffffff4d fr.pc=0x00000244bf59675c relative=0x000000000000043c
Event: 12.990 Thread 0x00000244d2a4e800 Uncommon trap: reason=unstable_if action=reinterpret pc=0x00000244bf59675c method=com.android.tools.r8.internal.AA.a(Ljava/lang/Object;[Lcom/android/tools/r8/internal/yf;I)Ljava/lang/Object; @ 35 c2
Event: 12.990 Thread 0x00000244d2a4e800 DEOPT PACKING pc=0x00000244bf59675c sp=0x0000005fd89fa030
Event: 12.990 Thread 0x00000244d2a4e800 DEOPT UNPACKING pc=0x00000244b74a78af sp=0x0000005fd89f9f80 mode 2
Event: 12.997 Thread 0x00000244d2a4e000 Uncommon trap: trap_request=0xffffff4d fr.pc=0x00000244bf2b81f0 relative=0x0000000000002850
Event: 12.997 Thread 0x00000244d2a4e000 Uncommon trap: reason=unstable_if action=reinterpret pc=0x00000244bf2b81f0 method=java.util.TreeMap.put(Ljava/lang/Object;Ljava/lang/Object;)Ljava/lang/Object; @ 163 c2
Event: 12.997 Thread 0x00000244d2a4e000 DEOPT PACKING pc=0x00000244bf2b81f0 sp=0x0000005fd87f9a00
Event: 12.997 Thread 0x00000244d2a4e000 DEOPT UNPACKING pc=0x00000244b74a78af sp=0x0000005fd87f99c0 mode 2
Event: 13.070 Thread 0x00000244d2a4e800 Uncommon trap: trap_request=0xffffff4d fr.pc=0x00000244bf1029e8 relative=0x0000000000000228
Event: 13.070 Thread 0x00000244d2a4e800 Uncommon trap: reason=unstable_if action=reinterpret pc=0x00000244bf1029e8 method=java.util.HashMap.getNode(ILjava/lang/Object;)Ljava/util/HashMap$Node; @ 84 c2
Event: 13.070 Thread 0x00000244d2a4e800 DEOPT PACKING pc=0x00000244bf1029e8 sp=0x0000005fd89f9f70
Event: 13.070 Thread 0x00000244d2a4e800 DEOPT UNPACKING pc=0x00000244b74a78af sp=0x0000005fd89f9e88 mode 2
Event: 13.118 Thread 0x00000244d2a48000 DEOPT PACKING pc=0x00000244b92f6863 sp=0x0000005fd88f9d30
Event: 13.118 Thread 0x00000244d2a48000 DEOPT UNPACKING pc=0x00000244b74a76ce sp=0x0000005fd88f91c8 mode 0
Event: 13.144 Thread 0x00000244d4b40000 DEOPT PACKING pc=0x00000244b92f043b sp=0x0000005fd8cf9990
Event: 13.144 Thread 0x00000244d4b40000 DEOPT UNPACKING pc=0x00000244b74a76ce sp=0x0000005fd8cf8fc0 mode 0
Event: 13.155 Thread 0x00000244d2a49800 DEOPT PACKING pc=0x00000244b92e4f46 sp=0x0000005fd8bf9a00
Event: 13.155 Thread 0x00000244d2a49800 DEOPT UNPACKING pc=0x00000244b74a76ce sp=0x0000005fd8bf8e78 mode 0
Event: 13.191 Thread 0x00000244d2a48000 DEOPT PACKING pc=0x00000244b92f80c2 sp=0x0000005fd88f9dd0
Event: 13.191 Thread 0x00000244d2a48000 DEOPT UNPACKING pc=0x00000244b74a76ce sp=0x0000005fd88f92b0 mode 0

Classes redefined (0 events):
No events

Internal exceptions (20 events):
Event: 12.652 Thread 0x00000244d2a48000 Exception <a 'java/lang/NoSuchMethodError'{0x000000008e6977a8}: 'java.lang.Object java.lang.invoke.DirectMethodHandle$Holder.invokeVirtual(java.lang.Object, java.lang.Object, int, java.lang.Object)'> (0x000000008e6977a8) thrown at [./src/hotspot/share/interpreter/linkResolver.cpp, line 773]
Event: 12.652 Thread 0x00000244d4b40000 Exception <a 'java/lang/NoSuchMethodError'{0x000000008e478868}: 'java.lang.Object java.lang.invoke.DirectMethodHandle$Holder.invokeVirtual(java.lang.Object, java.lang.Object, int, java.lang.Object)'> (0x000000008e478868) thrown at [./src/hotspot/share/interpreter/linkResolver.cpp, line 773]
Event: 12.652 Thread 0x00000244d2a4e800 Exception <a 'java/lang/NoSuchMethodError'{0x000000008e292ce0}: 'java.lang.Object java.lang.invoke.DirectMethodHandle$Holder.invokeVirtual(java.lang.Object, java.lang.Object, int, java.lang.Object)'> (0x000000008e292ce0) thrown at [./src/hotspot/share/interpreter/linkResolver.cpp, line 773]
Event: 12.652 Thread 0x00000244d4b3d800 Exception <a 'java/lang/NoSuchMethodError'{0x000000008f240040}: 'java.lang.Object java.lang.invoke.DirectMethodHandle$Holder.invokeVirtual(java.lang.Object, java.lang.Object, int, java.lang.Object)'> (0x000000008f240040) thrown at [./src/hotspot/share/interpreter/linkResolver.cpp, line 773]
Event: 12.665 Thread 0x00000244d2a4e800 Exception <a 'java/lang/IncompatibleClassChangeError'{0x000000008df4d028}: Found class java.lang.Object, but interface was expected> (0x000000008df4d028) thrown at [./src/hotspot/share/interpreter/linkResolver.cpp, line 839]
Event: 12.665 Thread 0x00000244d2a4e800 Exception <a 'java/lang/IncompatibleClassChangeError'{0x000000008df57a50}: Found class java.lang.Object, but interface was expected> (0x000000008df57a50) thrown at [./src/hotspot/share/interpreter/linkResolver.cpp, line 839]
Event: 12.665 Thread 0x00000244d2a49800 Exception <a 'java/lang/IncompatibleClassChangeError'{0x000000008df02970}: Found class java.lang.Object, but interface was expected> (0x000000008df02970) thrown at [./src/hotspot/share/interpreter/linkResolver.cpp, line 839]
Event: 12.665 Thread 0x00000244d2a4e000 Exception <a 'java/lang/IncompatibleClassChangeError'{0x000000008e075708}: Found class java.lang.Object, but interface was expected> (0x000000008e075708) thrown at [./src/hotspot/share/interpreter/linkResolver.cpp, line 839]
Event: 12.665 Thread 0x00000244d4b3d800 Exception <a 'java/lang/IncompatibleClassChangeError'{0x000000008f255270}: Found class java.lang.Object, but interface was expected> (0x000000008f255270) thrown at [./src/hotspot/share/interpreter/linkResolver.cpp, line 839]
Event: 12.665 Thread 0x00000244d2a48000 Exception <a 'java/lang/IncompatibleClassChangeError'{0x000000008df661d0}: Found class java.lang.Object, but interface was expected> (0x000000008df661d0) thrown at [./src/hotspot/share/interpreter/linkResolver.cpp, line 839]
Event: 12.677 Thread 0x00000244d2a48000 Exception <a 'java/lang/NoSuchMethodError'{0x000000008de099a0}: 'void java.lang.invoke.DirectMethodHandle$Holder.invokeVirtual(java.lang.Object, java.lang.Object, int, java.lang.Object)'> (0x000000008de099a0) thrown at [./src/hotspot/share/interpreter/linkResolver.cpp, line 773]
Event: 12.677 Thread 0x00000244d2a4e800 Exception <a 'java/lang/NoSuchMethodError'{0x000000008de694a0}: 'void java.lang.invoke.DirectMethodHandle$Holder.invokeVirtual(java.lang.Object, java.lang.Object, int, java.lang.Object)'> (0x000000008de694a0) thrown at [./src/hotspot/share/interpreter/linkResolver.cpp, line 773]
Event: 12.677 Thread 0x00000244d2a4e000 Exception <a 'java/lang/NoSuchMethodError'{0x000000008dfe1c68}: 'void java.lang.invoke.DirectMethodHandle$Holder.invokeVirtual(java.lang.Object, java.lang.Object, int, java.lang.Object)'> (0x000000008dfe1c68) thrown at [./src/hotspot/share/interpreter/linkResolver.cpp, line 773]
Event: 12.758 Thread 0x00000244d2a4e000 Exception <a 'java/lang/NoSuchMethodError'{0x000000009160a1d8}: 'int java.lang.invoke.DirectMethodHandle$Holder.invokeSpecial(java.lang.Object, java.lang.Object, java.lang.Object, int, java.lang.Object)'> (0x000000009160a1d8) thrown at [./src/hotspot/share/interpreter/linkResolver.cpp, line 773]
Event: 12.770 Thread 0x00000244d2a4e000 Exception <a 'java/lang/NoSuchMethodError'{0x00000000916158b8}: 'java.lang.Object java.lang.invoke.DirectMethodHandle$Holder.newInvokeSpecial(java.lang.Object, int)'> (0x00000000916158b8) thrown at [./src/hotspot/share/interpreter/linkResolver.cpp, line 773]
Event: 12.770 Thread 0x00000244d2a4e800 Exception <a 'java/lang/NoSuchMethodError'{0x00000000915c2f28}: 'java.lang.Object java.lang.invoke.DirectMethodHandle$Holder.newInvokeSpecial(java.lang.Object, int)'> (0x00000000915c2f28) thrown at [./src/hotspot/share/interpreter/linkResolver.cpp, line 773]
Event: 12.770 Thread 0x00000244d2a48000 Exception <a 'java/lang/NoSuchMethodError'{0x0000000091677958}: 'java.lang.Object java.lang.invoke.DirectMethodHandle$Holder.newInvokeSpecial(java.lang.Object, int)'> (0x0000000091677958) thrown at [./src/hotspot/share/interpreter/linkResolver.cpp, line 773]
Event: 12.770 Thread 0x00000244d2a49800 Exception <a 'java/lang/NoSuchMethodError'{0x00000000916c9b28}: 'java.lang.Object java.lang.invoke.DirectMethodHandle$Holder.newInvokeSpecial(java.lang.Object, int)'> (0x00000000916c9b28) thrown at [./src/hotspot/share/interpreter/linkResolver.cpp, line 773]
Event: 12.770 Thread 0x00000244d4b3d800 Exception <a 'java/lang/NoSuchMethodError'{0x000000009150e958}: 'java.lang.Object java.lang.invoke.DirectMethodHandle$Holder.newInvokeSpecial(java.lang.Object, int)'> (0x000000009150e958) thrown at [./src/hotspot/share/interpreter/linkResolver.cpp, line 773]
Event: 12.856 Thread 0x00000244d2a4e800 Exception <a 'java/lang/NoSuchMethodError'{0x0000000090de4bb0}: 'java.lang.Object java.lang.invoke.DirectMethodHandle$Holder.invokeInterface(java.lang.Object, java.lang.Object, int)'> (0x0000000090de4bb0) thrown at [./src/hotspot/share/interpreter/linkResolver.cpp, line 773]

Events (20 events):
Event: 13.314 loading class com/android/tools/r8/internal/Ds done
Event: 13.314 loading class com/android/tools/r8/code/s2
Event: 13.314 loading class com/android/tools/r8/code/s2 done
Event: 13.315 loading class com/android/tools/r8/code/u2
Event: 13.315 loading class com/android/tools/r8/code/u2 done
Event: 13.316 loading class com/android/tools/r8/code/x2
Event: 13.316 loading class com/android/tools/r8/code/x2 done
Event: 13.317 loading class com/android/tools/r8/code/B2
Event: 13.317 loading class com/android/tools/r8/code/B2 done
Event: 13.317 loading class com/android/tools/r8/code/w2
Event: 13.317 loading class com/android/tools/r8/code/w2 done
Event: 13.317 loading class com/android/tools/r8/code/y2
Event: 13.317 loading class com/android/tools/r8/code/y2 done
Event: 13.318 loading class com/android/tools/r8/code/t2
Event: 13.318 loading class com/android/tools/r8/code/t2 done
Event: 13.318 loading class com/android/tools/r8/code/A2
Event: 13.318 loading class com/android/tools/r8/code/A2 done
Event: 13.319 loading class com/android/tools/r8/code/z2
Event: 13.319 loading class com/android/tools/r8/code/z2 done
Event: 13.320 Executing VM operation: G1CollectForAllocation


Dynamic libraries:
0x00007ff731ac0000 - 0x00007ff731aca000 	C:\Program Files\Android\Android Studio\jre\bin\java.exe
0x00007ffda5330000 - 0x00007ffda5525000 	C:\WINDOWS\SYSTEM32\ntdll.dll
0x00007ffda3ca0000 - 0x00007ffda3d5e000 	C:\WINDOWS\System32\KERNEL32.DLL
0x00007ffda2d30000 - 0x00007ffda2ff8000 	C:\WINDOWS\System32\KERNELBASE.dll
0x00007ffda2af0000 - 0x00007ffda2bf0000 	C:\WINDOWS\System32\ucrtbase.dll
0x00007ffd9aeb0000 - 0x00007ffd9aec7000 	C:\Program Files\Android\Android Studio\jre\bin\VCRUNTIME140.dll
0x00007ffd90bd0000 - 0x00007ffd90be9000 	C:\Program Files\Android\Android Studio\jre\bin\jli.dll
0x00007ffda3380000 - 0x00007ffda3520000 	C:\WINDOWS\System32\USER32.dll
0x00007ffda2bf0000 - 0x00007ffda2c12000 	C:\WINDOWS\System32\win32u.dll
0x00007ffd8d940000 - 0x00007ffd8dbda000 	C:\WINDOWS\WinSxS\amd64_microsoft.windows.common-controls_6595b64144ccf1df_6.0.19041.1110_none_60b5254171f9507e\COMCTL32.dll
0x00007ffda4810000 - 0x00007ffda48ae000 	C:\WINDOWS\System32\msvcrt.dll
0x00007ffda4420000 - 0x00007ffda444b000 	C:\WINDOWS\System32\GDI32.dll
0x00007ffda3220000 - 0x00007ffda332d000 	C:\WINDOWS\System32\gdi32full.dll
0x00007ffda2c20000 - 0x00007ffda2cbd000 	C:\WINDOWS\System32\msvcp_win.dll
0x00007ffda3520000 - 0x00007ffda3550000 	C:\WINDOWS\System32\IMM32.DLL
0x00007ffd79610000 - 0x00007ffd796ad000 	C:\Program Files\Android\Android Studio\jre\bin\msvcp140.dll
0x00007ffd5bc30000 - 0x00007ffd5c6ff000 	C:\Program Files\Android\Android Studio\jre\bin\server\jvm.dll
0x00007ffda3d70000 - 0x00007ffda3e1e000 	C:\WINDOWS\System32\ADVAPI32.dll
0x00007ffda4380000 - 0x00007ffda441c000 	C:\WINDOWS\System32\sechost.dll
0x00007ffda4250000 - 0x00007ffda4375000 	C:\WINDOWS\System32\RPCRT4.dll
0x00007ffda3d60000 - 0x00007ffda3d68000 	C:\WINDOWS\System32\PSAPI.DLL
0x00007ffd996f0000 - 0x00007ffd996f9000 	C:\WINDOWS\SYSTEM32\WSOCK32.dll
0x00007ffd853e0000 - 0x00007ffd85407000 	C:\WINDOWS\SYSTEM32\WINMM.dll
0x00007ffda4180000 - 0x00007ffda41eb000 	C:\WINDOWS\System32\WS2_32.dll
0x00007ffd9ff40000 - 0x00007ffd9ff4a000 	C:\WINDOWS\SYSTEM32\VERSION.dll
0x00007ffda12c0000 - 0x00007ffda12d2000 	C:\WINDOWS\SYSTEM32\kernel.appcore.dll
0x00007ffd99370000 - 0x00007ffd99381000 	C:\Program Files\Android\Android Studio\jre\bin\verify.dll
0x00007ffda0790000 - 0x00007ffda0974000 	C:\WINDOWS\SYSTEM32\DBGHELP.DLL
0x00007ffd919a0000 - 0x00007ffd919cc000 	C:\WINDOWS\SYSTEM32\dbgcore.DLL
0x00007ffda3190000 - 0x00007ffda3212000 	C:\WINDOWS\System32\bcryptPrimitives.dll
0x00007ffd65150000 - 0x00007ffd65179000 	C:\Program Files\Android\Android Studio\jre\bin\java.dll
0x00007ffd99360000 - 0x00007ffd9936b000 	C:\Program Files\Android\Android Studio\jre\bin\jimage.dll
0x00007ffd99320000 - 0x00007ffd99338000 	C:\Program Files\Android\Android Studio\jre\bin\zip.dll
0x00007ffda3550000 - 0x00007ffda3c94000 	C:\WINDOWS\System32\SHELL32.dll
0x00007ffda0b10000 - 0x00007ffda12a4000 	C:\WINDOWS\SYSTEM32\windows.storage.dll
0x00007ffda44b0000 - 0x00007ffda4805000 	C:\WINDOWS\System32\combase.dll
0x00007ffda2490000 - 0x00007ffda24be000 	C:\WINDOWS\SYSTEM32\Wldp.dll
0x00007ffda4f00000 - 0x00007ffda4fad000 	C:\WINDOWS\System32\SHCORE.dll
0x00007ffda41f0000 - 0x00007ffda4245000 	C:\WINDOWS\System32\shlwapi.dll
0x00007ffda2980000 - 0x00007ffda299f000 	C:\WINDOWS\SYSTEM32\profapi.dll
0x00007ffd8bd50000 - 0x00007ffd8bd6a000 	C:\Program Files\Android\Android Studio\jre\bin\net.dll
0x00007ffd9a940000 - 0x00007ffd9aa4c000 	C:\WINDOWS\SYSTEM32\WINHTTP.dll
0x00007ffda21f0000 - 0x00007ffda225a000 	C:\WINDOWS\system32\mswsock.dll
0x00007ffd65130000 - 0x00007ffd65144000 	C:\Program Files\Android\Android Studio\jre\bin\nio.dll
0x00007ffd997b0000 - 0x00007ffd997d7000 	C:\Users\Arthur\.gradle\native\8bec1ad78214c89d9ad589b4d07fe93259594b29d510b10fafb7a158f7737e5d\windows-amd64\native-platform.dll
0x00007ffd895d0000 - 0x00007ffd8970d000 	C:\Users\Arthur\.gradle\native\53dbd7edfb1c66fb8903c78663c9afc45aea4f116125fa6feffd364cf09443e8\windows-amd64\native-platform-file-events.dll
0x00007ffd99350000 - 0x00007ffd9935a000 	C:\Program Files\Android\Android Studio\jre\bin\management.dll
0x00007ffd8d640000 - 0x00007ffd8d64c000 	C:\Program Files\Android\Android Studio\jre\bin\management_ext.dll
0x00007ffda23e0000 - 0x00007ffda23f8000 	C:\WINDOWS\SYSTEM32\CRYPTSP.dll
0x00007ffda1b00000 - 0x00007ffda1b34000 	C:\WINDOWS\system32\rsaenh.dll
0x00007ffda3160000 - 0x00007ffda3187000 	C:\WINDOWS\System32\bcrypt.dll
0x00007ffda2900000 - 0x00007ffda292e000 	C:\WINDOWS\SYSTEM32\USERENV.dll
0x00007ffda2400000 - 0x00007ffda240c000 	C:\WINDOWS\SYSTEM32\CRYPTBASE.dll
0x00007ffda1e90000 - 0x00007ffda1ecb000 	C:\WINDOWS\SYSTEM32\IPHLPAPI.DLL
0x00007ffda4940000 - 0x00007ffda4948000 	C:\WINDOWS\System32\NSI.dll
0x00007ffd99e60000 - 0x00007ffd99e77000 	C:\WINDOWS\SYSTEM32\dhcpcsvc6.DLL
0x00007ffd99e40000 - 0x00007ffd99e5d000 	C:\WINDOWS\SYSTEM32\dhcpcsvc.DLL
0x00007ffda1ed0000 - 0x00007ffda1f9b000 	C:\WINDOWS\SYSTEM32\DNSAPI.dll

dbghelp: loaded successfully - version: 4.0.5 - missing functions: none
symbol engine: initialized successfully - sym options: 0x614 - pdb path: .;C:\Program Files\Android\Android Studio\jre\bin;C:\WINDOWS\SYSTEM32;C:\WINDOWS\WinSxS\amd64_microsoft.windows.common-controls_6595b64144ccf1df_6.0.19041.1110_none_60b5254171f9507e;C:\Program Files\Android\Android Studio\jre\bin\server;C:\Users\Arthur\.gradle\native\8bec1ad78214c89d9ad589b4d07fe93259594b29d510b10fafb7a158f7737e5d\windows-amd64;C:\Users\Arthur\.gradle\native\53dbd7edfb1c66fb8903c78663c9afc45aea4f116125fa6feffd364cf09443e8\windows-amd64

VM Arguments:
jvm_args: --add-opens=java.base/java.util=ALL-UNNAMED --add-opens=java.base/java.lang=ALL-UNNAMED --add-opens=java.base/java.lang.invoke=ALL-UNNAMED --add-opens=java.base/java.util=ALL-UNNAMED --add-opens=java.prefs/java.util.prefs=ALL-UNNAMED --add-opens=java.prefs/java.util.prefs=ALL-UNNAMED --add-opens=java.base/java.nio.charset=ALL-UNNAMED --add-opens=java.base/java.net=ALL-UNNAMED --add-opens=java.base/java.util.concurrent.atomic=ALL-UNNAMED -Xmx2048m -Dfile.encoding=UTF-8 -Duser.country=US -Duser.language=en -Duser.variant 
java_command: org.gradle.launcher.daemon.bootstrap.GradleDaemon 7.0.2
java_class_path (initial): C:\Users\Arthur\.gradle\wrapper\dists\gradle-7.0.2-bin\857tjihv64xamwrf0h14cai3r\gradle-7.0.2\lib\gradle-launcher-7.0.2.jar
Launcher Type: SUN_STANDARD

[Global flags]
     intx CICompilerCount                          = 4                                         {product} {ergonomic}
     uint ConcGCThreads                            = 2                                         {product} {ergonomic}
     uint G1ConcRefinementThreads                  = 8                                         {product} {ergonomic}
   size_t G1HeapRegionSize                         = 1048576                                   {product} {ergonomic}
    uintx GCDrainStackTargetSize                   = 64                                        {product} {ergonomic}
   size_t InitialHeapSize                          = 132120576                                 {product} {ergonomic}
   size_t MarkStackSize                            = 4194304                                   {product} {ergonomic}
   size_t MaxHeapSize                              = 2147483648                                {product} {command line}
   size_t MaxNewSize                               = 1287651328                                {product} {ergonomic}
   size_t MinHeapDeltaBytes                        = 1048576                                   {product} {ergonomic}
    uintx NonNMethodCodeHeapSize                   = 5836300                                {pd product} {ergonomic}
    uintx NonProfiledCodeHeapSize                  = 122910970                              {pd product} {ergonomic}
    uintx ProfiledCodeHeapSize                     = 122910970                              {pd product} {ergonomic}
    uintx ReservedCodeCacheSize                    = 251658240                              {pd product} {ergonomic}
     bool SegmentedCodeCache                       = true                                      {product} {ergonomic}
     bool UseCompressedClassPointers               = true                                 {lp64_product} {ergonomic}
     bool UseCompressedOops                        = true                                 {lp64_product} {ergonomic}
     bool UseG1GC                                  = true                                      {product} {ergonomic}
     bool UseLargePagesIndividualAllocation        = false                                  {pd product} {ergonomic}

Logging:
Log output configuration:
 #0: stdout all=warning uptime,level,tags
 #1: stderr all=off uptime,level,tags

Environment Variables:
PATH=C:\Program Files\Common Files\Oracle\Java\javapath;C:\WINDOWS\system32;C:\WINDOWS;C:\WINDOWS\System32\Wbem;C:\WINDOWS\System32\WindowsPowerShell\v1.0\;C:\WINDOWS\System32\OpenSSH\;C:\Program Files\nodejs\;C:\Program Files\Git\cmd;C:\Program Files\dotnet\;C:\Users\Arthur\AppData\Local\Microsoft\WindowsApps;;C:\Users\Arthur\AppData\Local\Programs\Microsoft VS Code\bin;C:\Users\Arthur\AppData\Roaming\npm;C:\Users\Arthur\.dotnet\tools
USERNAME=Arthur
OS=Windows_NT
PROCESSOR_IDENTIFIER=Intel64 Family 6 Model 142 Stepping 12, GenuineIntel



---------------  S Y S T E M  ---------------

OS: Windows 10 , 64 bit Build 19041 (10.0.19041.1503)
OS uptime: 0 days 0:10 hours

CPU:total 8 (initial active 8) (4 cores per cpu, 2 threads per core) family 6 model 142 stepping 12 microcode 0xde, cmov, cx8, fxsr, mmx, sse, sse2, sse3, ssse3, sse4.1, sse4.2, popcnt, avx, avx2, aes, clmul, erms, 3dnowpref, lzcnt, ht, tsc, tscinvbit, bmi1, bmi2, adx, fma

Memory: 4k page, system-wide physical 7976M (283M free)
TotalPageFile size 10024M (AvailPageFile size 73M)
current process WorkingSet (physical memory assigned to process): 597M, peak: 597M
current process commit charge ("private bytes"): 696M, peak: 879M

vm_info: OpenJDK 64-Bit Server VM (11.0.10+0-b96-7249189) for windows-amd64 JRE (11.0.10+0-b96-7249189), built on Mar 31 2021 21:44:00 by "builder" with MS VC++ 14.0 (VS2015)

END.
